#
# A fatal error has been detected by the Java Runtime Environment:
#
#  SIGSEGV (0xb) at pc=0x0000000142f59168, pid=11761, tid=259
#
# JRE version: OpenJDK Runtime Environment Temurin-17.0.9+9 (17.0.9+9) (build 17.0.9+9)
# Java VM: OpenJDK 64-Bit Server VM Temurin-17.0.9+9 (17.0.9+9, mixed mode, tiered, compressed oops, compressed class ptrs, g1 gc, bsd-amd64)
# Problematic frame:
# C  [liblwjgl.dylib+0xa168]  +[MacOSXKeyableWindow destroyWindow]+0x18
#
# No core dump will be written. Core dumps have been disabled. To enable core dumping, try "ulimit -c unlimited" before starting Java again
#
# If you would like to submit a bug report, please visit:
#   https://github.com/adoptium/adoptium-support/issues
# The crash happened outside the Java Virtual Machine in native code.
# See problematic frame for where to report the bug.
#

---------------  S U M M A R Y ------------

Command Line: -Dfile.encoding=UTF-8 --module-path=/Users/anniexian/jMonkeyProjects/BasicGame/build/classes mygame.Main

Host: "MacBookPro18,3" x86_64 (EMULATED) 2400 MHz, 10 cores, 16G, Darwin 23.5.0, macOS 14.5 (23F79)
Time: Fri Oct  4 09:07:05 2024 EDT elapsed time: 11.362151 seconds (0d 0h 0m 11s)

---------------  T H R E A D  ---------------

Current thread (0x00007f8d4e85d600):  JavaThread "AppKit Thread" daemon [_thread_in_native, id=259, stack(0x000000030ccd9000,0x000000030d4d9000)]

Stack: [0x000000030ccd9000,0x000000030d4d9000],  sp=0x000000030d4d4490,  free space=8173k
Native frames: (J=compiled Java code, j=interpreted, Vv=VM code, C=native code)
C  [liblwjgl.dylib+0xa168]  +[MacOSXKeyableWindow destroyWindow]+0x18
C  [Foundation+0x7d365]  __NSThreadPerformPerform+0xb2
C  [CoreFoundation+0x7c7d6]  __CFRUNLOOP_IS_CALLING_OUT_TO_A_SOURCE0_PERFORM_FUNCTION__+0x11
C  [CoreFoundation+0x7c779]  __CFRunLoopDoSource0+0x9d
C  [CoreFoundation+0x7c548]  __CFRunLoopDoSources0+0xd7
C  [CoreFoundation+0x7b1b8]  __CFRunLoopRun+0x397
C  [CoreFoundation+0x7a859]  CFRunLoopRunSpecific+0x22d
C  [HIToolbox+0x2ea09]  RunCurrentEventLoopInMode+0x124
C  [HIToolbox+0x2e816]  ReceiveNextEventCommon+0x299
C  [HIToolbox+0x2e561]  _BlockUntilNextEventMatchingListInModeWithFilter+0x42
C  [AppKit+0x3ec61]  _DPSNextEvent+0x370
C  [AppKit+0x952dc0]  -[NSApplication(NSEventRouting) _nextEventMatchingEventMask:untilDate:inMode:dequeue:]+0x4f9
C  [libosxapp.dylib+0x456a]  -[NSApplicationAWT nextEventMatchingMask:untilDate:inMode:dequeue:]+0x7a
C  [AppKit+0x30075]  -[NSApplication run]+0x25b
C  [libosxapp.dylib+0x4339]  +[NSApplicationAWT runAWTLoopWithApp:]+0xa9
C  [libawt_lwawt.dylib+0x72ad0]  +[AWTStarter starter:headless:]+0x1f0
C  [libosxapp.dylib+0x600f]  +[ThreadUtilities invokeBlockCopy:]+0xf
C  [Foundation+0x7d365]  __NSThreadPerformPerform+0xb2
C  [CoreFoundation+0x7c7d6]  __CFRUNLOOP_IS_CALLING_OUT_TO_A_SOURCE0_PERFORM_FUNCTION__+0x11
C  [CoreFoundation+0x7c779]  __CFRunLoopDoSource0+0x9d
C  [CoreFoundation+0x7c548]  __CFRunLoopDoSources0+0xd7
C  [CoreFoundation+0x7b1b8]  __CFRunLoopRun+0x397
C  [CoreFoundation+0x7a859]  CFRunLoopRunSpecific+0x22d
C  [libjli.dylib+0xafa2]  CreateExecutionEnvironment+0x182
C  [libjli.dylib+0x6d1c]  JLI_Launch+0x59c
C  [java+0x3c11]  main+0x191
C  0x0000000204ae9366


siginfo: si_signo: 11 (SIGSEGV), si_code: 1 (SEGV_MAPERR), si_addr: 0x000000000000084b

Registers:
RAX=0x0000600000cdd2c0, RBX=0x00000000000007fb, RCX=0x0000000000000000, RDX=0x0000000000000000
RSP=0x000000030d4d4490, RBP=0x000000030d4d44b0, RSI=0x0000000142f6b3c6, RDI=0x0000000142f8dc88
R8 =0x0000000000000001, R9 =0x00000000ffffff00, R10=0x0000000142f8dcb2, R11=0x0000000142f59150
R12=0x00007f8d4f809070, R13=0x0000000000000000, R14=0x000060000173f040, R15=0x0000000000000000
RIP=0x0000000142f59168, EFLAGS=0x0000000000000206, ERR=0x0000000000000004
  TRAPNO=0x000000000000000e


Register to memory mapping:

RAX=0x0000600000cdd2c0 points into unknown readable memory: 0x0000c3d4430fd2c0 | c0 d2 0f 43 d4 c3 00 00
RBX=0x00000000000007fb is an unknown value
RCX=0x0 is NULL
RDX=0x0 is NULL
RSP=0x000000030d4d4490 is pointing into the stack for thread: 0x00007f8d4e85d600
RBP=0x000000030d4d44b0 is pointing into the stack for thread: 0x00007f8d4e85d600
RSI=0x0000000142f6b3c6: <offset 0x1c3c6> in /Users/anniexian/jMonkeyProjects/BasicGame/liblwjgl.dylib at 0x0000000142f4f000
RDI=0x0000000142f8dc88: OBJC_CLASS_$_MacOSXKeyableWindow+0 in /Users/anniexian/jMonkeyProjects/BasicGame/liblwjgl.dylib at 0x0000000142f4f000
R8 =0x0000000000000001 is an unknown value
R9 =0x00000000ffffff00 is an unknown value
R10=0x0000000142f8dcb2: OBJC_METACLASS_$_MacOSXKeyableWindow+0x2 in /Users/anniexian/jMonkeyProjects/BasicGame/liblwjgl.dylib at 0x0000000142f4f000
R11=0x0000000142f59150: +[MacOSXKeyableWindow destroyWindow]+0 in /Users/anniexian/jMonkeyProjects/BasicGame/liblwjgl.dylib at 0x0000000142f4f000
R12=0x00007f8d4f809070 points into unknown readable memory: 0x0000000000000000 | 00 00 00 00 00 00 00 00
R13=0x0 is NULL
R14=0x000060000173f040 points into unknown readable memory: 0x021dfff84fdddcd1 | d1 dc dd 4f f8 ff 1d 02
R15=0x0 is NULL


Top of Stack: (sp=0x000000030d4d4490)
0x000000030d4d4490:   406ca00000000000 0000600001794080
0x000000030d4d44a0:   000060000173f040 0000000000000000
0x000000030d4d44b0:   000000030d4d4500 00007ff80da0f365
0x000000030d4d44c0:   00007ff82c60191a 00007ff82c5c2049
0x000000030d4d44d0:   000060000007bdd0 000060000007bdd0
0x000000030d4d44e0:   0006000000002e88 0000000000000000
0x000000030d4d44f0:   00007ff80da0f2b3 0000000000000000
0x000000030d4d4500:   000000030d4d4510 00007ff80cadd7d6
0x000000030d4d4510:   000000030d4d4540 00007ff80cadd779
0x000000030d4d4520:   000000030d4d4578 0000000000000001
0x000000030d4d4530:   0000600003990000 00006000037980c0
0x000000030d4d4540:   000000030d4d45b0 00007ff80cadd548
0x000000030d4d4550:   0000600003990000 0000600003990010
0x000000030d4d4560:   00006000037980d0 00006000037980c0
0x000000030d4d4570:   0000000000000001 0000600003796040
0x000000030d4d4580:   d7c4ddbe056c00e1 0000000000001303
0x000000030d4d4590:   00006000037980c0 0000000000000000
0x000000030d4d45a0:   0000600003990000 0000000000000000
0x000000030d4d45b0:   000000030d4d5300 00007ff80cadc1b8
0x000000030d4d45c0:   0000000000000000 0000000000000000
0x000000030d4d45d0:   0000000000001503 00006000039900b8
0x000000030d4d45e0:   00007ff84c5f8750 41c6580ffcba2435
0x000000030d4d45f0:   0000000000000001 0000000000000000
0x000000030d4d4600:   0000000000001303 00006000037980d0
0x000000030d4d4610:   0000600003990000 0000000100000001
0x000000030d4d4620:   ffffffffffffffff 0000600003990010
0x000000030d4d4630:   0000140300000000 422d0a633f0d1700
0x000000030d4d4640:   0000000000001503 0000000000000000
0x000000030d4d4650:   0000000000000000 ffffffffffffffff
0x000000030d4d4660:   0000000000000000 0000000000000000
0x000000030d4d4670:   0000000000000000 0000000000000000
0x000000030d4d4680:   0000000000000000 0000000000000000 

Instructions: (pc=0x0000000142f59168)
0x0000000142f59068:   48 8d 15 e1 4d 03 00 48 89 c6 30 c0 ff 15 d6 4d
0x0000000142f59078:   03 00 f2 0f 10 4d 88 f2 0f 10 55 90 0f 28 c1 f2
0x0000000142f59088:   0f 5e 85 70 ff ff ff f2 0f 59 c1 0f 28 ca f2 0f
0x0000000142f59098:   5e 8d 68 ff ff ff f2 0f 59 ca 48 8b 7b 28 48 8d
0x0000000142f590a8:   35 b3 4d 03 00 b0 02 ff 15 ab 4d 03 00 80 7b 54
0x0000000142f590b8:   00 74 1d 80 7b 52 00 74 17 48 8b 3b 48 8d 35 a5
0x0000000142f590c8:   4d 03 00 ba 80 00 00 00 30 c0 ff 15 98 4d 03 00
0x0000000142f590d8:   48 8b 3b 48 8b 53 28 48 8d 35 9a 4d 03 00 30 c0
0x0000000142f590e8:   ff 15 92 4d 03 00 48 8b 3b 48 8b 53 28 48 8d 35
0x0000000142f590f8:   94 4d 03 00 30 c0 ff 15 8c 4d 03 00 48 8b 1b 48
0x0000000142f59108:   8b 3d 2a 54 03 00 48 8d 35 8b 4d 03 00 30 c0 ff
0x0000000142f59118:   15 83 4d 03 00 48 8d 35 8c 4d 03 00 48 89 df 48
0x0000000142f59128:   89 c2 30 c0 ff 15 7e 4d 03 00 48 81 c4 a0 00 00
0x0000000142f59138:   00 5b 41 5c 41 5e 41 5f 5d c3 0f 1f 80 00 00 00
0x0000000142f59148:   00 0f 1f 80 00 00 00 00 55 48 89 e5 41 57 41 56
0x0000000142f59158:   53 48 83 ec 08 48 8b 05 3c 62 03 00 48 8b 58 08
0x0000000142f59168:   80 7b 50 00 74 1a 48 8b 7b 28 48 8d 35 47 4d 03
0x0000000142f59178:   00 31 d2 30 c0 ff 15 3d 4d 03 00 e9 94 00 00 00
0x0000000142f59188:   f6 00 01 74 48 c6 00 00 48 8b 1d 09 62 03 00 48
0x0000000142f59198:   8b 7b 28 48 8d 35 2e 4d 03 00 30 c0 ff 15 26 4d
0x0000000142f591a8:   03 00 48 8b 1d ef 61 03 00 48 8b 7b 28 48 8d 35
0x0000000142f591b8:   24 4d 03 00 30 c0 ff 15 1c 4d 03 00 48 8b 1d d5
0x0000000142f591c8:   61 03 00 48 c7 43 28 00 00 00 00 eb 4e 48 8b 3b
0x0000000142f591d8:   48 85 ff 74 46 48 8d 35 0c 4d 03 00 30 c0 ff 15
0x0000000142f591e8:   04 4d 03 00 49 89 c6 4c 8b 7b 28 48 8d 35 06 4d
0x0000000142f591f8:   03 00 4c 89 ff 30 c0 ff 15 fb 4c 03 00 4d 39 fe
0x0000000142f59208:   75 19 48 8b 3b 48 8d 35 fc 4c 03 00 30 c0 ff 15
0x0000000142f59218:   f4 4c 03 00 48 c7 03 00 00 00 00 48 83 c4 08 5b
0x0000000142f59228:   41 5e 41 5f 5d c3 66 90 55 48 89 e5 b8 01 00 00
0x0000000142f59238:   00 5d c3 0f 1f 44 00 00 55 48 89 e5 48 83 ec 20
0x0000000142f59248:   48 8b 05 e1 28 01 00 48 89 45 f0 0f 28 05 c6 28
0x0000000142f59258:   01 00 0f 29 45 e0 48 8b 05 43 61 03 00 48 85 c0 


Stack slot to memory mapping:
stack at sp + 0 slots: 0x406ca00000000000 is an unknown value
stack at sp + 1 slots: 0x0000600001794080 points into unknown readable memory: 0x011dfff84e0e6679 | 79 66 0e 4e f8 ff 1d 01
stack at sp + 2 slots: 0x000060000173f040 points into unknown readable memory: 0x021dfff84fdddcd1 | d1 dc dd 4f f8 ff 1d 02
stack at sp + 3 slots: 0x0 is NULL
stack at sp + 4 slots: 0x000000030d4d4500 is pointing into the stack for thread: 0x00007f8d4e85d600
stack at sp + 5 slots: 0x00007ff80da0f365: __NSThreadPerformPerform+0xb2 in /System/Library/Frameworks/Foundation.framework/Versions/C/Foundation at 0x00007ff80d992000
stack at sp + 6 slots: 0x00007ff82c60191a points into unknown readable memory: 73 69 67 6e 61 6c
stack at sp + 7 slots: 0x00007ff82c5c2049 points into unknown readable memory: 70 65 72 66 6f 72 6d


---------------  P R O C E S S  ---------------

Threads class SMR info:
_java_thread_list=0x000060000023d440, length=16, elements={
0x00007f8d4f851c00, 0x00007f8d4f854400, 0x00007f8d4f856800, 0x00007f8d50048400,
0x00007f8d50814000, 0x00007f8d4f857600, 0x00007f8d5004ac00, 0x00007f8d50053200,
0x00007f8d4f85ae00, 0x00007f8d5084de00, 0x00007f8d50991800, 0x00007f8d50049000,
0x00007f8d4e85d600, 0x00007f8d50a7d400, 0x00007f8d2e8c4e00, 0x00007f8d2e852c00
}

Java Threads: ( => current thread )
  0x00007f8d4f851c00 JavaThread "Reference Handler" daemon [_thread_blocked, id=22855, stack(0x000000030dc71000,0x000000030dd71000)]
  0x00007f8d4f854400 JavaThread "Finalizer" daemon [_thread_blocked, id=23299, stack(0x000000030dd74000,0x000000030de74000)]
  0x00007f8d4f856800 JavaThread "Signal Dispatcher" daemon [_thread_blocked, id=25859, stack(0x000000030df87000,0x000000030e087000)]
  0x00007f8d50048400 JavaThread "Service Thread" daemon [_thread_blocked, id=26115, stack(0x000000030e08a000,0x000000030e18a000)]
  0x00007f8d50814000 JavaThread "Monitor Deflation Thread" daemon [_thread_blocked, id=29699, stack(0x000000030e18d000,0x000000030e28d000)]
  0x00007f8d4f857600 JavaThread "C2 CompilerThread0" daemon [_thread_blocked, id=26627, stack(0x000000030e290000,0x000000030e390000)]
  0x00007f8d5004ac00 JavaThread "C1 CompilerThread0" daemon [_thread_blocked, id=26883, stack(0x000000030e393000,0x000000030e493000)]
  0x00007f8d50053200 JavaThread "Sweeper thread" daemon [_thread_blocked, id=28931, stack(0x000000030e496000,0x000000030e596000)]
  0x00007f8d4f85ae00 JavaThread "Common-Cleaner" daemon [_thread_blocked, id=27927, stack(0x000000030e599000,0x000000030e699000)]
  0x00007f8d5084de00 JavaThread "Notification Thread" daemon [_thread_blocked, id=43443, stack(0x000000030e69c000,0x000000030e79c000)]
  0x00007f8d50991800 JavaThread "jME3 Main" [_thread_in_native, id=34319, stack(0x000000030e8a2000,0x000000030e9a2000)]
  0x00007f8d50049000 JavaThread "DestroyJavaVM" [_thread_blocked, id=16131, stack(0x000000030d55c000,0x000000030d65c000)]
=>0x00007f8d4e85d600 JavaThread "AppKit Thread" daemon [_thread_in_native, id=259, stack(0x000000030ccd9000,0x000000030d4d9000)]
  0x00007f8d50a7d400 JavaThread "AWT-Shutdown" [_thread_blocked, id=47203, stack(0x000000030eab3000,0x000000030ebb3000)]
  0x00007f8d2e8c4e00 JavaThread "jME3 Audio Decoder" daemon [_thread_blocked, id=110099, stack(0x000000030efde000,0x000000030f0de000)]
  0x00007f8d2e852c00 JavaThread "Java2D Disposer" daemon [_thread_blocked, id=104523, stack(0x000000030f0e1000,0x000000030f1e1000)]

Other Threads:
  0x00007f8d4f00ab10 VMThread "VM Thread" [stack: 0x000000030db6e000,0x000000030dc6e000] [id=22531]
  0x00007f8d4f022b40 WatcherThread [stack: 0x000000030e79f000,0x000000030e89f000] [id=43011]
  0x00007f8d4f008190 GCTaskThread "GC Thread#0" [stack: 0x000000030d65f000,0x000000030d75f000] [id=21507]
  0x00007f8d4f050480 GCTaskThread "GC Thread#1" [stack: 0x000000030f1e4000,0x000000030f2e4000] [id=75859]
  0x00007f8d4f052170 GCTaskThread "GC Thread#2" [stack: 0x000000030f2e7000,0x000000030f3e7000] [id=76039]
  0x00007f8d4f052420 GCTaskThread "GC Thread#3" [stack: 0x000000030f3ea000,0x000000030f4ea000] [id=60487]
  0x00007f8d4f22d110 GCTaskThread "GC Thread#4" [stack: 0x000000030f4ed000,0x000000030f5ed000] [id=49159]
  0x00007f8d4f24d440 GCTaskThread "GC Thread#5" [stack: 0x000000030f5f0000,0x000000030f6f0000] [id=60235]
  0x00007f8d4f24d850 GCTaskThread "GC Thread#6" [stack: 0x000000030f6f3000,0x000000030f7f3000] [id=107839]
  0x00007f8d4f24dcd0 GCTaskThread "GC Thread#7" [stack: 0x000000030f7f6000,0x000000030f8f6000] [id=107523]
  0x00007f8d4f0526d0 GCTaskThread "GC Thread#8" [stack: 0x000000030f8f9000,0x000000030f9f9000] [id=106499]
  0x00007f8d4f008840 ConcurrentGCThread "G1 Main Marker" [stack: 0x000000030d762000,0x000000030d862000] [id=17155]
  0x00007f8d4f104680 ConcurrentGCThread "G1 Conc#0" [stack: 0x000000030d865000,0x000000030d965000] [id=17667]
  0x00007f8d4f3066c0 ConcurrentGCThread "G1 Refine#0" [stack: 0x000000030d968000,0x000000030da68000] [id=19971]
  0x00007f8d4f0090d0 ConcurrentGCThread "G1 Service" [stack: 0x000000030da6b000,0x000000030db6b000] [id=17923]

Threads with active compile tasks:

VM state: not at safepoint (normal execution)

VM Mutex/Monitor currently owned by a thread: None

Heap address: 0x0000000700000000, size: 4096 MB, Compressed Oops mode: Zero based, Oop shift amount: 3

CDS archive(s) not mapped
Compressed class space mapped at: 0x0000000800000000-0x0000000840000000, reserved size: 1073741824
Narrow klass base: 0x0000000800000000, Narrow klass shift: 0, Narrow klass range: 0x40000000

GC Precious Log:
 CPUs: 10 total, 10 available
 Memory: 16384M
 Large Page Support: Disabled
 NUMA Support: Disabled
 Compressed Oops: Enabled (Zero based)
 Heap Region Size: 2M
 Heap Min Capacity: 8M
 Heap Initial Capacity: 256M
 Heap Max Capacity: 4G
 Pre-touch: Disabled
 Parallel Workers: 9
 Concurrent Workers: 2
 Concurrent Refinement Workers: 9
 Periodic GC: Disabled

Heap:
 garbage-first heap   total 262144K, used 3998K [0x0000000700000000, 0x0000000800000000)
  region size 2048K, 3 young (6144K), 2 survivors (4096K)
 Metaspace       used 17174K, committed 17344K, reserved 1114112K
  class space    used 1441K, committed 1536K, reserved 1048576K

Heap Regions: E=young(eden), S=young(survivor), O=old, HS=humongous(starts), HC=humongous(continues), CS=collection set, F=free, OA=open archive, CA=closed archive, TAMS=top-at-mark-start (previous, next)
|   0|0x0000000700000000, 0x0000000700000000, 0x0000000700200000|  0%| F|  |TAMS 0x0000000700000000, 0x0000000700000000| Untracked 
|   1|0x0000000700200000, 0x0000000700200000, 0x0000000700400000|  0%| F|  |TAMS 0x0000000700200000, 0x0000000700200000| Untracked 
|   2|0x0000000700400000, 0x0000000700400000, 0x0000000700600000|  0%| F|  |TAMS 0x0000000700400000, 0x0000000700400000| Untracked 
|   3|0x0000000700600000, 0x0000000700600000, 0x0000000700800000|  0%| F|  |TAMS 0x0000000700600000, 0x0000000700600000| Untracked 
|   4|0x0000000700800000, 0x0000000700800000, 0x0000000700a00000|  0%| F|  |TAMS 0x0000000700800000, 0x0000000700800000| Untracked 
|   5|0x0000000700a00000, 0x0000000700a00000, 0x0000000700c00000|  0%| F|  |TAMS 0x0000000700a00000, 0x0000000700a00000| Untracked 
|   6|0x0000000700c00000, 0x0000000700c00000, 0x0000000700e00000|  0%| F|  |TAMS 0x0000000700c00000, 0x0000000700c00000| Untracked 
|   7|0x0000000700e00000, 0x0000000700e00000, 0x0000000701000000|  0%| F|  |TAMS 0x0000000700e00000, 0x0000000700e00000| Untracked 
|   8|0x0000000701000000, 0x0000000701000000, 0x0000000701200000|  0%| F|  |TAMS 0x0000000701000000, 0x0000000701000000| Untracked 
|   9|0x0000000701200000, 0x0000000701200000, 0x0000000701400000|  0%| F|  |TAMS 0x0000000701200000, 0x0000000701200000| Untracked 
|  10|0x0000000701400000, 0x0000000701400000, 0x0000000701600000|  0%| F|  |TAMS 0x0000000701400000, 0x0000000701400000| Untracked 
|  11|0x0000000701600000, 0x0000000701600000, 0x0000000701800000|  0%| F|  |TAMS 0x0000000701600000, 0x0000000701600000| Untracked 
|  12|0x0000000701800000, 0x0000000701800000, 0x0000000701a00000|  0%| F|  |TAMS 0x0000000701800000, 0x0000000701800000| Untracked 
|  13|0x0000000701a00000, 0x0000000701a00000, 0x0000000701c00000|  0%| F|  |TAMS 0x0000000701a00000, 0x0000000701a00000| Untracked 
|  14|0x0000000701c00000, 0x0000000701c00000, 0x0000000701e00000|  0%| F|  |TAMS 0x0000000701c00000, 0x0000000701c00000| Untracked 
|  15|0x0000000701e00000, 0x0000000701e00000, 0x0000000702000000|  0%| F|  |TAMS 0x0000000701e00000, 0x0000000701e00000| Untracked 
|  16|0x0000000702000000, 0x0000000702000000, 0x0000000702200000|  0%| F|  |TAMS 0x0000000702000000, 0x0000000702000000| Untracked 
|  17|0x0000000702200000, 0x0000000702200000, 0x0000000702400000|  0%| F|  |TAMS 0x0000000702200000, 0x0000000702200000| Untracked 
|  18|0x0000000702400000, 0x0000000702400000, 0x0000000702600000|  0%| F|  |TAMS 0x0000000702400000, 0x0000000702400000| Untracked 
|  19|0x0000000702600000, 0x0000000702600000, 0x0000000702800000|  0%| F|  |TAMS 0x0000000702600000, 0x0000000702600000| Untracked 
|  20|0x0000000702800000, 0x0000000702800000, 0x0000000702a00000|  0%| F|  |TAMS 0x0000000702800000, 0x0000000702800000| Untracked 
|  21|0x0000000702a00000, 0x0000000702a00000, 0x0000000702c00000|  0%| F|  |TAMS 0x0000000702a00000, 0x0000000702a00000| Untracked 
|  22|0x0000000702c00000, 0x0000000702c00000, 0x0000000702e00000|  0%| F|  |TAMS 0x0000000702c00000, 0x0000000702c00000| Untracked 
|  23|0x0000000702e00000, 0x0000000702e00000, 0x0000000703000000|  0%| F|  |TAMS 0x0000000702e00000, 0x0000000702e00000| Untracked 
|  24|0x0000000703000000, 0x0000000703000000, 0x0000000703200000|  0%| F|  |TAMS 0x0000000703000000, 0x0000000703000000| Untracked 
|  25|0x0000000703200000, 0x0000000703200000, 0x0000000703400000|  0%| F|  |TAMS 0x0000000703200000, 0x0000000703200000| Untracked 
|  26|0x0000000703400000, 0x0000000703400000, 0x0000000703600000|  0%| F|  |TAMS 0x0000000703400000, 0x0000000703400000| Untracked 
|  27|0x0000000703600000, 0x0000000703600000, 0x0000000703800000|  0%| F|  |TAMS 0x0000000703600000, 0x0000000703600000| Untracked 
|  28|0x0000000703800000, 0x0000000703800000, 0x0000000703a00000|  0%| F|  |TAMS 0x0000000703800000, 0x0000000703800000| Untracked 
|  29|0x0000000703a00000, 0x0000000703a00000, 0x0000000703c00000|  0%| F|  |TAMS 0x0000000703a00000, 0x0000000703a00000| Untracked 
|  30|0x0000000703c00000, 0x0000000703c00000, 0x0000000703e00000|  0%| F|  |TAMS 0x0000000703c00000, 0x0000000703c00000| Untracked 
|  31|0x0000000703e00000, 0x0000000703e00000, 0x0000000704000000|  0%| F|  |TAMS 0x0000000703e00000, 0x0000000703e00000| Untracked 
|  32|0x0000000704000000, 0x0000000704000000, 0x0000000704200000|  0%| F|  |TAMS 0x0000000704000000, 0x0000000704000000| Untracked 
|  33|0x0000000704200000, 0x0000000704200000, 0x0000000704400000|  0%| F|  |TAMS 0x0000000704200000, 0x0000000704200000| Untracked 
|  34|0x0000000704400000, 0x0000000704400000, 0x0000000704600000|  0%| F|  |TAMS 0x0000000704400000, 0x0000000704400000| Untracked 
|  35|0x0000000704600000, 0x0000000704600000, 0x0000000704800000|  0%| F|  |TAMS 0x0000000704600000, 0x0000000704600000| Untracked 
|  36|0x0000000704800000, 0x0000000704800000, 0x0000000704a00000|  0%| F|  |TAMS 0x0000000704800000, 0x0000000704800000| Untracked 
|  37|0x0000000704a00000, 0x0000000704a00000, 0x0000000704c00000|  0%| F|  |TAMS 0x0000000704a00000, 0x0000000704a00000| Untracked 
|  38|0x0000000704c00000, 0x0000000704c00000, 0x0000000704e00000|  0%| F|  |TAMS 0x0000000704c00000, 0x0000000704c00000| Untracked 
|  39|0x0000000704e00000, 0x0000000704e00000, 0x0000000705000000|  0%| F|  |TAMS 0x0000000704e00000, 0x0000000704e00000| Untracked 
|  40|0x0000000705000000, 0x0000000705000000, 0x0000000705200000|  0%| F|  |TAMS 0x0000000705000000, 0x0000000705000000| Untracked 
|  41|0x0000000705200000, 0x0000000705200000, 0x0000000705400000|  0%| F|  |TAMS 0x0000000705200000, 0x0000000705200000| Untracked 
|  42|0x0000000705400000, 0x0000000705400000, 0x0000000705600000|  0%| F|  |TAMS 0x0000000705400000, 0x0000000705400000| Untracked 
|  43|0x0000000705600000, 0x0000000705600000, 0x0000000705800000|  0%| F|  |TAMS 0x0000000705600000, 0x0000000705600000| Untracked 
|  44|0x0000000705800000, 0x0000000705800000, 0x0000000705a00000|  0%| F|  |TAMS 0x0000000705800000, 0x0000000705800000| Untracked 
|  45|0x0000000705a00000, 0x0000000705a00000, 0x0000000705c00000|  0%| F|  |TAMS 0x0000000705a00000, 0x0000000705a00000| Untracked 
|  46|0x0000000705c00000, 0x0000000705c00000, 0x0000000705e00000|  0%| F|  |TAMS 0x0000000705c00000, 0x0000000705c00000| Untracked 
|  47|0x0000000705e00000, 0x0000000705e00000, 0x0000000706000000|  0%| F|  |TAMS 0x0000000705e00000, 0x0000000705e00000| Untracked 
|  48|0x0000000706000000, 0x0000000706000000, 0x0000000706200000|  0%| F|  |TAMS 0x0000000706000000, 0x0000000706000000| Untracked 
|  49|0x0000000706200000, 0x0000000706200000, 0x0000000706400000|  0%| F|  |TAMS 0x0000000706200000, 0x0000000706200000| Untracked 
|  50|0x0000000706400000, 0x0000000706400000, 0x0000000706600000|  0%| F|  |TAMS 0x0000000706400000, 0x0000000706400000| Untracked 
|  51|0x0000000706600000, 0x0000000706600000, 0x0000000706800000|  0%| F|  |TAMS 0x0000000706600000, 0x0000000706600000| Untracked 
|  52|0x0000000706800000, 0x0000000706800000, 0x0000000706a00000|  0%| F|  |TAMS 0x0000000706800000, 0x0000000706800000| Untracked 
|  53|0x0000000706a00000, 0x0000000706a00000, 0x0000000706c00000|  0%| F|  |TAMS 0x0000000706a00000, 0x0000000706a00000| Untracked 
|  54|0x0000000706c00000, 0x0000000706c00000, 0x0000000706e00000|  0%| F|  |TAMS 0x0000000706c00000, 0x0000000706c00000| Untracked 
|  55|0x0000000706e00000, 0x0000000706e00000, 0x0000000707000000|  0%| F|  |TAMS 0x0000000706e00000, 0x0000000706e00000| Untracked 
|  56|0x0000000707000000, 0x0000000707000000, 0x0000000707200000|  0%| F|  |TAMS 0x0000000707000000, 0x0000000707000000| Untracked 
|  57|0x0000000707200000, 0x0000000707200000, 0x0000000707400000|  0%| F|  |TAMS 0x0000000707200000, 0x0000000707200000| Untracked 
|  58|0x0000000707400000, 0x0000000707400000, 0x0000000707600000|  0%| F|  |TAMS 0x0000000707400000, 0x0000000707400000| Untracked 
|  59|0x0000000707600000, 0x0000000707600000, 0x0000000707800000|  0%| F|  |TAMS 0x0000000707600000, 0x0000000707600000| Untracked 
|  60|0x0000000707800000, 0x0000000707800000, 0x0000000707a00000|  0%| F|  |TAMS 0x0000000707800000, 0x0000000707800000| Untracked 
|  61|0x0000000707a00000, 0x0000000707a00000, 0x0000000707c00000|  0%| F|  |TAMS 0x0000000707a00000, 0x0000000707a00000| Untracked 
|  62|0x0000000707c00000, 0x0000000707c00000, 0x0000000707e00000|  0%| F|  |TAMS 0x0000000707c00000, 0x0000000707c00000| Untracked 
|  63|0x0000000707e00000, 0x0000000707e00000, 0x0000000708000000|  0%| F|  |TAMS 0x0000000707e00000, 0x0000000707e00000| Untracked 
|  64|0x0000000708000000, 0x0000000708000000, 0x0000000708200000|  0%| F|  |TAMS 0x0000000708000000, 0x0000000708000000| Untracked 
|  65|0x0000000708200000, 0x0000000708200000, 0x0000000708400000|  0%| F|  |TAMS 0x0000000708200000, 0x0000000708200000| Untracked 
|  66|0x0000000708400000, 0x0000000708400000, 0x0000000708600000|  0%| F|  |TAMS 0x0000000708400000, 0x0000000708400000| Untracked 
|  67|0x0000000708600000, 0x0000000708600000, 0x0000000708800000|  0%| F|  |TAMS 0x0000000708600000, 0x0000000708600000| Untracked 
|  68|0x0000000708800000, 0x0000000708800000, 0x0000000708a00000|  0%| F|  |TAMS 0x0000000708800000, 0x0000000708800000| Untracked 
|  69|0x0000000708a00000, 0x0000000708a00000, 0x0000000708c00000|  0%| F|  |TAMS 0x0000000708a00000, 0x0000000708a00000| Untracked 
|  70|0x0000000708c00000, 0x0000000708c00000, 0x0000000708e00000|  0%| F|  |TAMS 0x0000000708c00000, 0x0000000708c00000| Untracked 
|  71|0x0000000708e00000, 0x0000000708e00000, 0x0000000709000000|  0%| F|  |TAMS 0x0000000708e00000, 0x0000000708e00000| Untracked 
|  72|0x0000000709000000, 0x0000000709000000, 0x0000000709200000|  0%| F|  |TAMS 0x0000000709000000, 0x0000000709000000| Untracked 
|  73|0x0000000709200000, 0x0000000709200000, 0x0000000709400000|  0%| F|  |TAMS 0x0000000709200000, 0x0000000709200000| Untracked 
|  74|0x0000000709400000, 0x0000000709400000, 0x0000000709600000|  0%| F|  |TAMS 0x0000000709400000, 0x0000000709400000| Untracked 
|  75|0x0000000709600000, 0x0000000709600000, 0x0000000709800000|  0%| F|  |TAMS 0x0000000709600000, 0x0000000709600000| Untracked 
|  76|0x0000000709800000, 0x0000000709800000, 0x0000000709a00000|  0%| F|  |TAMS 0x0000000709800000, 0x0000000709800000| Untracked 
|  77|0x0000000709a00000, 0x0000000709a00000, 0x0000000709c00000|  0%| F|  |TAMS 0x0000000709a00000, 0x0000000709a00000| Untracked 
|  78|0x0000000709c00000, 0x0000000709c00000, 0x0000000709e00000|  0%| F|  |TAMS 0x0000000709c00000, 0x0000000709c00000| Untracked 
|  79|0x0000000709e00000, 0x0000000709e00000, 0x000000070a000000|  0%| F|  |TAMS 0x0000000709e00000, 0x0000000709e00000| Untracked 
|  80|0x000000070a000000, 0x000000070a000000, 0x000000070a200000|  0%| F|  |TAMS 0x000000070a000000, 0x000000070a000000| Untracked 
|  81|0x000000070a200000, 0x000000070a200000, 0x000000070a400000|  0%| F|  |TAMS 0x000000070a200000, 0x000000070a200000| Untracked 
|  82|0x000000070a400000, 0x000000070a400000, 0x000000070a600000|  0%| F|  |TAMS 0x000000070a400000, 0x000000070a400000| Untracked 
|  83|0x000000070a600000, 0x000000070a600000, 0x000000070a800000|  0%| F|  |TAMS 0x000000070a600000, 0x000000070a600000| Untracked 
|  84|0x000000070a800000, 0x000000070a800000, 0x000000070aa00000|  0%| F|  |TAMS 0x000000070a800000, 0x000000070a800000| Untracked 
|  85|0x000000070aa00000, 0x000000070aa00000, 0x000000070ac00000|  0%| F|  |TAMS 0x000000070aa00000, 0x000000070aa00000| Untracked 
|  86|0x000000070ac00000, 0x000000070ac00000, 0x000000070ae00000|  0%| F|  |TAMS 0x000000070ac00000, 0x000000070ac00000| Untracked 
|  87|0x000000070ae00000, 0x000000070ae00000, 0x000000070b000000|  0%| F|  |TAMS 0x000000070ae00000, 0x000000070ae00000| Untracked 
|  88|0x000000070b000000, 0x000000070b000000, 0x000000070b200000|  0%| F|  |TAMS 0x000000070b000000, 0x000000070b000000| Untracked 
|  89|0x000000070b200000, 0x000000070b200000, 0x000000070b400000|  0%| F|  |TAMS 0x000000070b200000, 0x000000070b200000| Untracked 
|  90|0x000000070b400000, 0x000000070b400000, 0x000000070b600000|  0%| F|  |TAMS 0x000000070b400000, 0x000000070b400000| Untracked 
|  91|0x000000070b600000, 0x000000070b600000, 0x000000070b800000|  0%| F|  |TAMS 0x000000070b600000, 0x000000070b600000| Untracked 
|  92|0x000000070b800000, 0x000000070b800000, 0x000000070ba00000|  0%| F|  |TAMS 0x000000070b800000, 0x000000070b800000| Untracked 
|  93|0x000000070ba00000, 0x000000070ba00000, 0x000000070bc00000|  0%| F|  |TAMS 0x000000070ba00000, 0x000000070ba00000| Untracked 
|  94|0x000000070bc00000, 0x000000070bc00000, 0x000000070be00000|  0%| F|  |TAMS 0x000000070bc00000, 0x000000070bc00000| Untracked 
|  95|0x000000070be00000, 0x000000070be00000, 0x000000070c000000|  0%| F|  |TAMS 0x000000070be00000, 0x000000070be00000| Untracked 
|  96|0x000000070c000000, 0x000000070c000000, 0x000000070c200000|  0%| F|  |TAMS 0x000000070c000000, 0x000000070c000000| Untracked 
|  97|0x000000070c200000, 0x000000070c200000, 0x000000070c400000|  0%| F|  |TAMS 0x000000070c200000, 0x000000070c200000| Untracked 
|  98|0x000000070c400000, 0x000000070c400000, 0x000000070c600000|  0%| F|  |TAMS 0x000000070c400000, 0x000000070c400000| Untracked 
|  99|0x000000070c600000, 0x000000070c600000, 0x000000070c800000|  0%| F|  |TAMS 0x000000070c600000, 0x000000070c600000| Untracked 
| 100|0x000000070c800000, 0x000000070c800000, 0x000000070ca00000|  0%| F|  |TAMS 0x000000070c800000, 0x000000070c800000| Untracked 
| 101|0x000000070ca00000, 0x000000070ca00000, 0x000000070cc00000|  0%| F|  |TAMS 0x000000070ca00000, 0x000000070ca00000| Untracked 
| 102|0x000000070cc00000, 0x000000070cc00000, 0x000000070ce00000|  0%| F|  |TAMS 0x000000070cc00000, 0x000000070cc00000| Untracked 
| 103|0x000000070ce00000, 0x000000070ce00000, 0x000000070d000000|  0%| F|  |TAMS 0x000000070ce00000, 0x000000070ce00000| Untracked 
| 104|0x000000070d000000, 0x000000070d000000, 0x000000070d200000|  0%| F|  |TAMS 0x000000070d000000, 0x000000070d000000| Untracked 
| 105|0x000000070d200000, 0x000000070d200000, 0x000000070d400000|  0%| F|  |TAMS 0x000000070d200000, 0x000000070d200000| Untracked 
| 106|0x000000070d400000, 0x000000070d400000, 0x000000070d600000|  0%| F|  |TAMS 0x000000070d400000, 0x000000070d400000| Untracked 
| 107|0x000000070d600000, 0x000000070d600000, 0x000000070d800000|  0%| F|  |TAMS 0x000000070d600000, 0x000000070d600000| Untracked 
| 108|0x000000070d800000, 0x000000070d800000, 0x000000070da00000|  0%| F|  |TAMS 0x000000070d800000, 0x000000070d800000| Untracked 
| 109|0x000000070da00000, 0x000000070da00000, 0x000000070dc00000|  0%| F|  |TAMS 0x000000070da00000, 0x000000070da00000| Untracked 
| 110|0x000000070dc00000, 0x000000070dc00000, 0x000000070de00000|  0%| F|  |TAMS 0x000000070dc00000, 0x000000070dc00000| Untracked 
| 111|0x000000070de00000, 0x000000070de00000, 0x000000070e000000|  0%| F|  |TAMS 0x000000070de00000, 0x000000070de00000| Untracked 
| 112|0x000000070e000000, 0x000000070e000000, 0x000000070e200000|  0%| F|  |TAMS 0x000000070e000000, 0x000000070e000000| Untracked 
| 113|0x000000070e200000, 0x000000070e200000, 0x000000070e400000|  0%| F|  |TAMS 0x000000070e200000, 0x000000070e200000| Untracked 
| 114|0x000000070e400000, 0x000000070e400000, 0x000000070e600000|  0%| F|  |TAMS 0x000000070e400000, 0x000000070e400000| Untracked 
| 115|0x000000070e600000, 0x000000070e7e7930, 0x000000070e800000| 95%| S|CS|TAMS 0x000000070e600000, 0x000000070e600000| Complete 
| 116|0x000000070e800000, 0x000000070ea00000, 0x000000070ea00000|100%| S|CS|TAMS 0x000000070e800000, 0x000000070e800000| Complete 
| 117|0x000000070ea00000, 0x000000070ea00000, 0x000000070ec00000|  0%| F|  |TAMS 0x000000070ea00000, 0x000000070ea00000| Untracked 
| 118|0x000000070ec00000, 0x000000070ec00000, 0x000000070ee00000|  0%| F|  |TAMS 0x000000070ec00000, 0x000000070ec00000| Untracked 
| 119|0x000000070ee00000, 0x000000070ee00000, 0x000000070f000000|  0%| F|  |TAMS 0x000000070ee00000, 0x000000070ee00000| Untracked 
| 120|0x000000070f000000, 0x000000070f000000, 0x000000070f200000|  0%| F|  |TAMS 0x000000070f000000, 0x000000070f000000| Untracked 
| 121|0x000000070f200000, 0x000000070f200000, 0x000000070f400000|  0%| F|  |TAMS 0x000000070f200000, 0x000000070f200000| Untracked 
| 122|0x000000070f400000, 0x000000070f400000, 0x000000070f600000|  0%| F|  |TAMS 0x000000070f400000, 0x000000070f400000| Untracked 
| 123|0x000000070f600000, 0x000000070f600000, 0x000000070f800000|  0%| F|  |TAMS 0x000000070f600000, 0x000000070f600000| Untracked 
| 124|0x000000070f800000, 0x000000070f800000, 0x000000070fa00000|  0%| F|  |TAMS 0x000000070f800000, 0x000000070f800000| Untracked 
| 125|0x000000070fa00000, 0x000000070fa00000, 0x000000070fc00000|  0%| F|  |TAMS 0x000000070fa00000, 0x000000070fa00000| Untracked 
| 126|0x000000070fc00000, 0x000000070fc00000, 0x000000070fe00000|  0%| F|  |TAMS 0x000000070fc00000, 0x000000070fc00000| Untracked 
| 127|0x000000070fe00000, 0x000000070fe00800, 0x0000000710000000|  0%| E|  |TAMS 0x000000070fe00000, 0x000000070fe00000| Complete 

Card table byte_map: [0x000000010db90000,0x000000010e390000] _byte_map_base: 0x000000010a390000

Marking Bits (Prev, Next): (CMBitMap*) 0x00007f8d4f82e210, (CMBitMap*) 0x00007f8d4f82e250
 Prev Bits: [0x000000012817c000, 0x000000012c17c000)
 Next Bits: [0x000000012c17c000, 0x000000013017c000)

Polling page: 0x0000000104927000

Metaspace:

Usage:
  Non-class:     15.36 MB used.
      Class:      1.41 MB used.
       Both:     16.77 MB used.

Virtual space:
  Non-class space:       64.00 MB reserved,      15.44 MB ( 24%) committed,  1 nodes.
      Class space:        1.00 GB reserved,       1.50 MB ( <1%) committed,  1 nodes.
             Both:        1.06 GB reserved,      16.94 MB (  2%) committed. 

Chunk freelists:
   Non-Class:  15.78 MB
       Class:  14.50 MB
        Both:  30.28 MB

MaxMetaspaceSize: unlimited
CompressedClassSpaceSize: 1.00 GB
Initial GC threshold: 21.00 MB
Current GC threshold: 21.00 MB
CDS: off
MetaspaceReclaimPolicy: balanced
 - commit_granule_bytes: 65536.
 - commit_granule_words: 8192.
 - virtual_space_node_default_size: 8388608.
 - enlarge_chunks_in_place: 1.
 - new_chunks_are_fully_committed: 0.
 - uncommit_free_chunks: 1.
 - use_allocation_guard: 0.
 - handle_deallocations: 1.


Internal statistics:

num_allocs_failed_limit: 0.
num_arena_births: 70.
num_arena_deaths: 0.
num_vsnodes_births: 2.
num_vsnodes_deaths: 0.
num_space_committed: 269.
num_space_uncommitted: 0.
num_chunks_returned_to_freelist: 0.
num_chunks_taken_from_freelist: 266.
num_chunk_merges: 0.
num_chunk_splits: 191.
num_chunks_enlarged: 157.
num_inconsistent_stats: 0.

CodeHeap 'non-profiled nmethods': size=120028Kb used=755Kb max_used=755Kb free=119272Kb
 bounds [0x0000000120445000, 0x00000001206b5000, 0x000000012797c000]
CodeHeap 'profiled nmethods': size=120028Kb used=3563Kb max_used=3563Kb free=116464Kb
 bounds [0x000000011897c000, 0x0000000118cfc000, 0x000000011feb3000]
CodeHeap 'non-nmethods': size=5704Kb used=1268Kb max_used=1311Kb free=4435Kb
 bounds [0x000000011feb3000, 0x0000000120123000, 0x0000000120445000]
 total_blobs=2622 nmethods=2021 adapters=516
 compilation: enabled
              stopped_count=0, restarted_count=0
 full_count=0

Compilation events (20 events):
Event: 10.930 Thread 0x00007f8d4f857600 nmethod 2007 0x00000001204ff390 code [0x00000001204ff5c0, 0x00000001204fffe8]
Event: 10.990 Thread 0x00007f8d5004ac00 2008       3       java.nio.ByteBuffer::clear (5 bytes)
Event: 10.990 Thread 0x00007f8d5004ac00 nmethod 2008 0x0000000118cf2910 code [0x0000000118cf2ac0, 0x0000000118cf2c80]
Event: 10.990 Thread 0x00007f8d5004ac00 2009       3       java.nio.HeapByteBuffer::putLong (32 bytes)
Event: 10.991 Thread 0x00007f8d5004ac00 nmethod 2009 0x0000000118cf2d10 code [0x0000000118cf2f60, 0x0000000118cf3a00]
Event: 11.356 Thread 0x00007f8d5004ac00 2011   !   3       jdk.internal.ref.Cleaner::clean (35 bytes)
Event: 11.356 Thread 0x00007f8d4f857600 2014       4       java.util.concurrent.atomic.AtomicLong::addAndGet (14 bytes)
Event: 11.356 Thread 0x00007f8d5004ac00 nmethod 2011 0x0000000118cf3e90 code [0x0000000118cf40c0, 0x0000000118cf46a0]
Event: 11.356 Thread 0x00007f8d5004ac00 2012  s    3       jdk.internal.ref.Cleaner::remove (89 bytes)
Event: 11.357 Thread 0x00007f8d4f857600 nmethod 2014 0x0000000120501190 code [0x0000000120501300, 0x0000000120501398]
Event: 11.357 Thread 0x00007f8d5004ac00 nmethod 2012 0x0000000118cf4910 code [0x0000000118cf4ae0, 0x0000000118cf50d0]
Event: 11.357 Thread 0x00007f8d5004ac00 2017       3       jdk.internal.misc.Unsafe::freeMemory (18 bytes)
Event: 11.357 Thread 0x00007f8d4f857600 2019       4       jdk.internal.misc.Unsafe::weakCompareAndSetLong (11 bytes)
Event: 11.357 Thread 0x00007f8d5004ac00 nmethod 2017 0x0000000118cf5210 code [0x0000000118cf53e0, 0x0000000118cf56b0]
Event: 11.357 Thread 0x00007f8d5004ac00 2018       3       jdk.internal.misc.Unsafe::freeMemoryChecks (7 bytes)
Event: 11.357 Thread 0x00007f8d5004ac00 nmethod 2018 0x0000000118cf5810 code [0x0000000118cf59c0, 0x0000000118cf5bb0]
Event: 11.357 Thread 0x00007f8d5004ac00 2013       3       java.nio.Bits::unreserveMemory (64 bytes)
Event: 11.358 Thread 0x00007f8d4f857600 nmethod 2019 0x0000000120501490 code [0x0000000120501600, 0x0000000120501698]
Event: 11.358 Thread 0x00007f8d5004ac00 nmethod 2013 0x0000000118cf5c90 code [0x0000000118cf5e60, 0x0000000118cf6020]
Event: 11.358 Thread 0x00007f8d4f857600 2021       4       java.nio.Buffer::remaining (20 bytes)

GC Heap History (2 events):
Event: 11.328 GC heap before
{Heap before GC invocations=0 (full 0):
 garbage-first heap   total 262144K, used 22528K [0x0000000700000000, 0x0000000800000000)
  region size 2048K, 11 young (22528K), 0 survivors (0K)
 Metaspace       used 17172K, committed 17344K, reserved 1114112K
  class space    used 1441K, committed 1536K, reserved 1048576K
}
Event: 11.354 GC heap after
{Heap after GC invocations=1 (full 0):
 garbage-first heap   total 262144K, used 3998K [0x0000000700000000, 0x0000000800000000)
  region size 2048K, 2 young (4096K), 2 survivors (4096K)
 Metaspace       used 17172K, committed 17344K, reserved 1114112K
  class space    used 1441K, committed 1536K, reserved 1048576K
}

Dll operation events (9 events):
Event: 0.010 Loaded shared library /Applications/jmonkeyplatform.app/Contents/Resources/jmonkeyplatform/jdk/lib/libjava.dylib
Event: 0.059 Loaded shared library /Applications/jmonkeyplatform.app/Contents/Resources/jmonkeyplatform/jdk/lib/libnio.dylib
Event: 0.189 Loaded shared library /Applications/jmonkeyplatform.app/Contents/Resources/jmonkeyplatform/jdk/lib/libzip.dylib
Event: 0.239 Loaded shared library /Applications/jmonkeyplatform.app/Contents/Resources/jmonkeyplatform/jdk/lib/libjimage.dylib
Event: 0.467 Loaded shared library /Users/anniexian/jMonkeyProjects/BasicGame/libopenal.dylib
Event: 0.489 Loaded shared library /Applications/jmonkeyplatform.app/Contents/Resources/jmonkeyplatform/jdk/lib/libawt.dylib
Event: 0.492 Loaded shared library /Applications/jmonkeyplatform.app/Contents/Resources/jmonkeyplatform/jdk/lib/libawt_lwawt.dylib
Event: 0.523 Loaded shared library /Applications/jmonkeyplatform.app/Contents/Resources/jmonkeyplatform/jdk/lib/libfontmanager.dylib
Event: 0.711 Loaded shared library /Users/anniexian/jMonkeyProjects/BasicGame/liblwjgl.dylib

Deoptimization events (20 events):
Event: 1.232 Thread 0x00007f8d50991800 Uncommon trap: trap_request=0xffffff66 fr.pc=0x0000000120492428 relative=0x0000000000000168
Event: 1.232 Thread 0x00007f8d50991800 Uncommon trap: reason=speculate_class_check action=maybe_recompile pc=0x0000000120492428 method=java.util.regex.Pattern$BmpCharPredicate.lambda$union$2(Ljava/util/regex/Pattern$CharPredicate;I)Z @ 2 c2
Event: 1.232 Thread 0x00007f8d50991800 DEOPT PACKING pc=0x0000000120492428 sp=0x000000030e9a0840
Event: 1.232 Thread 0x00007f8d50991800 DEOPT UNPACKING pc=0x000000011ff09693 sp=0x000000030e9a0778 mode 2
Event: 1.232 Thread 0x00007f8d50991800 Uncommon trap: trap_request=0xffffff66 fr.pc=0x0000000120492428 relative=0x0000000000000168
Event: 1.232 Thread 0x00007f8d50991800 Uncommon trap: reason=speculate_class_check action=maybe_recompile pc=0x0000000120492428 method=java.util.regex.Pattern$BmpCharPredicate.lambda$union$2(Ljava/util/regex/Pattern$CharPredicate;I)Z @ 2 c2
Event: 1.232 Thread 0x00007f8d50991800 DEOPT PACKING pc=0x0000000120492428 sp=0x000000030e9a0750
Event: 1.232 Thread 0x00007f8d50991800 DEOPT UNPACKING pc=0x000000011ff09693 sp=0x000000030e9a0698 mode 2
Event: 1.267 Thread 0x00007f8d50991800 DEOPT PACKING pc=0x0000000118b2b19c sp=0x000000030e9a0af0
Event: 1.267 Thread 0x00007f8d50991800 DEOPT UNPACKING pc=0x000000011ff09e10 sp=0x000000030e99ffd0 mode 0
Event: 1.315 Thread 0x00007f8d50991800 Uncommon trap: trap_request=0xffffff45 fr.pc=0x000000012046c588 relative=0x0000000000000988
Event: 1.315 Thread 0x00007f8d50991800 Uncommon trap: reason=unstable_if action=reinterpret pc=0x000000012046c588 method=java.util.HashMap.putVal(ILjava/lang/Object;Ljava/lang/Object;ZZ)Ljava/lang/Object; @ 81 c2
Event: 1.315 Thread 0x00007f8d50991800 DEOPT PACKING pc=0x000000012046c588 sp=0x000000030e9a0fa0
Event: 1.315 Thread 0x00007f8d50991800 DEOPT UNPACKING pc=0x000000011ff09693 sp=0x000000030e9a0ee8 mode 2
Event: 6.169 Thread 0x00007f8d50991800 Uncommon trap: trap_request=0xffffff45 fr.pc=0x00000001204df568 relative=0x0000000000000728
Event: 6.169 Thread 0x00007f8d50991800 Uncommon trap: reason=unstable_if action=reinterpret pc=0x00000001204df568 method=com.jme3.scene.Spatial.checkCulling(Lcom/jme3/renderer/Camera;)Z @ 148 c2
Event: 6.169 Thread 0x00007f8d50991800 DEOPT PACKING pc=0x00000001204df568 sp=0x000000030e9a15c0
Event: 6.169 Thread 0x00007f8d50991800 DEOPT UNPACKING pc=0x000000011ff09693 sp=0x000000030e9a1590 mode 2
Event: 8.930 Thread 0x00007f8d50991800 DEOPT PACKING pc=0x0000000118c5a683 sp=0x000000030e9a1750
Event: 8.930 Thread 0x00007f8d50991800 DEOPT UNPACKING pc=0x000000011ff09e10 sp=0x000000030e9a0c58 mode 0

Classes unloaded (0 events):
No events

Classes redefined (0 events):
No events

Internal exceptions (20 events):
Event: 0.141 Thread 0x00007f8d4f80de00 Exception <a 'sun/nio/fs/UnixException'{0x000000070ff38c98}> (0x000000070ff38c98) 
thrown [src/hotspot/share/prims/jni.cpp, line 516]
Event: 0.288 Thread 0x00007f8d4f80de00 Exception <a 'java/lang/NoSuchMethodError'{0x000000070fabbaa8}: 'void java.lang.invoke.DirectMethodHandle$Holder.invokeSpecial(java.lang.Object, java.lang.Object, java.lang.Object)'> (0x000000070fabbaa8) 
thrown [src/hotspot/share/interpreter/linkResolver.cpp, line 759]
Event: 0.315 Thread 0x00007f8d4f80de00 Exception <a 'java/lang/NoSuchMethodError'{0x000000070fb4b750}: 'java.lang.Object java.lang.invoke.DirectMethodHandle$Holder.invokeStatic(java.lang.Object, int, java.lang.Object)'> (0x000000070fb4b750) 
thrown [src/hotspot/share/interpreter/linkResolver.cpp, line 759]
Event: 0.317 Thread 0x00007f8d4f80de00 Exception <a 'java/lang/NoSuchMethodError'{0x000000070fb53dd8}: 'java.lang.Object java.lang.invoke.DirectMethodHandle$Holder.invokeStaticInit(java.lang.Object)'> (0x000000070fb53dd8) 
thrown [src/hotspot/share/interpreter/linkResolver.cpp, line 759]
Event: 0.336 Thread 0x00007f8d4f80de00 Exception <a 'java/lang/ClassNotFoundException'{0x000000070fb9a7c0}: sun/util/logging/resources/spi/loggingProvider> (0x000000070fb9a7c0) 
thrown [src/hotspot/share/classfile/systemDictionary.cpp, line 256]
Event: 0.485 Thread 0x00007f8d50991800 Exception <a 'java/lang/ClassNotFoundException'{0x000000070f685b78}: sun/awt/resources/spi/awtProvider> (0x000000070f685b78) 
thrown [src/hotspot/share/classfile/systemDictionary.cpp, line 256]
Event: 0.498 Thread 0x00007f8d50991800 Exception <a 'java/io/FileNotFoundException'{0x000000070f68bed8}> (0x000000070f68bed8) 
thrown [src/hotspot/share/prims/jni.cpp, line 516]
Event: 0.515 Thread 0x00007f8d50991800 Exception <a 'java/io/FileNotFoundException'{0x000000070f6b8eb8}> (0x000000070f6b8eb8) 
thrown [src/hotspot/share/prims/jni.cpp, line 516]
Event: 0.519 Thread 0x00007f8d50991800 Exception <a 'java/lang/ClassNotFoundException'{0x000000070f6bcc58}: sun/awt/resources/spi/awtosxProvider> (0x000000070f6bcc58) 
thrown [src/hotspot/share/classfile/systemDictionary.cpp, line 256]
Event: 0.881 Thread 0x00007f8d50991800 Exception <a 'java/lang/NoSuchMethodError'{0x000000070f5aab20}: 'java.lang.Object java.lang.invoke.DirectMethodHandle$Holder.invokeInterface(java.lang.Object, java.lang.Object)'> (0x000000070f5aab20) 
thrown [src/hotspot/share/interpreter/linkResolver.cpp, line 759]
Event: 0.882 Thread 0x00007f8d50991800 Exception <a 'java/lang/IncompatibleClassChangeError'{0x000000070f5ae318}: Found class java.lang.Object, but interface was expected> (0x000000070f5ae318) 
thrown [src/hotspot/share/interpreter/linkResolver.cpp, line 826]
Event: 1.000 Thread 0x00007f8d50991800 Exception <a 'org/lwjgl/LWJGLException'{0x000000070f1702d0}: Could not load OpenAL library> (0x000000070f1702d0) 
thrown [src/hotspot/share/prims/jni.cpp, line 535]
Event: 1.000 Thread 0x00007f8d50991800 Exception <a 'org/lwjgl/LWJGLException'{0x000000070f1707e0}: Could not load OpenAL library> (0x000000070f1707e0) 
thrown [src/hotspot/share/prims/jni.cpp, line 535]
Event: 1.000 Thread 0x00007f8d50991800 Exception <a 'org/lwjgl/LWJGLException'{0x000000070f170cb8}: Could not load OpenAL library> (0x000000070f170cb8) 
thrown [src/hotspot/share/prims/jni.cpp, line 535]
Event: 1.000 Thread 0x00007f8d50991800 Exception <a 'org/lwjgl/LWJGLException'{0x000000070f171150}: Could not load OpenAL library> (0x000000070f171150) 
thrown [src/hotspot/share/prims/jni.cpp, line 535]
Event: 1.000 Thread 0x00007f8d50991800 Exception <a 'org/lwjgl/LWJGLException'{0x000000070f171608}: Could not load OpenAL library> (0x000000070f171608) 
thrown [src/hotspot/share/prims/jni.cpp, line 535]
Event: 1.000 Thread 0x00007f8d50991800 Exception <a 'org/lwjgl/LWJGLException'{0x000000070f171ab8}: Could not load OpenAL library> (0x000000070f171ab8) 
thrown [src/hotspot/share/prims/jni.cpp, line 535]
Event: 1.000 Thread 0x00007f8d50991800 Exception <a 'org/lwjgl/LWJGLException'{0x000000070f171f20}: Could not load OpenAL library> (0x000000070f171f20) 
thrown [src/hotspot/share/prims/jni.cpp, line 535]
Event: 1.000 Thread 0x00007f8d50991800 Exception <a 'org/lwjgl/LWJGLException'{0x000000070f172368}: Could not load OpenAL library> (0x000000070f172368) 
thrown [src/hotspot/share/prims/jni.cpp, line 535]
Event: 1.000 Thread 0x00007f8d50991800 Exception <a 'org/lwjgl/LWJGLException'{0x000000070f172840}: Could not load OpenAL library> (0x000000070f172840) 
thrown [src/hotspot/share/prims/jni.cpp, line 535]

VM Operations (20 events):
Event: 3.141 Executing VM operation: Cleanup
Event: 3.142 Executing VM operation: Cleanup done
Event: 4.146 Executing VM operation: Cleanup
Event: 4.147 Executing VM operation: Cleanup done
Event: 5.148 Executing VM operation: Cleanup
Event: 5.148 Executing VM operation: Cleanup done
Event: 6.148 Executing VM operation: Cleanup
Event: 6.149 Executing VM operation: Cleanup done
Event: 7.154 Executing VM operation: Cleanup
Event: 7.154 Executing VM operation: Cleanup done
Event: 8.158 Executing VM operation: Cleanup
Event: 8.158 Executing VM operation: Cleanup done
Event: 9.158 Executing VM operation: Cleanup
Event: 9.159 Executing VM operation: Cleanup done
Event: 10.164 Executing VM operation: Cleanup
Event: 10.165 Executing VM operation: Cleanup done
Event: 11.169 Executing VM operation: Cleanup
Event: 11.169 Executing VM operation: Cleanup done
Event: 11.328 Executing VM operation: G1CollectForAllocation
Event: 11.354 Executing VM operation: G1CollectForAllocation done

Events (20 events):
Event: 1.185 loading class sun/awt/image/SurfaceManager$ImageAccessor done
Event: 1.185 loading class java/awt/Image$1 done
Event: 1.185 loading class sun/awt/image/SurfaceManager
Event: 1.185 loading class sun/awt/image/SurfaceManager done
Event: 1.186 loading class java/awt/image/BufferedImage$1
Event: 1.186 loading class java/awt/image/BufferedImage$1 done
Event: 1.186 loading class sun/awt/image/IntegerComponentRaster
Event: 1.186 loading class sun/awt/image/IntegerComponentRaster done
Event: 1.186 loading class java/awt/image/IndexColorModel
Event: 1.186 loading class java/awt/image/IndexColorModel done
Event: 1.186 loading class sun/awt/image/ShortComponentRaster
Event: 1.186 loading class sun/awt/image/ShortComponentRaster done
Event: 1.186 loading class com/sun/imageio/plugins/common/ReaderUtil
Event: 1.186 loading class com/sun/imageio/plugins/common/ReaderUtil done
Event: 1.226 loading class java/nio/DirectShortBufferU
Event: 1.226 loading class java/nio/DirectShortBufferU done
Event: 1.233 loading class java/lang/StrictMath
Event: 1.234 loading class java/lang/StrictMath done
Event: 1.235 loading class java/lang/invoke/VarHandle$AccessDescriptor
Event: 1.235 loading class java/lang/invoke/VarHandle$AccessDescriptor done


Dynamic libraries:
0x000000010d28c000 	/Applications/jmonkeyplatform.app/Contents/Resources/jmonkeyplatform/jdk/lib/libjli.dylib
0x00007ff82823a000 	/System/Library/Frameworks/Cocoa.framework/Versions/A/Cocoa
0x00007ff81006f000 	/System/Library/Frameworks/AppKit.framework/Versions/C/AppKit
0x00007ff8133d5000 	/System/Library/Frameworks/CoreData.framework/Versions/A/CoreData
0x00007ff80d992000 	/System/Library/Frameworks/Foundation.framework/Versions/C/Foundation
0x00007ff81a331000 	/usr/lib/libSystem.B.dylib
0x00007ff81149e000 	/System/Library/PrivateFrameworks/UIFoundation.framework/Versions/A/UIFoundation
0x00007ffb16332000 	/System/Library/PrivateFrameworks/CollectionViewCore.framework/Versions/A/CollectionViewCore
0x00007ff821a0a000 	/System/Library/PrivateFrameworks/RemoteViewServices.framework/Versions/A/RemoteViewServices
0x00007ff817c4e000 	/System/Library/PrivateFrameworks/XCTTargetBootstrap.framework/Versions/A/XCTTargetBootstrap
0x00007ff81ce08000 	/System/Library/PrivateFrameworks/InternationalSupport.framework/Versions/A/InternationalSupport
0x00007ff81ce5c000 	/System/Library/PrivateFrameworks/UserActivity.framework/Versions/A/UserActivity
0x00007ffc18e06000 	/System/Library/PrivateFrameworks/WindowManagement.framework/Versions/A/WindowManagement
0x00007ff80d641000 	/System/Library/Frameworks/SystemConfiguration.framework/Versions/A/SystemConfiguration
0x00007ff81c17f000 	/usr/lib/libspindump.dylib
0x00007ff81167b000 	/System/Library/Frameworks/UniformTypeIdentifiers.framework/Versions/A/UniformTypeIdentifiers
0x00007ff815c3b000 	/usr/lib/libapp_launch_measurement.dylib
0x00007ff81491f000 	/System/Library/PrivateFrameworks/CoreAnalytics.framework/Versions/A/CoreAnalytics
0x00007ff815c3e000 	/System/Library/PrivateFrameworks/CoreAutoLayout.framework/Versions/A/CoreAutoLayout
0x00007ff8174ba000 	/System/Library/Frameworks/Metal.framework/Versions/A/Metal
0x00007ff818459000 	/usr/lib/liblangid.dylib
0x00007ff817c53000 	/System/Library/PrivateFrameworks/CoreSVG.framework/Versions/A/CoreSVG
0x00007ff812038000 	/System/Library/PrivateFrameworks/SkyLight.framework/Versions/A/SkyLight
0x00007ff81249a000 	/System/Library/Frameworks/CoreGraphics.framework/Versions/A/CoreGraphics
0x00007ff8220de000 	/System/Library/Frameworks/Accelerate.framework/Versions/A/Accelerate
0x00007ff81bfdf000 	/System/Library/PrivateFrameworks/IconServices.framework/Versions/A/IconServices
0x00007ff81749b000 	/System/Library/Frameworks/IOSurface.framework/Versions/A/IOSurface
0x00007ff81494b000 	/usr/lib/libDiagnosticMessagesClient.dylib
0x00007ff81a249000 	/usr/lib/libz.1.dylib
0x00007ff825b0b000 	/System/Library/Frameworks/ApplicationServices.framework/Versions/A/ApplicationServices
0x00007ff817c3b000 	/System/Library/PrivateFrameworks/DFRFoundation.framework/Versions/A/DFRFoundation
0x00007ff80f91d000 	/usr/lib/libicucore.A.dylib
0x00007ff81ddaa000 	/System/Library/Frameworks/AudioToolbox.framework/Versions/A/AudioToolbox
0x00007ff81ce17000 	/System/Library/PrivateFrameworks/DataDetectorsCore.framework/Versions/A/DataDetectorsCore
0x00007ff9172c8000 	/System/Library/PrivateFrameworks/TextInput.framework/Versions/A/TextInput
0x00007ff811f91000 	/usr/lib/libMobileGestalt.dylib
0x00007ff8179a0000 	/System/Library/Frameworks/Carbon.framework/Versions/A/Frameworks/HIToolbox.framework/Versions/A/HIToolbox
0x00007ff815597000 	/System/Library/Frameworks/QuartzCore.framework/Versions/A/QuartzCore
0x00007ff80f56f000 	/System/Library/Frameworks/Security.framework/Versions/A/Security
0x00007ff821a42000 	/System/Library/Frameworks/Carbon.framework/Versions/A/Frameworks/SpeechRecognition.framework/Versions/A/SpeechRecognition
0x00007ff81596e000 	/System/Library/PrivateFrameworks/CoreUI.framework/Versions/A/CoreUI
0x00007ff80ee43000 	/System/Library/Frameworks/CoreAudio.framework/Versions/A/CoreAudio
0x00007ff814a2b000 	/System/Library/Frameworks/DiskArbitration.framework/Versions/A/DiskArbitration
0x00007ff81c5b0000 	/System/Library/PrivateFrameworks/MultitouchSupport.framework/Versions/A/MultitouchSupport
0x00007ff811f90000 	/usr/lib/libenergytrace.dylib
0x00007ff90cb88000 	/System/Library/PrivateFrameworks/RenderBox.framework/Versions/A/RenderBox
0x00007ff80ff46000 	/System/Library/Frameworks/IOKit.framework/Versions/A/IOKit
0x00007ff821e16000 	/System/Library/Frameworks/CoreServices.framework/Versions/A/CoreServices
0x00007ff815bd3000 	/System/Library/PrivateFrameworks/PerformanceAnalysis.framework/Versions/A/PerformanceAnalysis
0x00007ffa2640d000 	/System/Library/Frameworks/OpenGL.framework/Versions/A/OpenGL
0x00007ff815c87000 	/usr/lib/libxml2.2.dylib
0x00007ff81951c000 	/System/Library/PrivateFrameworks/MobileKeyBag.framework/Versions/A/MobileKeyBag
0x00007ff80c62c000 	/usr/lib/libobjc.A.dylib
0x00007ff80c92e000 	/usr/lib/libc++.1.dylib
0x00007ff821d92000 	/System/Library/Frameworks/Accessibility.framework/Versions/A/Accessibility
0x00007ff812d2f000 	/System/Library/Frameworks/ColorSync.framework/Versions/A/ColorSync
0x00007ff80ca61000 	/System/Library/Frameworks/CoreFoundation.framework/Versions/A/CoreFoundation
0x00007ff817fc6000 	/System/Library/Frameworks/CoreImage.framework/Versions/A/CoreImage
0x00007ff80ec3c000 	/System/Library/Frameworks/CoreText.framework/Versions/A/CoreText
0x00007ffb0c62c000 	/System/Library/Frameworks/CoreTransferable.framework/Versions/A/CoreTransferable
0x00007ffb0ca31000 	/System/Library/Frameworks/DeveloperToolsSupport.framework/Versions/A/DeveloperToolsSupport
0x00007ff817c8c000 	/System/Library/Frameworks/ImageIO.framework/Versions/A/ImageIO
0x00007ffb10ccb000 	/System/Library/Frameworks/Symbols.framework/Versions/A/Symbols
0x00007ff81a336000 	/System/Library/PrivateFrameworks/SoftLinking.framework/Versions/A/SoftLinking
0x00007ff81d81a000 	/usr/lib/swift/libswiftCore.dylib
0x00007ff913e8d000 	/usr/lib/swift/libswiftCoreFoundation.dylib
0x00007ff911ae9000 	/usr/lib/swift/libswiftCoreGraphics.dylib
0x00007ff913ecb000 	/usr/lib/swift/libswiftCoreImage.dylib
0x00007ff911af0000 	/usr/lib/swift/libswiftDarwin.dylib
0x00007ff823782000 	/usr/lib/swift/libswiftDispatch.dylib
0x00007ff913ecc000 	/usr/lib/swift/libswiftIOKit.dylib
0x00007ff91ff16000 	/usr/lib/swift/libswiftMetal.dylib
0x00007ffa0d61c000 	/usr/lib/swift/libswiftOSLog.dylib
0x00007ff825f77000 	/usr/lib/swift/libswiftObjectiveC.dylib
0x00007ff9244bc000 	/usr/lib/swift/libswiftQuartzCore.dylib
0x00007ff9285c5000 	/usr/lib/swift/libswiftUniformTypeIdentifiers.dylib
0x00007ff913e9d000 	/usr/lib/swift/libswiftXPC.dylib
0x00007ffc214cf000 	/usr/lib/swift/libswift_Concurrency.dylib
0x00007ff825f7b000 	/usr/lib/swift/libswiftos.dylib
0x00007ff91722a000 	/usr/lib/swift/libswiftsimd.dylib
0x00007ff81a4cf000 	/usr/lib/libcompression.dylib
0x00007ff81cd48000 	/System/Library/PrivateFrameworks/TextureIO.framework/Versions/A/TextureIO
0x00007ff81bbea000 	/usr/lib/libate.dylib
0x00007ff81a32b000 	/usr/lib/system/libcache.dylib
0x00007ff81a2e7000 	/usr/lib/system/libcommonCrypto.dylib
0x00007ff81a30f000 	/usr/lib/system/libcompiler_rt.dylib
0x00007ff81a304000 	/usr/lib/system/libcopyfile.dylib
0x00007ff80c765000 	/usr/lib/system/libcorecrypto.dylib
0x00007ff80c85c000 	/usr/lib/system/libdispatch.dylib
0x00007ff80ca06000 	/usr/lib/system/libdyld.dylib
0x00007ff81a321000 	/usr/lib/system/libkeymgr.dylib
0x00007ff81a2c8000 	/usr/lib/system/libmacho.dylib
0x00007ff8195f7000 	/usr/lib/system/libquarantine.dylib
0x00007ff81a31f000 	/usr/lib/system/libremovefile.dylib
0x00007ff812003000 	/usr/lib/system/libsystem_asl.dylib
0x00007ff80c6ff000 	/usr/lib/system/libsystem_blocks.dylib
0x00007ff80c8a6000 	/usr/lib/system/libsystem_c.dylib
0x00007ff81a317000 	/usr/lib/system/libsystem_collections.dylib
0x00007ff818449000 	/usr/lib/system/libsystem_configuration.dylib
0x00007ff817472000 	/usr/lib/system/libsystem_containermanager.dylib
0x00007ff819f19000 	/usr/lib/system/libsystem_coreservices.dylib
0x00007ff80fbbe000 	/usr/lib/system/libsystem_darwin.dylib
0x00007ffc217fd000 	/usr/lib/system/libsystem_darwindirectory.dylib
0x00007ff81a322000 	/usr/lib/system/libsystem_dnssd.dylib
0x00007ffc21801000 	/usr/lib/system/libsystem_eligibility.dylib
0x00007ff80c8a3000 	/usr/lib/system/libsystem_featureflags.dylib
0x00007ff80ca36000 	/usr/lib/system/libsystem_info.dylib
0x00007ff81a25d000 	/usr/lib/system/libsystem_m.dylib
0x00007ff80c81c000 	/usr/lib/system/libsystem_malloc.dylib
0x00007ff811f77000 	/usr/lib/system/libsystem_networkextension.dylib
0x00007ff81000a000 	/usr/lib/system/libsystem_notify.dylib
0x00007ff81844d000 	/usr/lib/system/libsystem_sandbox.dylib
0x00007ffc21804000 	/usr/lib/system/libsystem_sanitizers.dylib
0x00007ff81a31c000 	/usr/lib/system/libsystem_secinit.dylib
0x00007ff80c9bf000 	/usr/lib/system/libsystem_kernel.dylib
0x00007ff80ca2b000 	/usr/lib/system/libsystem_platform.dylib
0x00007ff80c9fa000 	/usr/lib/system/libsystem_pthread.dylib
0x00007ff813c76000 	/usr/lib/system/libsystem_symptoms.dylib
0x00007ff80c74b000 	/usr/lib/system/libsystem_trace.dylib
0x00007ff81a2f3000 	/usr/lib/system/libunwind.dylib
0x00007ff80c703000 	/usr/lib/system/libxpc.dylib
0x00007ff80c9a9000 	/usr/lib/libc++abi.dylib
0x00007ff81a2fc000 	/usr/lib/liboah.dylib
0x00007ff81b970000 	/usr/lib/liblzma.5.dylib
0x00007ff81a333000 	/usr/lib/libfakelink.dylib
0x00007ff811bc8000 	/System/Library/Frameworks/CFNetwork.framework/Versions/A/CFNetwork
0x00007ff81a385000 	/usr/lib/libarchive.2.dylib
0x00007ff81fc8b000 	/System/Library/Frameworks/Combine.framework/Versions/A/Combine
0x00007ffb16347000 	/System/Library/PrivateFrameworks/CollectionsInternal.framework/Versions/A/CollectionsInternal
0x00007ffb2bfde000 	/System/Library/PrivateFrameworks/ReflectionInternal.framework/Versions/A/ReflectionInternal
0x00007ffb2c55d000 	/System/Library/PrivateFrameworks/RuntimeInternal.framework/Versions/A/RuntimeInternal
0x00007ffc2160a000 	/usr/lib/swift/libswift_StringProcessing.dylib
0x00007ff80fec4000 	/System/Library/PrivateFrameworks/CoreServicesInternal.framework/Versions/A/CoreServicesInternal
0x00007ff81961c000 	/usr/lib/libbsm.0.dylib
0x00007ff81a2ce000 	/usr/lib/system/libkxld.dylib
0x00007ff815c06000 	/System/Library/Frameworks/CoreServices.framework/Versions/A/Frameworks/FSEvents.framework/Versions/A/FSEvents
0x00007ff80fbc9000 	/System/Library/Frameworks/CoreServices.framework/Versions/A/Frameworks/CarbonCore.framework/Versions/A/CarbonCore
0x00007ff814993000 	/System/Library/Frameworks/CoreServices.framework/Versions/A/Frameworks/Metadata.framework/Versions/A/Metadata
0x00007ff819f1f000 	/System/Library/Frameworks/CoreServices.framework/Versions/A/Frameworks/OSServices.framework/Versions/A/OSServices
0x00007ff81a40e000 	/System/Library/Frameworks/CoreServices.framework/Versions/A/Frameworks/SearchKit.framework/Versions/A/SearchKit
0x00007ff813bfc000 	/System/Library/Frameworks/CoreServices.framework/Versions/A/Frameworks/AE.framework/Versions/A/AE
0x00007ff80cefb000 	/System/Library/Frameworks/CoreServices.framework/Versions/A/Frameworks/LaunchServices.framework/Versions/A/LaunchServices
0x00007ff81b921000 	/System/Library/Frameworks/CoreServices.framework/Versions/A/Frameworks/DictionaryServices.framework/Versions/A/DictionaryServices
0x00007ff815c13000 	/System/Library/Frameworks/CoreServices.framework/Versions/A/Frameworks/SharedFileList.framework/Versions/A/SharedFileList
0x00007ff81a499000 	/usr/lib/libapple_nghttp2.dylib
0x00007ff813871000 	/usr/lib/libsqlite3.dylib
0x00007ff813c7e000 	/System/Library/Frameworks/Network.framework/Versions/A/Network
0x00007ffc1fe7f000 	/usr/lib/libCoreEntitlements.dylib
0x00007ffb277bb000 	/System/Library/PrivateFrameworks/MessageSecurity.framework/Versions/A/MessageSecurity
0x00007ff813858000 	/System/Library/PrivateFrameworks/ProtocolBuffer.framework/Versions/A/ProtocolBuffer
0x00007ff819e3c000 	/System/Library/PrivateFrameworks/AppleFSCompression.framework/Versions/A/AppleFSCompression
0x00007ff819604000 	/usr/lib/libcoretls.dylib
0x00007ff81b98f000 	/usr/lib/libcoretls_cfhelpers.dylib
0x00007ff81a4c9000 	/usr/lib/libpam.2.dylib
0x00007ff81ba08000 	/usr/lib/libxar.1.dylib
0x00007ff81bfb8000 	/usr/lib/libheimdal-asn1.dylib
0x00007ff811bc7000 	/usr/lib/libnetwork.dylib
0x00007ff81a337000 	/usr/lib/libpcap.A.dylib
0x00007ff813c6c000 	/usr/lib/libdns_services.dylib
0x00007ff818454000 	/System/Library/PrivateFrameworks/AppleSystemInfo.framework/Versions/A/AppleSystemInfo
0x00007ff81931d000 	/System/Library/PrivateFrameworks/IOMobileFramebuffer.framework/Versions/A/IOMobileFramebuffer
0x00007ffc2155c000 	/usr/lib/swift/libswift_RegexParser.dylib
0x00007ff819f0a000 	/usr/lib/libbz2.1.0.dylib
0x00007ff8195fa000 	/usr/lib/libCheckFix.dylib
0x00007ff81201a000 	/System/Library/PrivateFrameworks/TCC.framework/Versions/A/TCC
0x00007ff81845b000 	/System/Library/PrivateFrameworks/CoreNLP.framework/Versions/A/CoreNLP
0x00007ff81494d000 	/System/Library/PrivateFrameworks/MetadataUtilities.framework/Versions/A/MetadataUtilities
0x00007ff81962c000 	/usr/lib/libmecab.dylib
0x00007ff80d6c8000 	/usr/lib/libCRFSuite.dylib
0x00007ff819685000 	/usr/lib/libgermantok.dylib
0x00007ff81a474000 	/usr/lib/libThaiTokenizer.dylib
0x00007ff814a33000 	/System/Library/Frameworks/Accelerate.framework/Versions/A/Frameworks/vImage.framework/Versions/A/vImage
0x00007ff821dec000 	/System/Library/Frameworks/Accelerate.framework/Versions/A/Frameworks/vecLib.framework/Versions/A/vecLib
0x00007ff81ba4a000 	/System/Library/Frameworks/Accelerate.framework/Versions/A/Frameworks/vecLib.framework/Versions/A/libvMisc.dylib
0x00007ff8190ed000 	/System/Library/Frameworks/Accelerate.framework/Versions/A/Frameworks/vecLib.framework/Versions/A/libvDSP.dylib
0x00007ff80d308000 	/System/Library/Frameworks/Accelerate.framework/Versions/A/Frameworks/vecLib.framework/Versions/A/libBLAS.dylib
0x00007ff81a5b1000 	/System/Library/Frameworks/Accelerate.framework/Versions/A/Frameworks/vecLib.framework/Versions/A/libLAPACK.dylib
0x00007ff819688000 	/System/Library/Frameworks/Accelerate.framework/Versions/A/Frameworks/vecLib.framework/Versions/A/libLinearAlgebra.dylib
0x00007ff81a4b4000 	/System/Library/Frameworks/Accelerate.framework/Versions/A/Frameworks/vecLib.framework/Versions/A/libSparseBLAS.dylib
0x00007ff81a5ab000 	/System/Library/Frameworks/Accelerate.framework/Versions/A/Frameworks/vecLib.framework/Versions/A/libQuadrature.dylib
0x00007ff818571000 	/System/Library/Frameworks/Accelerate.framework/Versions/A/Frameworks/vecLib.framework/Versions/A/libBNNS.dylib
0x00007ff80d5c9000 	/System/Library/Frameworks/Accelerate.framework/Versions/A/Frameworks/vecLib.framework/Versions/A/libSparse.dylib
0x00007ffb26060000 	/System/Library/PrivateFrameworks/MIL.framework/Versions/A/MIL
0x00007ff81a36d000 	/usr/lib/libiconv.2.dylib
0x00007ff81a2c7000 	/usr/lib/libcharset.1.dylib
0x00007ff815bea000 	/System/Library/Frameworks/OpenDirectory.framework/Versions/A/Frameworks/CFOpenDirectory.framework/Versions/A/CFOpenDirectory
0x00007ff815bde000 	/System/Library/Frameworks/OpenDirectory.framework/Versions/A/OpenDirectory
0x00007ff81b991000 	/System/Library/PrivateFrameworks/APFS.framework/Versions/A/APFS
0x00007ff81953f000 	/System/Library/Frameworks/SecurityFoundation.framework/Versions/A/SecurityFoundation
0x00007ff81ba16000 	/usr/lib/libutil.dylib
0x00007ffb2446c000 	/System/Library/PrivateFrameworks/InstalledContentLibrary.framework/Versions/A/InstalledContentLibrary
0x00007ff80ff06000 	/System/Library/PrivateFrameworks/CoreServicesStore.framework/Versions/A/CoreServicesStore
0x00007ffb13f4e000 	/System/Library/PrivateFrameworks/AppleMobileFileIntegrity.framework/Versions/A/AppleMobileFileIntegrity
0x00007ff913e5f000 	/usr/lib/libmis.dylib
0x00007ff924998000 	/System/Library/PrivateFrameworks/MobileSystemServices.framework/Versions/A/MobileSystemServices
0x00007ffa220dc000 	/System/Library/PrivateFrameworks/ConfigProfileHelper.framework/Versions/A/ConfigProfileHelper
0x00007ff81a476000 	/System/Library/PrivateFrameworks/AppleSauce.framework/Versions/A/AppleSauce
0x00007ff80e5c9000 	/System/Library/PrivateFrameworks/LanguageModeling.framework/Versions/A/LanguageModeling
0x00007ff81ba1a000 	/usr/lib/libxslt.1.dylib
0x00007ff81a374000 	/usr/lib/libcmph.dylib
0x00007ff8192eb000 	/System/Library/PrivateFrameworks/CoreEmoji.framework/Versions/A/CoreEmoji
0x00007ff81856b000 	/System/Library/PrivateFrameworks/LinguisticData.framework/Versions/A/LinguisticData
0x00007ff80d4e0000 	/System/Library/PrivateFrameworks/Lexicon.framework/Versions/A/Lexicon
0x00007ff8195c8000 	/System/Library/PrivateFrameworks/BackgroundTaskManagement.framework/Versions/A/BackgroundTaskManagement
0x00007ffc1ffee000 	/usr/lib/libTLE.dylib
0x00007ff81c47a000 	/System/Library/PrivateFrameworks/AppleJPEG.framework/Versions/A/AppleJPEG
0x00007ff81bf9d000 	/usr/lib/libexpat.1.dylib
0x00007ff81cba3000 	/System/Library/Frameworks/ImageIO.framework/Versions/A/Resources/libPng.dylib
0x00007ff81cbd0000 	/System/Library/Frameworks/ImageIO.framework/Versions/A/Resources/libTIFF.dylib
0x00007ff81ccc2000 	/System/Library/Frameworks/ImageIO.framework/Versions/A/Resources/libGIF.dylib
0x00007ff81c4c6000 	/System/Library/Frameworks/ImageIO.framework/Versions/A/Resources/libJP2.dylib
0x00007ff81cc62000 	/System/Library/Frameworks/ImageIO.framework/Versions/A/Resources/libJPEG.dylib
0x00007ff81cc59000 	/System/Library/Frameworks/ImageIO.framework/Versions/A/Resources/libRadiance.dylib
0x00007ff817840000 	/System/Library/PrivateFrameworks/FontServices.framework/libFontParser.dylib
0x00007ff813b99000 	/System/Library/PrivateFrameworks/RunningBoardServices.framework/Versions/A/RunningBoardServices
0x00007ff828a0d000 	/System/Library/PrivateFrameworks/IOSurfaceAccelerator.framework/Versions/A/IOSurfaceAccelerator
0x00007ff81c5ae000 	/System/Library/PrivateFrameworks/WatchdogClient.framework/Versions/A/WatchdogClient
0x00007ff80e796000 	/System/Library/Frameworks/CoreDisplay.framework/Versions/A/CoreDisplay
0x00007ff81770f000 	/System/Library/Frameworks/CoreMedia.framework/Versions/A/CoreMedia
0x00007ff8174b1000 	/System/Library/PrivateFrameworks/IOAccelerator.framework/Versions/A/IOAccelerator
0x00007ff815d67000 	/System/Library/Frameworks/CoreVideo.framework/Versions/A/CoreVideo
0x00007ff81a4c7000 	/System/Library/Frameworks/MetalPerformanceShaders.framework/Versions/A/MetalPerformanceShaders
0x00007ff81c5ed000 	/System/Library/Frameworks/VideoToolbox.framework/Versions/A/VideoToolbox
0x00007ff815df4000 	/System/Library/PrivateFrameworks/UserManagement.framework/Versions/A/UserManagement
0x00007ff813ac2000 	/System/Library/PrivateFrameworks/BaseBoard.framework/Versions/A/BaseBoard
0x00007ff818453000 	/System/Library/PrivateFrameworks/AggregateDictionary.framework/Versions/A/AggregateDictionary
0x00007ffb13d4c000 	/System/Library/PrivateFrameworks/AppleKeyStore.framework/Versions/A/AppleKeyStore
0x00007ff81cc52000 	/System/Library/PrivateFrameworks/GPUWrangler.framework/Versions/A/GPUWrangler
0x00007ff81cc36000 	/System/Library/PrivateFrameworks/IOPresentment.framework/Versions/A/IOPresentment
0x00007ff81cc5c000 	/System/Library/PrivateFrameworks/DSExternalDisplay.framework/Versions/A/DSExternalDisplay
0x00007ffb2043c000 	/System/Library/PrivateFrameworks/GPUCompiler.framework/Versions/32023/Libraries/libllvm-flatbuffers.dylib
0x00007ffa26401000 	/System/Library/Frameworks/OpenGL.framework/Versions/A/Libraries/libCoreFSCache.dylib
0x00007ffb1cf32000 	/System/Library/PrivateFrameworks/GPUCompiler.framework/Versions/32023/Libraries/libGPUCompilerUtils.dylib
0x00007ff81ccc8000 	/System/Library/PrivateFrameworks/CMCaptureCore.framework/Versions/A/CMCaptureCore
0x00007ffb0cb2d000 	/System/Library/Frameworks/ExtensionFoundation.framework/Versions/A/ExtensionFoundation
0x00007ff823fd3000 	/System/Library/PrivateFrameworks/CoreTime.framework/Versions/A/CoreTime
0x00007ff81c168000 	/System/Library/PrivateFrameworks/AppServerSupport.framework/Versions/A/AppServerSupport
0x00007ff81e703000 	/System/Library/PrivateFrameworks/perfdata.framework/Versions/A/perfdata
0x00007ff80e8c4000 	/System/Library/PrivateFrameworks/AudioToolboxCore.framework/Versions/A/AudioToolboxCore
0x00007ff8176e9000 	/System/Library/PrivateFrameworks/caulk.framework/Versions/A/caulk
0x00007ff81df9b000 	/usr/lib/libAudioStatistics.dylib
0x00007ff913200000 	/System/Library/PrivateFrameworks/SystemPolicy.framework/Versions/A/SystemPolicy
0x00007ff81e25d000 	/usr/lib/libSMC.dylib
0x00007ff828096000 	/System/Library/Frameworks/CoreMIDI.framework/Versions/A/CoreMIDI
0x00007ff81cb6a000 	/usr/lib/libAudioToolboxUtility.dylib
0x00007ff90e804000 	/System/Library/PrivateFrameworks/OSAServicesClient.framework/Versions/A/OSAServicesClient
0x00007ff81e711000 	/usr/lib/libperfcheck.dylib
0x00007ff823a7e000 	/System/Library/PrivateFrameworks/BoardServices.framework/Versions/A/BoardServices
0x00007ff81be7d000 	/System/Library/PrivateFrameworks/PlugInKit.framework/Versions/A/PlugInKit
0x00007ff819532000 	/System/Library/PrivateFrameworks/AssertionServices.framework/Versions/A/AssertionServices
0x00007ffa1094e000 	/System/Library/PrivateFrameworks/Symbolication.framework/Versions/A/Symbolication
0x00007ffb2af7f000 	/System/Library/PrivateFrameworks/PhotosensitivityProcessing.framework/Versions/A/PhotosensitivityProcessing
0x00007ffa270e0000 	/System/Library/Frameworks/OpenCL.framework/Versions/A/OpenCL
0x00007ff81c113000 	/System/Library/PrivateFrameworks/GraphVisualizer.framework/Versions/A/GraphVisualizer
0x00007ffa2645e000 	/System/Library/Frameworks/OpenGL.framework/Versions/A/Libraries/libGLU.dylib
0x00007ffa26420000 	/System/Library/Frameworks/OpenGL.framework/Versions/A/Libraries/libGFXShared.dylib
0x00007ffa2661c000 	/System/Library/Frameworks/OpenGL.framework/Versions/A/Libraries/libGL.dylib
0x00007ffa26428000 	/System/Library/Frameworks/OpenGL.framework/Versions/A/Libraries/libGLImage.dylib
0x00007ffa2641d000 	/System/Library/Frameworks/OpenGL.framework/Versions/A/Libraries/libCVMSPluginSupport.dylib
0x00007ffc1ffaa000 	/usr/lib/libRosetta.dylib
0x00007ffa26408000 	/System/Library/Frameworks/OpenGL.framework/Versions/A/Libraries/libCoreVMClient.dylib
0x00007ffb1b06a000 	/System/Library/PrivateFrameworks/FontServices.framework/Versions/A/FontServices
0x00007ff81c122000 	/System/Library/PrivateFrameworks/OTSVG.framework/Versions/A/OTSVG
0x00007ff815922000 	/System/Library/Frameworks/ApplicationServices.framework/Versions/A/Frameworks/ATS.framework/Versions/A/Resources/libFontRegistry.dylib
0x00007ff81c173000 	/System/Library/PrivateFrameworks/FontServices.framework/libhvf.dylib
0x00007ffb1b06b000 	/System/Library/PrivateFrameworks/FontServices.framework/libXTFontStaticRegistryData.dylib
0x00007ff818392000 	/System/Library/Frameworks/MetalPerformanceShaders.framework/Versions/A/Frameworks/MPSCore.framework/Versions/A/MPSCore
0x00007ff819d96000 	/System/Library/Frameworks/MetalPerformanceShaders.framework/Versions/A/Frameworks/MPSImage.framework/Versions/A/MPSImage
0x00007ff81969e000 	/System/Library/Frameworks/MetalPerformanceShaders.framework/Versions/A/Frameworks/MPSNeuralNetwork.framework/Versions/A/MPSNeuralNetwork
0x00007ff819c0d000 	/System/Library/Frameworks/MetalPerformanceShaders.framework/Versions/A/Frameworks/MPSMatrix.framework/Versions/A/MPSMatrix
0x00007ff8199bf000 	/System/Library/Frameworks/MetalPerformanceShaders.framework/Versions/A/Frameworks/MPSRayIntersector.framework/Versions/A/MPSRayIntersector
0x00007ff819c4c000 	/System/Library/Frameworks/MetalPerformanceShaders.framework/Versions/A/Frameworks/MPSNDArray.framework/Versions/A/MPSNDArray
0x00007ffb0e248000 	/System/Library/Frameworks/MetalPerformanceShaders.framework/Versions/A/Frameworks/MPSFunctions.framework/Versions/A/MPSFunctions
0x00007ffb0e22b000 	/System/Library/Frameworks/MetalPerformanceShaders.framework/Versions/A/Frameworks/MPSBenchmarkLoop.framework/Versions/A/MPSBenchmarkLoop
0x00007ff80d1b8000 	/System/Library/PrivateFrameworks/MetalTools.framework/Versions/A/MetalTools
0x00007ff91857f000 	/System/Library/PrivateFrameworks/IOAccelMemoryInfo.framework/Versions/A/IOAccelMemoryInfo
0x00007ff924898000 	/System/Library/PrivateFrameworks/kperf.framework/Versions/A/kperf
0x00007ff913e81000 	/System/Library/PrivateFrameworks/GPURawCounter.framework/Versions/A/GPURawCounter
0x00007ff823ea8000 	/System/Library/PrivateFrameworks/CoreSymbolication.framework/Versions/A/CoreSymbolication
0x00007ff913e31000 	/System/Library/PrivateFrameworks/MallocStackLogging.framework/Versions/A/MallocStackLogging
0x00007ff81bd22000 	/System/Library/PrivateFrameworks/CrashReporterSupport.framework/Versions/A/CrashReporterSupport
0x00007ff823e69000 	/System/Library/PrivateFrameworks/DebugSymbols.framework/Versions/A/DebugSymbols
0x00007ff9232ad000 	/System/Library/PrivateFrameworks/OSAnalytics.framework/Versions/A/OSAnalytics
0x00007ffc172d0000 	/System/Library/PrivateFrameworks/VideoToolboxParavirtualizationSupport.framework/Versions/A/VideoToolboxParavirtualizationSupport
0x00007ff81bf4f000 	/System/Library/PrivateFrameworks/AppleVA.framework/Versions/A/AppleVA
0x00007ff81dfdb000 	/System/Library/Frameworks/ApplicationServices.framework/Versions/A/Frameworks/ATS.framework/Versions/A/ATS
0x00007ff812edb000 	/System/Library/Frameworks/ApplicationServices.framework/Versions/A/Frameworks/HIServices.framework/Versions/A/HIServices
0x00007ff81ccd6000 	/System/Library/Frameworks/ApplicationServices.framework/Versions/A/Frameworks/PrintCore.framework/Versions/A/PrintCore
0x00007ff81e3b1000 	/System/Library/Frameworks/ApplicationServices.framework/Versions/A/Frameworks/QD.framework/Versions/A/QD
0x00007ff81e3aa000 	/System/Library/Frameworks/ApplicationServices.framework/Versions/A/Frameworks/ColorSyncLegacy.framework/Versions/A/ColorSyncLegacy
0x00007ff81dfb1000 	/System/Library/Frameworks/ApplicationServices.framework/Versions/A/Frameworks/SpeechSynthesis.framework/Versions/A/SpeechSynthesis
0x00007ff81cc92000 	/System/Library/Frameworks/ApplicationServices.framework/Versions/A/Frameworks/ATSUI.framework/Versions/A/ATSUI
0x00007ff81e33c000 	/usr/lib/libcups.2.dylib
0x00007ff81e720000 	/System/Library/Frameworks/Kerberos.framework/Versions/A/Kerberos
0x00007ff81e72f000 	/System/Library/Frameworks/GSS.framework/Versions/A/GSS
0x00007ff81e054000 	/usr/lib/libresolv.9.dylib
0x00007ff81c185000 	/System/Library/PrivateFrameworks/Heimdal.framework/Versions/A/Heimdal
0x00007ff825ee9000 	/System/Library/Frameworks/Kerberos.framework/Versions/A/Libraries/libHeimdalProxy.dylib
0x00007ff81e77c000 	/System/Library/PrivateFrameworks/CommonAuth.framework/Versions/A/CommonAuth
0x00007ffa2ba5a000 	/System/Library/Frameworks/AVFAudio.framework/Versions/A/AVFAudio
0x00007ff90e84b000 	/System/Library/PrivateFrameworks/AXCoreUtilities.framework/Versions/A/AXCoreUtilities
0x00007ffb25809000 	/System/Library/PrivateFrameworks/IsolatedCoreAudioClient.framework/Versions/A/IsolatedCoreAudioClient
0x00007ff81df22000 	/System/Library/PrivateFrameworks/AudioSession.framework/Versions/A/AudioSession
0x00007ff81fa50000 	/System/Library/Frameworks/IOBluetooth.framework/Versions/A/IOBluetooth
0x00007ff81c05d000 	/System/Library/PrivateFrameworks/MediaExperience.framework/Versions/A/MediaExperience
0x00007ff81dd75000 	/System/Library/PrivateFrameworks/AudioSession.framework/libSessionUtility.dylib
0x00007ff81e3bc000 	/System/Library/PrivateFrameworks/AudioResourceArbitration.framework/Versions/A/AudioResourceArbitration
0x00007ff822b14000 	/System/Library/PrivateFrameworks/PowerLog.framework/Versions/A/PowerLog
0x00007ff822a31000 	/System/Library/Frameworks/CoreBluetooth.framework/Versions/A/CoreBluetooth
0x00007ff825eea000 	/System/Library/Frameworks/AudioUnit.framework/Versions/A/AudioUnit
0x00007ff8193a5000 	/System/Library/PrivateFrameworks/CoreUtils.framework/Versions/A/CoreUtils
0x00007ffb19593000 	/System/Library/PrivateFrameworks/CoreUtilsExtras.framework/Versions/A/CoreUtilsExtras
0x00007ffb24300000 	/System/Library/PrivateFrameworks/IO80211.framework/Versions/A/IO80211
0x00007ff8239c0000 	/System/Library/PrivateFrameworks/FrontBoardServices.framework/Versions/A/FrontBoardServices
0x00007ff8254d2000 	/System/Library/PrivateFrameworks/BackBoardServices.framework/Versions/A/BackBoardServices
0x00007ff81bfc1000 	/System/Library/PrivateFrameworks/IconFoundation.framework/Versions/A/IconFoundation
0x00007ff821a32000 	/System/Library/PrivateFrameworks/SpeechRecognitionCore.framework/Versions/A/SpeechRecognitionCore
0x00007ff90e864000 	/usr/lib/libAccessibility.dylib
0x00007ff822127000 	/System/Library/Frameworks/MediaAccessibility.framework/Versions/A/MediaAccessibility
0x00007ffa142ce000 	/System/Library/Frameworks/OSLog.framework/Versions/A/OSLog
0x00007ff913dbc000 	/System/Library/PrivateFrameworks/LoggingSupport.framework/Versions/A/LoggingSupport
0x000000010e49f000 	/Applications/jmonkeyplatform.app/Contents/Resources/jmonkeyplatform/jdk/lib/server/libjvm.dylib
0x000000010ce44000 	/Applications/jmonkeyplatform.app/Contents/Resources/jmonkeyplatform/jdk/lib/libjimage.dylib
0x000000010ce91000 	/Applications/jmonkeyplatform.app/Contents/Resources/jmonkeyplatform/jdk/lib/libjava.dylib
0x000000010e3c0000 	/Applications/jmonkeyplatform.app/Contents/Resources/jmonkeyplatform/jdk/lib/libnio.dylib
0x000000010e418000 	/Applications/jmonkeyplatform.app/Contents/Resources/jmonkeyplatform/jdk/lib/libnet.dylib
0x0000000132239000 	/Applications/jmonkeyplatform.app/Contents/Resources/jmonkeyplatform/jdk/lib/libzip.dylib
0x000000013244a000 	/Users/anniexian/jMonkeyProjects/BasicGame/libopenal.dylib
0x000000013258d000 	/Applications/jmonkeyplatform.app/Contents/Resources/jmonkeyplatform/jdk/lib/libawt.dylib
0x000000013271b000 	/Applications/jmonkeyplatform.app/Contents/Resources/jmonkeyplatform/jdk/lib/libmlib_image.dylib
0x00007ffb0d66a000 	/System/Library/Frameworks/JavaRuntimeSupport.framework/Versions/A/JavaRuntimeSupport
0x00007ff912ba4000 	/System/Library/Frameworks/Carbon.framework/Versions/A/Carbon
0x00007ff82a197000 	/System/Library/Frameworks/Carbon.framework/Versions/A/Frameworks/CommonPanels.framework/Versions/A/CommonPanels
0x00007ff8257fe000 	/System/Library/Frameworks/Carbon.framework/Versions/A/Frameworks/Help.framework/Versions/A/Help
0x00007ff82a19b000 	/System/Library/Frameworks/Carbon.framework/Versions/A/Frameworks/ImageCapture.framework/Versions/A/ImageCapture
0x00007ff82a178000 	/System/Library/Frameworks/Carbon.framework/Versions/A/Frameworks/OpenScripting.framework/Versions/A/OpenScripting
0x00007ff82a196000 	/System/Library/Frameworks/Carbon.framework/Versions/A/Frameworks/Ink.framework/Versions/A/Ink
0x00007ff82a193000 	/System/Library/Frameworks/Carbon.framework/Versions/A/Frameworks/SecurityHI.framework/Versions/A/SecurityHI
0x00000001329a1000 	/Applications/jmonkeyplatform.app/Contents/Resources/jmonkeyplatform/jdk/lib/libawt_lwawt.dylib
0x00000001323f0000 	/Applications/jmonkeyplatform.app/Contents/Resources/jmonkeyplatform/jdk/lib/libosxapp.dylib
0x00007ff911b57000 	/System/Library/Frameworks/ExceptionHandling.framework/Versions/A/ExceptionHandling
0x0000000138f11000 	/Applications/jmonkeyplatform.app/Contents/Resources/jmonkeyplatform/jdk/lib/libfontmanager.dylib
0x0000000132c8a000 	/Applications/jmonkeyplatform.app/Contents/Resources/jmonkeyplatform/jdk/lib/libfreetype.dylib
0x00007ff8230f6000 	/System/Library/Frameworks/FileProvider.framework/Versions/A/FileProvider
0x00007ff813a2a000 	/System/Library/Frameworks/Accounts.framework/Versions/A/Accounts
0x00007ff8232ab000 	/System/Library/PrivateFrameworks/GenerationalStorage.framework/Versions/A/GenerationalStorage
0x00007ff822b09000 	/System/Library/PrivateFrameworks/SymptomDiagnosticReporter.framework/Versions/A/SymptomDiagnosticReporter
0x00007ff811691000 	/System/Library/PrivateFrameworks/DesktopServicesPriv.framework/Versions/A/DesktopServicesPriv
0x00007ff81001a000 	/usr/lib/libsandbox.1.dylib
0x00007ff81e39f000 	/System/Library/PrivateFrameworks/NetAuth.framework/Versions/A/NetAuth
0x00007ff81f6fb000 	/System/Library/PrivateFrameworks/Sharing.framework/Versions/A/Sharing
0x00007ff815db9000 	/System/Library/PrivateFrameworks/login.framework/Versions/A/Frameworks/loginsupport.framework/Versions/A/loginsupport
0x00007ff825324000 	/System/Library/PrivateFrameworks/Apple80211.framework/Versions/A/Apple80211
0x00007ff819f4c000 	/System/Library/PrivateFrameworks/AuthKit.framework/Versions/A/AuthKit
0x00007ff825325000 	/System/Library/PrivateFrameworks/CoreWiFi.framework/Versions/A/CoreWiFi
0x00007ff81932c000 	/System/Library/Frameworks/CoreWLAN.framework/Versions/A/CoreWLAN
0x00007ff913e84000 	/usr/lib/swift/libswiftCoreAudio.dylib
0x00007ff91935d000 	/usr/lib/swift/libswiftCoreLocation.dylib
0x00007ff81bd19000 	/usr/lib/libIOReport.dylib
0x00007ffa1aea2000 	/System/Library/PrivateFrameworks/WiFiPeerToPeer.framework/Versions/A/WiFiPeerToPeer
0x00007ff81a0f9000 	/System/Library/Frameworks/UserNotifications.framework/Versions/A/UserNotifications
0x00007ff81e8bb000 	/System/Library/PrivateFrameworks/CorePhoneNumbers.framework/Versions/A/CorePhoneNumbers
0x00007ff81e080000 	/System/Library/PrivateFrameworks/MultiverseSupport.framework/Versions/A/MultiverseSupport
0x00007ff825751000 	/System/Library/PrivateFrameworks/RemoteServiceDiscovery.framework/Versions/A/RemoteServiceDiscovery
0x00007ff822c23000 	/System/Library/PrivateFrameworks/DiskManagement.framework/Versions/A/DiskManagement
0x00007ff822b3c000 	/System/Library/PrivateFrameworks/AppleIDAuthSupport.framework/Versions/A/AppleIDAuthSupport
0x00007ffb11d7c000 	/System/Library/PrivateFrameworks/AAAFoundation.framework/Versions/A/AAAFoundation
0x00007ff81e88f000 	/System/Library/PrivateFrameworks/KeychainCircle.framework/Versions/A/KeychainCircle
0x00007ff825762000 	/System/Library/PrivateFrameworks/RemoteXPC.framework/Versions/A/RemoteXPC
0x00007ff825806000 	/usr/lib/libcsfde.dylib
0x00007ff81bec7000 	/usr/lib/libCoreStorage.dylib
0x00007ff822bf0000 	/System/Library/PrivateFrameworks/MediaKit.framework/Versions/A/MediaKit
0x00007ff822b48000 	/System/Library/Frameworks/DiscRecording.framework/Versions/A/DiscRecording
0x00007ff81fb25000 	/System/Library/PrivateFrameworks/ProtectedCloudStorage.framework/Versions/A/ProtectedCloudStorage
0x00007ff825802000 	/System/Library/PrivateFrameworks/EFILogin.framework/Versions/A/EFILogin
0x00007ff8232d3000 	/System/Library/PrivateFrameworks/OctagonTrust.framework/Versions/A/OctagonTrust
0x00007ff81735d000 	/System/Library/Frameworks/CoreLocation.framework/Versions/A/CoreLocation
0x00007ff81fd82000 	/System/Library/PrivateFrameworks/GeoServices.framework/Versions/A/GeoServices
0x00007ff81dd41000 	/System/Library/PrivateFrameworks/LocationSupport.framework/Versions/A/LocationSupport
0x00007ffb21047000 	/System/Library/PrivateFrameworks/GeoServicesCore.framework/Versions/A/GeoServicesCore
0x00007ff90e842000 	/System/Library/PrivateFrameworks/PhoneNumbers.framework/Versions/A/PhoneNumbers
0x00007ff81bebf000 	/usr/lib/libMatch.1.dylib
0x00007ff91ca77000 	/System/Library/CoreServices/RawCamera.bundle/Contents/MacOS/RawCamera
0x00007ff81e78c000 	/System/Library/PrivateFrameworks/MobileAsset.framework/Versions/A/MobileAsset
0x00007ffb13abe000 	/System/Library/PrivateFrameworks/AppleJPEGXL.framework/Versions/A/AppleJPEGXL
0x00007ff919cc3000 	/System/Library/PrivateFrameworks/SoftwareUpdateCoreSupport.framework/Versions/A/SoftwareUpdateCoreSupport
0x00007ff921395000 	/System/Library/PrivateFrameworks/SoftwareUpdateCoreConnect.framework/Versions/A/SoftwareUpdateCoreConnect
0x00007ff825f09000 	/System/Library/PrivateFrameworks/StreamingZip.framework/Versions/A/StreamingZip
0x00007ff919956000 	/System/Library/PrivateFrameworks/MSUDataAccessor.framework/Versions/A/MSUDataAccessor
0x00007ff9159e5000 	/usr/lib/libbootpolicy.dylib
0x00007ff9287a6000 	/usr/lib/libpartition2_dynamic.dylib
0x00007ffb153fe000 	/System/Library/PrivateFrameworks/CMPhoto.framework/Versions/A/CMPhoto
0x00007ff823d3d000 	/System/Library/PrivateFrameworks/AppleVPA.framework/Versions/A/AppleVPA
0x00007ff81cec8000 	/System/Library/Frameworks/MediaToolbox.framework/Versions/A/MediaToolbox
0x00007ff8230c8000 	/System/Library/PrivateFrameworks/CoreAVCHD.framework/Versions/A/CoreAVCHD
0x00007ff8230c4000 	/System/Library/PrivateFrameworks/Mangrove.framework/Versions/A/Mangrove
0x00007ff823660000 	/System/Library/Frameworks/CoreTelephony.framework/Versions/A/CoreTelephony
0x00007ff822d09000 	/System/Library/PrivateFrameworks/CoreAUC.framework/Versions/A/CoreAUC
0x00007ff81e8c4000 	/usr/lib/libTelephonyUtilDynamic.dylib
0x00007ff919340000 	/System/Library/Frameworks/Accelerate.framework/Versions/A/Frameworks/vImage.framework/Versions/A/Libraries/libCGInterfaces.dylib
0x0000000132fdc000 	/usr/lib/libobjc-trampolines.dylib
0x00007ffc1fd2f000 	/usr/lib/libAccessibilityBaseImplementations.dylib
0x00007ffa2456b000 	/System/Library/Extensions/AGXMetalG13X.bundle/Contents/MacOS/AGXMetalG13X
0x00007ff90d7a1000 	/System/Library/PrivateFrameworks/IOGPU.framework/Versions/A/IOGPU
0x00007ff81c23b000 	/System/Library/PrivateFrameworks/login.framework/Versions/A/login
0x00007ff823b90000 	/System/Library/Frameworks/LocalAuthentication.framework/Versions/A/LocalAuthentication
0x00007ffb25f1f000 	/System/Library/PrivateFrameworks/LocalAuthenticationCore.framework/Versions/A/LocalAuthenticationCore
0x00007ff823bd6000 	/System/Library/Frameworks/LocalAuthentication.framework/Support/SharedUtils.framework/Versions/A/SharedUtils
0x00007ff823b2e000 	/System/Library/Frameworks/CryptoTokenKit.framework/Versions/A/CryptoTokenKit
0x00007ff815ace000 	/System/Library/PrivateFrameworks/ViewBridge.framework/Versions/A/ViewBridge
0x0000000142f4f000 	/Users/anniexian/jMonkeyProjects/BasicGame/liblwjgl.dylib
0x0000000142edb000 	/Applications/jmonkeyplatform.app/Contents/Resources/jmonkeyplatform/jdk/lib/libjawt.dylib
0x00007ffa26627000 	/System/Library/Frameworks/OpenGL.framework/Versions/A/Resources/GLEngine.bundle/GLEngine
0x00007ffa2649b000 	/System/Library/Frameworks/OpenGL.framework/Versions/A/Libraries/libGLProgrammability.dylib
0x0000000143189000 	/System/Library/Extensions/AppleMetalOpenGLRenderer.bundle/Contents/MacOS/AppleMetalOpenGLRenderer
0x00007ffa26797000 	/System/Library/Frameworks/OpenGL.framework/Versions/A/Resources/GLRendererFloat.bundle/GLRendererFloat
0x00007ffb0fe5c000 	/System/Library/Frameworks/OpenAL.framework/Versions/A/OpenAL
0x00007ff91300a000 	/System/Library/Frameworks/AVFoundation.framework/Versions/A/AVFoundation
0x00007ff823799000 	/System/Library/PrivateFrameworks/AVFCore.framework/Versions/A/AVFCore
0x00007ff82bdee000 	/System/Library/PrivateFrameworks/AVFCapture.framework/Versions/A/AVFCapture
0x00007ffb1538f000 	/System/Library/PrivateFrameworks/CMImaging.framework/Versions/A/CMImaging
0x00007ff82bfdc000 	/System/Library/PrivateFrameworks/Quagga.framework/Versions/A/Quagga
0x00007ff90c62c000 	/System/Library/PrivateFrameworks/CMCapture.framework/Versions/A/CMCapture
0x00007ff81e15c000 	/System/Library/Frameworks/CoreMediaIO.framework/Versions/A/CoreMediaIO
0x00007ff82603d000 	/System/Library/PrivateFrameworks/Espresso.framework/Versions/A/Espresso
0x00007ff825898000 	/System/Library/PrivateFrameworks/AppSupport.framework/Versions/A/AppSupport
0x00007ffa226af000 	/System/Library/PrivateFrameworks/ANECompiler.framework/Versions/A/ANECompiler
0x00007ff827f3e000 	/System/Library/PrivateFrameworks/AppleNeuralEngine.framework/Versions/A/AppleNeuralEngine
0x00007ffb0e25d000 	/System/Library/Frameworks/MetalPerformanceShadersGraph.framework/Versions/A/MetalPerformanceShadersGraph
0x00007ffb2676f000 	/System/Library/PrivateFrameworks/MLCompilerServices.framework/Versions/A/MLCompilerServices
0x00007ff82700c000 	/System/Library/PrivateFrameworks/ANEServices.framework/Versions/A/ANEServices
0x00007ff91854c000 	/usr/lib/libncurses.5.4.dylib
0x00007ffb26709000 	/System/Library/PrivateFrameworks/MLCompilerRuntime.framework/Versions/A/MLCompilerRuntime
0x00000001443f7000 	/System/Library/Components/CoreAudio.component/Contents/MacOS/CoreAudio
0x0000000146725000 	/System/Library/Components/AudioDSP.component/Contents/MacOS/AudioDSP
0x00007ffc1fdd3000 	/usr/lib/libAudioDSPCore.dylib
0x00007ff82215d000 	/System/Library/PrivateFrameworks/SystemAdministration.framework/Versions/A/SystemAdministration
0x00007ff8219ff000 	/System/Library/Frameworks/DirectoryService.framework/Versions/A/DirectoryService
0x00007ff825667000 	/System/Library/PrivateFrameworks/DiskImages.framework/Versions/A/DiskImages
0x00007ff8195ed000 	/System/Library/Frameworks/ServiceManagement.framework/Versions/A/ServiceManagement
0x00007ff825892000 	/System/Library/PrivateFrameworks/LoginUIKit.framework/Versions/A/Frameworks/LoginUICore.framework/Versions/A/LoginUICore
0x00007ff81c401000 	/usr/lib/libodfde.dylib
0x00007ff825811000 	/usr/lib/libcurl.4.dylib
0x00007ffc204a5000 	/usr/lib/libcrypto.46.dylib
0x00007ffc21172000 	/usr/lib/libssl.48.dylib
0x00007ff8254f6000 	/System/Library/Frameworks/LDAP.framework/Versions/A/LDAP
0x00007ff825531000 	/System/Library/PrivateFrameworks/TrustEvaluationAgent.framework/Versions/A/TrustEvaluationAgent
0x00007ff81e06d000 	/usr/lib/libsasl2.2.dylib
0x00007ffb1272a000 	/System/Library/PrivateFrameworks/AccessibilityBundles.framework/Versions/A/AccessibilityBundles


VM Arguments:
jvm_args: -Dfile.encoding=UTF-8 --module-path=/Users/anniexian/jMonkeyProjects/BasicGame/build/classes 
java_command: mygame.Main
java_class_path (initial): /Applications/jmonkeyplatform.app/Contents/Resources/jmonkeyplatform/jmonkeyplatform/libs/jme3-jogg-3.6.1-stable.jar:/Applications/jmonkeyplatform.app/Contents/Resources/jmonkeyplatform/jmonkeyplatform/libs/j-ogg-vorbis-1.0.3.jar:/Applications/jmonkeyplatform.app/Contents/Resources/jmonkeyplatform/jmonkeyplatform/libs/jme3-networking-3.6.1-stable.jar:/Applications/jmonkeyplatform.app/Contents/Resources/jmonkeyplatform/jmonkeyplatform/libs/jme3-plugins-3.6.1-stable.jar:/Applications/jmonkeyplatform.app/Contents/Resources/jmonkeyplatform/jmonkeyplatform/libs/gson-2.9.1.jar:/Applications/jmonkeyplatform.app/Contents/Resources/jmonkeyplatform/jmonkeyplatform/libs/jme3-core-3.6.1-stable.jar:/Applications/jmonkeyplatform.app/Contents/Resources/jmonkeyplatform/jmonkeyplatform/libs/jme3-desktop-3.6.1-stable.jar:/Applications/jmonkeyplatform.app/Contents/Resources/jmonkeyplatform/jmonkeyplatform/libs/jme3-lwjgl-3.6.1-stable.jar:/Applications/jmonkeyplatform.app/Contents/Resources/jmonkeyplatform/jmonkeyplatform/libs/lwjgl-platform-2.9.5-natives-windows.jar:/Applications/jmonkeyplatform.app/Contents/Resources/jmonkeyplatform/jmonkeyplatform/libs/lwjgl-platform-2.9.5-natives-linux.jar:/Applications/jmonkeyplatform.app/Contents/Resources/jmonkeyplatform/jmonkeyplatform/libs/lwjgl-platform-2.9.5-natives-osx.jar:/Applications/jmonkeyplatform.app/Contents/Resources/jmonkeyplatform/jmonkeyplatform/libs/jinput-2.0.9.jar:/Applications/jmonkeyplatform.app/Contents/Resources/jmonkeyplatform/jmonkeyplatform/libs/jinput-2.0.9-natives-all.jar:/Applications/jmonkeyplatform.app/Contents/Resources/jmonkeyplatform/jmonkeyplatform/libs/lwjgl-2.9.5.jar:/Applications/jmonkeyplatform.app/Contents/Resources/jmonkeyplatform/jmonkeyplatform/libs/jme3-effects-3.6.1-stable.jar:/Applications/jmonkeyplatform.app/Contents/Resources/jmonkeyplatform/jmonkeyplatform/libs/jme3-terrain-3.6.1-stable.jar:/Applications/jmonkeyplatform.app/Contents/Resources/jmonkeyplatform/jmonkeypla
Launcher Type: SUN_STANDARD

[Global flags]
     intx CICompilerCount                          = 4                                         {product} {ergonomic}
     uint ConcGCThreads                            = 2                                         {product} {ergonomic}
     uint G1ConcRefinementThreads                  = 9                                         {product} {ergonomic}
   size_t G1HeapRegionSize                         = 2097152                                   {product} {ergonomic}
    uintx GCDrainStackTargetSize                   = 64                                        {product} {ergonomic}
   size_t InitialHeapSize                          = 268435456                                 {product} {ergonomic}
   size_t MarkStackSize                            = 4194304                                   {product} {ergonomic}
   size_t MaxHeapSize                              = 4294967296                                {product} {ergonomic}
   size_t MaxNewSize                               = 2575302656                                {product} {ergonomic}
   size_t MinHeapDeltaBytes                        = 2097152                                   {product} {ergonomic}
   size_t MinHeapSize                              = 8388608                                   {product} {ergonomic}
    uintx NonNMethodCodeHeapSize                   = 5839372                                {pd product} {ergonomic}
    uintx NonProfiledCodeHeapSize                  = 122909434                              {pd product} {ergonomic}
    uintx ProfiledCodeHeapSize                     = 122909434                              {pd product} {ergonomic}
    uintx ReservedCodeCacheSize                    = 251658240                              {pd product} {ergonomic}
     bool SegmentedCodeCache                       = true                                      {product} {ergonomic}
   size_t SoftMaxHeapSize                          = 4294967296                             {manageable} {ergonomic}
     bool UseCompressedClassPointers               = true                           {product lp64_product} {ergonomic}
     bool UseCompressedOops                        = true                           {product lp64_product} {ergonomic}
     bool UseG1GC                                  = true                                      {product} {ergonomic}
     bool UseNUMA                                  = false                                     {product} {ergonomic}
     bool UseNUMAInterleaving                      = false                                     {product} {ergonomic}

Logging:
Log output configuration:
 #0: stdout all=warning uptime,level,tags
 #1: stderr all=off uptime,level,tags

Environment Variables:
PATH=/usr/bin:/bin:/usr/sbin:/sbin
SHELL=/bin/bash
DISPLAY=/private/tmp/com.apple.launchd.poCEvFFhAb/org.xquartz:0
LC_CTYPE=UTF-8
TMPDIR=/var/folders/0g/fqmqj2h13zb6tm1pyktk150w0000gn/T/

Active Locale:
LC_ALL=C/UTF-8/C/C/C/C
LC_COLLATE=C
LC_CTYPE=UTF-8
LC_MESSAGES=C
LC_MONETARY=C
LC_NUMERIC=C
LC_TIME=C

Signal Handlers:
   SIGSEGV: crash_handler in libjvm.dylib, mask=11100110100111111111111111111111, flags=SA_RESTART|SA_SIGINFO, unblocked
    SIGBUS: crash_handler in libjvm.dylib, mask=11100110100111111111111111111111, flags=SA_RESTART|SA_SIGINFO, unblocked
    SIGFPE: crash_handler in libjvm.dylib, mask=11100110100111111111111111111111, flags=SA_RESTART|SA_SIGINFO, unblocked
   SIGPIPE: javaSignalHandler in libjvm.dylib, mask=11100110100111111111111111111111, flags=SA_RESTART|SA_SIGINFO, blocked
   SIGXFSZ: javaSignalHandler in libjvm.dylib, mask=11100110100111111111111111111111, flags=SA_RESTART|SA_SIGINFO, blocked
    SIGILL: crash_handler in libjvm.dylib, mask=11100110100111111111111111111111, flags=SA_RESTART|SA_SIGINFO, unblocked
   SIGUSR2: SR_handler in libjvm.dylib, mask=00100000000000000000000000000000, flags=SA_RESTART|SA_SIGINFO, blocked
    SIGHUP: UserHandler in libjvm.dylib, mask=11100110100111111111111111111111, flags=SA_RESTART|SA_SIGINFO, blocked
    SIGINT: SIG_IGN, mask=11111111011111110111111111111111, flags=none, blocked
   SIGTERM: UserHandler in libjvm.dylib, mask=11100110100111111111111111111111, flags=SA_RESTART|SA_SIGINFO, blocked
   SIGQUIT: UserHandler in libjvm.dylib, mask=11100110100111111111111111111111, flags=SA_RESTART|SA_SIGINFO, blocked
   SIGTRAP: crash_handler in libjvm.dylib, mask=11100110100111111111111111111111, flags=SA_RESTART|SA_SIGINFO, unblocked


Periodic native trim disabled


---------------  S Y S T E M  ---------------

OS:
uname: Darwin 23.5.0 Darwin Kernel Version 23.5.0: Wed May  1 20:12:58 PDT 2024; root:xnu-10063.121.3~5/RELEASE_ARM64_T6000 x86_64
OS uptime: 21 days 21:35 hours
rlimit (soft/hard): STACK 8176k/65520k , CORE 0k/infinity , NPROC 2666/4000 , NOFILE 12544/infinity , AS infinity/infinity , CPU infinity/infinity , DATA infinity/infinity , FSIZE infinity/infinity , MEMLOCK infinity/infinity , RSS infinity/infinity
load average: 4.10 3.56 3.72

CPU: (EMULATED) total 10 (initial active 10) (1 cores per cpu, 1 threads per core) family 6 model 44 stepping 0 microcode 0x0, cx8, cmov, fxsr, mmx, sse, sse2, sse3, ssse3, sse4.1, sse4.2, popcnt, tsc, tscinvbit, aes, clmul, clflush
machdep.cpu.brand_string:Apple M1 Pro
hw.cpufrequency:2400000000
hw.cpufrequency_min:2400000000
hw.cpufrequency_max:2400000000
hw.cachelinesize:64
hw.l1icachesize:131072
hw.l1dcachesize:65536
hw.l2cachesize:4194304

Memory: 4k page, physical 16777216k(53056k free), swap 5242880k(861312k free)

vm_info: OpenJDK 64-Bit Server VM (17.0.9+9) for bsd-amd64 JRE (17.0.9+9), built on Oct 18 2023 08:05:15 by "admin" with clang Apple LLVM 12.0.0 (clang-1200.0.32.29)

END.
