#
# A fatal error has been detected by the Java Runtime Environment:
#
#  SIGSEGV (0xb) at pc=0x00007ff80371b1dd, pid=21788, tid=259
#
# JRE version: OpenJDK Runtime Environment Temurin-17.0.9+9 (17.0.9+9) (build 17.0.9+9)
# Java VM: OpenJDK 64-Bit Server VM Temurin-17.0.9+9 (17.0.9+9, mixed mode, tiered, compressed oops, compressed class ptrs, g1 gc, bsd-amd64)
# Problematic frame:
# C  [libobjc.A.dylib+0x71dd]  objc_msgSend+0x1d
#
# No core dump will be written. Core dumps have been disabled. To enable core dumping, try "ulimit -c unlimited" before starting Java again
#
# If you would like to submit a bug report, please visit:
#   https://github.com/adoptium/adoptium-support/issues
# The crash happened outside the Java Virtual Machine in native code.
# See problematic frame for where to report the bug.
#

---------------  S U M M A R Y ------------

Command Line: -Dfile.encoding=UTF-8 --module-path=/Users/frankfu/Desktop/2024Fall/CGGameProgramming/CGGaming/3D Gaming Project/build/classes mygame.Main

Host: "MacBookPro18,3" x86_64 (EMULATED) 2400 MHz, 8 cores, 16G, Darwin 22.1.0, macOS 13.0.1 (22A400)
Time: Wed Oct  2 19:17:12 2024 EDT elapsed time: 39.055309 seconds (0d 0h 0m 39s)

---------------  T H R E A D  ---------------

Current thread (0x00007fa3028b6800):  JavaThread "AppKit Thread" daemon [_thread_in_native, id=259, stack(0x0000000308e25000,0x0000000309625000)]

Stack: [0x0000000308e25000,0x0000000309625000],  sp=0x0000000309620078,  free space=8172k
Native frames: (J=compiled Java code, j=interpreted, Vv=VM code, C=native code)
C  [libobjc.A.dylib+0x71dd]  objc_msgSend+0x1d
C  [AppKit+0x6e98e5]  __58-[_NSTrackingAreaAKManager _activeTrackingAreasNeedUpdate]_block_invoke+0x11a
C  [AppKit+0x6f405b]  ___NSMainRunLoopPerformBlockInModes_block_invoke+0x19
C  [CoreFoundation+0x7eb45]  __CFRUNLOOP_IS_CALLING_OUT_TO_A_BLOCK__+0xc
C  [CoreFoundation+0x7ea6f]  __CFRunLoopDoBlocks+0x194
C  [CoreFoundation+0x7d8dd]  __CFRunLoopRun+0x3c4
C  [CoreFoundation+0x7ce9f]  CFRunLoopRunSpecific+0x230
C  [HIToolbox+0x2fbd6]  RunCurrentEventLoopInMode+0x124
C  [HIToolbox+0x2f9e6]  ReceiveNextEventCommon+0x2a7
C  [HIToolbox+0x2f723]  _BlockUntilNextEventMatchingListInModeWithFilter+0x46
C  [AppKit+0x3eb37]  _DPSNextEvent+0x38d
C  [AppKit+0x3d9b8]  -[NSApplication(NSEvent) _nextEventMatchingEventMask:untilDate:inMode:dequeue:]+0x4c3
C  [libosxapp.dylib+0x456a]  -[NSApplicationAWT nextEventMatchingMask:untilDate:inMode:dequeue:]+0x7a
C  [AppKit+0x2fff3]  -[NSApplication run]+0x24a
C  [libosxapp.dylib+0x4339]  +[NSApplicationAWT runAWTLoopWithApp:]+0xa9
C  [libawt_lwawt.dylib+0x72ad0]  +[AWTStarter starter:headless:]+0x1f0
C  [libosxapp.dylib+0x600f]  +[ThreadUtilities invokeBlockCopy:]+0xf
C  [Foundation+0x7f420]  __NSThreadPerformPerform+0xb1
C  [CoreFoundation+0x7eef1]  __CFRUNLOOP_IS_CALLING_OUT_TO_A_SOURCE0_PERFORM_FUNCTION__+0x11
C  [CoreFoundation+0x7eea0]  __CFRunLoopDoSource0+0x9d
C  [CoreFoundation+0x7ec6e]  __CFRunLoopDoSources0+0xd4
C  [CoreFoundation+0x7d8c8]  __CFRunLoopRun+0x3af
C  [CoreFoundation+0x7ce9f]  CFRunLoopRunSpecific+0x230
C  [libjli.dylib+0xafa2]  CreateExecutionEnvironment+0x182
C  [libjli.dylib+0x6d1c]  JLI_Launch+0x59c
C  [java+0x3c11]  main+0x191
C  0x0000000202b8b310


siginfo: si_signo: 11 (SIGSEGV), si_code: 1 (SEGV_MAPERR), si_addr: 0x0000000000000018

Registers:
RAX=0x000f41c8c8c010bb, RBX=0x00007ff80371b1c0, RCX=0x0000000080000000, RDX=0x00000000000f41c8
RSP=0x0000000309620078, RBP=0x0000000309620400, RSI=0x00007ff821801b31, RDI=0x00007fa3127ef660
R8 =0x0000000000004bbf, R9 =0x0000000000000001, R10=0x0000000000000000, R11=0x00007ff821801b31
R12=0x00006000032f7800, R13=0x00007ff80371b1c0, R14=0x0000000000000000, R15=0x00006000038090e0
RIP=0x00007ff80371b1dd, EFLAGS=0x0000000000000247, ERR=0x0000000000000004
  TRAPNO=0x000000000000000e


Register to memory mapping:

RAX=0x000f41c8c8c010bb is an unknown value
RBX=0x00007ff80371b1c0: objc_msgSend+0 in /usr/lib/libobjc.A.dylib at 0x00007ff803714000
RCX=0x0000000080000000 is an unknown value
RDX=0x00000000000f41c8 is an unknown value
RSP=0x0000000309620078 is pointing into the stack for thread: 0x00007fa3028b6800
RBP=0x0000000309620400 is pointing into the stack for thread: 0x00007fa3028b6800
RSI=0x00007ff821801b31 points into unknown readable memory: 77 69 6e 64 6f 77 4e
RDI=0x00007fa3127ef660 points into unknown readable memory: 0xb000000000000000 | 00 00 00 00 00 00 00 b0
R8 =0x0000000000004bbf is an unknown value
R9 =0x0000000000000001 is an unknown value
R10=0x0 is NULL
R11=0x00007ff821801b31 points into unknown readable memory: 77 69 6e 64 6f 77 4e
R12=0x00006000032f7800 points into unknown readable memory: 0x023dfff845656485 | 85 64 65 45 f8 ff 3d 02
R13=0x00007ff80371b1c0: objc_msgSend+0 in /usr/lib/libobjc.A.dylib at 0x00007ff803714000
R14=0x0 is NULL
R15=0x00006000038090e0 points into unknown readable memory: 0x031dfff8470ed1dd | dd d1 0e 47 f8 ff 1d 03


Top of Stack: (sp=0x0000000309620078)
0x0000000309620078:   00007ff80726ddfa 0000000000000000
0x0000000309620088:   0000000000000000 4094000000000000
0x0000000309620098:   4087600000000000 00000003096200e0
0x00000003096200a8:   00007ff8037e66fc ffffffffff804a80
0x00000003096200b8:   000000000000004a 0000000309620210
0x00000003096200c8:   00007ff803c2dd20 0000000309620290
0x00000003096200d8:   ffffffffffffffff 0000000309620130
0x00000003096200e8:   00007ff8037e6336 0000000309620150
0x00000003096200f8:   00007ff803720b5a 0000000309620130
0x0000000309620108:   0000000000000000 00007fa30301b7f0
0x0000000309620118:   0000000309620290 0000600001369b50
0x0000000309620128:   0000000000000028 0000000309620160
0x0000000309620138:   00007ff8037e63a8 00007ff806b869cd
0x0000000309620148:   00007ff803927457 0000000000000000
0x0000000309620158:   0000000000000403 000000000000001f
0x0000000309620168:   00007ff821781284 00007ff8218053de
0x0000000309620178:   00007ff8218015d9 00007ff82180b8d6
0x0000000309620188:   00007ff82187e641 00007ff8470c64a0
0x0000000309620198:   00000000c2000000 00007ff8072733c2
0x00000003096201a8:   00007ff843933790 0000600001d3fae0
0x00000003096201b8:   0000000000000000 0000000000000000
0x00000003096201c8:   0000000000000000 408270c800000000
0x00000003096201d8:   4050a90000000000 408270c800000000
0x00000003096201e8:   4050a90000000000 00007fa31386f220
0x00000003096201f8:   ffffffff01000100 00007ff821802285
0x0000000309620208:   000060000293d5c0 00007ff821785318
0x0000000309620218:   00006000032f7800 0000600001d3fae0
0x0000000309620228:   0000600001d3eaa0 00007fa31386f220
0x0000000309620238:   00007ff821801b31 00007ff82180ba68
0x0000000309620248:   00007ff8217820d6 0000000000000001
0x0000000309620258:   00007fa3127ef660 0000600001d3e140
0x0000000309620268:   0000000003726087 415061cdd1262c35 

Instructions: (pc=0x00007ff80371b1dd)
0x00007ff80371b0dd:   89 f8 c3 48 8b 05 61 87 9a 43 ff e0 90 90 90 90
0x00007ff80371b0ed:   90 90 90 90 90 90 90 90 90 90 90 90 90 90 90 90
0x00007ff80371b0fd:   90 90 90 31 c0 31 d2 0f 57 c0 0f 57 c9 c3 90 d9
0x00007ff80371b10d:   ee 31 c0 31 d2 0f 57 c0 0f 57 c9 c3 0f 1f 00 d9
0x00007ff80371b11d:   ee d9 ee 31 c0 31 d2 0f 57 c0 0f 57 c9 c3 90 48
0x00007ff80371b12d:   89 f8 c3 49 89 fa 49 89 f3 45 23 5a 18 49 c1 e3
0x00007ff80371b13d:   04 4d 03 5a 10 49 3b 33 75 0e 49 8b 43 08 48 83
0x00007ff80371b14d:   f8 00 74 03 4c 31 d0 c3 49 83 3b 01 76 17 49 83
0x00007ff80371b15d:   c3 10 49 3b 33 75 f1 49 8b 43 08 48 83 f8 00 74
0x00007ff80371b16d:   03 4c 31 d0 c3 72 25 4d 8b 5b 08 eb 0a 49 83 3b
0x00007ff80371b17d:   01 76 17 49 83 c3 10 49 3b 33 75 f1 49 8b 43 08
0x00007ff80371b18d:   48 83 f8 00 74 03 4c 31 d0 c3 eb 00 31 c0 c3 66
0x00007ff80371b19d:   2e 0f 1f 84 00 00 00 00 00 66 2e 0f 1f 84 00 00
0x00007ff80371b1ad:   00 00 00 66 2e 0f 1f 84 00 00 00 00 00 66 0f 1f
0x00007ff80371b1bd:   44 00 00 48 85 ff 2e 74 72 40 f6 c7 01 2e 75 76
0x00007ff80371b1cd:   49 ba f8 ff ff ff ff 7f 00 00 4c 23 17 49 89 f3
0x00007ff80371b1dd:   45 23 5a 18 49 c1 e3 04 4d 03 5a 10 49 3b 33 75
0x00007ff80371b1ed:   0a 4d 8b 5b 08 4d 31 d3 41 ff e3 49 83 3b 01 76
0x00007ff80371b1fd:   13 49 83 c3 10 49 3b 33 75 f1 4d 8b 5b 08 4d 31
0x00007ff80371b20d:   d3 41 ff e3 72 70 4d 8b 5b 08 eb 0a 49 83 3b 01
0x00007ff80371b21d:   76 13 49 83 c3 10 49 3b 33 75 f1 4d 8b 5b 08 4d
0x00007ff80371b22d:   31 d3 41 ff e3 eb 4f 0f 1f 40 00 31 c0 31 d2 0f
0x00007ff80371b23d:   57 c0 0f 57 c9 c3 41 89 fb 41 83 e3 0f 4c 8d 15
0x00007ff80371b24d:   af 69 9a 43 4f 8b 14 da 4c 8d 1d 7c 68 9a 43 4d
0x00007ff80371b25d:   39 d3 0f 85 75 ff ff ff 41 89 fb 41 c1 eb 04 41
0x00007ff80371b26d:   81 e3 ff 00 00 00 4c 8d 15 06 6a 9a 43 4f 8b 14
0x00007ff80371b27d:   da e9 57 ff ff ff e9 88 0a 00 00 66 2e 0f 1f 84
0x00007ff80371b28d:   00 00 00 00 00 66 2e 0f 1f 84 00 00 00 00 00 66
0x00007ff80371b29d:   2e 0f 1f 84 00 00 00 00 00 66 2e 0f 1f 84 00 00
0x00007ff80371b2ad:   00 00 00 66 2e 0f 1f 84 00 00 00 00 00 66 0f 1f
0x00007ff80371b2bd:   44 00 00 48 85 ff 2e 74 6a 40 f6 c7 01 2e 75 6b
0x00007ff80371b2cd:   49 ba f8 ff ff ff ff 7f 00 00 4c 23 17 49 89 f3 


Stack slot to memory mapping:
stack at sp + 0 slots: 0x00007ff80726ddfa: -[_NSTrackingAreaAKManager _updateActiveTrackingAreasForWindowLocation:]+0x11e1 in /System/Library/Frameworks/AppKit.framework/Versions/C/AppKit at 0x00007ff806b7f000
stack at sp + 1 slots: 0x0 is NULL
stack at sp + 2 slots: 0x0 is NULL
stack at sp + 3 slots: 0x4094000000000000 is an unknown value
stack at sp + 4 slots: 0x4087600000000000 is an unknown value
stack at sp + 5 slots: 0x00000003096200e0 is pointing into the stack for thread: 0x00007fa3028b6800
stack at sp + 6 slots: 0x00007ff8037e66fc: _call_copy_helpers_excp+0x51 in /usr/lib/system/libsystem_blocks.dylib at 0x00007ff8037e5000
stack at sp + 7 slots: 0xffffffffff804a80 is an unknown value


---------------  P R O C E S S  ---------------

Threads class SMR info:
_java_thread_list=0x0000600001d3da60, length=18, elements={
0x00007fa3140e0800, 0x00007fa31300b600, 0x00007fa303829c00, 0x00007fa303828000,
0x00007fa303828600, 0x00007fa303828c00, 0x00007fa2f2818a00, 0x00007fa302813c00,
0x00007fa2f2819000, 0x00007fa303829200, 0x00007fa3028b6800, 0x00007fa3140e7200,
0x00007fa31287b400, 0x00007fa2f2824e00, 0x00007fa3128f1c00, 0x00007fa312b9a200,
0x00007fa31286bc00, 0x00007fa312dde000
}

Java Threads: ( => current thread )
  0x00007fa3140e0800 JavaThread "Reference Handler" daemon [_thread_blocked, id=22599, stack(0x0000000309dbd000,0x0000000309ebd000)]
  0x00007fa31300b600 JavaThread "Finalizer" daemon [_thread_blocked, id=31747, stack(0x0000000309ec0000,0x0000000309fc0000)]
  0x00007fa303829c00 JavaThread "Signal Dispatcher" daemon [_thread_blocked, id=24579, stack(0x000000030a0d3000,0x000000030a1d3000)]
  0x00007fa303828000 JavaThread "Service Thread" daemon [_thread_blocked, id=24835, stack(0x000000030a1d6000,0x000000030a2d6000)]
  0x00007fa303828600 JavaThread "Monitor Deflation Thread" daemon [_thread_blocked, id=25347, stack(0x000000030a2d9000,0x000000030a3d9000)]
  0x00007fa303828c00 JavaThread "C2 CompilerThread0" daemon [_thread_blocked, id=25603, stack(0x000000030a3dc000,0x000000030a4dc000)]
  0x00007fa2f2818a00 JavaThread "C1 CompilerThread0" daemon [_thread_blocked, id=26115, stack(0x000000030a4df000,0x000000030a5df000)]
  0x00007fa302813c00 JavaThread "Sweeper thread" daemon [_thread_blocked, id=28419, stack(0x000000030a5e2000,0x000000030a6e2000)]
  0x00007fa2f2819000 JavaThread "Common-Cleaner" daemon [_thread_blocked, id=26747, stack(0x000000030a6e5000,0x000000030a7e5000)]
  0x00007fa303829200 JavaThread "Notification Thread" daemon [_thread_blocked, id=32791, stack(0x000000030a7e8000,0x000000030a8e8000)]
=>0x00007fa3028b6800 JavaThread "AppKit Thread" daemon [_thread_in_native, id=259, stack(0x0000000308e25000,0x0000000309625000)]
  0x00007fa3140e7200 JavaThread "Java2D Queue Flusher" daemon [_thread_blocked, id=85043, stack(0x000000030af21000,0x000000030b021000)]
  0x00007fa31287b400 JavaThread "Java2D Disposer" daemon [_thread_blocked, id=72483, stack(0x000000030b024000,0x000000030b124000)]
  0x00007fa2f2824e00 JavaThread "Timer-0" daemon [_thread_blocked, id=77843, stack(0x000000030b127000,0x000000030b227000)]
  0x00007fa3128f1c00 JavaThread "TimerQueue" daemon [_thread_blocked, id=129055, stack(0x000000030b32d000,0x000000030b42d000)]
  0x00007fa312b9a200 JavaThread "jME3 Main" [_thread_in_native, id=130331, stack(0x000000030bbcc000,0x000000030bccc000)]
  0x00007fa31286bc00 JavaThread "DestroyJavaVM" [_thread_blocked, id=9731, stack(0x00000003096a8000,0x00000003097a8000)]
  0x00007fa312dde000 JavaThread "AWT-Shutdown" [_thread_blocked, id=97039, stack(0x000000030aa77000,0x000000030ab77000)]

Other Threads:
  0x00007fa30300ae80 VMThread "VM Thread" [stack: 0x0000000309cba000,0x0000000309dba000] [id=22019]
  0x00007fa30310d0d0 WatcherThread [stack: 0x000000030a8eb000,0x000000030a9eb000] [id=33283]
  0x00007fa303106750 GCTaskThread "GC Thread#0" [stack: 0x00000003097ab000,0x00000003098ab000] [id=16643]
  0x00007fa2c49208b0 GCTaskThread "GC Thread#1" [stack: 0x000000030b4b7000,0x000000030b5b7000] [id=128467]
  0x00007fa3030cbe00 GCTaskThread "GC Thread#2" [stack: 0x000000030b5ba000,0x000000030b6ba000] [id=126211]
  0x00007fa2c4920d30 GCTaskThread "GC Thread#3" [stack: 0x000000030b6bd000,0x000000030b7bd000] [id=93187]
  0x00007fa3127ee290 GCTaskThread "GC Thread#4" [stack: 0x000000030b7c0000,0x000000030b8c0000] [id=125955]
  0x00007fa2c49211b0 GCTaskThread "GC Thread#5" [stack: 0x000000030b8c3000,0x000000030b9c3000] [id=125699]
  0x00007fa2c4921f50 GCTaskThread "GC Thread#6" [stack: 0x000000030b9c6000,0x000000030bac6000] [id=126991]
  0x00007fa2c4922200 GCTaskThread "GC Thread#7" [stack: 0x000000030bac9000,0x000000030bbc9000] [id=124435]
  0x00007fa2f27042b0 ConcurrentGCThread "G1 Main Marker" [stack: 0x00000003098ae000,0x00000003099ae000] [id=17155]
  0x00007fa2f2704b40 ConcurrentGCThread "G1 Conc#0" [stack: 0x00000003099b1000,0x0000000309ab1000] [id=21251]
  0x00007fa303006e60 ConcurrentGCThread "G1 Refine#0" [stack: 0x0000000309ab4000,0x0000000309bb4000] [id=18435]
  0x00007fa303007700 ConcurrentGCThread "G1 Service" [stack: 0x0000000309bb7000,0x0000000309cb7000] [id=20739]

Threads with active compile tasks:

VM state: not at safepoint (normal execution)

VM Mutex/Monitor currently owned by a thread: None

Heap address: 0x0000000700000000, size: 4096 MB, Compressed Oops mode: Zero based, Oop shift amount: 3

CDS archive(s) not mapped
Compressed class space mapped at: 0x0000000800000000-0x0000000840000000, reserved size: 1073741824
Narrow klass base: 0x0000000800000000, Narrow klass shift: 0, Narrow klass range: 0x40000000

GC Precious Log:
 CPUs: 8 total, 8 available
 Memory: 16384M
 Large Page Support: Disabled
 NUMA Support: Disabled
 Compressed Oops: Enabled (Zero based)
 Heap Region Size: 2M
 Heap Min Capacity: 8M
 Heap Initial Capacity: 256M
 Heap Max Capacity: 4G
 Pre-touch: Disabled
 Parallel Workers: 8
 Concurrent Workers: 2
 Concurrent Refinement Workers: 8
 Periodic GC: Disabled

Heap:
 garbage-first heap   total 149504K, used 76752K [0x0000000700000000, 0x0000000800000000)
  region size 2048K, 14 young (28672K), 1 survivors (2048K)
 Metaspace       used 26021K, committed 26304K, reserved 1114112K
  class space    used 2558K, committed 2688K, reserved 1048576K

Heap Regions: E=young(eden), S=young(survivor), O=old, HS=humongous(starts), HC=humongous(continues), CS=collection set, F=free, OA=open archive, CA=closed archive, TAMS=top-at-mark-start (previous, next)
|   0|0x0000000700000000, 0x0000000700200000, 0x0000000700200000|100%|HS|  |TAMS 0x0000000700200000, 0x0000000700200000| Untracked 
|   1|0x0000000700200000, 0x00000007003fffe8, 0x0000000700400000| 99%| O|  |TAMS 0x00000007003fffe8, 0x00000007003fffe8| Untracked 
|   2|0x0000000700400000, 0x00000007005fffd8, 0x0000000700600000| 99%| O|  |TAMS 0x0000000700400000, 0x00000007005fffd8| Untracked 
|   3|0x0000000700600000, 0x00000007007c4ee8, 0x0000000700800000| 88%| O|  |TAMS 0x0000000700600000, 0x00000007007c4ee8| Untracked 
|   4|0x0000000700800000, 0x00000007009ade00, 0x0000000700a00000| 83%| O|  |TAMS 0x0000000700800000, 0x00000007009ade00| Untracked 
|   5|0x0000000700a00000, 0x0000000700c00000, 0x0000000700c00000|100%|HS|  |TAMS 0x0000000700a00000, 0x0000000700a00000| Complete 
|   6|0x0000000700c00000, 0x0000000700c89990, 0x0000000700e00000| 26%| O|  |TAMS 0x0000000700c00000, 0x0000000700c89990| Untracked 
|   7|0x0000000700e00000, 0x0000000701000000, 0x0000000701000000|100%|HS|  |TAMS 0x0000000700e00000, 0x0000000700e00000| Complete 
|   8|0x0000000701000000, 0x0000000701200000, 0x0000000701200000|100%|HC|  |TAMS 0x0000000701000000, 0x0000000701000000| Complete 
|   9|0x0000000701200000, 0x0000000701400000, 0x0000000701400000|100%|HC|  |TAMS 0x0000000701200000, 0x0000000701200000| Complete 
|  10|0x0000000701400000, 0x0000000701600000, 0x0000000701600000|100%|HC|  |TAMS 0x0000000701400000, 0x0000000701400000| Complete 
|  11|0x0000000701600000, 0x0000000701800000, 0x0000000701800000|100%|HC|  |TAMS 0x0000000701600000, 0x0000000701600000| Complete 
|  12|0x0000000701800000, 0x0000000701a00000, 0x0000000701a00000|100%|HC|  |TAMS 0x0000000701800000, 0x0000000701800000| Complete 
|  13|0x0000000701a00000, 0x0000000701c00000, 0x0000000701c00000|100%|HC|  |TAMS 0x0000000701a00000, 0x0000000701a00000| Complete 
|  14|0x0000000701c00000, 0x0000000701e00000, 0x0000000701e00000|100%|HC|  |TAMS 0x0000000701c00000, 0x0000000701c00000| Complete 
|  15|0x0000000701e00000, 0x0000000702000000, 0x0000000702000000|100%|HC|  |TAMS 0x0000000701e00000, 0x0000000701e00000| Complete 
|  16|0x0000000702000000, 0x0000000702000000, 0x0000000702200000|  0%| F|  |TAMS 0x0000000702000000, 0x0000000702000000| Untracked 
|  17|0x0000000702200000, 0x0000000702400000, 0x0000000702400000|100%|HS|  |TAMS 0x0000000702200000, 0x0000000702400000| Complete 
|  18|0x0000000702400000, 0x0000000702600000, 0x0000000702600000|100%|HC|  |TAMS 0x0000000702400000, 0x0000000702600000| Complete 
|  19|0x0000000702600000, 0x0000000702800000, 0x0000000702800000|100%|HC|  |TAMS 0x0000000702600000, 0x0000000702800000| Complete 
|  20|0x0000000702800000, 0x0000000702a00000, 0x0000000702a00000|100%|HC|  |TAMS 0x0000000702800000, 0x0000000702a00000| Complete 
|  21|0x0000000702a00000, 0x0000000702c00000, 0x0000000702c00000|100%|HC|  |TAMS 0x0000000702a00000, 0x0000000702c00000| Complete 
|  22|0x0000000702c00000, 0x0000000702e00000, 0x0000000702e00000|100%|HS|  |TAMS 0x0000000702c00000, 0x0000000702c00000| Complete 
|  23|0x0000000702e00000, 0x0000000703000000, 0x0000000703000000|100%|HC|  |TAMS 0x0000000702e00000, 0x0000000702e00000| Complete 
|  24|0x0000000703000000, 0x0000000703200000, 0x0000000703200000|100%|HC|  |TAMS 0x0000000703000000, 0x0000000703000000| Complete 
|  25|0x0000000703200000, 0x0000000703400000, 0x0000000703400000|100%|HC|  |TAMS 0x0000000703200000, 0x0000000703200000| Complete 
|  26|0x0000000703400000, 0x0000000703600000, 0x0000000703600000|100%|HC|  |TAMS 0x0000000703400000, 0x0000000703400000| Complete 
|  27|0x0000000703600000, 0x0000000703600000, 0x0000000703800000|  0%| F|  |TAMS 0x0000000703600000, 0x0000000703600000| Untracked 
|  28|0x0000000703800000, 0x0000000703800000, 0x0000000703a00000|  0%| F|  |TAMS 0x0000000703800000, 0x0000000703800000| Untracked 
|  29|0x0000000703a00000, 0x0000000703a00000, 0x0000000703c00000|  0%| F|  |TAMS 0x0000000703a00000, 0x0000000703a00000| Untracked 
|  30|0x0000000703c00000, 0x0000000703c00000, 0x0000000703e00000|  0%| F|  |TAMS 0x0000000703c00000, 0x0000000703c00000| Untracked 
|  31|0x0000000703e00000, 0x0000000703e00000, 0x0000000704000000|  0%| F|  |TAMS 0x0000000703e00000, 0x0000000703e00000| Untracked 
|  32|0x0000000704000000, 0x0000000704000000, 0x0000000704200000|  0%| F|  |TAMS 0x0000000704000000, 0x0000000704000000| Untracked 
|  33|0x0000000704200000, 0x0000000704200000, 0x0000000704400000|  0%| F|  |TAMS 0x0000000704200000, 0x0000000704200000| Untracked 
|  34|0x0000000704400000, 0x0000000704400000, 0x0000000704600000|  0%| F|  |TAMS 0x0000000704400000, 0x0000000704400000| Untracked 
|  35|0x0000000704600000, 0x0000000704600000, 0x0000000704800000|  0%| F|  |TAMS 0x0000000704600000, 0x0000000704600000| Untracked 
|  36|0x0000000704800000, 0x0000000704800000, 0x0000000704a00000|  0%| F|  |TAMS 0x0000000704800000, 0x0000000704800000| Untracked 
|  37|0x0000000704a00000, 0x0000000704a00000, 0x0000000704c00000|  0%| F|  |TAMS 0x0000000704a00000, 0x0000000704a00000| Untracked 
|  38|0x0000000704c00000, 0x0000000704c00000, 0x0000000704e00000|  0%| F|  |TAMS 0x0000000704c00000, 0x0000000704c00000| Untracked 
|  39|0x0000000704e00000, 0x0000000704e00000, 0x0000000705000000|  0%| F|  |TAMS 0x0000000704e00000, 0x0000000704e00000| Untracked 
|  40|0x0000000705000000, 0x0000000705000000, 0x0000000705200000|  0%| F|  |TAMS 0x0000000705000000, 0x0000000705000000| Untracked 
|  41|0x0000000705200000, 0x0000000705200000, 0x0000000705400000|  0%| F|  |TAMS 0x0000000705200000, 0x0000000705200000| Untracked 
|  42|0x0000000705400000, 0x0000000705400000, 0x0000000705600000|  0%| F|  |TAMS 0x0000000705400000, 0x0000000705400000| Untracked 
|  43|0x0000000705600000, 0x0000000705600000, 0x0000000705800000|  0%| F|  |TAMS 0x0000000705600000, 0x0000000705600000| Untracked 
|  44|0x0000000705800000, 0x0000000705800000, 0x0000000705a00000|  0%| F|  |TAMS 0x0000000705800000, 0x0000000705800000| Untracked 
|  45|0x0000000705a00000, 0x0000000705a00000, 0x0000000705c00000|  0%| F|  |TAMS 0x0000000705a00000, 0x0000000705a00000| Untracked 
|  46|0x0000000705c00000, 0x0000000705c00000, 0x0000000705e00000|  0%| F|  |TAMS 0x0000000705c00000, 0x0000000705c00000| Untracked 
|  47|0x0000000705e00000, 0x0000000705e00000, 0x0000000706000000|  0%| F|  |TAMS 0x0000000705e00000, 0x0000000705e00000| Untracked 
|  48|0x0000000706000000, 0x0000000706000000, 0x0000000706200000|  0%| F|  |TAMS 0x0000000706000000, 0x0000000706000000| Untracked 
|  49|0x0000000706200000, 0x0000000706200000, 0x0000000706400000|  0%| F|  |TAMS 0x0000000706200000, 0x0000000706200000| Untracked 
|  50|0x0000000706400000, 0x0000000706400000, 0x0000000706600000|  0%| F|  |TAMS 0x0000000706400000, 0x0000000706400000| Untracked 
|  51|0x0000000706600000, 0x0000000706600000, 0x0000000706800000|  0%| F|  |TAMS 0x0000000706600000, 0x0000000706600000| Untracked 
|  52|0x0000000706800000, 0x0000000706800000, 0x0000000706a00000|  0%| F|  |TAMS 0x0000000706800000, 0x0000000706800000| Untracked 
|  53|0x0000000706a00000, 0x0000000706a00000, 0x0000000706c00000|  0%| F|  |TAMS 0x0000000706a00000, 0x0000000706a00000| Untracked 
|  54|0x0000000706c00000, 0x0000000706c00000, 0x0000000706e00000|  0%| F|  |TAMS 0x0000000706c00000, 0x0000000706c00000| Untracked 
|  55|0x0000000706e00000, 0x0000000706e00000, 0x0000000707000000|  0%| F|  |TAMS 0x0000000706e00000, 0x0000000706e00000| Untracked 
|  56|0x0000000707000000, 0x0000000707000000, 0x0000000707200000|  0%| F|  |TAMS 0x0000000707000000, 0x0000000707000000| Untracked 
|  57|0x0000000707200000, 0x0000000707200000, 0x0000000707400000|  0%| F|  |TAMS 0x0000000707200000, 0x0000000707200000| Untracked 
|  58|0x0000000707400000, 0x0000000707400000, 0x0000000707600000|  0%| F|  |TAMS 0x0000000707400000, 0x0000000707400000| Untracked 
|  59|0x0000000707600000, 0x000000070772d280, 0x0000000707800000| 58%| E|  |TAMS 0x0000000707600000, 0x0000000707600000| Complete 
|  60|0x0000000707800000, 0x0000000707a00000, 0x0000000707a00000|100%| E|CS|TAMS 0x0000000707800000, 0x0000000707800000| Complete 
|  61|0x0000000707a00000, 0x0000000707c00000, 0x0000000707c00000|100%| E|CS|TAMS 0x0000000707a00000, 0x0000000707a00000| Complete 
|  62|0x0000000707c00000, 0x0000000707e00000, 0x0000000707e00000|100%| E|CS|TAMS 0x0000000707c00000, 0x0000000707c00000| Complete 
|  63|0x0000000707e00000, 0x0000000708000000, 0x0000000708000000|100%| E|CS|TAMS 0x0000000707e00000, 0x0000000707e00000| Complete 
|  64|0x0000000708000000, 0x0000000708200000, 0x0000000708200000|100%| E|CS|TAMS 0x0000000708000000, 0x0000000708000000| Complete 
|  65|0x0000000708200000, 0x0000000708400000, 0x0000000708400000|100%| E|CS|TAMS 0x0000000708200000, 0x0000000708200000| Complete 
|  66|0x0000000708400000, 0x0000000708600000, 0x0000000708600000|100%| E|CS|TAMS 0x0000000708400000, 0x0000000708400000| Complete 
|  67|0x0000000708600000, 0x0000000708800000, 0x0000000708800000|100%| E|CS|TAMS 0x0000000708600000, 0x0000000708600000| Complete 
|  68|0x0000000708800000, 0x0000000708a00000, 0x0000000708a00000|100%| E|CS|TAMS 0x0000000708800000, 0x0000000708800000| Complete 
|  69|0x0000000708a00000, 0x0000000708c00000, 0x0000000708c00000|100%| E|CS|TAMS 0x0000000708a00000, 0x0000000708a00000| Complete 
|  70|0x0000000708c00000, 0x0000000708e00000, 0x0000000708e00000|100%| E|CS|TAMS 0x0000000708c00000, 0x0000000708c00000| Complete 
|  71|0x0000000708e00000, 0x0000000708ef7c38, 0x0000000709000000| 48%| S|CS|TAMS 0x0000000708e00000, 0x0000000708e00000| Complete 
|  72|0x0000000709000000, 0x0000000709200000, 0x0000000709200000|100%| E|CS|TAMS 0x0000000709000000, 0x0000000709000000| Complete 

Card table byte_map: [0x00000001255e0000,0x0000000125de0000] _byte_map_base: 0x0000000121de0000

Marking Bits (Prev, Next): (CMBitMap*) 0x00007fa2f2808210, (CMBitMap*) 0x00007fa2f2808250
 Prev Bits: [0x00000001265e0000, 0x000000012a5e0000)
 Next Bits: [0x000000012a5e0000, 0x000000012e5e0000)

Polling page: 0x00000001029c5000

Metaspace:

Usage:
  Non-class:     22.91 MB used.
      Class:      2.50 MB used.
       Both:     25.41 MB used.

Virtual space:
  Non-class space:       64.00 MB reserved,      23.06 MB ( 36%) committed,  1 nodes.
      Class space:        1.00 GB reserved,       2.62 MB ( <1%) committed,  1 nodes.
             Both:        1.06 GB reserved,      25.69 MB (  2%) committed. 

Chunk freelists:
   Non-Class:  8.78 MB
       Class:  13.42 MB
        Both:  22.20 MB

MaxMetaspaceSize: unlimited
CompressedClassSpaceSize: 1.00 GB
Initial GC threshold: 21.00 MB
Current GC threshold: 30.12 MB
CDS: off
MetaspaceReclaimPolicy: balanced
 - commit_granule_bytes: 65536.
 - commit_granule_words: 8192.
 - virtual_space_node_default_size: 8388608.
 - enlarge_chunks_in_place: 1.
 - new_chunks_are_fully_committed: 0.
 - uncommit_free_chunks: 1.
 - use_allocation_guard: 0.
 - handle_deallocations: 1.


Internal statistics:

num_allocs_failed_limit: 0.
num_arena_births: 204.
num_arena_deaths: 0.
num_vsnodes_births: 2.
num_vsnodes_deaths: 0.
num_space_committed: 409.
num_space_uncommitted: 0.
num_chunks_returned_to_freelist: 0.
num_chunks_taken_from_freelist: 479.
num_chunk_merges: 0.
num_chunk_splits: 313.
num_chunks_enlarged: 213.
num_inconsistent_stats: 0.

CodeHeap 'non-profiled nmethods': size=120028Kb used=2213Kb max_used=2213Kb free=117814Kb
 bounds [0x000000011e0a9000, 0x000000011e319000, 0x00000001255e0000]
CodeHeap 'profiled nmethods': size=120028Kb used=6255Kb max_used=6255Kb free=113772Kb
 bounds [0x00000001165e0000, 0x0000000116c00000, 0x000000011db17000]
CodeHeap 'non-nmethods': size=5704Kb used=1423Kb max_used=1463Kb free=4280Kb
 bounds [0x000000011db17000, 0x000000011dd87000, 0x000000011e0a9000]
 total_blobs=4327 nmethods=3527 adapters=714
 compilation: enabled
              stopped_count=0, restarted_count=0
 full_count=0

Compilation events (20 events):
Event: 39.022 Thread 0x00007fa2f2818a00 3519       3       com.jme3.util.IntMap$IntMapIterator::next (5 bytes)
Event: 39.022 Thread 0x00007fa2f2818a00 nmethod 3519 0x0000000116bfa210 code [0x0000000116bfa3c0, 0x0000000116bfa500]
Event: 39.022 Thread 0x00007fa2f2818a00 3520       3       com.jme3.scene.VertexBuffer::getUniqueId (10 bytes)
Event: 39.022 Thread 0x00007fa2f2818a00 nmethod 3520 0x0000000116bfa590 code [0x0000000116bfa720, 0x0000000116bfa830]
Event: 39.024 Thread 0x00007fa2f2818a00 3521       3       java.util.HashMap::afterNodeRemoval (1 bytes)
Event: 39.025 Thread 0x00007fa303828c00 3522       4       com.jme3.util.NativeObject::setUpdateNeeded (6 bytes)
Event: 39.025 Thread 0x00007fa2f2818a00 nmethod 3521 0x0000000116bfa910 code [0x0000000116bfaaa0, 0x0000000116bfabb0]
Event: 39.025 Thread 0x00007fa2f2818a00 3523       1       com.jme3.util.NativeObjectManager$NativeObjectRef::access$100 (5 bytes)
Event: 39.025 Thread 0x00007fa303828c00 nmethod 3522 0x000000011e2d1e90 code [0x000000011e2d2000, 0x000000011e2d2078]
Event: 39.025 Thread 0x00007fa2f2818a00 nmethod 3523 0x000000011e2d2190 code [0x000000011e2d2320, 0x000000011e2d23d0]
Event: 39.025 Thread 0x00007fa2f2818a00 3524       1       com.jme3.util.NativeObjectManager$NativeObjectRef::access$000 (5 bytes)
Event: 39.025 Thread 0x00007fa2f2818a00 nmethod 3524 0x000000011e2d2490 code [0x000000011e2d2620, 0x000000011e2d26d0]
Event: 39.026 Thread 0x00007fa2f2818a00 3525       3       com.jme3.scene.VertexBuffer::resetObject (10 bytes)
Event: 39.026 Thread 0x00007fa2f2818a00 nmethod 3525 0x0000000116bfac10 code [0x0000000116bfadc0, 0x0000000116bfafb0]
Event: 39.026 Thread 0x00007fa2f2818a00 3526       3       java.lang.Long::equals (30 bytes)
Event: 39.026 Thread 0x00007fa2f2818a00 nmethod 3526 0x0000000116bfb090 code [0x0000000116bfb240, 0x0000000116bfb630]
Event: 39.026 Thread 0x00007fa2f2818a00 3527       3       java.nio.IntBuffer::position (6 bytes)
Event: 39.026 Thread 0x00007fa2f2818a00 nmethod 3527 0x0000000116bfb710 code [0x0000000116bfb8c0, 0x0000000116bfba60]
Event: 39.026 Thread 0x00007fa2f2818a00 3528       3       java.nio.IntBuffer::position (8 bytes)
Event: 39.026 Thread 0x00007fa2f2818a00 nmethod 3528 0x0000000116bfbb10 code [0x0000000116bfbcc0, 0x0000000116bfbe00]

GC Heap History (16 events):
Event: 5.237 GC heap before
{Heap before GC invocations=0 (full 0):
 garbage-first heap   total 262144K, used 16384K [0x0000000700000000, 0x0000000800000000)
  region size 2048K, 9 young (18432K), 0 survivors (0K)
 Metaspace       used 18371K, committed 18496K, reserved 1114112K
  class space    used 1984K, committed 2048K, reserved 1048576K
}
Event: 5.260 GC heap after
{Heap after GC invocations=1 (full 1):
 garbage-first heap   total 55296K, used 8505K [0x0000000700000000, 0x0000000800000000)
  region size 2048K, 0 young (0K), 0 survivors (0K)
 Metaspace       used 18371K, committed 18496K, reserved 1114112K
  class space    used 1984K, committed 2048K, reserved 1048576K
}
Event: 5.270 GC heap before
{Heap before GC invocations=1 (full 1):
 garbage-first heap   total 55296K, used 8505K [0x0000000700000000, 0x0000000800000000)
  region size 2048K, 1 young (2048K), 0 survivors (0K)
 Metaspace       used 18372K, committed 18496K, reserved 1114112K
  class space    used 1985K, committed 2048K, reserved 1048576K
}
Event: 5.277 GC heap after
{Heap after GC invocations=2 (full 2):
 garbage-first heap   total 34816K, used 8506K [0x0000000700000000, 0x0000000800000000)
  region size 2048K, 0 young (0K), 0 survivors (0K)
 Metaspace       used 18372K, committed 18496K, reserved 1114112K
  class space    used 1985K, committed 2048K, reserved 1048576K
}
Event: 5.697 GC heap before
{Heap before GC invocations=2 (full 2):
 garbage-first heap   total 34816K, used 14650K [0x0000000700000000, 0x0000000800000000)
  region size 2048K, 4 young (8192K), 0 survivors (0K)
 Metaspace       used 22509K, committed 22656K, reserved 1114112K
  class space    used 2293K, committed 2368K, reserved 1048576K
}
Event: 5.701 GC heap after
{Heap after GC invocations=3 (full 2):
 garbage-first heap   total 34816K, used 10412K [0x0000000700000000, 0x0000000800000000)
  region size 2048K, 1 young (2048K), 1 survivors (2048K)
 Metaspace       used 22509K, committed 22656K, reserved 1114112K
  class space    used 2293K, committed 2368K, reserved 1048576K
}
Event: 5.964 GC heap before
{Heap before GC invocations=3 (full 2):
 garbage-first heap   total 34816K, used 14508K [0x0000000700000000, 0x0000000800000000)
  region size 2048K, 4 young (8192K), 1 survivors (2048K)
 Metaspace       used 24428K, committed 24640K, reserved 1114112K
  class space    used 2476K, committed 2560K, reserved 1048576K
}
Event: 5.968 GC heap after
{Heap after GC invocations=4 (full 2):
 garbage-first heap   total 34816K, used 11166K [0x0000000700000000, 0x0000000800000000)
  region size 2048K, 1 young (2048K), 1 survivors (2048K)
 Metaspace       used 24428K, committed 24640K, reserved 1114112K
  class space    used 2476K, committed 2560K, reserved 1048576K
}
Event: 5.972 GC heap before
{Heap before GC invocations=4 (full 2):
 garbage-first heap   total 34816K, used 13214K [0x0000000700000000, 0x0000000800000000)
  region size 2048K, 2 young (4096K), 1 survivors (2048K)
 Metaspace       used 24429K, committed 24640K, reserved 1114112K
  class space    used 2476K, committed 2560K, reserved 1048576K
}
Event: 5.973 GC heap after
{Heap after GC invocations=5 (full 2):
 garbage-first heap   total 34816K, used 12847K [0x0000000700000000, 0x0000000800000000)
  region size 2048K, 1 young (2048K), 1 survivors (2048K)
 Metaspace       used 24429K, committed 24640K, reserved 1114112K
  class space    used 2476K, committed 2560K, reserved 1048576K
}
Event: 5.978 GC heap before
{Heap before GC invocations=5 (full 2):
 garbage-first heap   total 34816K, used 16943K [0x0000000700000000, 0x0000000800000000)
  region size 2048K, 1 young (2048K), 1 survivors (2048K)
 Metaspace       used 24430K, committed 24640K, reserved 1114112K
  class space    used 2476K, committed 2560K, reserved 1048576K
}
Event: 5.979 GC heap after
{Heap after GC invocations=6 (full 2):
 garbage-first heap   total 149504K, used 14879K [0x0000000700000000, 0x0000000800000000)
  region size 2048K, 1 young (2048K), 1 survivors (2048K)
 Metaspace       used 24430K, committed 24640K, reserved 1114112K
  class space    used 2476K, committed 2560K, reserved 1048576K
}
Event: 6.106 GC heap before
{Heap before GC invocations=6 (full 2):
 garbage-first heap   total 149504K, used 64031K [0x0000000700000000, 0x0000000800000000)
  region size 2048K, 4 young (8192K), 1 survivors (2048K)
 Metaspace       used 24793K, committed 25024K, reserved 1114112K
  class space    used 2505K, committed 2624K, reserved 1048576K
}
Event: 6.108 GC heap after
{Heap after GC invocations=7 (full 2):
 garbage-first heap   total 149504K, used 29585K [0x0000000700000000, 0x0000000800000000)
  region size 2048K, 1 young (2048K), 1 survivors (2048K)
 Metaspace       used 24793K, committed 25024K, reserved 1114112K
  class space    used 2505K, committed 2624K, reserved 1048576K
}
Event: 6.124 GC heap before
{Heap before GC invocations=7 (full 2):
 garbage-first heap   total 149504K, used 62353K [0x0000000700000000, 0x0000000800000000)
  region size 2048K, 2 young (4096K), 1 survivors (2048K)
 Metaspace       used 24794K, committed 25024K, reserved 1114112K
  class space    used 2505K, committed 2624K, reserved 1048576K
}
Event: 6.126 GC heap after
{Heap after GC invocations=8 (full 2):
 garbage-first heap   total 149504K, used 21456K [0x0000000700000000, 0x0000000800000000)
  region size 2048K, 1 young (2048K), 1 survivors (2048K)
 Metaspace       used 24794K, committed 25024K, reserved 1114112K
  class space    used 2505K, committed 2624K, reserved 1048576K
}

Dll operation events (11 events):
Event: 0.007 Loaded shared library /Applications/jmonkeyplatform.app/Contents/Resources/jmonkeyplatform/jdk/lib/libjava.dylib
Event: 0.054 Loaded shared library /Applications/jmonkeyplatform.app/Contents/Resources/jmonkeyplatform/jdk/lib/libnio.dylib
Event: 0.180 Loaded shared library /Applications/jmonkeyplatform.app/Contents/Resources/jmonkeyplatform/jdk/lib/libzip.dylib
Event: 0.231 Loaded shared library /Applications/jmonkeyplatform.app/Contents/Resources/jmonkeyplatform/jdk/lib/libjimage.dylib
Event: 0.308 Loaded shared library /Applications/jmonkeyplatform.app/Contents/Resources/jmonkeyplatform/jdk/lib/libawt.dylib
Event: 0.312 Loaded shared library /Applications/jmonkeyplatform.app/Contents/Resources/jmonkeyplatform/jdk/lib/libawt_lwawt.dylib
Event: 0.371 Loaded shared library /Applications/jmonkeyplatform.app/Contents/Resources/jmonkeyplatform/jdk/lib/libfontmanager.dylib
Event: 0.647 Loaded shared library /Applications/jmonkeyplatform.app/Contents/Resources/jmonkeyplatform/jdk/lib/libosxui.dylib
Event: 0.844 Loaded shared library /Applications/jmonkeyplatform.app/Contents/Resources/jmonkeyplatform/jdk/lib/libprefs.dylib
Event: 5.477 Loaded shared library /Users/frankfu/Desktop/2024Fall/CGGameProgramming/CGGaming/3D Gaming Project/libopenal.dylib
Event: 5.510 Loaded shared library /Users/frankfu/Desktop/2024Fall/CGGameProgramming/CGGaming/3D Gaming Project/liblwjgl.dylib

Deoptimization events (20 events):
Event: 34.464 Thread 0x00007fa312b9a200 DEOPT PACKING pc=0x000000011e2ba4e0 sp=0x000000030bccb470
Event: 34.464 Thread 0x00007fa312b9a200 DEOPT UNPACKING pc=0x000000011db6d693 sp=0x000000030bccb410 mode 2
Event: 34.466 Thread 0x00007fa312b9a200 Uncommon trap: trap_request=0xffffffd6 fr.pc=0x000000011e2ba4e0 relative=0x0000000000000a00
Event: 34.466 Thread 0x00007fa312b9a200 Uncommon trap: reason=array_check action=maybe_recompile pc=0x000000011e2ba4e0 method=com.jme3.util.ListSort.binaryInsertionSort([Ljava/lang/Object;IIILjava/util/Comparator;)V @ 133 c2
Event: 34.466 Thread 0x00007fa312b9a200 DEOPT PACKING pc=0x000000011e2ba4e0 sp=0x000000030bccb470
Event: 34.466 Thread 0x00007fa312b9a200 DEOPT UNPACKING pc=0x000000011db6d693 sp=0x000000030bccb410 mode 2
Event: 36.594 Thread 0x00007fa312b9a200 DEOPT PACKING pc=0x0000000116bc5e11 sp=0x000000030bccb480
Event: 36.594 Thread 0x00007fa312b9a200 DEOPT UNPACKING pc=0x000000011db6de10 sp=0x000000030bcca978 mode 0
Event: 37.728 Thread 0x00007fa312b9a200 Uncommon trap: trap_request=0xffffff45 fr.pc=0x000000011e2c0944 relative=0x0000000000003d64
Event: 37.728 Thread 0x00007fa312b9a200 Uncommon trap: reason=unstable_if action=reinterpret pc=0x000000011e2c0944 method=com.jme3.util.ListSort.getRunLength([Ljava/lang/Object;IILjava/util/Comparator;)I @ 28 c2
Event: 37.728 Thread 0x00007fa312b9a200 DEOPT PACKING pc=0x000000011e2c0944 sp=0x000000030bccb670
Event: 37.728 Thread 0x00007fa312b9a200 DEOPT UNPACKING pc=0x000000011db6d693 sp=0x000000030bccb418 mode 2
Event: 37.731 Thread 0x00007fa312b9a200 Uncommon trap: trap_request=0xffffff45 fr.pc=0x000000011e29c600 relative=0x0000000000000340
Event: 37.731 Thread 0x00007fa312b9a200 Uncommon trap: reason=unstable_if action=reinterpret pc=0x000000011e29c600 method=com.jme3.util.IntMap.containsKey(I)Z @ 23 c2
Event: 37.731 Thread 0x00007fa312b9a200 DEOPT PACKING pc=0x000000011e29c600 sp=0x000000030bccb380
Event: 37.731 Thread 0x00007fa312b9a200 DEOPT UNPACKING pc=0x000000011db6d693 sp=0x000000030bccb260 mode 2
Event: 37.731 Thread 0x00007fa312b9a200 Uncommon trap: trap_request=0xffffff45 fr.pc=0x000000011e20d5e4 relative=0x00000000000000c4
Event: 37.731 Thread 0x00007fa312b9a200 Uncommon trap: reason=unstable_if action=reinterpret pc=0x000000011e20d5e4 method=com.jme3.util.IntMap.containsKey(I)Z @ 23 c2
Event: 37.731 Thread 0x00007fa312b9a200 DEOPT PACKING pc=0x000000011e20d5e4 sp=0x000000030bccb300
Event: 37.731 Thread 0x00007fa312b9a200 DEOPT UNPACKING pc=0x000000011db6d693 sp=0x000000030bccb250 mode 2

Classes unloaded (0 events):
No events

Classes redefined (0 events):
No events

Internal exceptions (20 events):
Event: 1.758 Thread 0x00007fa3028b6800 Exception <a 'java/lang/NoSuchMethodError'{0x000000070f490038}: 'void java.lang.invoke.DirectMethodHandle$Holder.invokeStatic(java.lang.Object, long)'> (0x000000070f490038) 
thrown [src/hotspot/share/interpreter/linkResolver.cpp, line 759]
Event: 1.761 Thread 0x00007fa312888800 Exception <a 'java/lang/NoSuchMethodError'{0x000000070f5a83c8}: 'void java.lang.invoke.DirectMethodHandle$Holder.invokeStatic(java.lang.Object, long, long)'> (0x000000070f5a83c8) 
thrown [src/hotspot/share/interpreter/linkResolver.cpp, line 759]
Event: 1.761 Thread 0x00007fa312888800 Exception <a 'java/lang/NoSuchMethodError'{0x000000070f5adc98}: 'java.lang.Object java.lang.invoke.DirectMethodHandle$Holder.newInvokeSpecial(java.lang.Object, long)'> (0x000000070f5adc98) 
thrown [src/hotspot/share/interpreter/linkResolver.cpp, line 759]
Event: 1.764 Thread 0x00007fa312888800 Exception <a 'java/lang/NoSuchMethodError'{0x000000070f5b7f50}: 'java.lang.Object java.lang.invoke.DirectMethodHandle$Holder.newInvokeSpecial(java.lang.Object, java.lang.Object, int)'> (0x000000070f5b7f50) 
thrown [src/hotspot/share/interpreter/linkResolver.cpp, line 759]
Event: 5.330 Thread 0x00007fa314008600 Exception <a 'java/lang/ClassNotFoundException'{0x00000007021492b0}: sun/util/logging/resources/spi/loggingProvider> (0x00000007021492b0) 
thrown [src/hotspot/share/classfile/systemDictionary.cpp, line 256]
Event: 5.629 Thread 0x00007fa312b9a200 Exception <a 'java/lang/IncompatibleClassChangeError'{0x0000000701df60f0}: Found class java.lang.Object, but interface was expected> (0x0000000701df60f0) 
thrown [src/hotspot/share/interpreter/linkResolver.cpp, line 826]
Event: 5.744 Thread 0x00007fa312b9a200 Exception <a 'org/lwjgl/LWJGLException'{0x00000007021b0da0}: Could not load OpenAL library> (0x00000007021b0da0) 
thrown [src/hotspot/share/prims/jni.cpp, line 535]
Event: 5.745 Thread 0x00007fa312b9a200 Exception <a 'org/lwjgl/LWJGLException'{0x00000007021b1338}: Could not load OpenAL library> (0x00000007021b1338) 
thrown [src/hotspot/share/prims/jni.cpp, line 535]
Event: 5.745 Thread 0x00007fa312b9a200 Exception <a 'org/lwjgl/LWJGLException'{0x00000007021b1808}: Could not load OpenAL library> (0x00000007021b1808) 
thrown [src/hotspot/share/prims/jni.cpp, line 535]
Event: 5.745 Thread 0x00007fa312b9a200 Exception <a 'org/lwjgl/LWJGLException'{0x00000007021b1ca0}: Could not load OpenAL library> (0x00000007021b1ca0) 
thrown [src/hotspot/share/prims/jni.cpp, line 535]
Event: 5.745 Thread 0x00007fa312b9a200 Exception <a 'org/lwjgl/LWJGLException'{0x00000007021b2158}: Could not load OpenAL library> (0x00000007021b2158) 
thrown [src/hotspot/share/prims/jni.cpp, line 535]
Event: 5.745 Thread 0x00007fa312b9a200 Exception <a 'org/lwjgl/LWJGLException'{0x00000007021b2608}: Could not load OpenAL library> (0x00000007021b2608) 
thrown [src/hotspot/share/prims/jni.cpp, line 535]
Event: 5.745 Thread 0x00007fa312b9a200 Exception <a 'org/lwjgl/LWJGLException'{0x00000007021b2a70}: Could not load OpenAL library> (0x00000007021b2a70) 
thrown [src/hotspot/share/prims/jni.cpp, line 535]
Event: 5.745 Thread 0x00007fa312b9a200 Exception <a 'org/lwjgl/LWJGLException'{0x00000007021b2eb8}: Could not load OpenAL library> (0x00000007021b2eb8) 
thrown [src/hotspot/share/prims/jni.cpp, line 535]
Event: 5.745 Thread 0x00007fa312b9a200 Exception <a 'org/lwjgl/LWJGLException'{0x00000007021b3418}: Could not load OpenAL library> (0x00000007021b3418) 
thrown [src/hotspot/share/prims/jni.cpp, line 535]
Event: 30.846 Thread 0x00007fa312b9a200 Implicit null exception at 0x000000011e1e1d05 to 0x000000011e1e324c
Event: 30.865 Thread 0x00007fa312b9a200 Implicit null exception at 0x000000011e1e60cc to 0x000000011e1e62c8
Event: 30.865 Thread 0x00007fa312b9a200 Implicit null exception at 0x000000011e1e7bec to 0x000000011e1e8148
Event: 30.866 Thread 0x00007fa312b9a200 Implicit null exception at 0x000000011e1c6ecc to 0x000000011e1c6f40
Event: 30.867 Thread 0x00007fa312b9a200 Implicit null exception at 0x000000011e1ab80a to 0x000000011e1b1f38

VM Operations (20 events):
Event: 20.166 Executing VM operation: Cleanup
Event: 20.166 Executing VM operation: Cleanup done
Event: 22.172 Executing VM operation: Cleanup
Event: 22.172 Executing VM operation: Cleanup done
Event: 30.868 Executing VM operation: HandshakeAllThreads
Event: 30.872 Executing VM operation: HandshakeAllThreads done
Event: 30.872 Executing VM operation: Cleanup
Event: 30.872 Executing VM operation: Cleanup done
Event: 31.873 Executing VM operation: Cleanup
Event: 31.875 Executing VM operation: Cleanup done
Event: 32.879 Executing VM operation: Cleanup
Event: 32.879 Executing VM operation: Cleanup done
Event: 33.881 Executing VM operation: Cleanup
Event: 33.882 Executing VM operation: Cleanup done
Event: 34.883 Executing VM operation: Cleanup
Event: 34.884 Executing VM operation: Cleanup done
Event: 36.889 Executing VM operation: Cleanup
Event: 36.889 Executing VM operation: Cleanup done
Event: 37.894 Executing VM operation: Cleanup
Event: 37.894 Executing VM operation: Cleanup done

Events (20 events):
Event: 6.840 loading class sun/awt/AWTAutoShutdown$1
Event: 6.840 loading class sun/awt/AWTAutoShutdown$1 done
Event: 6.840 Protecting memory [0x000000030aa77000,0x000000030aa7b000] with protection modes 3
Event: 6.840 Thread 0x00007fa3140ca600 Thread exited: 0x00007fa3140ca600
Event: 6.841 Protecting memory [0x000000030ae1e000,0x000000030ae22000] with protection modes 3
Event: 6.841 Thread 0x00007fa312888800 Thread exited: 0x00007fa312888800
Event: 10.528 Thread 0x00007fa31434a200 Thread added: 0x00007fa31434a200
Event: 10.528 Protecting memory [0x000000030aa77000,0x000000030aa7b000] with protection modes 0
Event: 11.534 Protecting memory [0x000000030aa77000,0x000000030aa7b000] with protection modes 3
Event: 11.534 Thread 0x00007fa31434a200 Thread exited: 0x00007fa31434a200
Event: 20.645 Thread 0x00007fa314349c00 Thread added: 0x00007fa314349c00
Event: 20.645 Protecting memory [0x000000030aa77000,0x000000030aa7b000] with protection modes 0
Event: 21.656 Protecting memory [0x000000030aa77000,0x000000030aa7b000] with protection modes 3
Event: 21.656 Thread 0x00007fa314349c00 Thread exited: 0x00007fa314349c00
Event: 25.651 Thread 0x00007fa313104200 Thread added: 0x00007fa313104200
Event: 25.651 Protecting memory [0x000000030aa77000,0x000000030aa7b000] with protection modes 0
Event: 26.653 Protecting memory [0x000000030aa77000,0x000000030aa7b000] with protection modes 3
Event: 26.653 Thread 0x00007fa313104200 Thread exited: 0x00007fa313104200
Event: 30.795 Thread 0x00007fa312dde000 Thread added: 0x00007fa312dde000
Event: 30.795 Protecting memory [0x000000030aa77000,0x000000030aa7b000] with protection modes 0


Dynamic libraries:
0x000000010af89000 	/Applications/jmonkeyplatform.app/Contents/Resources/jmonkeyplatform/jdk/lib/libjli.dylib
0x00007ff81bf8e000 	/System/Library/Frameworks/Cocoa.framework/Versions/A/Cocoa
0x00007ff806b7f000 	/System/Library/Frameworks/AppKit.framework/Versions/C/AppKit
0x00007ff80982d000 	/System/Library/Frameworks/CoreData.framework/Versions/A/CoreData
0x00007ff804894000 	/System/Library/Frameworks/Foundation.framework/Versions/C/Foundation
0x00007ff80fb8f000 	/usr/lib/libSystem.B.dylib
0x00007ff807b84000 	/System/Library/PrivateFrameworks/UIFoundation.framework/Versions/A/UIFoundation
0x00007ffa22ad1000 	/System/Library/PrivateFrameworks/CollectionViewCore.framework/Versions/A/CollectionViewCore
0x00007ff815fa2000 	/System/Library/PrivateFrameworks/RemoteViewServices.framework/Versions/A/RemoteViewServices
0x00007ff80dc64000 	/System/Library/PrivateFrameworks/XCTTargetBootstrap.framework/Versions/A/XCTTargetBootstrap
0x00007ff811abc000 	/System/Library/PrivateFrameworks/InternationalSupport.framework/Versions/A/InternationalSupport
0x00007ff811b45000 	/System/Library/PrivateFrameworks/UserActivity.framework/Versions/A/UserActivity
0x00007ffb188c6000 	/System/Library/PrivateFrameworks/WindowManagement.framework/Versions/A/WindowManagement
0x00007ff804580000 	/System/Library/Frameworks/SystemConfiguration.framework/Versions/A/SystemConfiguration
0x00007ff810eba000 	/usr/lib/libspindump.dylib
0x00007ff807d51000 	/System/Library/Frameworks/UniformTypeIdentifiers.framework/Versions/A/UniformTypeIdentifiers
0x00007ff80c15b000 	/usr/lib/libapp_launch_measurement.dylib
0x00007ff80add3000 	/System/Library/PrivateFrameworks/CoreAnalytics.framework/Versions/A/CoreAnalytics
0x00007ff80c15e000 	/System/Library/PrivateFrameworks/CoreAutoLayout.framework/Versions/A/CoreAutoLayout
0x00007ff80d4eb000 	/System/Library/Frameworks/Metal.framework/Versions/A/Metal
0x00007ff80e423000 	/usr/lib/liblangid.dylib
0x00007ff80dc69000 	/System/Library/PrivateFrameworks/CoreSVG.framework/Versions/A/CoreSVG
0x00007ff808685000 	/System/Library/PrivateFrameworks/SkyLight.framework/Versions/A/SkyLight
0x00007ff808a6e000 	/System/Library/Frameworks/CoreGraphics.framework/Versions/A/CoreGraphics
0x00007ff81667c000 	/System/Library/Frameworks/Accelerate.framework/Versions/A/Accelerate
0x00007ff81092f000 	/System/Library/PrivateFrameworks/IconServices.framework/Versions/A/IconServices
0x00007ff80d4ce000 	/System/Library/Frameworks/IOSurface.framework/Versions/A/IOSurface
0x00007ff80adfc000 	/usr/lib/libDiagnosticMessagesClient.dylib
0x00007ff80faa5000 	/usr/lib/libz.1.dylib
0x00007ff819bbb000 	/System/Library/Frameworks/ApplicationServices.framework/Versions/A/ApplicationServices
0x00007ff80dc50000 	/System/Library/PrivateFrameworks/DFRFoundation.framework/Versions/A/DFRFoundation
0x00007ff80644b000 	/usr/lib/libicucore.A.dylib
0x00007ff81295c000 	/System/Library/Frameworks/AudioToolbox.framework/Versions/A/AudioToolbox
0x00007ff811ac7000 	/System/Library/PrivateFrameworks/DataDetectorsCore.framework/Versions/A/DataDetectorsCore
0x00007ff90b2ba000 	/System/Library/PrivateFrameworks/TextInput.framework/Versions/A/TextInput
0x00007ff8085fa000 	/usr/lib/libMobileGestalt.dylib
0x00007ff80d958000 	/System/Library/Frameworks/Carbon.framework/Versions/A/Frameworks/HIToolbox.framework/Versions/A/HIToolbox
0x00007ff80baff000 	/System/Library/Frameworks/QuartzCore.framework/Versions/A/QuartzCore
0x00007ff8060cb000 	/System/Library/Frameworks/Security.framework/Versions/A/Security
0x00007ff815fda000 	/System/Library/Frameworks/Carbon.framework/Versions/A/Frameworks/SpeechRecognition.framework/Versions/A/SpeechRecognition
0x00007ff80be9b000 	/System/Library/PrivateFrameworks/CoreUI.framework/Versions/A/CoreUI
0x00007ff8059d0000 	/System/Library/Frameworks/CoreAudio.framework/Versions/A/CoreAudio
0x00007ff80aed6000 	/System/Library/Frameworks/DiskArbitration.framework/Versions/A/DiskArbitration
0x00007ff8112d7000 	/System/Library/PrivateFrameworks/MultitouchSupport.framework/Versions/A/MultitouchSupport
0x00007ff8085f9000 	/usr/lib/libenergytrace.dylib
0x00007ff806a61000 	/System/Library/Frameworks/IOKit.framework/Versions/A/IOKit
0x00007ff8163d3000 	/System/Library/Frameworks/CoreServices.framework/Versions/A/CoreServices
0x00007ff80c0f3000 	/System/Library/PrivateFrameworks/PerformanceAnalysis.framework/Versions/A/PerformanceAnalysis
0x00007ffa18ac7000 	/System/Library/Frameworks/OpenGL.framework/Versions/A/OpenGL
0x00007ff80c1a6000 	/usr/lib/libxml2.2.dylib
0x00007ff80f026000 	/System/Library/PrivateFrameworks/MobileKeyBag.framework/Versions/A/MobileKeyBag
0x00007ff803714000 	/usr/lib/libobjc.A.dylib
0x00007ff8039d8000 	/usr/lib/libc++.1.dylib
0x00007ff80928f000 	/System/Library/Frameworks/ColorSync.framework/Versions/A/ColorSync
0x00007ff803ae3000 	/System/Library/Frameworks/CoreFoundation.framework/Versions/A/CoreFoundation
0x00007ff80e005000 	/System/Library/Frameworks/CoreImage.framework/Versions/A/CoreImage
0x00007ff8057e1000 	/System/Library/Frameworks/CoreText.framework/Versions/A/CoreText
0x00007ff80dca4000 	/System/Library/Frameworks/ImageIO.framework/Versions/A/ImageIO
0x00007ff80fb95000 	/System/Library/PrivateFrameworks/SoftLinking.framework/Versions/A/SoftLinking
0x00007ff80fe14000 	/usr/lib/libcompression.dylib
0x00007ff8119ee000 	/System/Library/PrivateFrameworks/TextureIO.framework/Versions/A/TextureIO
0x00007ff81055e000 	/usr/lib/libate.dylib
0x00007ff80fb8a000 	/usr/lib/system/libcache.dylib
0x00007ff80fb45000 	/usr/lib/system/libcommonCrypto.dylib
0x00007ff80fb6e000 	/usr/lib/system/libcompiler_rt.dylib
0x00007ff80fb64000 	/usr/lib/system/libcopyfile.dylib
0x00007ff803843000 	/usr/lib/system/libcorecrypto.dylib
0x00007ff803905000 	/usr/lib/system/libdispatch.dylib
0x00007ff803a8d000 	/usr/lib/system/libdyld.dylib
0x00007ff80fb80000 	/usr/lib/system/libkeymgr.dylib
0x00007ff80fb24000 	/usr/lib/system/libmacho.dylib
0x00007ff80f112000 	/usr/lib/system/libquarantine.dylib
0x00007ff80fb7e000 	/usr/lib/system/libremovefile.dylib
0x00007ff808653000 	/usr/lib/system/libsystem_asl.dylib
0x00007ff8037e5000 	/usr/lib/system/libsystem_blocks.dylib
0x00007ff80394f000 	/usr/lib/system/libsystem_c.dylib
0x00007ff80fb76000 	/usr/lib/system/libsystem_collections.dylib
0x00007ff80e414000 	/usr/lib/system/libsystem_configuration.dylib
0x00007ff80d49f000 	/usr/lib/system/libsystem_containermanager.dylib
0x00007ff80f7ef000 	/usr/lib/system/libsystem_coreservices.dylib
0x00007ff8066df000 	/usr/lib/system/libsystem_darwin.dylib
0x00007ff80fb81000 	/usr/lib/system/libsystem_dnssd.dylib
0x00007ff80394c000 	/usr/lib/system/libsystem_featureflags.dylib
0x00007ff803ab8000 	/usr/lib/system/libsystem_info.dylib
0x00007ff80fab8000 	/usr/lib/system/libsystem_m.dylib
0x00007ff8038d8000 	/usr/lib/system/libsystem_malloc.dylib
0x00007ff8085e2000 	/usr/lib/system/libsystem_networkextension.dylib
0x00007ff806b20000 	/usr/lib/system/libsystem_notify.dylib
0x00007ff80e418000 	/usr/lib/system/libsystem_sandbox.dylib
0x00007ff80fb7b000 	/usr/lib/system/libsystem_secinit.dylib
0x00007ff803a47000 	/usr/lib/system/libsystem_kernel.dylib
0x00007ff803aae000 	/usr/lib/system/libsystem_platform.dylib
0x00007ff803a81000 	/usr/lib/system/libsystem_pthread.dylib
0x00007ff80a09c000 	/usr/lib/system/libsystem_symptoms.dylib
0x00007ff803829000 	/usr/lib/system/libsystem_trace.dylib
0x00007ff80fb51000 	/usr/lib/system/libunwind.dylib
0x00007ff8037e9000 	/usr/lib/system/libxpc.dylib
0x00007ff803a31000 	/usr/lib/libc++abi.dylib
0x00007ff80fb5c000 	/usr/lib/liboah.dylib
0x00007ff8102ef000 	/usr/lib/liblzma.5.dylib
0x00007ff80fb91000 	/usr/lib/libfakelink.dylib
0x00007ff80823d000 	/System/Library/Frameworks/CFNetwork.framework/Versions/A/CFNetwork
0x00007ff80fcce000 	/usr/lib/libarchive.2.dylib
0x00007ff81428b000 	/System/Library/Frameworks/Combine.framework/Versions/A/Combine
0x00007ff8123d4000 	/usr/lib/swift/libswiftCore.dylib
0x00007ff908334000 	/usr/lib/swift/libswiftCoreFoundation.dylib
0x00007ff906336000 	/usr/lib/swift/libswiftDarwin.dylib
0x00007ff817bf6000 	/usr/lib/swift/libswiftDispatch.dylib
0x00007ff908350000 	/usr/lib/swift/libswiftIOKit.dylib
0x00007ff819fe4000 	/usr/lib/swift/libswiftObjectiveC.dylib
0x00007ff908345000 	/usr/lib/swift/libswiftXPC.dylib
0x00007ffb1f142000 	/usr/lib/swift/libswift_Concurrency.dylib
0x00007ffb1f281000 	/usr/lib/swift/libswift_StringProcessing.dylib
0x00007ff819fe8000 	/usr/lib/swift/libswiftos.dylib
0x00007ff8069e6000 	/System/Library/PrivateFrameworks/CoreServicesInternal.framework/Versions/A/CoreServicesInternal
0x00007ff80f139000 	/usr/lib/libbsm.0.dylib
0x00007ff80fb29000 	/usr/lib/system/libkxld.dylib
0x00007ff80c127000 	/System/Library/Frameworks/CoreServices.framework/Versions/A/Frameworks/FSEvents.framework/Versions/A/FSEvents
0x00007ff8066ea000 	/System/Library/Frameworks/CoreServices.framework/Versions/A/Frameworks/CarbonCore.framework/Versions/A/CarbonCore
0x00007ff80ae3f000 	/System/Library/Frameworks/CoreServices.framework/Versions/A/Frameworks/Metadata.framework/Versions/A/Metadata
0x00007ff80f7f5000 	/System/Library/Frameworks/CoreServices.framework/Versions/A/Frameworks/OSServices.framework/Versions/A/OSServices
0x00007ff80fd56000 	/System/Library/Frameworks/CoreServices.framework/Versions/A/Frameworks/SearchKit.framework/Versions/A/SearchKit
0x00007ff80a023000 	/System/Library/Frameworks/CoreServices.framework/Versions/A/Frameworks/AE.framework/Versions/A/AE
0x00007ff803f7b000 	/System/Library/Frameworks/CoreServices.framework/Versions/A/Frameworks/LaunchServices.framework/Versions/A/LaunchServices
0x00007ff8102a0000 	/System/Library/Frameworks/CoreServices.framework/Versions/A/Frameworks/DictionaryServices.framework/Versions/A/DictionaryServices
0x00007ff80c134000 	/System/Library/Frameworks/CoreServices.framework/Versions/A/Frameworks/SharedFileList.framework/Versions/A/SharedFileList
0x00007ff80fde2000 	/usr/lib/libapple_nghttp2.dylib
0x00007ff808239000 	/usr/lib/libnetwork.dylib
0x00007ff809ca3000 	/usr/lib/libsqlite3.dylib
0x00007ff80a0a4000 	/System/Library/Frameworks/Network.framework/Versions/A/Network
0x00007ffb1e16e000 	/usr/lib/libCoreEntitlements.dylib
0x00007ffb0bec3000 	/System/Library/PrivateFrameworks/MessageSecurity.framework/Versions/A/MessageSecurity
0x00007ff809c8a000 	/System/Library/PrivateFrameworks/ProtocolBuffer.framework/Versions/A/ProtocolBuffer
0x00007ff80f7cf000 	/System/Library/PrivateFrameworks/AppleFSCompression.framework/Versions/A/AppleFSCompression
0x00007ff80f121000 	/usr/lib/libcoretls.dylib
0x00007ff810309000 	/usr/lib/libcoretls_cfhelpers.dylib
0x00007ff80fe0f000 	/usr/lib/libpam.2.dylib
0x00007ff810376000 	/usr/lib/libxar.1.dylib
0x00007ff81090b000 	/usr/lib/libheimdal-asn1.dylib
0x00007ff80fb96000 	/usr/lib/libpcap.A.dylib
0x00007ff80a093000 	/usr/lib/libdns_services.dylib
0x00007ff80e41f000 	/System/Library/PrivateFrameworks/AppleSystemInfo.framework/Versions/A/AppleSystemInfo
0x00007ff80ee30000 	/System/Library/PrivateFrameworks/IOMobileFramebuffer.framework/Versions/A/IOMobileFramebuffer
0x00007ff80f7df000 	/usr/lib/libbz2.1.0.dylib
0x00007ff80f115000 	/usr/lib/libCheckFix.dylib
0x00007ff80866a000 	/System/Library/PrivateFrameworks/TCC.framework/Versions/A/TCC
0x00007ff80e425000 	/System/Library/PrivateFrameworks/CoreNLP.framework/Versions/A/CoreNLP
0x00007ff80adfe000 	/System/Library/PrivateFrameworks/MetadataUtilities.framework/Versions/A/MetadataUtilities
0x00007ff80f149000 	/usr/lib/libmecab.dylib
0x00007ff8045ff000 	/usr/lib/libCRFSuite.dylib
0x00007ff80f1a3000 	/usr/lib/libgermantok.dylib
0x00007ff80fdbd000 	/usr/lib/libThaiTokenizer.dylib
0x00007ff80aede000 	/System/Library/Frameworks/Accelerate.framework/Versions/A/Frameworks/vImage.framework/Versions/A/vImage
0x00007ff8163a6000 	/System/Library/Frameworks/Accelerate.framework/Versions/A/Frameworks/vecLib.framework/Versions/A/vecLib
0x00007ff8103b8000 	/System/Library/Frameworks/Accelerate.framework/Versions/A/Frameworks/vecLib.framework/Versions/A/libvMisc.dylib
0x00007ff80ec2b000 	/System/Library/Frameworks/Accelerate.framework/Versions/A/Frameworks/vecLib.framework/Versions/A/libvDSP.dylib
0x00007ff804335000 	/System/Library/Frameworks/Accelerate.framework/Versions/A/Frameworks/vecLib.framework/Versions/A/libBLAS.dylib
0x00007ff80fef3000 	/System/Library/Frameworks/Accelerate.framework/Versions/A/Frameworks/vecLib.framework/Versions/A/libLAPACK.dylib
0x00007ff80f1a6000 	/System/Library/Frameworks/Accelerate.framework/Versions/A/Frameworks/vecLib.framework/Versions/A/libLinearAlgebra.dylib
0x00007ff80fdfa000 	/System/Library/Frameworks/Accelerate.framework/Versions/A/Frameworks/vecLib.framework/Versions/A/libSparseBLAS.dylib
0x00007ff80feed000 	/System/Library/Frameworks/Accelerate.framework/Versions/A/Frameworks/vecLib.framework/Versions/A/libQuadrature.dylib
0x00007ff80e512000 	/System/Library/Frameworks/Accelerate.framework/Versions/A/Frameworks/vecLib.framework/Versions/A/libBNNS.dylib
0x00007ff804509000 	/System/Library/Frameworks/Accelerate.framework/Versions/A/Frameworks/vecLib.framework/Versions/A/libSparse.dylib
0x00007ffb0b200000 	/System/Library/PrivateFrameworks/MIL.framework/Versions/A/MIL
0x00007ff80fbcb000 	/usr/lib/libiconv.2.dylib
0x00007ff80fb23000 	/usr/lib/libcharset.1.dylib
0x00007ff80c10b000 	/System/Library/Frameworks/OpenDirectory.framework/Versions/A/Frameworks/CFOpenDirectory.framework/Versions/A/CFOpenDirectory
0x00007ff80c0ff000 	/System/Library/Frameworks/OpenDirectory.framework/Versions/A/OpenDirectory
0x00007ff81030b000 	/System/Library/PrivateFrameworks/APFS.framework/Versions/A/APFS
0x00007ff80f059000 	/System/Library/Frameworks/SecurityFoundation.framework/Versions/A/SecurityFoundation
0x00007ff810384000 	/usr/lib/libutil.dylib
0x00007ffb0a406000 	/System/Library/PrivateFrameworks/InstalledContentLibrary.framework/Versions/A/InstalledContentLibrary
0x00007ff806a25000 	/System/Library/PrivateFrameworks/CoreServicesStore.framework/Versions/A/CoreServicesStore
0x00007ffa2163e000 	/System/Library/PrivateFrameworks/AppleMobileFileIntegrity.framework/Versions/A/AppleMobileFileIntegrity
0x00007ff908314000 	/usr/lib/libmis.dylib
0x00007ff9167de000 	/System/Library/PrivateFrameworks/MobileSystemServices.framework/Versions/A/MobileSystemServices
0x00007ffa10579000 	/System/Library/PrivateFrameworks/ConfigProfileHelper.framework/Versions/A/ConfigProfileHelper
0x00007ff80fdbf000 	/System/Library/PrivateFrameworks/AppleSauce.framework/Versions/A/AppleSauce
0x00007ff8052a6000 	/System/Library/PrivateFrameworks/LanguageModeling.framework/Versions/A/LanguageModeling
0x00007ff810388000 	/usr/lib/libxslt.1.dylib
0x00007ff80fcbd000 	/usr/lib/libcmph.dylib
0x00007ff80ee1e000 	/System/Library/PrivateFrameworks/CoreEmoji.framework/Versions/A/CoreEmoji
0x00007ff80e50c000 	/System/Library/PrivateFrameworks/LinguisticData.framework/Versions/A/LinguisticData
0x00007ff8044bf000 	/System/Library/PrivateFrameworks/Lexicon.framework/Versions/A/Lexicon
0x00007ff80f0e7000 	/System/Library/PrivateFrameworks/BackgroundTaskManagement.framework/Versions/A/BackgroundTaskManagement
0x00007ffb1e2a4000 	/usr/lib/libTLE.dylib
0x00007ffb1f1c6000 	/usr/lib/swift/libswift_RegexParser.dylib
0x00007ff8111a1000 	/System/Library/PrivateFrameworks/AppleJPEG.framework/Versions/A/AppleJPEG
0x00007ff8108f0000 	/usr/lib/libexpat.1.dylib
0x00007ff81184b000 	/System/Library/Frameworks/ImageIO.framework/Versions/A/Resources/libPng.dylib
0x00007ff811878000 	/System/Library/Frameworks/ImageIO.framework/Versions/A/Resources/libTIFF.dylib
0x00007ff811968000 	/System/Library/Frameworks/ImageIO.framework/Versions/A/Resources/libGIF.dylib
0x00007ff8111ec000 	/System/Library/Frameworks/ImageIO.framework/Versions/A/Resources/libJP2.dylib
0x00007ff811908000 	/System/Library/Frameworks/ImageIO.framework/Versions/A/Resources/libJPEG.dylib
0x00007ff8118ff000 	/System/Library/Frameworks/ImageIO.framework/Versions/A/Resources/libRadiance.dylib
0x00007ff80d7ee000 	/System/Library/PrivateFrameworks/FontServices.framework/libFontParser.dylib
0x00007ff809fc9000 	/System/Library/PrivateFrameworks/RunningBoardServices.framework/Versions/A/RunningBoardServices
0x00007ff81c5c4000 	/System/Library/PrivateFrameworks/IOSurfaceAccelerator.framework/Versions/A/IOSurfaceAccelerator
0x00007ff8112d3000 	/System/Library/PrivateFrameworks/WatchdogClient.framework/Versions/A/WatchdogClient
0x00007ff805408000 	/System/Library/Frameworks/CoreDisplay.framework/Versions/A/CoreDisplay
0x00007ff80d6de000 	/System/Library/Frameworks/CoreMedia.framework/Versions/A/CoreMedia
0x00007ff80d4e2000 	/System/Library/PrivateFrameworks/IOAccelerator.framework/Versions/A/IOAccelerator
0x00007ff80c285000 	/System/Library/Frameworks/CoreVideo.framework/Versions/A/CoreVideo
0x00007ff80fe0d000 	/System/Library/Frameworks/MetalPerformanceShaders.framework/Versions/A/MetalPerformanceShaders
0x00007ff811310000 	/System/Library/Frameworks/VideoToolbox.framework/Versions/A/VideoToolbox
0x00007ff809f0e000 	/System/Library/PrivateFrameworks/BaseBoard.framework/Versions/A/BaseBoard
0x00007ff8118f8000 	/System/Library/PrivateFrameworks/GPUWrangler.framework/Versions/A/GPUWrangler
0x00007ff8118dc000 	/System/Library/PrivateFrameworks/IOPresentment.framework/Versions/A/IOPresentment
0x00007ff811902000 	/System/Library/PrivateFrameworks/DSExternalDisplay.framework/Versions/A/DSExternalDisplay
0x00007ffb06b1f000 	/System/Library/PrivateFrameworks/GPUCompiler.framework/Versions/31001/Libraries/libllvm-flatbuffers.dylib
0x00007ffa18abb000 	/System/Library/Frameworks/OpenGL.framework/Versions/A/Libraries/libCoreFSCache.dylib
0x00007ffb06b1b000 	/System/Library/PrivateFrameworks/GPUCompiler.framework/Versions/31001/Libraries/libGPUCompilerUtils.dylib
0x00007ff81196e000 	/System/Library/PrivateFrameworks/CMCaptureCore.framework/Versions/A/CMCaptureCore
0x00007ffa1bca7000 	/System/Library/Frameworks/ExtensionFoundation.framework/Versions/A/ExtensionFoundation
0x00007ff81836f000 	/System/Library/PrivateFrameworks/CoreTime.framework/Versions/A/CoreTime
0x00007ff810ea4000 	/System/Library/PrivateFrameworks/AppServerSupport.framework/Versions/A/AppServerSupport
0x00007ff813221000 	/System/Library/PrivateFrameworks/perfdata.framework/Versions/A/perfdata
0x00007ff805534000 	/System/Library/PrivateFrameworks/AudioToolboxCore.framework/Versions/A/AudioToolboxCore
0x00007ff80d6b8000 	/System/Library/PrivateFrameworks/caulk.framework/Versions/A/caulk
0x00007ff812af3000 	/usr/lib/libAudioStatistics.dylib
0x00007ff9077b9000 	/System/Library/PrivateFrameworks/SystemPolicy.framework/Versions/A/SystemPolicy
0x00007ff812d8c000 	/usr/lib/libSMC.dylib
0x00007ff81be33000 	/System/Library/Frameworks/CoreMIDI.framework/Versions/A/CoreMIDI
0x00007ff811819000 	/usr/lib/libAudioToolboxUtility.dylib
0x00007ff8212fa000 	/System/Library/PrivateFrameworks/OSAServicesClient.framework/Versions/A/OSAServicesClient
0x00007ff81322e000 	/usr/lib/libperfcheck.dylib
0x00007ff8107d4000 	/System/Library/PrivateFrameworks/PlugInKit.framework/Versions/A/PlugInKit
0x00007ff80f04c000 	/System/Library/PrivateFrameworks/AssertionServices.framework/Versions/A/AssertionServices
0x00007ffa18b16000 	/System/Library/Frameworks/OpenGL.framework/Versions/A/Libraries/libGLU.dylib
0x00007ffa18ada000 	/System/Library/Frameworks/OpenGL.framework/Versions/A/Libraries/libGFXShared.dylib
0x00007ffa18ce3000 	/System/Library/Frameworks/OpenGL.framework/Versions/A/Libraries/libGL.dylib
0x00007ffa18ae3000 	/System/Library/Frameworks/OpenGL.framework/Versions/A/Libraries/libGLImage.dylib
0x00007ffa18ad7000 	/System/Library/Frameworks/OpenGL.framework/Versions/A/Libraries/libCVMSPluginSupport.dylib
0x00007ffb1e283000 	/usr/lib/libRosetta.dylib
0x00007ffa18ac2000 	/System/Library/Frameworks/OpenGL.framework/Versions/A/Libraries/libCoreVMClient.dylib
0x00007ff80e39d000 	/System/Library/Frameworks/MetalPerformanceShaders.framework/Versions/A/Frameworks/MPSCore.framework/Versions/A/MPSCore
0x00007ff80f739000 	/System/Library/Frameworks/MetalPerformanceShaders.framework/Versions/A/Frameworks/MPSImage.framework/Versions/A/MPSImage
0x00007ff80f1bc000 	/System/Library/Frameworks/MetalPerformanceShaders.framework/Versions/A/Frameworks/MPSNeuralNetwork.framework/Versions/A/MPSNeuralNetwork
0x00007ff80f62f000 	/System/Library/Frameworks/MetalPerformanceShaders.framework/Versions/A/Frameworks/MPSMatrix.framework/Versions/A/MPSMatrix
0x00007ff80f3ea000 	/System/Library/Frameworks/MetalPerformanceShaders.framework/Versions/A/Frameworks/MPSRayIntersector.framework/Versions/A/MPSRayIntersector
0x00007ff80f66a000 	/System/Library/Frameworks/MetalPerformanceShaders.framework/Versions/A/Frameworks/MPSNDArray.framework/Versions/A/MPSNDArray
0x00007ffa1cff8000 	/System/Library/Frameworks/MetalPerformanceShaders.framework/Versions/A/Frameworks/MPSFunctions.framework/Versions/A/MPSFunctions
0x00007ff8041f6000 	/System/Library/PrivateFrameworks/MetalTools.framework/Versions/A/MetalTools
0x00007ff80e41e000 	/System/Library/PrivateFrameworks/AggregateDictionary.framework/Versions/A/AggregateDictionary
0x00007ff81068e000 	/usr/lib/libIOReport.dylib
0x00007ffa197aa000 	/System/Library/Frameworks/OpenCL.framework/Versions/A/OpenCL
0x00007ff810a36000 	/System/Library/PrivateFrameworks/GraphVisualizer.framework/Versions/A/GraphVisualizer
0x00007ffb06a20000 	/System/Library/PrivateFrameworks/FontServices.framework/Versions/A/FontServices
0x00007ff810e5f000 	/System/Library/PrivateFrameworks/OTSVG.framework/Versions/A/OTSVG
0x00007ff80be4f000 	/System/Library/Frameworks/ApplicationServices.framework/Versions/A/Frameworks/ATS.framework/Versions/A/Resources/libFontRegistry.dylib
0x00007ff810eae000 	/System/Library/PrivateFrameworks/FontServices.framework/libhvf.dylib
0x00007ffb06a21000 	/System/Library/PrivateFrameworks/FontServices.framework/libXTFontStaticRegistryData.dylib
0x00007ffb178a2000 	/System/Library/PrivateFrameworks/VideoToolboxParavirtualizationSupport.framework/Versions/A/VideoToolboxParavirtualizationSupport
0x00007ff8108a0000 	/System/Library/PrivateFrameworks/AppleVA.framework/Versions/A/AppleVA
0x00007ff812b2f000 	/System/Library/Frameworks/ApplicationServices.framework/Versions/A/Frameworks/ATS.framework/Versions/A/ATS
0x00007ff80937f000 	/System/Library/Frameworks/ApplicationServices.framework/Versions/A/Frameworks/HIServices.framework/Versions/A/HIServices
0x00007ff81197a000 	/System/Library/Frameworks/ApplicationServices.framework/Versions/A/Frameworks/PrintCore.framework/Versions/A/PrintCore
0x00007ff812ee1000 	/System/Library/Frameworks/ApplicationServices.framework/Versions/A/Frameworks/QD.framework/Versions/A/QD
0x00007ff812ed9000 	/System/Library/Frameworks/ApplicationServices.framework/Versions/A/Frameworks/ColorSyncLegacy.framework/Versions/A/ColorSyncLegacy
0x00007ff812b07000 	/System/Library/Frameworks/ApplicationServices.framework/Versions/A/Frameworks/SpeechSynthesis.framework/Versions/A/SpeechSynthesis
0x00007ff811938000 	/System/Library/Frameworks/ApplicationServices.framework/Versions/A/Frameworks/ATSUI.framework/Versions/A/ATSUI
0x00007ff812e6c000 	/usr/lib/libcups.2.dylib
0x00007ff81323d000 	/System/Library/Frameworks/Kerberos.framework/Versions/A/Kerberos
0x00007ff81324c000 	/System/Library/Frameworks/GSS.framework/Versions/A/GSS
0x00007ff812b9d000 	/usr/lib/libresolv.9.dylib
0x00007ff810ebf000 	/System/Library/PrivateFrameworks/Heimdal.framework/Versions/A/Heimdal
0x00007ff819f68000 	/System/Library/Frameworks/Kerberos.framework/Versions/A/Libraries/libHeimdalProxy.dylib
0x00007ff813297000 	/System/Library/PrivateFrameworks/CommonAuth.framework/Versions/A/CommonAuth
0x00007ffa1af87000 	/System/Library/Frameworks/AVFAudio.framework/Versions/A/AVFAudio
0x00007ff821343000 	/System/Library/PrivateFrameworks/AXCoreUtilities.framework/Versions/A/AXCoreUtilities
0x00007ff812a83000 	/System/Library/PrivateFrameworks/AudioSession.framework/Versions/A/AudioSession
0x00007ff814064000 	/System/Library/Frameworks/IOBluetooth.framework/Versions/A/IOBluetooth
0x00007ff8109a6000 	/System/Library/PrivateFrameworks/MediaExperience.framework/Versions/A/MediaExperience
0x00007ff81292b000 	/System/Library/PrivateFrameworks/AudioSession.framework/libSessionUtility.dylib
0x00007ff812eed000 	/System/Library/PrivateFrameworks/AudioResourceArbitration.framework/Versions/A/AudioResourceArbitration
0x00007ff816fb3000 	/System/Library/PrivateFrameworks/PowerLog.framework/Versions/A/PowerLog
0x00007ff816ef5000 	/System/Library/Frameworks/CoreBluetooth.framework/Versions/A/CoreBluetooth
0x00007ff819f69000 	/System/Library/Frameworks/AudioUnit.framework/Versions/A/AudioUnit
0x00007ff80eeb7000 	/System/Library/PrivateFrameworks/CoreUtils.framework/Versions/A/CoreUtils
0x00007ffb055f5000 	/System/Library/PrivateFrameworks/CoreUtilsExtras.framework/Versions/A/CoreUtilsExtras
0x00007ffb0a29d000 	/System/Library/PrivateFrameworks/IO80211.framework/Versions/A/IO80211
0x00007ff810914000 	/System/Library/PrivateFrameworks/IconFoundation.framework/Versions/A/IconFoundation
0x00007ff815fca000 	/System/Library/PrivateFrameworks/SpeechRecognitionCore.framework/Versions/A/SpeechRecognitionCore
0x000000010c104000 	/Applications/jmonkeyplatform.app/Contents/Resources/jmonkeyplatform/jdk/lib/server/libjvm.dylib
0x000000010aff5000 	/Applications/jmonkeyplatform.app/Contents/Resources/jmonkeyplatform/jdk/lib/libjimage.dylib
0x000000010b082000 	/Applications/jmonkeyplatform.app/Contents/Resources/jmonkeyplatform/jdk/lib/libjava.dylib
0x000000010bc36000 	/Applications/jmonkeyplatform.app/Contents/Resources/jmonkeyplatform/jdk/lib/libnio.dylib
0x000000010bc8d000 	/Applications/jmonkeyplatform.app/Contents/Resources/jmonkeyplatform/jdk/lib/libnet.dylib
0x000000010bdc9000 	/Applications/jmonkeyplatform.app/Contents/Resources/jmonkeyplatform/jdk/lib/libzip.dylib
0x000000010befb000 	/Applications/jmonkeyplatform.app/Contents/Resources/jmonkeyplatform/jdk/lib/libawt.dylib
0x00000001305e0000 	/Applications/jmonkeyplatform.app/Contents/Resources/jmonkeyplatform/jdk/lib/libmlib_image.dylib
0x00007ffa1c255000 	/System/Library/Frameworks/JavaRuntimeSupport.framework/Versions/A/JavaRuntimeSupport
0x00007ff9071e8000 	/System/Library/Frameworks/Carbon.framework/Versions/A/Carbon
0x00007ff81829e000 	/System/Library/PrivateFrameworks/CoreSymbolication.framework/Versions/A/CoreSymbolication
0x00007ff81daad000 	/System/Library/Frameworks/Carbon.framework/Versions/A/Frameworks/CommonPanels.framework/Versions/A/CommonPanels
0x00007ff8198e9000 	/System/Library/Frameworks/Carbon.framework/Versions/A/Frameworks/Help.framework/Versions/A/Help
0x00007ff81dab1000 	/System/Library/Frameworks/Carbon.framework/Versions/A/Frameworks/ImageCapture.framework/Versions/A/ImageCapture
0x00007ff81da81000 	/System/Library/Frameworks/Carbon.framework/Versions/A/Frameworks/OpenScripting.framework/Versions/A/OpenScripting
0x00007ff81daa9000 	/System/Library/Frameworks/Carbon.framework/Versions/A/Frameworks/Ink.framework/Versions/A/Ink
0x00007ff9071e4000 	/System/Library/Frameworks/Carbon.framework/Versions/A/Frameworks/Print.framework/Versions/A/Print
0x00007ff81daa5000 	/System/Library/Frameworks/Carbon.framework/Versions/A/Frameworks/SecurityHI.framework/Versions/A/SecurityHI
0x00007ff818263000 	/System/Library/PrivateFrameworks/DebugSymbols.framework/Versions/A/DebugSymbols
0x0000000130866000 	/Applications/jmonkeyplatform.app/Contents/Resources/jmonkeyplatform/jdk/lib/libawt_lwawt.dylib
0x000000010be86000 	/Applications/jmonkeyplatform.app/Contents/Resources/jmonkeyplatform/jdk/lib/libosxapp.dylib
0x00007ff9063a4000 	/System/Library/Frameworks/ExceptionHandling.framework/Versions/A/ExceptionHandling
0x0000000136d00000 	/Applications/jmonkeyplatform.app/Contents/Resources/jmonkeyplatform/jdk/lib/libfontmanager.dylib
0x0000000130b4f000 	/Applications/jmonkeyplatform.app/Contents/Resources/jmonkeyplatform/jdk/lib/libfreetype.dylib
0x00007ff8175a5000 	/System/Library/Frameworks/FileProvider.framework/Versions/A/FileProvider
0x00007ff809e79000 	/System/Library/Frameworks/Accounts.framework/Versions/A/Accounts
0x00007ff80c314000 	/System/Library/PrivateFrameworks/UserManagement.framework/Versions/A/UserManagement
0x00007ff81772e000 	/System/Library/PrivateFrameworks/GenerationalStorage.framework/Versions/A/GenerationalStorage
0x00007ff816fa8000 	/System/Library/PrivateFrameworks/SymptomDiagnosticReporter.framework/Versions/A/SymptomDiagnosticReporter
0x00007ff807d67000 	/System/Library/PrivateFrameworks/DesktopServicesPriv.framework/Versions/A/DesktopServicesPriv
0x00007ff806b2f000 	/usr/lib/libsandbox.1.dylib
0x00007ff812ece000 	/System/Library/PrivateFrameworks/NetAuth.framework/Versions/A/NetAuth
0x00007ff813ee8000 	/System/Library/PrivateFrameworks/Sharing.framework/Versions/A/Sharing
0x00007ff80c2da000 	/System/Library/PrivateFrameworks/login.framework/Versions/A/Frameworks/loginsupport.framework/Versions/A/loginsupport
0x00007ff819499000 	/System/Library/PrivateFrameworks/Apple80211.framework/Versions/A/Apple80211
0x00007ff80f822000 	/System/Library/PrivateFrameworks/AuthKit.framework/Versions/A/AuthKit
0x00007ff80ee3d000 	/System/Library/Frameworks/CoreWLAN.framework/Versions/A/CoreWLAN
0x00007ff81949d000 	/System/Library/PrivateFrameworks/CoreWiFi.framework/Versions/A/CoreWiFi
0x00007ffa0a6f4000 	/System/Library/PrivateFrameworks/WiFiPeerToPeer.framework/Versions/A/WiFiPeerToPeer
0x00007ff817e10000 	/System/Library/PrivateFrameworks/FrontBoardServices.framework/Versions/A/FrontBoardServices
0x00007ff817ea7000 	/System/Library/PrivateFrameworks/BoardServices.framework/Versions/A/BoardServices
0x00007ff8195fb000 	/System/Library/PrivateFrameworks/BackBoardServices.framework/Versions/A/BackBoardServices
0x00007ff80f988000 	/System/Library/Frameworks/UserNotifications.framework/Versions/A/UserNotifications
0x00007ff81338b000 	/System/Library/PrivateFrameworks/CorePhoneNumbers.framework/Versions/A/CorePhoneNumbers
0x00007ff812bca000 	/System/Library/PrivateFrameworks/MultiverseSupport.framework/Versions/A/MultiverseSupport
0x00007ff819876000 	/System/Library/PrivateFrameworks/RemoteServiceDiscovery.framework/Versions/A/RemoteServiceDiscovery
0x00007ff8170c6000 	/System/Library/PrivateFrameworks/DiskManagement.framework/Versions/A/DiskManagement
0x00007ff816fda000 	/System/Library/PrivateFrameworks/AppleIDAuthSupport.framework/Versions/A/AppleIDAuthSupport
0x00007ffa1fa98000 	/System/Library/PrivateFrameworks/AAAFoundation.framework/Versions/A/AAAFoundation
0x00007ff813364000 	/System/Library/PrivateFrameworks/KeychainCircle.framework/Versions/A/KeychainCircle
0x00007ff819886000 	/System/Library/PrivateFrameworks/RemoteXPC.framework/Versions/A/RemoteXPC
0x00007ff817092000 	/System/Library/PrivateFrameworks/MediaKit.framework/Versions/A/MediaKit
0x00007ff816fe6000 	/System/Library/Frameworks/DiscRecording.framework/Versions/A/DiscRecording
0x00007ff810818000 	/usr/lib/libCoreStorage.dylib
0x00007ff8198f1000 	/usr/lib/libcsfde.dylib
0x00007ff814135000 	/System/Library/PrivateFrameworks/ProtectedCloudStorage.framework/Versions/A/ProtectedCloudStorage
0x00007ff8198ed000 	/System/Library/PrivateFrameworks/EFILogin.framework/Versions/A/EFILogin
0x00007ff817754000 	/System/Library/PrivateFrameworks/OctagonTrust.framework/Versions/A/OctagonTrust
0x00007ff810810000 	/usr/lib/libMatch.1.dylib
0x00007ff90ff2d000 	/System/Library/CoreServices/RawCamera.bundle/Contents/MacOS/RawCamera
0x00007ff8132a7000 	/System/Library/PrivateFrameworks/MobileAsset.framework/Versions/A/MobileAsset
0x00007ff90d884000 	/System/Library/PrivateFrameworks/SoftwareUpdateCoreSupport.framework/Versions/A/SoftwareUpdateCoreSupport
0x00007ff913bbb000 	/System/Library/PrivateFrameworks/SoftwareUpdateCoreConnect.framework/Versions/A/SoftwareUpdateCoreConnect
0x00007ff819f8d000 	/System/Library/PrivateFrameworks/StreamingZip.framework/Versions/A/StreamingZip
0x00007ff90d50c000 	/System/Library/PrivateFrameworks/MSUDataAccessor.framework/Versions/A/MSUDataAccessor
0x00007ff909b4d000 	/usr/lib/libbootpolicy.dylib
0x00007ff91a421000 	/usr/lib/libpartition2_dynamic.dylib
0x00007ffa22124000 	/System/Library/PrivateFrameworks/CMPhoto.framework/Versions/A/CMPhoto
0x00007ff818137000 	/System/Library/PrivateFrameworks/AppleVPA.framework/Versions/A/AppleVPA
0x00007ff811bb1000 	/System/Library/Frameworks/MediaToolbox.framework/Versions/A/MediaToolbox
0x00007ff817575000 	/System/Library/PrivateFrameworks/CoreAVCHD.framework/Versions/A/CoreAVCHD
0x00007ff8166c4000 	/System/Library/Frameworks/MediaAccessibility.framework/Versions/A/MediaAccessibility
0x00007ff817571000 	/System/Library/PrivateFrameworks/Mangrove.framework/Versions/A/Mangrove
0x00007ff8171b6000 	/System/Library/PrivateFrameworks/CoreAUC.framework/Versions/A/CoreAUC
0x00007ff90cef4000 	/System/Library/Frameworks/Accelerate.framework/Versions/A/Frameworks/vImage.framework/Versions/A/Libraries/libCGInterfaces.dylib
0x0000000130fc8000 	/usr/lib/libobjc-trampolines.dylib
0x00007ffb1e03f000 	/usr/lib/libAccessibilityBaseImplementations.dylib
0x00007ff80bff3000 	/System/Library/PrivateFrameworks/ViewBridge.framework/Versions/A/ViewBridge
0x00007ffa18cee000 	/System/Library/Frameworks/OpenGL.framework/Versions/A/Resources/GLEngine.bundle/GLEngine
0x00007ffa18b54000 	/System/Library/Frameworks/OpenGL.framework/Versions/A/Libraries/libGLProgrammability.dylib
0x0000000141355000 	/System/Library/Extensions/AppleMetalOpenGLRenderer.bundle/Contents/MacOS/AppleMetalOpenGLRenderer
0x00007ffa18e78000 	/System/Library/Frameworks/OpenGL.framework/Versions/A/Resources/GLRendererFloat.bundle/GLRendererFloat
0x00007ffa13839000 	/System/Library/Extensions/AGXMetalG13X.bundle/Contents/MacOS/AGXMetalG13X
0x00007ff908327000 	/System/Library/PrivateFrameworks/GPURawCounter.framework/Versions/A/GPURawCounter
0x00007ff8203ee000 	/System/Library/PrivateFrameworks/IOGPU.framework/Versions/A/IOGPU
0x00007ff810f76000 	/System/Library/PrivateFrameworks/login.framework/Versions/A/login
0x00000001412ec000 	/Applications/jmonkeyplatform.app/Contents/Resources/jmonkeyplatform/jdk/lib/libosxui.dylib
0x000000014166a000 	/Applications/jmonkeyplatform.app/Contents/Resources/jmonkeyplatform/jdk/lib/libprefs.dylib
0x00000001bcbed000 	/Users/frankfu/Desktop/2024Fall/CGGameProgramming/CGGaming/3D Gaming Project/libopenal.dylib
0x00000001bcc90000 	/Users/frankfu/Desktop/2024Fall/CGGameProgramming/CGGaming/3D Gaming Project/liblwjgl.dylib
0x00000001bcb4f000 	/Applications/jmonkeyplatform.app/Contents/Resources/jmonkeyplatform/jdk/lib/libjawt.dylib
0x00007ffa1e3a6000 	/System/Library/Frameworks/OpenAL.framework/Versions/A/OpenAL
0x00007ff9075b9000 	/System/Library/Frameworks/AVFoundation.framework/Versions/A/AVFoundation
0x00007ff817c0b000 	/System/Library/PrivateFrameworks/AVFCore.framework/Versions/A/AVFCore
0x00007ff81f198000 	/System/Library/PrivateFrameworks/AVFCapture.framework/Versions/A/AVFCapture
0x00007ff905ff6000 	/System/Library/PrivateFrameworks/AirPlaySync.framework/Versions/A/AirPlaySync
0x00007ffa220f6000 	/System/Library/PrivateFrameworks/CMImaging.framework/Versions/A/CMImaging
0x00007ff81f315000 	/System/Library/PrivateFrameworks/Quagga.framework/Versions/A/Quagga
0x00007ff81f3e7000 	/System/Library/PrivateFrameworks/CMCapture.framework/Versions/A/CMCapture
0x00007ff812c99000 	/System/Library/Frameworks/CoreMediaIO.framework/Versions/A/CoreMediaIO
0x00007ff908278000 	/System/Library/PrivateFrameworks/LoggingSupport.framework/Versions/A/LoggingSupport
0x00000001bf908000 	/System/Library/Components/CoreAudio.component/Contents/MacOS/CoreAudio
0x00000001c239a000 	/System/Library/Components/AudioDSP.component/Contents/MacOS/AudioDSP
0x00007ffb1e0d4000 	/usr/lib/libAudioDSPCore.dylib
0x00007ff81a099000 	/System/Library/PrivateFrameworks/Espresso.framework/Versions/A/Espresso
0x00007ff819976000 	/System/Library/PrivateFrameworks/AppSupport.framework/Versions/A/AppSupport
0x00007ffa10b45000 	/System/Library/PrivateFrameworks/ANECompiler.framework/Versions/A/ANECompiler
0x00007ff81bd47000 	/System/Library/PrivateFrameworks/AppleNeuralEngine.framework/Versions/A/AppleNeuralEngine
0x00007ffa1d00b000 	/System/Library/Frameworks/MetalPerformanceShadersGraph.framework/Versions/A/MetalPerformanceShadersGraph
0x00007ffb0bfb4000 	/System/Library/PrivateFrameworks/MilAneflow.framework/Versions/A/MilAneflow
0x00007ff81ae84000 	/System/Library/PrivateFrameworks/ANEServices.framework/Versions/A/ANEServices
0x00007ff90c3f4000 	/usr/lib/libncurses.5.4.dylib
0x00007ff8166f8000 	/System/Library/PrivateFrameworks/SystemAdministration.framework/Versions/A/SystemAdministration
0x00007ff815f96000 	/System/Library/Frameworks/DirectoryService.framework/Versions/A/DirectoryService
0x00007ff81978e000 	/System/Library/PrivateFrameworks/DiskImages.framework/Versions/A/DiskImages
0x00007ff80f108000 	/System/Library/Frameworks/ServiceManagement.framework/Versions/A/ServiceManagement
0x00007ff81996e000 	/System/Library/PrivateFrameworks/LoginUIKit.framework/Versions/A/Frameworks/LoginUICore.framework/Versions/A/LoginUICore
0x00007ff811131000 	/usr/lib/libodfde.dylib
0x00007ff8198fd000 	/usr/lib/libcurl.4.dylib
0x00007ffb1e71f000 	/usr/lib/libcrypto.46.dylib
0x00007ffb1ed8e000 	/usr/lib/libssl.48.dylib
0x00007ff81961c000 	/System/Library/Frameworks/LDAP.framework/Versions/A/LDAP
0x00007ff819658000 	/System/Library/PrivateFrameworks/TrustEvaluationAgent.framework/Versions/A/TrustEvaluationAgent
0x00007ff812bb6000 	/usr/lib/libsasl2.2.dylib


VM Arguments:
jvm_args: -Dfile.encoding=UTF-8 --module-path=/Users/frankfu/Desktop/2024Fall/CGGameProgramming/CGGaming/3D Gaming Project/build/classes 
java_command: mygame.Main
java_class_path (initial): /Applications/jmonkeyplatform.app/Contents/Resources/jmonkeyplatform/jmonkeyplatform/libs/jme3-jogg-3.6.1-stable.jar:/Applications/jmonkeyplatform.app/Contents/Resources/jmonkeyplatform/jmonkeyplatform/libs/j-ogg-vorbis-1.0.3.jar:/Applications/jmonkeyplatform.app/Contents/Resources/jmonkeyplatform/jmonkeyplatform/libs/jme3-networking-3.6.1-stable.jar:/Applications/jmonkeyplatform.app/Contents/Resources/jmonkeyplatform/jmonkeyplatform/libs/jme3-plugins-3.6.1-stable.jar:/Applications/jmonkeyplatform.app/Contents/Resources/jmonkeyplatform/jmonkeyplatform/libs/gson-2.9.1.jar:/Applications/jmonkeyplatform.app/Contents/Resources/jmonkeyplatform/jmonkeyplatform/libs/jme3-core-3.6.1-stable.jar:/Applications/jmonkeyplatform.app/Contents/Resources/jmonkeyplatform/jmonkeyplatform/libs/jme3-desktop-3.6.1-stable.jar:/Applications/jmonkeyplatform.app/Contents/Resources/jmonkeyplatform/jmonkeyplatform/libs/jme3-lwjgl-3.6.1-stable.jar:/Applications/jmonkeyplatform.app/Contents/Resources/jmonkeyplatform/jmonkeyplatform/libs/lwjgl-platform-2.9.5-natives-windows.jar:/Applications/jmonkeyplatform.app/Contents/Resources/jmonkeyplatform/jmonkeyplatform/libs/lwjgl-platform-2.9.5-natives-linux.jar:/Applications/jmonkeyplatform.app/Contents/Resources/jmonkeyplatform/jmonkeyplatform/libs/lwjgl-platform-2.9.5-natives-osx.jar:/Applications/jmonkeyplatform.app/Contents/Resources/jmonkeyplatform/jmonkeyplatform/libs/jinput-2.0.9.jar:/Applications/jmonkeyplatform.app/Contents/Resources/jmonkeyplatform/jmonkeyplatform/libs/jinput-2.0.9-natives-all.jar:/Applications/jmonkeyplatform.app/Contents/Resources/jmonkeyplatform/jmonkeyplatform/libs/lwjgl-2.9.5.jar:/Applications/jmonkeyplatform.app/Contents/Resources/jmonkeyplatform/jmonkeyplatform/libs/jme3-effects-3.6.1-stable.jar:/Applications/jmonkeyplatform.app/Contents/Resources/jmonkeyplatform/jmonkeyplatform/libs/jme3-terrain-3.6.1-stable.jar:/Applications/jmonkeyplatform.app/Contents/Resources/jmonkeyplatform/jmonkeypla
Launcher Type: SUN_STANDARD

[Global flags]
     intx CICompilerCount                          = 4                                         {product} {ergonomic}
     uint ConcGCThreads                            = 2                                         {product} {ergonomic}
     uint G1ConcRefinementThreads                  = 8                                         {product} {ergonomic}
   size_t G1HeapRegionSize                         = 2097152                                   {product} {ergonomic}
    uintx GCDrainStackTargetSize                   = 64                                        {product} {ergonomic}
   size_t InitialHeapSize                          = 268435456                                 {product} {ergonomic}
   size_t MarkStackSize                            = 4194304                                   {product} {ergonomic}
   size_t MaxHeapSize                              = 4294967296                                {product} {ergonomic}
   size_t MaxNewSize                               = 2575302656                                {product} {ergonomic}
   size_t MinHeapDeltaBytes                        = 2097152                                   {product} {ergonomic}
   size_t MinHeapSize                              = 8388608                                   {product} {ergonomic}
    uintx NonNMethodCodeHeapSize                   = 5839372                                {pd product} {ergonomic}
    uintx NonProfiledCodeHeapSize                  = 122909434                              {pd product} {ergonomic}
    uintx ProfiledCodeHeapSize                     = 122909434                              {pd product} {ergonomic}
    uintx ReservedCodeCacheSize                    = 251658240                              {pd product} {ergonomic}
     bool SegmentedCodeCache                       = true                                      {product} {ergonomic}
   size_t SoftMaxHeapSize                          = 4294967296                             {manageable} {ergonomic}
     bool UseCompressedClassPointers               = true                           {product lp64_product} {ergonomic}
     bool UseCompressedOops                        = true                           {product lp64_product} {ergonomic}
     bool UseG1GC                                  = true                                      {product} {ergonomic}
     bool UseNUMA                                  = false                                     {product} {ergonomic}
     bool UseNUMAInterleaving                      = false                                     {product} {ergonomic}

Logging:
Log output configuration:
 #0: stdout all=warning uptime,level,tags
 #1: stderr all=off uptime,level,tags

Environment Variables:
PATH=/usr/bin:/bin:/usr/sbin:/sbin
SHELL=/bin/bash
DISPLAY=/private/tmp/com.apple.launchd.HkIfFCxiLD/org.xquartz:0
LC_CTYPE=UTF-8
TMPDIR=/var/folders/70/bb10t5_x7ldbcry3y_6g_fsc0000gn/T/

Active Locale:
LC_ALL=C/UTF-8/C/C/C/C
LC_COLLATE=C
LC_CTYPE=UTF-8
LC_MESSAGES=C
LC_MONETARY=C
LC_NUMERIC=C
LC_TIME=C

Signal Handlers:
   SIGSEGV: crash_handler in libjvm.dylib, mask=11100110100111111111111111111111, flags=SA_RESTART|SA_SIGINFO, unblocked
    SIGBUS: crash_handler in libjvm.dylib, mask=11100110100111111111111111111111, flags=SA_RESTART|SA_SIGINFO, unblocked
    SIGFPE: crash_handler in libjvm.dylib, mask=11100110100111111111111111111111, flags=SA_RESTART|SA_SIGINFO, unblocked
   SIGPIPE: javaSignalHandler in libjvm.dylib, mask=11100110100111111111111111111111, flags=SA_RESTART|SA_SIGINFO, blocked
   SIGXFSZ: javaSignalHandler in libjvm.dylib, mask=11100110100111111111111111111111, flags=SA_RESTART|SA_SIGINFO, blocked
    SIGILL: crash_handler in libjvm.dylib, mask=11100110100111111111111111111111, flags=SA_RESTART|SA_SIGINFO, unblocked
   SIGUSR2: SR_handler in libjvm.dylib, mask=00100000000000000000000000000000, flags=SA_RESTART|SA_SIGINFO, blocked
    SIGHUP: UserHandler in libjvm.dylib, mask=11100110100111111111111111111111, flags=SA_RESTART|SA_SIGINFO, blocked
    SIGINT: SIG_IGN, mask=11111111011111110111111111111111, flags=none, blocked
   SIGTERM: UserHandler in libjvm.dylib, mask=11100110100111111111111111111111, flags=SA_RESTART|SA_SIGINFO, blocked
   SIGQUIT: UserHandler in libjvm.dylib, mask=11100110100111111111111111111111, flags=SA_RESTART|SA_SIGINFO, blocked
   SIGTRAP: crash_handler in libjvm.dylib, mask=11100110100111111111111111111111, flags=SA_RESTART|SA_SIGINFO, unblocked


Periodic native trim disabled


---------------  S Y S T E M  ---------------

OS:
uname: Darwin 22.1.0 Darwin Kernel Version 22.1.0: Sun Oct  9 20:15:09 PDT 2022; root:xnu-8792.41.9~2/RELEASE_ARM64_T6000 x86_64
OS uptime: 228 days 0:21 hours
rlimit (soft/hard): STACK 8176k/65520k , CORE 0k/infinity , NPROC 2666/4000 , NOFILE 10240/infinity , AS infinity/infinity , CPU infinity/infinity , DATA infinity/infinity , FSIZE infinity/infinity , MEMLOCK infinity/infinity , RSS infinity/infinity
load average: 3.04 1.57 1.19

CPU: (EMULATED) total 8 (initial active 8) (1 cores per cpu, 1 threads per core) family 6 model 44 stepping 0 microcode 0x0, cx8, cmov, fxsr, mmx, sse, sse2, sse3, ssse3, sse4.1, sse4.2, popcnt, tsc, tscinvbit, aes, clmul, clflush
machdep.cpu.brand_string:Apple M1 Pro
hw.cpufrequency:2400000000
hw.cpufrequency_min:2400000000
hw.cpufrequency_max:2400000000
hw.cachelinesize:64
hw.l1icachesize:131072
hw.l1dcachesize:65536
hw.l2cachesize:4194304

Memory: 4k page, physical 16777216k(13100k free), swap 2097152k(1368128k free)

vm_info: OpenJDK 64-Bit Server VM (17.0.9+9) for bsd-amd64 JRE (17.0.9+9), built on Oct 18 2023 08:05:15 by "admin" with clang Apple LLVM 12.0.0 (clang-1200.0.32.29)

END.
