#
# A fatal error has been detected by the Java Runtime Environment:
#
#  SIGSEGV (0xb) at pc=0x00007ff80c638489, pid=10595, tid=158631
#
# JRE version: OpenJDK Runtime Environment Temurin-17.0.9+9 (17.0.9+9) (build 17.0.9+9)
# Java VM: OpenJDK 64-Bit Server VM Temurin-17.0.9+9 (17.0.9+9, mixed mode, tiered, compressed oops, compressed class ptrs, g1 gc, bsd-amd64)
# Problematic frame:
# C  [libobjc.A.dylib+0xc489]  AutoreleasePoolPage::releaseUntil(objc_object**)+0x6b
#
# No core dump will be written. Core dumps have been disabled. To enable core dumping, try "ulimit -c unlimited" before starting Java again
#
# If you would like to submit a bug report, please visit:
#   https://github.com/adoptium/adoptium-support/issues
# The crash happened outside the Java Virtual Machine in native code.
# See problematic frame for where to report the bug.
#

---------------  S U M M A R Y ------------

Command Line: -Dfile.encoding=UTF-8 --module-path=/Users/anniexian/jMonkeyProjects/3D Gaming Project/build/classes mygame.Main

Host: "MacBookPro18,3" x86_64 (EMULATED) 2400 MHz, 10 cores, 16G, Darwin 23.5.0, macOS 14.5 (23F79)
Time: Tue Oct  1 15:18:57 2024 EDT elapsed time: 3.614903 seconds (0d 0h 0m 3s)

---------------  T H R E A D  ---------------

Current thread (0x00007fcef72d1600):  JavaThread "jME3 Main" [_thread_in_native, id=158631, stack(0x000000030b41d000,0x000000030b51d000)]

Stack: [0x000000030b41d000,0x000000030b51d000],  sp=0x000000030b51c6e0,  free space=1021k
Native frames: (J=compiled Java code, j=interpreted, Vv=VM code, C=native code)
C  [libobjc.A.dylib+0xc489]  AutoreleasePoolPage::releaseUntil(objc_object**)+0x6b
C  [libobjc.A.dylib+0x98b0]  objc_autoreleasePoolPop+0xeb
C  [CoreFoundation+0x3cdd1]  _CFAutoreleasePoolPop+0x16
C  [Foundation+0x30fba]  -[NSAutoreleasePool drain]+0x85
C  [liblwjgl.dylib+0xc0ef]  Java_org_lwjgl_opengl_MacOSXDisplay_nDestroyWindow+0x3f
j  org.lwjgl.opengl.MacOSXDisplay.nDestroyWindow(Ljava/nio/ByteBuffer;)V+0
j  org.lwjgl.opengl.MacOSXDisplay.destroyWindow()V+43
j  org.lwjgl.opengl.Display.destroyWindow()V+46
j  org.lwjgl.opengl.Display.setDisplayMode(Lorg/lwjgl/opengl/DisplayMode;)V+43
j  com.jme3.system.lwjgl.LwjglDisplay.createContext(Lcom/jme3/system/AppSettings;)V+333
j  com.jme3.system.lwjgl.LwjglAbstractDisplay.initInThread()Z+25
j  com.jme3.system.lwjgl.LwjglAbstractDisplay.run()V+36
j  java.lang.Thread.run()V+11 java.base@17.0.9
v  ~StubRoutines::call_stub
V  [libjvm.dylib+0x519d91]  JavaCalls::call_helper(JavaValue*, methodHandle const&, JavaCallArguments*, JavaThread*)+0x2a1
V  [libjvm.dylib+0x518e07]  JavaCalls::call_virtual(JavaValue*, Klass*, Symbol*, Symbol*, JavaCallArguments*, JavaThread*)+0x147
V  [libjvm.dylib+0x518ed3]  JavaCalls::call_virtual(JavaValue*, Handle, Klass*, Symbol*, Symbol*, JavaThread*)+0x63
V  [libjvm.dylib+0x5c5514]  thread_entry(JavaThread*, JavaThread*)+0xb4
V  [libjvm.dylib+0xa8c980]  JavaThread::thread_main_inner()+0x150
V  [libjvm.dylib+0xa8ad1f]  Thread::call_run()+0xcf
V  [libjvm.dylib+0x8a6688]  thread_native_entry(Thread*)+0x148
C  [libsystem_pthread.dylib+0x618b]  _pthread_start+0x63
C  [libsystem_pthread.dylib+0x1ae3]  thread_start+0xf

Java frames: (J=compiled Java code, j=interpreted, Vv=VM code)
j  org.lwjgl.opengl.MacOSXDisplay.nDestroyWindow(Ljava/nio/ByteBuffer;)V+0
j  org.lwjgl.opengl.MacOSXDisplay.destroyWindow()V+43
j  org.lwjgl.opengl.Display.destroyWindow()V+46
j  org.lwjgl.opengl.Display.setDisplayMode(Lorg/lwjgl/opengl/DisplayMode;)V+43
j  com.jme3.system.lwjgl.LwjglDisplay.createContext(Lcom/jme3/system/AppSettings;)V+333
j  com.jme3.system.lwjgl.LwjglAbstractDisplay.initInThread()Z+25
j  com.jme3.system.lwjgl.LwjglAbstractDisplay.run()V+36
j  java.lang.Thread.run()V+11 java.base@17.0.9
v  ~StubRoutines::call_stub

siginfo: si_signo: 11 (SIGSEGV), si_code: 1 (SEGV_MAPERR), si_addr: 0x0000000000000010

Registers:
RAX=0x00007fcf1713d038, RBX=0x00007fcf2a1a9000, RCX=0x00007fcf1713d038, RDX=0x0080000000000000
RSP=0x000000030b51c6e0, RBP=0x000000030b51c710, RSI=0x0100000000000000, RDI=0x0000000000000000
R8 =0x011dfff84fdd9021, R9 =0x00000000a9f3718b, R10=0x00007ff84fddeb80, R11=0x00007ff80d9c2f35
R12=0xa3a3a3a3a3a3a3a3, R13=0x0000000000000000, R14=0x00007fcf2a1a9038, R15=0x000060000174d120
RIP=0x00007ff80c638489, EFLAGS=0x0000000000000247, ERR=0x0000000000000004
  TRAPNO=0x000000000000000e


Register to memory mapping:

RAX=0x00007fcf1713d038 points into unknown readable memory: 0xa3a3a3a3a3a3a3a3 | a3 a3 a3 a3 a3 a3 a3 a3
RBX=0x00007fcf2a1a9000 points into unknown readable memory: 0x4f545541a1a1a1a1 | a1 a1 a1 a1 41 55 54 4f
RCX=0x00007fcf1713d038 points into unknown readable memory: 0xa3a3a3a3a3a3a3a3 | a3 a3 a3 a3 a3 a3 a3 a3
RDX=0x0080000000000000 is an unknown value
RSP=0x000000030b51c6e0 is pointing into the stack for thread: 0x00007fcef72d1600
RBP=0x000000030b51c710 is pointing into the stack for thread: 0x00007fcef72d1600
RSI=0x0100000000000000 is an unknown value
RDI=0x0 is NULL
R8 =0x011dfff84fdd9021 is an unknown value
R9 =0x00000000a9f3718b is an unknown value
R10=0x00007ff84fddeb80: OBJC_CLASS_$_NSAutoreleasePool+0 in /System/Library/Frameworks/Foundation.framework/Versions/C/Foundation at 0x00007ff80d992000
R11=0x00007ff80d9c2f35: -[NSAutoreleasePool drain]+0 in /System/Library/Frameworks/Foundation.framework/Versions/C/Foundation at 0x00007ff80d992000
R12=0xa3a3a3a3a3a3a3a3 is an unknown value
R13=0x0 is NULL
R14=0x00007fcf2a1a9038 points into unknown readable memory: 0x0000000000000000 | 00 00 00 00 00 00 00 00
R15=0x000060000174d120 points into unknown readable memory: 0x011dfff84fdd9021 | 21 90 dd 4f f8 ff 1d 01


Top of Stack: (sp=0x000000030b51c6e0)
0x000000030b51c6e0:   381c9faea7df00aa 00007fcf2a1a9038
0x000000030b51c6f0:   0000000000000000 0000000131206908
0x000000030b51c700:   00007fcf2a1a9000 00007fcef72d1600
0x000000030b51c710:   000000030b51c730 00007ff80c6358b0
0x000000030b51c720:   00007fcf2a1a9038 00007ff82c5c217b
0x000000030b51c730:   000000030b51c750 00007ff80ca9ddd1
0x000000030b51c740:   381c9faea7df00aa 00006000019f90b0
0x000000030b51c750:   000000030b51c790 00007ff80d9c2fba
0x000000030b51c760:   000000030b51c790 00007ff80caa1244
0x000000030b51c770:   381c9faea7df00aa 0000000131206908
0x000000030b51c780:   000000030b51c838 00007fcef72d1600
0x000000030b51c790:   000000030b51c7a0 00000001717830ef
0x000000030b51c7a0:   000000030b51c810 000000011d8b1365
0x000000030b51c7b0:   000000030b51c810 000000011d8b10fb
0x000000030b51c7c0:   000000011d8b10b6 000000030b51c7c8
0x000000030b51c7d0:   0000000131206908 000000030b51c838
0x000000030b51c7e0:   000000013120c990 0000000000000000
0x000000030b51c7f0:   0000000700600e10 0000000131206908
0x000000030b51c800:   0000000000000000 000000030b51c830
0x000000030b51c810:   000000030b51c888 000000011d8ad42b
0x000000030b51c820:   0000000000000000 000000011d8aef18
0x000000030b51c830:   000000070067ab80 00000007006007c8
0x000000030b51c840:   000000030b51c840 00000001312069cb
0x000000030b51c850:   000000030b51c8b0 000000013120c990
0x000000030b51c860:   0000000000000000 0000000700600e10
0x000000030b51c870:   0000000131206a10 000000030b51c830
0x000000030b51c880:   000000030b51c8b0 000000030b51c900
0x000000030b51c890:   000000011d8ad88f 0000000000000000
0x000000030b51c8a0:   0000000000000000 0000000000000000
0x000000030b51c8b0:   00000007006007c8 000000030b51c8b8
0x000000030b51c8c0:   0000000131137276 000000030b51c908
0x000000030b51c8d0:   0000000131202330 0000000000000000 

Instructions: (pc=0x00007ff80c638489)
0x00007ff80c638389:   44 8d 2c 09 41 83 c5 2b 4c 89 f7 e8 e7 25 01 00
0x00007ff80c638399:   4d 85 ff 48 8d 0d b9 e6 02 00 49 0f 45 cf 48 8d
0x00007ff80c6383a9:   3d 66 d0 02 00 44 89 ee 48 89 c2 49 89 d8 31 c0
0x00007ff80c6383b9:   e8 52 10 02 00 e9 13 fe ff ff 48 89 df e8 b5 25
0x00007ff80c6383c9:   01 00 48 8d 3d de d0 02 00 48 89 c6 48 89 da 31
0x00007ff80c6383d9:   c0 e8 23 0e 02 00 0f 0b 48 89 c3 65 8b 04 25 18
0x00007ff80c6383e9:   00 00 00 31 c9 f0 0f b1 0d 0a 42 a5 41 74 0c 48
0x00007ff80c6383f9:   8d 3d 01 42 a5 41 e8 62 23 02 00 48 89 df e8 7a
0x00007ff80c638409:   21 02 00 90 90 90 90 90 90 90 90 90 90 90 31 c0
0x00007ff80c638419:   c3 90 90 90 90 55 48 89 e5 41 57 41 56 41 55 41
0x00007ff80c638429:   54 53 50 49 89 f6 48 89 fb 49 bc a3 a3 a3 a3 a3
0x00007ff80c638439:   a3 a3 a3 4c 39 73 10 0f 84 9b 00 00 00 65 48 8b
0x00007ff80c638449:   3c 25 58 01 00 00 48 85 ff 74 35 48 83 ff 01 75
0x00007ff80c638459:   04 31 ff eb 2b 81 3f a1 a1 a1 a1 74 23 e9 c3 00
0x00007ff80c638469:   00 00 48 8b 7f 20 48 85 ff 74 0c 81 3f a1 a1 a1
0x00007ff80c638479:   a1 0f 85 ae 00 00 00 65 48 89 3c 25 58 01 00 00
0x00007ff80c638489:   48 8b 47 10 48 8d 4f 38 48 39 c8 74 d5 48 8d 48
0x00007ff80c638499:   f8 48 89 4f 10 48 8b 48 f8 49 89 cf 4c 89 60 f8
0x00007ff80c6384a9:   48 b8 ff ff ff ff ff ff 00 0f 49 21 c7 74 84 48
0x00007ff80c6384b9:   89 c8 48 c1 e8 2c 25 f0 0f 00 00 48 c1 e9 3c 44
0x00007ff80c6384c9:   8d 2c 08 41 ff c5 4c 89 ff e8 6b 22 02 00 41 ff
0x00007ff80c6384d9:   cd 75 f3 e9 5b ff ff ff 65 48 8b 3c 25 60 01 00
0x00007ff80c6384e9:   00 48 83 e7 fc 74 1e 31 c0 65 48 89 04 25 60 01
0x00007ff80c6384f9:   00 00 65 48 89 04 25 68 01 00 00 e8 39 22 02 00
0x00007ff80c638509:   e9 2e ff ff ff 81 3b a1 a1 a1 a1 75 1d 65 48 89
0x00007ff80c638519:   1c 25 58 01 00 00 48 83 c4 08 5b 41 5c 41 5d 41
0x00007ff80c638529:   5e 41 5f 5d c3 e8 65 19 02 00 48 89 df e8 5d 19
0x00007ff80c638539:   02 00 90 55 48 89 e5 53 50 48 89 d3 48 8b 35 74
0x00007ff80c638549:   d5 f8 3f ff 15 be bd f8 3f 48 85 c0 0f 94 c1 74
0x00007ff80c638559:   0b 48 39 d8 74 06 48 8b 40 08 eb ed 80 f1 01 0f
0x00007ff80c638569:   b6 c1 48 83 c4 08 5b 5d c3 90 90 90 90 90 90 48
0x00007ff80c638579:   85 ff 74 0a be 01 00 00 00 e9 81 cd 00 00 48 8d 


Stack slot to memory mapping:
stack at sp + 0 slots: 0x381c9faea7df00aa is an unknown value
stack at sp + 1 slots: 0x00007fcf2a1a9038 points into unknown readable memory: 0x0000000000000000 | 00 00 00 00 00 00 00 00
stack at sp + 2 slots: 0x0 is NULL
stack at sp + 3 slots: {method} {0x0000000131206908} 'nDestroyWindow' '(Ljava/nio/ByteBuffer;)V' in 'org/lwjgl/opengl/MacOSXDisplay'
stack at sp + 4 slots: 0x00007fcf2a1a9000 points into unknown readable memory: 0x4f545541a1a1a1a1 | a1 a1 a1 a1 41 55 54 4f
stack at sp + 5 slots: 0x00007fcef72d1600 is a thread
stack at sp + 6 slots: 0x000000030b51c730 is pointing into the stack for thread: 0x00007fcef72d1600
stack at sp + 7 slots: 0x00007ff80c6358b0: objc_autoreleasePoolPop+0xeb in /usr/lib/libobjc.A.dylib at 0x00007ff80c62c000


---------------  P R O C E S S  ---------------

Threads class SMR info:
_java_thread_list=0x0000600001770f00, length=22, elements={
0x00007fcf2880b600, 0x00007fcf2880a200, 0x00007fcef7021800, 0x00007fcf2880bc00,
0x00007fcf290e6a00, 0x00007fcf290e7000, 0x00007fcf290e7600, 0x00007fcef702c000,
0x00007fcef705c600, 0x00007fcf2a027e00, 0x00007fcf2880b000, 0x00007fcf288c2800,
0x00007fcf288cd800, 0x00007fcef702ba00, 0x00007fcf28915400, 0x00007fcef7029e00,
0x00007fcf27072000, 0x00007fcf29301a00, 0x00007fcef7089a00, 0x00007fcf1711d200,
0x00007fcef72d1600, 0x00007fcf29990e00
}

Java Threads: ( => current thread )
  0x00007fcf2880b600 JavaThread "Reference Handler" daemon [_thread_blocked, id=32011, stack(0x0000000308fe8000,0x00000003090e8000)]
  0x00007fcf2880a200 JavaThread "Finalizer" daemon [_thread_blocked, id=22787, stack(0x00000003090eb000,0x00000003091eb000)]
  0x00007fcef7021800 JavaThread "Signal Dispatcher" daemon [_thread_blocked, id=24579, stack(0x00000003092ff000,0x00000003093ff000)]
  0x00007fcf2880bc00 JavaThread "Service Thread" daemon [_thread_blocked, id=24835, stack(0x0000000309402000,0x0000000309502000)]
  0x00007fcf290e6a00 JavaThread "Monitor Deflation Thread" daemon [_thread_blocked, id=28419, stack(0x0000000309505000,0x0000000309605000)]
  0x00007fcf290e7000 JavaThread "C2 CompilerThread0" daemon [_thread_blocked, id=25091, stack(0x0000000309608000,0x0000000309708000)]
  0x00007fcf290e7600 JavaThread "C1 CompilerThread0" daemon [_thread_blocked, id=25347, stack(0x000000030970b000,0x000000030980b000)]
  0x00007fcef702c000 JavaThread "Sweeper thread" daemon [_thread_blocked, id=27395, stack(0x000000030980e000,0x000000030990e000)]
  0x00007fcef705c600 JavaThread "Common-Cleaner" daemon [_thread_blocked, id=26887, stack(0x0000000309911000,0x0000000309a11000)]
  0x00007fcf2a027e00 JavaThread "Notification Thread" daemon [_thread_blocked, id=43423, stack(0x0000000309a14000,0x0000000309b14000)]
  0x00007fcf2880b000 JavaThread "Unknown thread" [_thread_blocked, id=259, stack(0x0000000308050000,0x0000000308850000)]
  0x00007fcf288c2800 
[error occurred during error reporting (printing all threads), id 0xb, SIGSEGV (0xb) at pc=0x000000010c143b84]

VM state: at safepoint (normal execution)

VM Mutex/Monitor currently owned by a thread:  ([mutex/lock_event])
[0x00006000039a9700] Threads_lock - owner thread: 0x00007fcf27b0bd50
[0x00006000039a9c80] Heap_lock - owner thread: 0x00007fcf288cd800

Heap address: 0x0000000700000000, size: 4096 MB, Compressed Oops mode: Zero based, Oop shift amount: 3

CDS archive(s) not mapped
Compressed class space mapped at: 0x0000000800000000-0x0000000840000000, reserved size: 1073741824
Narrow klass base: 0x0000000800000000, Narrow klass shift: 0, Narrow klass range: 0x40000000

GC Precious Log:
 CPUs: 10 total, 10 available
 Memory: 16384M
 Large Page Support: Disabled
 NUMA Support: Disabled
 Compressed Oops: Enabled (Zero based)
 Heap Region Size: 2M
 Heap Min Capacity: 8M
 Heap Initial Capacity: 256M
 Heap Max Capacity: 4G
 Pre-touch: Disabled
 Parallel Workers: 9
 Concurrent Workers: 2
 Concurrent Refinement Workers: 9
 Periodic GC: Disabled

Heap:
 garbage-first heap   total 145408K, used 58450K [0x0000000700000000, 0x0000000800000000)
  region size 2048K, 7 young (14336K), 1 survivors (2048K)
 Metaspace       used 25733K, committed 25984K, reserved 1114112K
  class space    used 2588K, committed 2688K, reserved 1048576K

Heap Regions: E=young(eden), S=young(survivor), O=old, HS=humongous(starts), HC=humongous(continues), CS=collection set, F=free, OA=open archive, CA=closed archive, TAMS=top-at-mark-start (previous, next)
|   0|0x0000000700000000, 0x0000000700200000, 0x0000000700200000|100%|HS|  |TAMS 0x0000000700200000, 0x0000000700000000| Untracked 
|   1|0x0000000700200000, 0x00000007003fffc8, 0x0000000700400000| 99%| O|  |TAMS 0x00000007003fffc8, 0x0000000700200000| Untracked 
|   2|0x0000000700400000, 0x000000070055c330, 0x0000000700600000| 68%| O|  |TAMS 0x0000000700400000, 0x0000000700400000| Untracked 
|   3|0x0000000700600000, 0x00000007007d3420, 0x0000000700800000| 91%| O|  |TAMS 0x0000000700600000, 0x0000000700600000| Untracked 
|   4|0x0000000700800000, 0x00000007008a7c58, 0x0000000700a00000| 32%| F|  |TAMS 0x0000000700800000, 0x0000000700800000| Untracked 
|   5|0x0000000700a00000, 0x0000000700b40f60, 0x0000000700c00000| 62%| F|  |TAMS 0x0000000700a00000, 0x0000000700a00000| Untracked 
|   6|0x0000000700c00000, 0x0000000700c00000, 0x0000000700e00000|  0%| F|  |TAMS 0x0000000700c00000, 0x0000000700c00000| Untracked 
|   7|0x0000000700e00000, 0x0000000700e00000, 0x0000000701000000|  0%| F|  |TAMS 0x0000000700e00000, 0x0000000700e00000| Untracked 
|   8|0x0000000701000000, 0x0000000701000000, 0x0000000701200000|  0%| F|  |TAMS 0x0000000701000000, 0x0000000701000000| Untracked 
|   9|0x0000000701200000, 0x0000000701200000, 0x0000000701400000|  0%| O|  |TAMS 0x0000000701200000, 0x0000000701200000| Untracked 
|  10|0x0000000701400000, 0x0000000701400000, 0x0000000701600000|  0%| F|  |TAMS 0x0000000701400000, 0x0000000701400000| Untracked 
|  11|0x0000000701600000, 0x0000000701600000, 0x0000000701800000|  0%| F|  |TAMS 0x0000000701600000, 0x0000000701600000| Untracked 
|  12|0x0000000701800000, 0x0000000701800000, 0x0000000701a00000|  0%| F|  |TAMS 0x0000000701800000, 0x0000000701800000| Untracked 
|  13|0x0000000701a00000, 0x0000000701a00000, 0x0000000701c00000|  0%| F|  |TAMS 0x0000000701a00000, 0x0000000701a00000| Untracked 
|  14|0x0000000701c00000, 0x0000000701c00000, 0x0000000701e00000|  0%| F|  |TAMS 0x0000000701c00000, 0x0000000701c00000| Untracked 
|  15|0x0000000701e00000, 0x0000000701e00000, 0x0000000702000000|  0%| F|  |TAMS 0x0000000701e00000, 0x0000000701e00000| Untracked 
|  16|0x0000000702000000, 0x0000000702000000, 0x0000000702200000|  0%| F|  |TAMS 0x0000000702000000, 0x0000000702000000| Untracked 
|  17|0x0000000702200000, 0x0000000702200000, 0x0000000702400000|  0%| F|  |TAMS 0x0000000702200000, 0x0000000702200000| Untracked 
|  18|0x0000000702400000, 0x0000000702400000, 0x0000000702600000|  0%| F|  |TAMS 0x0000000702400000, 0x0000000702400000| Untracked 
|  19|0x0000000702600000, 0x0000000702600000, 0x0000000702800000|  0%| F|  |TAMS 0x0000000702600000, 0x0000000702600000| Untracked 
|  20|0x0000000702800000, 0x0000000702800000, 0x0000000702a00000|  0%| F|  |TAMS 0x0000000702800000, 0x0000000702800000| Untracked 
|  21|0x0000000702a00000, 0x0000000702a00000, 0x0000000702c00000|  0%| F|  |TAMS 0x0000000702a00000, 0x0000000702a00000| Untracked 
|  22|0x0000000702c00000, 0x0000000702c00000, 0x0000000702e00000|  0%| F|  |TAMS 0x0000000702c00000, 0x0000000702c00000| Untracked 
|  23|0x0000000702e00000, 0x0000000702e61c88, 0x0000000703000000| 19%| F|  |TAMS 0x0000000702e00000, 0x0000000702e00000| Untracked 
|  24|0x0000000703000000, 0x0000000703000000, 0x0000000703200000|  0%| F|  |TAMS 0x0000000703000000, 0x0000000703000000| Untracked 
|  25|0x0000000703200000, 0x0000000703200000, 0x0000000703400000|  0%| F|  |TAMS 0x0000000703200000, 0x0000000703200000| Untracked 
|  26|0x0000000703400000, 0x0000000703400000, 0x0000000703600000|  0%| F|  |TAMS 0x0000000703400000, 0x0000000703400000| Untracked 
|  27|0x0000000703600000, 0x0000000703600000, 0x0000000703800000|  0%| F|  |TAMS 0x0000000703600000, 0x0000000703600000| Untracked 

Card table byte_map: [0x000000010b581000,0x000000010bd81000] _byte_map_base: 0x0000000107d81000

Marking Bits (Prev, Next): (CMBitMap*) 0x00007fcf2901e650, (CMBitMap*) 0x00007fcf2901e610
 Prev Bits: [0x0000000129b6d000, 0x000000012db6d000)
 Next Bits: [0x0000000125b6d000, 0x0000000129b6d000)

Polling page: 0x0000000102309000

Metaspace:

Usage:
  Non-class:     22.60 MB used.
      Class:      2.53 MB used.
       Both:     25.13 MB used.

Virtual space:
  Non-class space:       64.00 MB reserved,      22.75 MB ( 36%) committed,  1 nodes.
      Class space:        1.00 GB reserved,       2.62 MB ( <1%) committed,  1 nodes.
             Both:        1.06 GB reserved,      25.38 MB (  2%) committed. 

Chunk freelists:
   Non-Class:  9.23 MB
       Class:  13.39 MB
        Both:  22.63 MB

MaxMetaspaceSize: unlimited
CompressedClassSpaceSize: 1.00 GB
Initial GC threshold: 21.00 MB
Current GC threshold: 30.44 MB
CDS: off
MetaspaceReclaimPolicy: balanced
 - commit_granule_bytes: 65536.
 - commit_granule_words: 8192.
 - virtual_space_node_default_size: 8388608.
 - enlarge_chunks_in_place: 1.
 - new_chunks_are_fully_committed: 0.
 - uncommit_free_chunks: 1.
 - use_allocation_guard: 0.
 - handle_deallocations: 1.


Internal statistics:

num_allocs_failed_limit: 0.
num_arena_births: 208.
num_arena_deaths: 2.
num_vsnodes_births: 2.
num_vsnodes_deaths: 0.
num_space_committed: 404.
num_space_uncommitted: 0.
num_chunks_returned_to_freelist: 3.
num_chunks_taken_from_freelist: 478.
num_chunk_merges: 0.
num_chunk_splits: 305.
num_chunks_enlarged: 195.
num_inconsistent_stats: 0.

CodeHeap 'non-profiled nmethods': size=120028Kb used=807Kb max_used=807Kb free=119220Kb
 bounds [0x000000011de36000, 0x000000011e0a6000, 0x000000012536d000]
CodeHeap 'profiled nmethods': size=120028Kb used=4699Kb max_used=4699Kb free=115328Kb
 bounds [0x000000011636d000, 0x000000011680d000, 0x000000011d8a4000]
CodeHeap 'non-nmethods': size=5704Kb used=1424Kb max_used=1443Kb free=4279Kb
 bounds [0x000000011d8a4000, 0x000000011db14000, 0x000000011de36000]
 total_blobs=3369 nmethods=2569 adapters=714
 compilation: enabled
              stopped_count=0, restarted_count=0
 full_count=0

Compilation events (20 events):
Event: 3.579 Thread 0x00007fcf290e7000 2562       4       java.lang.String::<init> (15 bytes)
Event: 3.579 Thread 0x00007fcf290e7600 nmethod 2560 0x00000001167fd610 code [0x00000001167fd920, 0x00000001167ff580]
Event: 3.579 Thread 0x00007fcf290e7600 2561       3       jdk.internal.loader.BuiltinClassLoader::hasClassPath (13 bytes)
Event: 3.579 Thread 0x00007fcf290e7600 nmethod 2561 0x00000001167ff890 code [0x00000001167ffa20, 0x00000001167ffb90]
Event: 3.580 Thread 0x00007fcf290e7600 2563       3       java.util.Calendar::internalSet (8 bytes)
Event: 3.580 Thread 0x00007fcf290e7600 nmethod 2563 0x00000001167ffc10 code [0x00000001167ffda0, 0x00000001167ffed0]
Event: 3.580 Thread 0x00007fcf290e7000 nmethod 2562 0x000000011deff390 code [0x000000011deff500, 0x000000011deff658]
Event: 3.588 Thread 0x00007fcf290e7000 2564   !   4       java.nio.DirectByteBuffer::put (37 bytes)
Event: 3.589 Thread 0x00007fcf290e7000 nmethod 2564 0x000000011deff710 code [0x000000011deff8a0, 0x000000011deff998]
Event: 3.589 Thread 0x00007fcf290e7600 2565       3       java.awt.Component::hasFocus (16 bytes)
Event: 3.590 Thread 0x00007fcf290e7600 nmethod 2565 0x00000001167fff90 code [0x0000000116800160, 0x0000000116800440]
Event: 3.590 Thread 0x00007fcf290e7600 2566       3       java.awt.AWTEventMulticaster::removeInternal (29 bytes)
Event: 3.590 Thread 0x00007fcf290e7600 nmethod 2566 0x0000000116800590 code [0x0000000116800760, 0x0000000116800c00]
Event: 3.590 Thread 0x00007fcf290e7600 2567       3       java.awt.AWTEventMulticaster::remove (68 bytes)
Event: 3.590 Thread 0x00007fcf290e7600 nmethod 2567 0x0000000116800d10 code [0x0000000116800f60, 0x0000000116801cd0]
Event: 3.590 Thread 0x00007fcf290e7600 2568       1       java.awt.Window::getTemporaryLostComponent (5 bytes)
Event: 3.590 Thread 0x00007fcf290e7600 nmethod 2568 0x000000011deffb10 code [0x000000011deffca0, 0x000000011deffd70]
Event: 3.591 Thread 0x00007fcf290e7600 2569       3       com.jme3.renderer.opengl.GLRenderer::renderMeshDefault (242 bytes)
Event: 3.592 Thread 0x00007fcf290e7600 nmethod 2569 0x0000000116801f10 code [0x0000000116802200, 0x0000000116803670]
Event: 3.592 Thread 0x00007fcf290e7600 2570       3       java.lang.Long::hashCode (8 bytes)

GC Heap History (19 events):
Event: 2.365 GC heap before
{Heap before GC invocations=0 (full 0):
 garbage-first heap   total 262144K, used 14336K [0x0000000700000000, 0x0000000800000000)
  region size 2048K, 7 young (14336K), 0 survivors (0K)
 Metaspace       used 18488K, committed 18688K, reserved 1114112K
  class space    used 2018K, committed 2112K, reserved 1048576K
}
Event: 2.383 GC heap after
{Heap after GC invocations=1 (full 1):
 garbage-first heap   total 49152K, used 6063K [0x0000000700000000, 0x0000000800000000)
  region size 2048K, 0 young (0K), 0 survivors (0K)
 Metaspace       used 18486K, committed 18688K, reserved 1114112K
  class space    used 2018K, committed 2112K, reserved 1048576K
}
Event: 2.385 GC heap before
{Heap before GC invocations=1 (full 1):
 garbage-first heap   total 49152K, used 6063K [0x0000000700000000, 0x0000000800000000)
  region size 2048K, 1 young (2048K), 0 survivors (0K)
 Metaspace       used 18486K, committed 18688K, reserved 1114112K
  class space    used 2018K, committed 2112K, reserved 1048576K
}
Event: 2.391 GC heap after
{Heap after GC invocations=2 (full 2):
 garbage-first heap   total 28672K, used 6063K [0x0000000700000000, 0x0000000800000000)
  region size 2048K, 0 young (0K), 0 survivors (0K)
 Metaspace       used 18486K, committed 18688K, reserved 1114112K
  class space    used 2018K, committed 2112K, reserved 1048576K
}
Event: 2.711 GC heap before
{Heap before GC invocations=2 (full 2):
 garbage-first heap   total 28672K, used 10159K [0x0000000700000000, 0x0000000800000000)
  region size 2048K, 3 young (6144K), 0 survivors (0K)
 Metaspace       used 21536K, committed 21760K, reserved 1114112K
  class space    used 2242K, committed 2304K, reserved 1048576K
}
Event: 2.717 GC heap after
{Heap after GC invocations=3 (full 2):
 garbage-first heap   total 28672K, used 8140K [0x0000000700000000, 0x0000000800000000)
  region size 2048K, 1 young (2048K), 1 survivors (2048K)
 Metaspace       used 21536K, committed 21760K, reserved 1114112K
  class space    used 2242K, committed 2304K, reserved 1048576K
}
Event: 2.812 GC heap before
{Heap before GC invocations=3 (full 2):
 garbage-first heap   total 28672K, used 10188K [0x0000000700000000, 0x0000000800000000)
  region size 2048K, 2 young (4096K), 1 survivors (2048K)
 Metaspace       used 22452K, committed 22656K, reserved 1114112K
  class space    used 2304K, committed 2368K, reserved 1048576K
}
Event: 2.815 GC heap after
{Heap after GC invocations=4 (full 2):
 garbage-first heap   total 28672K, used 8497K [0x0000000700000000, 0x0000000800000000)
  region size 2048K, 1 young (2048K), 1 survivors (2048K)
 Metaspace       used 22452K, committed 22656K, reserved 1114112K
  class space    used 2304K, committed 2368K, reserved 1048576K
}
Event: 3.039 GC heap before
{Heap before GC invocations=4 (full 2):
 garbage-first heap   total 28672K, used 12593K [0x0000000700000000, 0x0000000800000000)
  region size 2048K, 3 young (6144K), 1 survivors (2048K)
 Metaspace       used 24214K, committed 24448K, reserved 1114112K
  class space    used 2469K, committed 2560K, reserved 1048576K
}
Event: 3.040 GC heap after
{Heap after GC invocations=5 (full 2):
 garbage-first heap   total 28672K, used 8723K [0x0000000700000000, 0x0000000800000000)
  region size 2048K, 1 young (2048K), 1 survivors (2048K)
 Metaspace       used 24214K, committed 24448K, reserved 1114112K
  class space    used 2469K, committed 2560K, reserved 1048576K
}
Event: 3.089 GC heap before
{Heap before GC invocations=5 (full 2):
 garbage-first heap   total 28672K, used 10771K [0x0000000700000000, 0x0000000800000000)
  region size 2048K, 3 young (6144K), 1 survivors (2048K)
 Metaspace       used 24614K, committed 24832K, reserved 1114112K
  class space    used 2510K, committed 2624K, reserved 1048576K
}
Event: 3.091 GC heap after
{Heap after GC invocations=6 (full 2):
 garbage-first heap   total 28672K, used 10877K [0x0000000700000000, 0x0000000800000000)
  region size 2048K, 1 young (2048K), 1 survivors (2048K)
 Metaspace       used 24614K, committed 24832K, reserved 1114112K
  class space    used 2510K, committed 2624K, reserved 1048576K
}
Event: 3.094 GC heap before
{Heap before GC invocations=6 (full 2):
 garbage-first heap   total 28672K, used 14973K [0x0000000700000000, 0x0000000800000000)
  region size 2048K, 1 young (2048K), 1 survivors (2048K)
 Metaspace       used 24614K, committed 24832K, reserved 1114112K
  class space    used 2510K, committed 2624K, reserved 1048576K
}
Event: 3.095 GC heap after
{Heap after GC invocations=7 (full 2):
 garbage-first heap   total 145408K, used 12951K [0x0000000700000000, 0x0000000800000000)
  region size 2048K, 1 young (2048K), 1 survivors (2048K)
 Metaspace       used 24614K, committed 24832K, reserved 1114112K
  class space    used 2510K, committed 2624K, reserved 1048576K
}
Event: 3.228 GC heap before
{Heap before GC invocations=7 (full 2):
 garbage-first heap   total 145408K, used 62103K [0x0000000700000000, 0x0000000800000000)
  region size 2048K, 4 young (8192K), 1 survivors (2048K)
 Metaspace       used 24996K, committed 25280K, reserved 1114112K
  class space    used 2538K, committed 2688K, reserved 1048576K
}
Event: 3.232 GC heap after
{Heap after GC invocations=8 (full 2):
 garbage-first heap   total 145408K, used 27637K [0x0000000700000000, 0x0000000800000000)
  region size 2048K, 1 young (2048K), 1 survivors (2048K)
 Metaspace       used 24996K, committed 25280K, reserved 1114112K
  class space    used 2538K, committed 2688K, reserved 1048576K
}
Event: 3.250 GC heap before
{Heap before GC invocations=8 (full 2):
 garbage-first heap   total 145408K, used 60405K [0x0000000700000000, 0x0000000800000000)
  region size 2048K, 2 young (4096K), 1 survivors (2048K)
 Metaspace       used 24997K, committed 25280K, reserved 1114112K
  class space    used 2538K, committed 2688K, reserved 1048576K
}
Event: 3.252 GC heap after
{Heap after GC invocations=9 (full 2):
 garbage-first heap   total 145408K, used 19536K [0x0000000700000000, 0x0000000800000000)
  region size 2048K, 1 young (2048K), 1 survivors (2048K)
 Metaspace       used 24997K, committed 25280K, reserved 1114112K
  class space    used 2538K, committed 2688K, reserved 1048576K
}
Event: 3.593 GC heap before
{Heap before GC invocations=9 (full 2):
 garbage-first heap   total 145408K, used 58448K [0x0000000700000000, 0x0000000800000000)
  region size 2048K, 7 young (14336K), 1 survivors (2048K)
 Metaspace       used 25733K, committed 25984K, reserved 1114112K
  class space    used 2588K, committed 2688K, reserved 1048576K
}

Dll operation events (11 events):
Event: 0.007 Loaded shared library /Applications/jmonkeyplatform.app/Contents/Resources/jmonkeyplatform/jdk/lib/libjava.dylib
Event: 0.057 Loaded shared library /Applications/jmonkeyplatform.app/Contents/Resources/jmonkeyplatform/jdk/lib/libnio.dylib
Event: 0.178 Loaded shared library /Applications/jmonkeyplatform.app/Contents/Resources/jmonkeyplatform/jdk/lib/libzip.dylib
Event: 0.235 Loaded shared library /Applications/jmonkeyplatform.app/Contents/Resources/jmonkeyplatform/jdk/lib/libjimage.dylib
Event: 0.311 Loaded shared library /Applications/jmonkeyplatform.app/Contents/Resources/jmonkeyplatform/jdk/lib/libawt.dylib
Event: 0.315 Loaded shared library /Applications/jmonkeyplatform.app/Contents/Resources/jmonkeyplatform/jdk/lib/libawt_lwawt.dylib
Event: 0.368 Loaded shared library /Applications/jmonkeyplatform.app/Contents/Resources/jmonkeyplatform/jdk/lib/libfontmanager.dylib
Event: 0.650 Loaded shared library /Applications/jmonkeyplatform.app/Contents/Resources/jmonkeyplatform/jdk/lib/libosxui.dylib
Event: 0.737 Loaded shared library /Applications/jmonkeyplatform.app/Contents/Resources/jmonkeyplatform/jdk/lib/libprefs.dylib
Event: 2.584 Loaded shared library /Users/anniexian/jMonkeyProjects/3D Gaming Project/libopenal.dylib
Event: 2.597 Loaded shared library /Users/anniexian/jMonkeyProjects/3D Gaming Project/liblwjgl.dylib

Deoptimization events (20 events):
Event: 3.405 Thread 0x00007fcef7089a00 DEOPT PACKING pc=0x000000011de9bfa8 sp=0x000000030b0071f0
Event: 3.405 Thread 0x00007fcef7089a00 DEOPT UNPACKING pc=0x000000011d8fa693 sp=0x000000030b007128 mode 2
Event: 3.425 Thread 0x00007fcef7089a00 Uncommon trap: trap_request=0xffffffde fr.pc=0x000000011de9bfa8 relative=0x0000000000000a08
Event: 3.425 Thread 0x00007fcef7089a00 Uncommon trap: reason=class_check action=maybe_recompile pc=0x000000011de9bfa8 method=java.util.HashMap.putVal(ILjava/lang/Object;Ljava/lang/Object;ZZ)Ljava/lang/Object; @ 91 c2
Event: 3.425 Thread 0x00007fcef7089a00 DEOPT PACKING pc=0x000000011de9bfa8 sp=0x000000030b0071d0
Event: 3.425 Thread 0x00007fcef7089a00 DEOPT UNPACKING pc=0x000000011d8fa693 sp=0x000000030b007108 mode 2
Event: 3.434 Thread 0x00007fcf288cd800 Uncommon trap: trap_request=0xffffffc6 fr.pc=0x000000011de75e80 relative=0x00000000000002c0
Event: 3.434 Thread 0x00007fcf288cd800 Uncommon trap: reason=bimorphic_or_optimized_type_check action=maybe_recompile pc=0x000000011de75e80 method=java.util.HashMap.getNode(Ljava/lang/Object;)Ljava/util/HashMap$Node; @ 128 c2
Event: 3.434 Thread 0x00007fcf288cd800 DEOPT PACKING pc=0x000000011de75e80 sp=0x000000030a147e00
Event: 3.434 Thread 0x00007fcf288cd800 DEOPT UNPACKING pc=0x000000011d8fa693 sp=0x000000030a147d98 mode 2
Event: 3.439 Thread 0x00007fcef7089a00 Uncommon trap: trap_request=0xffffffc6 fr.pc=0x000000011de76cac relative=0x00000000000002ec
Event: 3.439 Thread 0x00007fcef7089a00 Uncommon trap: reason=bimorphic_or_optimized_type_check action=maybe_recompile pc=0x000000011de76cac method=java.util.HashMap.getNode(Ljava/lang/Object;)Ljava/util/HashMap$Node; @ 128 c2
Event: 3.439 Thread 0x00007fcef7089a00 DEOPT PACKING pc=0x000000011de76cac sp=0x000000030b007280
Event: 3.439 Thread 0x00007fcef7089a00 DEOPT UNPACKING pc=0x000000011d8fa693 sp=0x000000030b0071a8 mode 2
Event: 3.439 Thread 0x00007fcef7089a00 Uncommon trap: trap_request=0xffffffde fr.pc=0x000000011de9bfa8 relative=0x0000000000000a08
Event: 3.439 Thread 0x00007fcef7089a00 Uncommon trap: reason=class_check action=maybe_recompile pc=0x000000011de9bfa8 method=java.util.HashMap.putVal(ILjava/lang/Object;Ljava/lang/Object;ZZ)Ljava/lang/Object; @ 91 c2
Event: 3.439 Thread 0x00007fcef7089a00 DEOPT PACKING pc=0x000000011de9bfa8 sp=0x000000030b0071f0
Event: 3.439 Thread 0x00007fcef7089a00 DEOPT UNPACKING pc=0x000000011d8fa693 sp=0x000000030b007128 mode 2
Event: 3.478 Thread 0x00007fcef7089a00 DEOPT PACKING pc=0x00000001167b5255 sp=0x000000030b006f70
Event: 3.478 Thread 0x00007fcef7089a00 DEOPT UNPACKING pc=0x000000011d8fae10 sp=0x000000030b006438 mode 0

Classes unloaded (1 events):
Event: 2.369 Thread 0x00007fcf27b0bd50 Unloading class 0x00000008001c1800 'java/lang/invoke/LambdaForm$DMH+0x00000008001c1800'

Classes redefined (0 events):
No events

Internal exceptions (20 events):
Event: 0.918 Thread 0x00007fcf288cd800 Exception <a 'java/lang/NoSuchMethodError'{0x000000070f4b7b48}: 'java.lang.Object java.lang.invoke.Invokers$Holder.linkToTargetMethod(int, int, int, int, java.lang.Object)'> (0x000000070f4b7b48) 
thrown [src/hotspot/share/interpreter/linkResolver.cpp, line 759]
Event: 0.919 Thread 0x00007fcf288cd800 Exception <a 'java/lang/NoSuchMethodError'{0x000000070f4bb8d8}: 'void java.lang.invoke.DirectMethodHandle$Holder.invokeStatic(java.lang.Object, java.lang.Object, long)'> (0x000000070f4bb8d8) 
thrown [src/hotspot/share/interpreter/linkResolver.cpp, line 759]
Event: 0.922 Thread 0x00007fcf2880b000 Exception <a 'java/lang/NoSuchMethodError'{0x000000070f8e84d0}: 'void java.lang.invoke.DirectMethodHandle$Holder.invokeStatic(java.lang.Object, java.lang.Object, long)'> (0x000000070f8e84d0) 
thrown [src/hotspot/share/interpreter/linkResolver.cpp, line 759]
Event: 0.940 Thread 0x00007fcf2880b000 Exception <a 'java/lang/NoSuchMethodError'{0x000000070f907668}: 'void java.lang.invoke.DirectMethodHandle$Holder.invokeSpecial(java.lang.Object, java.lang.Object, long)'> (0x000000070f907668) 
thrown [src/hotspot/share/interpreter/linkResolver.cpp, line 759]
Event: 1.282 Thread 0x00007fcf2880b000 Exception <a 'java/lang/NoSuchMethodError'{0x000000070f914cc8}: 'void java.lang.invoke.DirectMethodHandle$Holder.invokeStatic(java.lang.Object, long)'> (0x000000070f914cc8) 
thrown [src/hotspot/share/interpreter/linkResolver.cpp, line 759]
Event: 1.285 Thread 0x00007fcf288cd800 Exception <a 'java/lang/NoSuchMethodError'{0x000000070f576b30}: 'void java.lang.invoke.DirectMethodHandle$Holder.invokeStatic(java.lang.Object, long, long)'> (0x000000070f576b30) 
thrown [src/hotspot/share/interpreter/linkResolver.cpp, line 759]
Event: 1.286 Thread 0x00007fcf288cd800 Exception <a 'java/lang/NoSuchMethodError'{0x000000070f57c400}: 'java.lang.Object java.lang.invoke.DirectMethodHandle$Holder.newInvokeSpecial(java.lang.Object, long)'> (0x000000070f57c400) 
thrown [src/hotspot/share/interpreter/linkResolver.cpp, line 759]
Event: 1.292 Thread 0x00007fcf288cd800 Exception <a 'java/lang/NoSuchMethodError'{0x000000070f5866b8}: 'java.lang.Object java.lang.invoke.DirectMethodHandle$Holder.newInvokeSpecial(java.lang.Object, java.lang.Object, int)'> (0x000000070f5866b8) 
thrown [src/hotspot/share/interpreter/linkResolver.cpp, line 759]
Event: 2.441 Thread 0x00007fcf2880aa00 Exception <a 'java/lang/ClassNotFoundException'{0x0000000701b00c88}: sun/util/logging/resources/spi/loggingProvider> (0x0000000701b00c88) 
thrown [src/hotspot/share/classfile/systemDictionary.cpp, line 256]
Event: 2.495 Thread 0x00007fcef7089a00 Implicit null exception at 0x000000011dea0154 to 0x000000011dea0658
Event: 2.778 Thread 0x00007fcef7089a00 Exception <a 'java/lang/IncompatibleClassChangeError'{0x0000000701ab4660}: Found class java.lang.Object, but interface was expected> (0x0000000701ab4660) 
thrown [src/hotspot/share/interpreter/linkResolver.cpp, line 826]
Event: 2.899 Thread 0x00007fcef7089a00 Exception <a 'org/lwjgl/LWJGLException'{0x0000000701669248}: Could not load OpenAL library> (0x0000000701669248) 
thrown [src/hotspot/share/prims/jni.cpp, line 535]
Event: 2.899 Thread 0x00007fcef7089a00 Exception <a 'org/lwjgl/LWJGLException'{0x0000000701669778}: Could not load OpenAL library> (0x0000000701669778) 
thrown [src/hotspot/share/prims/jni.cpp, line 535]
Event: 2.899 Thread 0x00007fcef7089a00 Exception <a 'org/lwjgl/LWJGLException'{0x0000000701669c50}: Could not load OpenAL library> (0x0000000701669c50) 
thrown [src/hotspot/share/prims/jni.cpp, line 535]
Event: 2.899 Thread 0x00007fcef7089a00 Exception <a 'org/lwjgl/LWJGLException'{0x000000070166a0e8}: Could not load OpenAL library> (0x000000070166a0e8) 
thrown [src/hotspot/share/prims/jni.cpp, line 535]
Event: 2.899 Thread 0x00007fcef7089a00 Exception <a 'org/lwjgl/LWJGLException'{0x000000070166a5a0}: Could not load OpenAL library> (0x000000070166a5a0) 
thrown [src/hotspot/share/prims/jni.cpp, line 535]
Event: 2.899 Thread 0x00007fcef7089a00 Exception <a 'org/lwjgl/LWJGLException'{0x000000070166aa50}: Could not load OpenAL library> (0x000000070166aa50) 
thrown [src/hotspot/share/prims/jni.cpp, line 535]
Event: 2.899 Thread 0x00007fcef7089a00 Exception <a 'org/lwjgl/LWJGLException'{0x000000070166aeb8}: Could not load OpenAL library> (0x000000070166aeb8) 
thrown [src/hotspot/share/prims/jni.cpp, line 535]
Event: 2.899 Thread 0x00007fcef7089a00 Exception <a 'org/lwjgl/LWJGLException'{0x000000070166b300}: Could not load OpenAL library> (0x000000070166b300) 
thrown [src/hotspot/share/prims/jni.cpp, line 535]
Event: 2.899 Thread 0x00007fcef7089a00 Exception <a 'org/lwjgl/LWJGLException'{0x000000070166b7f8}: Could not load OpenAL library> (0x000000070166b7f8) 
thrown [src/hotspot/share/prims/jni.cpp, line 535]

VM Operations (20 events):
Event: 2.391 Executing VM operation: G1CollectFull done
Event: 2.709 Executing VM operation: G1CollectForAllocation
Event: 2.717 Executing VM operation: G1CollectForAllocation done
Event: 2.812 Executing VM operation: G1CollectForAllocation
Event: 2.815 Executing VM operation: G1CollectForAllocation done
Event: 3.009 Executing VM operation: HandshakeAllThreads
Event: 3.009 Executing VM operation: HandshakeAllThreads done
Event: 3.038 Executing VM operation: G1CollectForAllocation
Event: 3.040 Executing VM operation: G1CollectForAllocation done
Event: 3.042 Executing VM operation: HandshakeAllThreads
Event: 3.042 Executing VM operation: HandshakeAllThreads done
Event: 3.089 Executing VM operation: G1TryInitiateConcMark
Event: 3.091 Executing VM operation: G1TryInitiateConcMark done
Event: 3.094 Executing VM operation: G1TryInitiateConcMark
Event: 3.095 Executing VM operation: G1TryInitiateConcMark done
Event: 3.227 Executing VM operation: G1TryInitiateConcMark
Event: 3.232 Executing VM operation: G1TryInitiateConcMark done
Event: 3.250 Executing VM operation: G1TryInitiateConcMark
Event: 3.252 Executing VM operation: G1TryInitiateConcMark done
Event: 3.592 Executing VM operation: G1CollectFull

Events (20 events):
Event: 3.126 loading class jdk/internal/reflect/BootstrapConstructorAccessorImpl
Event: 3.127 loading class jdk/internal/reflect/BootstrapConstructorAccessorImpl done
Event: 3.302 loading class java/nio/DirectFloatBufferRU
Event: 3.302 loading class java/nio/DirectFloatBufferRU done
Event: 3.332 loading class java/util/LinkedHashMap$LinkedValues
Event: 3.332 loading class java/util/LinkedHashMap$LinkedValues done
Event: 3.332 loading class java/util/LinkedHashMap$LinkedValueIterator
Event: 3.332 loading class java/util/LinkedHashMap$LinkedValueIterator done
Event: 3.423 loading class java/awt/KeyboardFocusManager$4
Event: 3.424 loading class java/awt/KeyboardFocusManager$4 done
Event: 3.426 loading class javax/swing/JCheckBox$AccessibleJCheckBox
Event: 3.426 loading class javax/swing/JToggleButton$AccessibleJToggleButton
Event: 3.426 loading class javax/swing/JToggleButton$AccessibleJToggleButton done
Event: 3.426 loading class javax/swing/JCheckBox$AccessibleJCheckBox done
Event: 3.575 Thread 0x00007fcef72d1600 Thread added: 0x00007fcef72d1600
Event: 3.575 Protecting memory [0x000000030b41d000,0x000000030b421000] with protection modes 0
Event: 3.577 Protecting memory [0x00000003088d3000,0x00000003088d7000] with protection modes 3
Event: 3.577 Thread 0x00007fcf2880aa00 Thread exited: 0x00007fcf2880aa00
Event: 3.578 Protecting memory [0x00000003088d3000,0x00000003088d7000] with protection modes 0
Event: 3.578 Thread 0x00007fcf29990e00 Thread added: 0x00007fcf29990e00


Dynamic libraries:
0x000000010ac6e000 	/Applications/jmonkeyplatform.app/Contents/Resources/jmonkeyplatform/jdk/lib/libjli.dylib
0x00007ff82823a000 	/System/Library/Frameworks/Cocoa.framework/Versions/A/Cocoa
0x00007ff81006f000 	/System/Library/Frameworks/AppKit.framework/Versions/C/AppKit
0x00007ff8133d5000 	/System/Library/Frameworks/CoreData.framework/Versions/A/CoreData
0x00007ff80d992000 	/System/Library/Frameworks/Foundation.framework/Versions/C/Foundation
0x00007ff81a331000 	/usr/lib/libSystem.B.dylib
0x00007ff81149e000 	/System/Library/PrivateFrameworks/UIFoundation.framework/Versions/A/UIFoundation
0x00007ffb16332000 	/System/Library/PrivateFrameworks/CollectionViewCore.framework/Versions/A/CollectionViewCore
0x00007ff821a0a000 	/System/Library/PrivateFrameworks/RemoteViewServices.framework/Versions/A/RemoteViewServices
0x00007ff817c4e000 	/System/Library/PrivateFrameworks/XCTTargetBootstrap.framework/Versions/A/XCTTargetBootstrap
0x00007ff81ce08000 	/System/Library/PrivateFrameworks/InternationalSupport.framework/Versions/A/InternationalSupport
0x00007ff81ce5c000 	/System/Library/PrivateFrameworks/UserActivity.framework/Versions/A/UserActivity
0x00007ffc18e06000 	/System/Library/PrivateFrameworks/WindowManagement.framework/Versions/A/WindowManagement
0x00007ff80d641000 	/System/Library/Frameworks/SystemConfiguration.framework/Versions/A/SystemConfiguration
0x00007ff81c17f000 	/usr/lib/libspindump.dylib
0x00007ff81167b000 	/System/Library/Frameworks/UniformTypeIdentifiers.framework/Versions/A/UniformTypeIdentifiers
0x00007ff815c3b000 	/usr/lib/libapp_launch_measurement.dylib
0x00007ff81491f000 	/System/Library/PrivateFrameworks/CoreAnalytics.framework/Versions/A/CoreAnalytics
0x00007ff815c3e000 	/System/Library/PrivateFrameworks/CoreAutoLayout.framework/Versions/A/CoreAutoLayout
0x00007ff8174ba000 	/System/Library/Frameworks/Metal.framework/Versions/A/Metal
0x00007ff818459000 	/usr/lib/liblangid.dylib
0x00007ff817c53000 	/System/Library/PrivateFrameworks/CoreSVG.framework/Versions/A/CoreSVG
0x00007ff812038000 	/System/Library/PrivateFrameworks/SkyLight.framework/Versions/A/SkyLight
0x00007ff81249a000 	/System/Library/Frameworks/CoreGraphics.framework/Versions/A/CoreGraphics
0x00007ff8220de000 	/System/Library/Frameworks/Accelerate.framework/Versions/A/Accelerate
0x00007ff81bfdf000 	/System/Library/PrivateFrameworks/IconServices.framework/Versions/A/IconServices
0x00007ff81749b000 	/System/Library/Frameworks/IOSurface.framework/Versions/A/IOSurface
0x00007ff81494b000 	/usr/lib/libDiagnosticMessagesClient.dylib
0x00007ff81a249000 	/usr/lib/libz.1.dylib
0x00007ff825b0b000 	/System/Library/Frameworks/ApplicationServices.framework/Versions/A/ApplicationServices
0x00007ff817c3b000 	/System/Library/PrivateFrameworks/DFRFoundation.framework/Versions/A/DFRFoundation
0x00007ff80f91d000 	/usr/lib/libicucore.A.dylib
0x00007ff81ddaa000 	/System/Library/Frameworks/AudioToolbox.framework/Versions/A/AudioToolbox
0x00007ff81ce17000 	/System/Library/PrivateFrameworks/DataDetectorsCore.framework/Versions/A/DataDetectorsCore
0x00007ff9172c8000 	/System/Library/PrivateFrameworks/TextInput.framework/Versions/A/TextInput
0x00007ff811f91000 	/usr/lib/libMobileGestalt.dylib
0x00007ff8179a0000 	/System/Library/Frameworks/Carbon.framework/Versions/A/Frameworks/HIToolbox.framework/Versions/A/HIToolbox
0x00007ff815597000 	/System/Library/Frameworks/QuartzCore.framework/Versions/A/QuartzCore
0x00007ff80f56f000 	/System/Library/Frameworks/Security.framework/Versions/A/Security
0x00007ff821a42000 	/System/Library/Frameworks/Carbon.framework/Versions/A/Frameworks/SpeechRecognition.framework/Versions/A/SpeechRecognition
0x00007ff81596e000 	/System/Library/PrivateFrameworks/CoreUI.framework/Versions/A/CoreUI
0x00007ff80ee43000 	/System/Library/Frameworks/CoreAudio.framework/Versions/A/CoreAudio
0x00007ff814a2b000 	/System/Library/Frameworks/DiskArbitration.framework/Versions/A/DiskArbitration
0x00007ff81c5b0000 	/System/Library/PrivateFrameworks/MultitouchSupport.framework/Versions/A/MultitouchSupport
0x00007ff811f90000 	/usr/lib/libenergytrace.dylib
0x00007ff90cb88000 	/System/Library/PrivateFrameworks/RenderBox.framework/Versions/A/RenderBox
0x00007ff80ff46000 	/System/Library/Frameworks/IOKit.framework/Versions/A/IOKit
0x00007ff821e16000 	/System/Library/Frameworks/CoreServices.framework/Versions/A/CoreServices
0x00007ff815bd3000 	/System/Library/PrivateFrameworks/PerformanceAnalysis.framework/Versions/A/PerformanceAnalysis
0x00007ffa2640d000 	/System/Library/Frameworks/OpenGL.framework/Versions/A/OpenGL
0x00007ff815c87000 	/usr/lib/libxml2.2.dylib
0x00007ff81951c000 	/System/Library/PrivateFrameworks/MobileKeyBag.framework/Versions/A/MobileKeyBag
0x00007ff80c62c000 	/usr/lib/libobjc.A.dylib
0x00007ff80c92e000 	/usr/lib/libc++.1.dylib
0x00007ff821d92000 	/System/Library/Frameworks/Accessibility.framework/Versions/A/Accessibility
0x00007ff812d2f000 	/System/Library/Frameworks/ColorSync.framework/Versions/A/ColorSync
0x00007ff80ca61000 	/System/Library/Frameworks/CoreFoundation.framework/Versions/A/CoreFoundation
0x00007ff817fc6000 	/System/Library/Frameworks/CoreImage.framework/Versions/A/CoreImage
0x00007ff80ec3c000 	/System/Library/Frameworks/CoreText.framework/Versions/A/CoreText
0x00007ffb0c62c000 	/System/Library/Frameworks/CoreTransferable.framework/Versions/A/CoreTransferable
0x00007ffb0ca31000 	/System/Library/Frameworks/DeveloperToolsSupport.framework/Versions/A/DeveloperToolsSupport
0x00007ff817c8c000 	/System/Library/Frameworks/ImageIO.framework/Versions/A/ImageIO
0x00007ffb10ccb000 	/System/Library/Frameworks/Symbols.framework/Versions/A/Symbols
0x00007ff81a336000 	/System/Library/PrivateFrameworks/SoftLinking.framework/Versions/A/SoftLinking
0x00007ff81d81a000 	/usr/lib/swift/libswiftCore.dylib
0x00007ff913e8d000 	/usr/lib/swift/libswiftCoreFoundation.dylib
0x00007ff911ae9000 	/usr/lib/swift/libswiftCoreGraphics.dylib
0x00007ff913ecb000 	/usr/lib/swift/libswiftCoreImage.dylib
0x00007ff911af0000 	/usr/lib/swift/libswiftDarwin.dylib
0x00007ff823782000 	/usr/lib/swift/libswiftDispatch.dylib
0x00007ff913ecc000 	/usr/lib/swift/libswiftIOKit.dylib
0x00007ff91ff16000 	/usr/lib/swift/libswiftMetal.dylib
0x00007ffa0d61c000 	/usr/lib/swift/libswiftOSLog.dylib
0x00007ff825f77000 	/usr/lib/swift/libswiftObjectiveC.dylib
0x00007ff9244bc000 	/usr/lib/swift/libswiftQuartzCore.dylib
0x00007ff9285c5000 	/usr/lib/swift/libswiftUniformTypeIdentifiers.dylib
0x00007ff913e9d000 	/usr/lib/swift/libswiftXPC.dylib
0x00007ffc214cf000 	/usr/lib/swift/libswift_Concurrency.dylib
0x00007ff825f7b000 	/usr/lib/swift/libswiftos.dylib
0x00007ff91722a000 	/usr/lib/swift/libswiftsimd.dylib
0x00007ff81a4cf000 	/usr/lib/libcompression.dylib
0x00007ff81cd48000 	/System/Library/PrivateFrameworks/TextureIO.framework/Versions/A/TextureIO
0x00007ff81bbea000 	/usr/lib/libate.dylib
0x00007ff81a32b000 	/usr/lib/system/libcache.dylib
0x00007ff81a2e7000 	/usr/lib/system/libcommonCrypto.dylib
0x00007ff81a30f000 	/usr/lib/system/libcompiler_rt.dylib
0x00007ff81a304000 	/usr/lib/system/libcopyfile.dylib
0x00007ff80c765000 	/usr/lib/system/libcorecrypto.dylib
0x00007ff80c85c000 	/usr/lib/system/libdispatch.dylib
0x00007ff80ca06000 	/usr/lib/system/libdyld.dylib
0x00007ff81a321000 	/usr/lib/system/libkeymgr.dylib
0x00007ff81a2c8000 	/usr/lib/system/libmacho.dylib
0x00007ff8195f7000 	/usr/lib/system/libquarantine.dylib
0x00007ff81a31f000 	/usr/lib/system/libremovefile.dylib
0x00007ff812003000 	/usr/lib/system/libsystem_asl.dylib
0x00007ff80c6ff000 	/usr/lib/system/libsystem_blocks.dylib
0x00007ff80c8a6000 	/usr/lib/system/libsystem_c.dylib
0x00007ff81a317000 	/usr/lib/system/libsystem_collections.dylib
0x00007ff818449000 	/usr/lib/system/libsystem_configuration.dylib
0x00007ff817472000 	/usr/lib/system/libsystem_containermanager.dylib
0x00007ff819f19000 	/usr/lib/system/libsystem_coreservices.dylib
0x00007ff80fbbe000 	/usr/lib/system/libsystem_darwin.dylib
0x00007ffc217fd000 	/usr/lib/system/libsystem_darwindirectory.dylib
0x00007ff81a322000 	/usr/lib/system/libsystem_dnssd.dylib
0x00007ffc21801000 	/usr/lib/system/libsystem_eligibility.dylib
0x00007ff80c8a3000 	/usr/lib/system/libsystem_featureflags.dylib
0x00007ff80ca36000 	/usr/lib/system/libsystem_info.dylib
0x00007ff81a25d000 	/usr/lib/system/libsystem_m.dylib
0x00007ff80c81c000 	/usr/lib/system/libsystem_malloc.dylib
0x00007ff811f77000 	/usr/lib/system/libsystem_networkextension.dylib
0x00007ff81000a000 	/usr/lib/system/libsystem_notify.dylib
0x00007ff81844d000 	/usr/lib/system/libsystem_sandbox.dylib
0x00007ffc21804000 	/usr/lib/system/libsystem_sanitizers.dylib
0x00007ff81a31c000 	/usr/lib/system/libsystem_secinit.dylib
0x00007ff80c9bf000 	/usr/lib/system/libsystem_kernel.dylib
0x00007ff80ca2b000 	/usr/lib/system/libsystem_platform.dylib
0x00007ff80c9fa000 	/usr/lib/system/libsystem_pthread.dylib
0x00007ff813c76000 	/usr/lib/system/libsystem_symptoms.dylib
0x00007ff80c74b000 	/usr/lib/system/libsystem_trace.dylib
0x00007ff81a2f3000 	/usr/lib/system/libunwind.dylib
0x00007ff80c703000 	/usr/lib/system/libxpc.dylib
0x00007ff80c9a9000 	/usr/lib/libc++abi.dylib
0x00007ff81a2fc000 	/usr/lib/liboah.dylib
0x00007ff81b970000 	/usr/lib/liblzma.5.dylib
0x00007ff81a333000 	/usr/lib/libfakelink.dylib
0x00007ff811bc8000 	/System/Library/Frameworks/CFNetwork.framework/Versions/A/CFNetwork
0x00007ff81a385000 	/usr/lib/libarchive.2.dylib
0x00007ff81fc8b000 	/System/Library/Frameworks/Combine.framework/Versions/A/Combine
0x00007ffb16347000 	/System/Library/PrivateFrameworks/CollectionsInternal.framework/Versions/A/CollectionsInternal
0x00007ffb2bfde000 	/System/Library/PrivateFrameworks/ReflectionInternal.framework/Versions/A/ReflectionInternal
0x00007ffb2c55d000 	/System/Library/PrivateFrameworks/RuntimeInternal.framework/Versions/A/RuntimeInternal
0x00007ffc2160a000 	/usr/lib/swift/libswift_StringProcessing.dylib
0x00007ff80fec4000 	/System/Library/PrivateFrameworks/CoreServicesInternal.framework/Versions/A/CoreServicesInternal
0x00007ff81961c000 	/usr/lib/libbsm.0.dylib
0x00007ff81a2ce000 	/usr/lib/system/libkxld.dylib
0x00007ff815c06000 	/System/Library/Frameworks/CoreServices.framework/Versions/A/Frameworks/FSEvents.framework/Versions/A/FSEvents
0x00007ff80fbc9000 	/System/Library/Frameworks/CoreServices.framework/Versions/A/Frameworks/CarbonCore.framework/Versions/A/CarbonCore
0x00007ff814993000 	/System/Library/Frameworks/CoreServices.framework/Versions/A/Frameworks/Metadata.framework/Versions/A/Metadata
0x00007ff819f1f000 	/System/Library/Frameworks/CoreServices.framework/Versions/A/Frameworks/OSServices.framework/Versions/A/OSServices
0x00007ff81a40e000 	/System/Library/Frameworks/CoreServices.framework/Versions/A/Frameworks/SearchKit.framework/Versions/A/SearchKit
0x00007ff813bfc000 	/System/Library/Frameworks/CoreServices.framework/Versions/A/Frameworks/AE.framework/Versions/A/AE
0x00007ff80cefb000 	/System/Library/Frameworks/CoreServices.framework/Versions/A/Frameworks/LaunchServices.framework/Versions/A/LaunchServices
0x00007ff81b921000 	/System/Library/Frameworks/CoreServices.framework/Versions/A/Frameworks/DictionaryServices.framework/Versions/A/DictionaryServices
0x00007ff815c13000 	/System/Library/Frameworks/CoreServices.framework/Versions/A/Frameworks/SharedFileList.framework/Versions/A/SharedFileList
0x00007ff81a499000 	/usr/lib/libapple_nghttp2.dylib
0x00007ff813871000 	/usr/lib/libsqlite3.dylib
0x00007ff813c7e000 	/System/Library/Frameworks/Network.framework/Versions/A/Network
0x00007ffc1fe7f000 	/usr/lib/libCoreEntitlements.dylib
0x00007ffb277bb000 	/System/Library/PrivateFrameworks/MessageSecurity.framework/Versions/A/MessageSecurity
0x00007ff813858000 	/System/Library/PrivateFrameworks/ProtocolBuffer.framework/Versions/A/ProtocolBuffer
0x00007ff819e3c000 	/System/Library/PrivateFrameworks/AppleFSCompression.framework/Versions/A/AppleFSCompression
0x00007ff819604000 	/usr/lib/libcoretls.dylib
0x00007ff81b98f000 	/usr/lib/libcoretls_cfhelpers.dylib
0x00007ff81a4c9000 	/usr/lib/libpam.2.dylib
0x00007ff81ba08000 	/usr/lib/libxar.1.dylib
0x00007ff81bfb8000 	/usr/lib/libheimdal-asn1.dylib
0x00007ff811bc7000 	/usr/lib/libnetwork.dylib
0x00007ff81a337000 	/usr/lib/libpcap.A.dylib
0x00007ff813c6c000 	/usr/lib/libdns_services.dylib
0x00007ff818454000 	/System/Library/PrivateFrameworks/AppleSystemInfo.framework/Versions/A/AppleSystemInfo
0x00007ff81931d000 	/System/Library/PrivateFrameworks/IOMobileFramebuffer.framework/Versions/A/IOMobileFramebuffer
0x00007ffc2155c000 	/usr/lib/swift/libswift_RegexParser.dylib
0x00007ff819f0a000 	/usr/lib/libbz2.1.0.dylib
0x00007ff8195fa000 	/usr/lib/libCheckFix.dylib
0x00007ff81201a000 	/System/Library/PrivateFrameworks/TCC.framework/Versions/A/TCC
0x00007ff81845b000 	/System/Library/PrivateFrameworks/CoreNLP.framework/Versions/A/CoreNLP
0x00007ff81494d000 	/System/Library/PrivateFrameworks/MetadataUtilities.framework/Versions/A/MetadataUtilities
0x00007ff81962c000 	/usr/lib/libmecab.dylib
0x00007ff80d6c8000 	/usr/lib/libCRFSuite.dylib
0x00007ff819685000 	/usr/lib/libgermantok.dylib
0x00007ff81a474000 	/usr/lib/libThaiTokenizer.dylib
0x00007ff814a33000 	/System/Library/Frameworks/Accelerate.framework/Versions/A/Frameworks/vImage.framework/Versions/A/vImage
0x00007ff821dec000 	/System/Library/Frameworks/Accelerate.framework/Versions/A/Frameworks/vecLib.framework/Versions/A/vecLib
0x00007ff81ba4a000 	/System/Library/Frameworks/Accelerate.framework/Versions/A/Frameworks/vecLib.framework/Versions/A/libvMisc.dylib
0x00007ff8190ed000 	/System/Library/Frameworks/Accelerate.framework/Versions/A/Frameworks/vecLib.framework/Versions/A/libvDSP.dylib
0x00007ff80d308000 	/System/Library/Frameworks/Accelerate.framework/Versions/A/Frameworks/vecLib.framework/Versions/A/libBLAS.dylib
0x00007ff81a5b1000 	/System/Library/Frameworks/Accelerate.framework/Versions/A/Frameworks/vecLib.framework/Versions/A/libLAPACK.dylib
0x00007ff819688000 	/System/Library/Frameworks/Accelerate.framework/Versions/A/Frameworks/vecLib.framework/Versions/A/libLinearAlgebra.dylib
0x00007ff81a4b4000 	/System/Library/Frameworks/Accelerate.framework/Versions/A/Frameworks/vecLib.framework/Versions/A/libSparseBLAS.dylib
0x00007ff81a5ab000 	/System/Library/Frameworks/Accelerate.framework/Versions/A/Frameworks/vecLib.framework/Versions/A/libQuadrature.dylib
0x00007ff818571000 	/System/Library/Frameworks/Accelerate.framework/Versions/A/Frameworks/vecLib.framework/Versions/A/libBNNS.dylib
0x00007ff80d5c9000 	/System/Library/Frameworks/Accelerate.framework/Versions/A/Frameworks/vecLib.framework/Versions/A/libSparse.dylib
0x00007ffb26060000 	/System/Library/PrivateFrameworks/MIL.framework/Versions/A/MIL
0x00007ff81a36d000 	/usr/lib/libiconv.2.dylib
0x00007ff81a2c7000 	/usr/lib/libcharset.1.dylib
0x00007ff815bea000 	/System/Library/Frameworks/OpenDirectory.framework/Versions/A/Frameworks/CFOpenDirectory.framework/Versions/A/CFOpenDirectory
0x00007ff815bde000 	/System/Library/Frameworks/OpenDirectory.framework/Versions/A/OpenDirectory
0x00007ff81b991000 	/System/Library/PrivateFrameworks/APFS.framework/Versions/A/APFS
0x00007ff81953f000 	/System/Library/Frameworks/SecurityFoundation.framework/Versions/A/SecurityFoundation
0x00007ff81ba16000 	/usr/lib/libutil.dylib
0x00007ffb2446c000 	/System/Library/PrivateFrameworks/InstalledContentLibrary.framework/Versions/A/InstalledContentLibrary
0x00007ff80ff06000 	/System/Library/PrivateFrameworks/CoreServicesStore.framework/Versions/A/CoreServicesStore
0x00007ffb13f4e000 	/System/Library/PrivateFrameworks/AppleMobileFileIntegrity.framework/Versions/A/AppleMobileFileIntegrity
0x00007ff913e5f000 	/usr/lib/libmis.dylib
0x00007ff924998000 	/System/Library/PrivateFrameworks/MobileSystemServices.framework/Versions/A/MobileSystemServices
0x00007ffa220dc000 	/System/Library/PrivateFrameworks/ConfigProfileHelper.framework/Versions/A/ConfigProfileHelper
0x00007ff81a476000 	/System/Library/PrivateFrameworks/AppleSauce.framework/Versions/A/AppleSauce
0x00007ff80e5c9000 	/System/Library/PrivateFrameworks/LanguageModeling.framework/Versions/A/LanguageModeling
0x00007ff81ba1a000 	/usr/lib/libxslt.1.dylib
0x00007ff81a374000 	/usr/lib/libcmph.dylib
0x00007ff8192eb000 	/System/Library/PrivateFrameworks/CoreEmoji.framework/Versions/A/CoreEmoji
0x00007ff81856b000 	/System/Library/PrivateFrameworks/LinguisticData.framework/Versions/A/LinguisticData
0x00007ff80d4e0000 	/System/Library/PrivateFrameworks/Lexicon.framework/Versions/A/Lexicon
0x00007ff8195c8000 	/System/Library/PrivateFrameworks/BackgroundTaskManagement.framework/Versions/A/BackgroundTaskManagement
0x00007ffc1ffee000 	/usr/lib/libTLE.dylib
0x00007ff81c47a000 	/System/Library/PrivateFrameworks/AppleJPEG.framework/Versions/A/AppleJPEG
0x00007ff81bf9d000 	/usr/lib/libexpat.1.dylib
0x00007ff81cba3000 	/System/Library/Frameworks/ImageIO.framework/Versions/A/Resources/libPng.dylib
0x00007ff81cbd0000 	/System/Library/Frameworks/ImageIO.framework/Versions/A/Resources/libTIFF.dylib
0x00007ff81ccc2000 	/System/Library/Frameworks/ImageIO.framework/Versions/A/Resources/libGIF.dylib
0x00007ff81c4c6000 	/System/Library/Frameworks/ImageIO.framework/Versions/A/Resources/libJP2.dylib
0x00007ff81cc62000 	/System/Library/Frameworks/ImageIO.framework/Versions/A/Resources/libJPEG.dylib
0x00007ff81cc59000 	/System/Library/Frameworks/ImageIO.framework/Versions/A/Resources/libRadiance.dylib
0x00007ff817840000 	/System/Library/PrivateFrameworks/FontServices.framework/libFontParser.dylib
0x00007ff813b99000 	/System/Library/PrivateFrameworks/RunningBoardServices.framework/Versions/A/RunningBoardServices
0x00007ff828a0d000 	/System/Library/PrivateFrameworks/IOSurfaceAccelerator.framework/Versions/A/IOSurfaceAccelerator
0x00007ff81c5ae000 	/System/Library/PrivateFrameworks/WatchdogClient.framework/Versions/A/WatchdogClient
0x00007ff80e796000 	/System/Library/Frameworks/CoreDisplay.framework/Versions/A/CoreDisplay
0x00007ff81770f000 	/System/Library/Frameworks/CoreMedia.framework/Versions/A/CoreMedia
0x00007ff8174b1000 	/System/Library/PrivateFrameworks/IOAccelerator.framework/Versions/A/IOAccelerator
0x00007ff815d67000 	/System/Library/Frameworks/CoreVideo.framework/Versions/A/CoreVideo
0x00007ff81a4c7000 	/System/Library/Frameworks/MetalPerformanceShaders.framework/Versions/A/MetalPerformanceShaders
0x00007ff81c5ed000 	/System/Library/Frameworks/VideoToolbox.framework/Versions/A/VideoToolbox
0x00007ff815df4000 	/System/Library/PrivateFrameworks/UserManagement.framework/Versions/A/UserManagement
0x00007ff813ac2000 	/System/Library/PrivateFrameworks/BaseBoard.framework/Versions/A/BaseBoard
0x00007ff818453000 	/System/Library/PrivateFrameworks/AggregateDictionary.framework/Versions/A/AggregateDictionary
0x00007ffb13d4c000 	/System/Library/PrivateFrameworks/AppleKeyStore.framework/Versions/A/AppleKeyStore
0x00007ff81cc52000 	/System/Library/PrivateFrameworks/GPUWrangler.framework/Versions/A/GPUWrangler
0x00007ff81cc36000 	/System/Library/PrivateFrameworks/IOPresentment.framework/Versions/A/IOPresentment
0x00007ff81cc5c000 	/System/Library/PrivateFrameworks/DSExternalDisplay.framework/Versions/A/DSExternalDisplay
0x00007ffb2043c000 	/System/Library/PrivateFrameworks/GPUCompiler.framework/Versions/32023/Libraries/libllvm-flatbuffers.dylib
0x00007ffa26401000 	/System/Library/Frameworks/OpenGL.framework/Versions/A/Libraries/libCoreFSCache.dylib
0x00007ffb1cf32000 	/System/Library/PrivateFrameworks/GPUCompiler.framework/Versions/32023/Libraries/libGPUCompilerUtils.dylib
0x00007ff81ccc8000 	/System/Library/PrivateFrameworks/CMCaptureCore.framework/Versions/A/CMCaptureCore
0x00007ffb0cb2d000 	/System/Library/Frameworks/ExtensionFoundation.framework/Versions/A/ExtensionFoundation
0x00007ff823fd3000 	/System/Library/PrivateFrameworks/CoreTime.framework/Versions/A/CoreTime
0x00007ff81c168000 	/System/Library/PrivateFrameworks/AppServerSupport.framework/Versions/A/AppServerSupport
0x00007ff81e703000 	/System/Library/PrivateFrameworks/perfdata.framework/Versions/A/perfdata
0x00007ff80e8c4000 	/System/Library/PrivateFrameworks/AudioToolboxCore.framework/Versions/A/AudioToolboxCore
0x00007ff8176e9000 	/System/Library/PrivateFrameworks/caulk.framework/Versions/A/caulk
0x00007ff81df9b000 	/usr/lib/libAudioStatistics.dylib
0x00007ff913200000 	/System/Library/PrivateFrameworks/SystemPolicy.framework/Versions/A/SystemPolicy
0x00007ff81e25d000 	/usr/lib/libSMC.dylib
0x00007ff828096000 	/System/Library/Frameworks/CoreMIDI.framework/Versions/A/CoreMIDI
0x00007ff81cb6a000 	/usr/lib/libAudioToolboxUtility.dylib
0x00007ff90e804000 	/System/Library/PrivateFrameworks/OSAServicesClient.framework/Versions/A/OSAServicesClient
0x00007ff81e711000 	/usr/lib/libperfcheck.dylib
0x00007ff823a7e000 	/System/Library/PrivateFrameworks/BoardServices.framework/Versions/A/BoardServices
0x00007ff81be7d000 	/System/Library/PrivateFrameworks/PlugInKit.framework/Versions/A/PlugInKit
0x00007ff819532000 	/System/Library/PrivateFrameworks/AssertionServices.framework/Versions/A/AssertionServices
0x00007ffa1094e000 	/System/Library/PrivateFrameworks/Symbolication.framework/Versions/A/Symbolication
0x00007ffb2af7f000 	/System/Library/PrivateFrameworks/PhotosensitivityProcessing.framework/Versions/A/PhotosensitivityProcessing
0x00007ffa270e0000 	/System/Library/Frameworks/OpenCL.framework/Versions/A/OpenCL
0x00007ff81c113000 	/System/Library/PrivateFrameworks/GraphVisualizer.framework/Versions/A/GraphVisualizer
0x00007ffa2645e000 	/System/Library/Frameworks/OpenGL.framework/Versions/A/Libraries/libGLU.dylib
0x00007ffa26420000 	/System/Library/Frameworks/OpenGL.framework/Versions/A/Libraries/libGFXShared.dylib
0x00007ffa2661c000 	/System/Library/Frameworks/OpenGL.framework/Versions/A/Libraries/libGL.dylib
0x00007ffa26428000 	/System/Library/Frameworks/OpenGL.framework/Versions/A/Libraries/libGLImage.dylib
0x00007ffa2641d000 	/System/Library/Frameworks/OpenGL.framework/Versions/A/Libraries/libCVMSPluginSupport.dylib
0x00007ffc1ffaa000 	/usr/lib/libRosetta.dylib
0x00007ffa26408000 	/System/Library/Frameworks/OpenGL.framework/Versions/A/Libraries/libCoreVMClient.dylib
0x00007ffb1b06a000 	/System/Library/PrivateFrameworks/FontServices.framework/Versions/A/FontServices
0x00007ff81c122000 	/System/Library/PrivateFrameworks/OTSVG.framework/Versions/A/OTSVG
0x00007ff815922000 	/System/Library/Frameworks/ApplicationServices.framework/Versions/A/Frameworks/ATS.framework/Versions/A/Resources/libFontRegistry.dylib
0x00007ff81c173000 	/System/Library/PrivateFrameworks/FontServices.framework/libhvf.dylib
0x00007ffb1b06b000 	/System/Library/PrivateFrameworks/FontServices.framework/libXTFontStaticRegistryData.dylib
0x00007ff818392000 	/System/Library/Frameworks/MetalPerformanceShaders.framework/Versions/A/Frameworks/MPSCore.framework/Versions/A/MPSCore
0x00007ff819d96000 	/System/Library/Frameworks/MetalPerformanceShaders.framework/Versions/A/Frameworks/MPSImage.framework/Versions/A/MPSImage
0x00007ff81969e000 	/System/Library/Frameworks/MetalPerformanceShaders.framework/Versions/A/Frameworks/MPSNeuralNetwork.framework/Versions/A/MPSNeuralNetwork
0x00007ff819c0d000 	/System/Library/Frameworks/MetalPerformanceShaders.framework/Versions/A/Frameworks/MPSMatrix.framework/Versions/A/MPSMatrix
0x00007ff8199bf000 	/System/Library/Frameworks/MetalPerformanceShaders.framework/Versions/A/Frameworks/MPSRayIntersector.framework/Versions/A/MPSRayIntersector
0x00007ff819c4c000 	/System/Library/Frameworks/MetalPerformanceShaders.framework/Versions/A/Frameworks/MPSNDArray.framework/Versions/A/MPSNDArray
0x00007ffb0e248000 	/System/Library/Frameworks/MetalPerformanceShaders.framework/Versions/A/Frameworks/MPSFunctions.framework/Versions/A/MPSFunctions
0x00007ffb0e22b000 	/System/Library/Frameworks/MetalPerformanceShaders.framework/Versions/A/Frameworks/MPSBenchmarkLoop.framework/Versions/A/MPSBenchmarkLoop
0x00007ff80d1b8000 	/System/Library/PrivateFrameworks/MetalTools.framework/Versions/A/MetalTools
0x00007ff91857f000 	/System/Library/PrivateFrameworks/IOAccelMemoryInfo.framework/Versions/A/IOAccelMemoryInfo
0x00007ff924898000 	/System/Library/PrivateFrameworks/kperf.framework/Versions/A/kperf
0x00007ff913e81000 	/System/Library/PrivateFrameworks/GPURawCounter.framework/Versions/A/GPURawCounter
0x00007ff823ea8000 	/System/Library/PrivateFrameworks/CoreSymbolication.framework/Versions/A/CoreSymbolication
0x00007ff913e31000 	/System/Library/PrivateFrameworks/MallocStackLogging.framework/Versions/A/MallocStackLogging
0x00007ff81bd22000 	/System/Library/PrivateFrameworks/CrashReporterSupport.framework/Versions/A/CrashReporterSupport
0x00007ff823e69000 	/System/Library/PrivateFrameworks/DebugSymbols.framework/Versions/A/DebugSymbols
0x00007ff9232ad000 	/System/Library/PrivateFrameworks/OSAnalytics.framework/Versions/A/OSAnalytics
0x00007ffc172d0000 	/System/Library/PrivateFrameworks/VideoToolboxParavirtualizationSupport.framework/Versions/A/VideoToolboxParavirtualizationSupport
0x00007ff81bf4f000 	/System/Library/PrivateFrameworks/AppleVA.framework/Versions/A/AppleVA
0x00007ff81dfdb000 	/System/Library/Frameworks/ApplicationServices.framework/Versions/A/Frameworks/ATS.framework/Versions/A/ATS
0x00007ff812edb000 	/System/Library/Frameworks/ApplicationServices.framework/Versions/A/Frameworks/HIServices.framework/Versions/A/HIServices
0x00007ff81ccd6000 	/System/Library/Frameworks/ApplicationServices.framework/Versions/A/Frameworks/PrintCore.framework/Versions/A/PrintCore
0x00007ff81e3b1000 	/System/Library/Frameworks/ApplicationServices.framework/Versions/A/Frameworks/QD.framework/Versions/A/QD
0x00007ff81e3aa000 	/System/Library/Frameworks/ApplicationServices.framework/Versions/A/Frameworks/ColorSyncLegacy.framework/Versions/A/ColorSyncLegacy
0x00007ff81dfb1000 	/System/Library/Frameworks/ApplicationServices.framework/Versions/A/Frameworks/SpeechSynthesis.framework/Versions/A/SpeechSynthesis
0x00007ff81cc92000 	/System/Library/Frameworks/ApplicationServices.framework/Versions/A/Frameworks/ATSUI.framework/Versions/A/ATSUI
0x00007ff81e33c000 	/usr/lib/libcups.2.dylib
0x00007ff81e720000 	/System/Library/Frameworks/Kerberos.framework/Versions/A/Kerberos
0x00007ff81e72f000 	/System/Library/Frameworks/GSS.framework/Versions/A/GSS
0x00007ff81e054000 	/usr/lib/libresolv.9.dylib
0x00007ff81c185000 	/System/Library/PrivateFrameworks/Heimdal.framework/Versions/A/Heimdal
0x00007ff825ee9000 	/System/Library/Frameworks/Kerberos.framework/Versions/A/Libraries/libHeimdalProxy.dylib
0x00007ff81e77c000 	/System/Library/PrivateFrameworks/CommonAuth.framework/Versions/A/CommonAuth
0x00007ffa2ba5a000 	/System/Library/Frameworks/AVFAudio.framework/Versions/A/AVFAudio
0x00007ff90e84b000 	/System/Library/PrivateFrameworks/AXCoreUtilities.framework/Versions/A/AXCoreUtilities
0x00007ffb25809000 	/System/Library/PrivateFrameworks/IsolatedCoreAudioClient.framework/Versions/A/IsolatedCoreAudioClient
0x00007ff81df22000 	/System/Library/PrivateFrameworks/AudioSession.framework/Versions/A/AudioSession
0x00007ff81fa50000 	/System/Library/Frameworks/IOBluetooth.framework/Versions/A/IOBluetooth
0x00007ff81c05d000 	/System/Library/PrivateFrameworks/MediaExperience.framework/Versions/A/MediaExperience
0x00007ff81dd75000 	/System/Library/PrivateFrameworks/AudioSession.framework/libSessionUtility.dylib
0x00007ff81e3bc000 	/System/Library/PrivateFrameworks/AudioResourceArbitration.framework/Versions/A/AudioResourceArbitration
0x00007ff822b14000 	/System/Library/PrivateFrameworks/PowerLog.framework/Versions/A/PowerLog
0x00007ff822a31000 	/System/Library/Frameworks/CoreBluetooth.framework/Versions/A/CoreBluetooth
0x00007ff825eea000 	/System/Library/Frameworks/AudioUnit.framework/Versions/A/AudioUnit
0x00007ff8193a5000 	/System/Library/PrivateFrameworks/CoreUtils.framework/Versions/A/CoreUtils
0x00007ffb19593000 	/System/Library/PrivateFrameworks/CoreUtilsExtras.framework/Versions/A/CoreUtilsExtras
0x00007ffb24300000 	/System/Library/PrivateFrameworks/IO80211.framework/Versions/A/IO80211
0x00007ff8239c0000 	/System/Library/PrivateFrameworks/FrontBoardServices.framework/Versions/A/FrontBoardServices
0x00007ff8254d2000 	/System/Library/PrivateFrameworks/BackBoardServices.framework/Versions/A/BackBoardServices
0x00007ff81bfc1000 	/System/Library/PrivateFrameworks/IconFoundation.framework/Versions/A/IconFoundation
0x00007ff821a32000 	/System/Library/PrivateFrameworks/SpeechRecognitionCore.framework/Versions/A/SpeechRecognitionCore
0x00007ff90e864000 	/usr/lib/libAccessibility.dylib
0x00007ff822127000 	/System/Library/Frameworks/MediaAccessibility.framework/Versions/A/MediaAccessibility
0x00007ffa142ce000 	/System/Library/Frameworks/OSLog.framework/Versions/A/OSLog
0x00007ff913dbc000 	/System/Library/PrivateFrameworks/LoggingSupport.framework/Versions/A/LoggingSupport
0x000000010be90000 	/Applications/jmonkeyplatform.app/Contents/Resources/jmonkeyplatform/jdk/lib/server/libjvm.dylib
0x000000010a844000 	/Applications/jmonkeyplatform.app/Contents/Resources/jmonkeyplatform/jdk/lib/libjimage.dylib
0x000000010a891000 	/Applications/jmonkeyplatform.app/Contents/Resources/jmonkeyplatform/jdk/lib/libjava.dylib
0x000000010bda2000 	/Applications/jmonkeyplatform.app/Contents/Resources/jmonkeyplatform/jdk/lib/libnio.dylib
0x000000010bdfa000 	/Applications/jmonkeyplatform.app/Contents/Resources/jmonkeyplatform/jdk/lib/libnet.dylib
0x000000012fc08000 	/Applications/jmonkeyplatform.app/Contents/Resources/jmonkeyplatform/jdk/lib/libzip.dylib
0x000000012fd40000 	/Applications/jmonkeyplatform.app/Contents/Resources/jmonkeyplatform/jdk/lib/libawt.dylib
0x0000000135f11000 	/Applications/jmonkeyplatform.app/Contents/Resources/jmonkeyplatform/jdk/lib/libmlib_image.dylib
0x00007ffb0d66a000 	/System/Library/Frameworks/JavaRuntimeSupport.framework/Versions/A/JavaRuntimeSupport
0x00007ff912ba4000 	/System/Library/Frameworks/Carbon.framework/Versions/A/Carbon
0x00007ff82a197000 	/System/Library/Frameworks/Carbon.framework/Versions/A/Frameworks/CommonPanels.framework/Versions/A/CommonPanels
0x00007ff8257fe000 	/System/Library/Frameworks/Carbon.framework/Versions/A/Frameworks/Help.framework/Versions/A/Help
0x00007ff82a19b000 	/System/Library/Frameworks/Carbon.framework/Versions/A/Frameworks/ImageCapture.framework/Versions/A/ImageCapture
0x00007ff82a178000 	/System/Library/Frameworks/Carbon.framework/Versions/A/Frameworks/OpenScripting.framework/Versions/A/OpenScripting
0x00007ff82a196000 	/System/Library/Frameworks/Carbon.framework/Versions/A/Frameworks/Ink.framework/Versions/A/Ink
0x00007ff82a193000 	/System/Library/Frameworks/Carbon.framework/Versions/A/Frameworks/SecurityHI.framework/Versions/A/SecurityHI
0x0000000136066000 	/Applications/jmonkeyplatform.app/Contents/Resources/jmonkeyplatform/jdk/lib/libawt_lwawt.dylib
0x000000012fccc000 	/Applications/jmonkeyplatform.app/Contents/Resources/jmonkeyplatform/jdk/lib/libosxapp.dylib
0x00007ff911b57000 	/System/Library/Frameworks/ExceptionHandling.framework/Versions/A/ExceptionHandling
0x000000013655e000 	/Applications/jmonkeyplatform.app/Contents/Resources/jmonkeyplatform/jdk/lib/libfontmanager.dylib
0x000000013634f000 	/Applications/jmonkeyplatform.app/Contents/Resources/jmonkeyplatform/jdk/lib/libfreetype.dylib
0x00007ff8230f6000 	/System/Library/Frameworks/FileProvider.framework/Versions/A/FileProvider
0x00007ff813a2a000 	/System/Library/Frameworks/Accounts.framework/Versions/A/Accounts
0x00007ff8232ab000 	/System/Library/PrivateFrameworks/GenerationalStorage.framework/Versions/A/GenerationalStorage
0x00007ff822b09000 	/System/Library/PrivateFrameworks/SymptomDiagnosticReporter.framework/Versions/A/SymptomDiagnosticReporter
0x00007ff811691000 	/System/Library/PrivateFrameworks/DesktopServicesPriv.framework/Versions/A/DesktopServicesPriv
0x00007ff81001a000 	/usr/lib/libsandbox.1.dylib
0x00007ff81e39f000 	/System/Library/PrivateFrameworks/NetAuth.framework/Versions/A/NetAuth
0x00007ff81f6fb000 	/System/Library/PrivateFrameworks/Sharing.framework/Versions/A/Sharing
0x00007ff815db9000 	/System/Library/PrivateFrameworks/login.framework/Versions/A/Frameworks/loginsupport.framework/Versions/A/loginsupport
0x00007ff825324000 	/System/Library/PrivateFrameworks/Apple80211.framework/Versions/A/Apple80211
0x00007ff819f4c000 	/System/Library/PrivateFrameworks/AuthKit.framework/Versions/A/AuthKit
0x00007ff825325000 	/System/Library/PrivateFrameworks/CoreWiFi.framework/Versions/A/CoreWiFi
0x00007ff81932c000 	/System/Library/Frameworks/CoreWLAN.framework/Versions/A/CoreWLAN
0x00007ff913e84000 	/usr/lib/swift/libswiftCoreAudio.dylib
0x00007ff91935d000 	/usr/lib/swift/libswiftCoreLocation.dylib
0x00007ff81bd19000 	/usr/lib/libIOReport.dylib
0x00007ffa1aea2000 	/System/Library/PrivateFrameworks/WiFiPeerToPeer.framework/Versions/A/WiFiPeerToPeer
0x00007ff81a0f9000 	/System/Library/Frameworks/UserNotifications.framework/Versions/A/UserNotifications
0x00007ff81e8bb000 	/System/Library/PrivateFrameworks/CorePhoneNumbers.framework/Versions/A/CorePhoneNumbers
0x00007ff81e080000 	/System/Library/PrivateFrameworks/MultiverseSupport.framework/Versions/A/MultiverseSupport
0x00007ff825751000 	/System/Library/PrivateFrameworks/RemoteServiceDiscovery.framework/Versions/A/RemoteServiceDiscovery
0x00007ff822c23000 	/System/Library/PrivateFrameworks/DiskManagement.framework/Versions/A/DiskManagement
0x00007ff822b3c000 	/System/Library/PrivateFrameworks/AppleIDAuthSupport.framework/Versions/A/AppleIDAuthSupport
0x00007ffb11d7c000 	/System/Library/PrivateFrameworks/AAAFoundation.framework/Versions/A/AAAFoundation
0x00007ff81e88f000 	/System/Library/PrivateFrameworks/KeychainCircle.framework/Versions/A/KeychainCircle
0x00007ff825762000 	/System/Library/PrivateFrameworks/RemoteXPC.framework/Versions/A/RemoteXPC
0x00007ff825806000 	/usr/lib/libcsfde.dylib
0x00007ff81bec7000 	/usr/lib/libCoreStorage.dylib
0x00007ff822bf0000 	/System/Library/PrivateFrameworks/MediaKit.framework/Versions/A/MediaKit
0x00007ff822b48000 	/System/Library/Frameworks/DiscRecording.framework/Versions/A/DiscRecording
0x00007ff81fb25000 	/System/Library/PrivateFrameworks/ProtectedCloudStorage.framework/Versions/A/ProtectedCloudStorage
0x00007ff825802000 	/System/Library/PrivateFrameworks/EFILogin.framework/Versions/A/EFILogin
0x00007ff8232d3000 	/System/Library/PrivateFrameworks/OctagonTrust.framework/Versions/A/OctagonTrust
0x00007ff81735d000 	/System/Library/Frameworks/CoreLocation.framework/Versions/A/CoreLocation
0x00007ff81fd82000 	/System/Library/PrivateFrameworks/GeoServices.framework/Versions/A/GeoServices
0x00007ff81dd41000 	/System/Library/PrivateFrameworks/LocationSupport.framework/Versions/A/LocationSupport
0x00007ffb21047000 	/System/Library/PrivateFrameworks/GeoServicesCore.framework/Versions/A/GeoServicesCore
0x00007ff90e842000 	/System/Library/PrivateFrameworks/PhoneNumbers.framework/Versions/A/PhoneNumbers
0x00007ff81bebf000 	/usr/lib/libMatch.1.dylib
0x00007ff91ca77000 	/System/Library/CoreServices/RawCamera.bundle/Contents/MacOS/RawCamera
0x00007ff81e78c000 	/System/Library/PrivateFrameworks/MobileAsset.framework/Versions/A/MobileAsset
0x00007ffb13abe000 	/System/Library/PrivateFrameworks/AppleJPEGXL.framework/Versions/A/AppleJPEGXL
0x00007ff919cc3000 	/System/Library/PrivateFrameworks/SoftwareUpdateCoreSupport.framework/Versions/A/SoftwareUpdateCoreSupport
0x00007ff921395000 	/System/Library/PrivateFrameworks/SoftwareUpdateCoreConnect.framework/Versions/A/SoftwareUpdateCoreConnect
0x00007ff825f09000 	/System/Library/PrivateFrameworks/StreamingZip.framework/Versions/A/StreamingZip
0x00007ff919956000 	/System/Library/PrivateFrameworks/MSUDataAccessor.framework/Versions/A/MSUDataAccessor
0x00007ff9159e5000 	/usr/lib/libbootpolicy.dylib
0x00007ff9287a6000 	/usr/lib/libpartition2_dynamic.dylib
0x00007ffb153fe000 	/System/Library/PrivateFrameworks/CMPhoto.framework/Versions/A/CMPhoto
0x00007ff823d3d000 	/System/Library/PrivateFrameworks/AppleVPA.framework/Versions/A/AppleVPA
0x00007ff81cec8000 	/System/Library/Frameworks/MediaToolbox.framework/Versions/A/MediaToolbox
0x00007ff8230c8000 	/System/Library/PrivateFrameworks/CoreAVCHD.framework/Versions/A/CoreAVCHD
0x00007ff8230c4000 	/System/Library/PrivateFrameworks/Mangrove.framework/Versions/A/Mangrove
0x00007ff823660000 	/System/Library/Frameworks/CoreTelephony.framework/Versions/A/CoreTelephony
0x00007ff822d09000 	/System/Library/PrivateFrameworks/CoreAUC.framework/Versions/A/CoreAUC
0x00007ff81e8c4000 	/usr/lib/libTelephonyUtilDynamic.dylib
0x00007ff919340000 	/System/Library/Frameworks/Accelerate.framework/Versions/A/Frameworks/vImage.framework/Versions/A/Libraries/libCGInterfaces.dylib
0x000000013f329000 	/usr/lib/libobjc-trampolines.dylib
0x00007ffc1fd2f000 	/usr/lib/libAccessibilityBaseImplementations.dylib
0x00007ffa2456b000 	/System/Library/Extensions/AGXMetalG13X.bundle/Contents/MacOS/AGXMetalG13X
0x00007ff90d7a1000 	/System/Library/PrivateFrameworks/IOGPU.framework/Versions/A/IOGPU
0x00007ff81c23b000 	/System/Library/PrivateFrameworks/login.framework/Versions/A/login
0x00007ff823b90000 	/System/Library/Frameworks/LocalAuthentication.framework/Versions/A/LocalAuthentication
0x00007ffb25f1f000 	/System/Library/PrivateFrameworks/LocalAuthenticationCore.framework/Versions/A/LocalAuthenticationCore
0x00007ff823bd6000 	/System/Library/Frameworks/LocalAuthentication.framework/Support/SharedUtils.framework/Versions/A/SharedUtils
0x00007ff823b2e000 	/System/Library/Frameworks/CryptoTokenKit.framework/Versions/A/CryptoTokenKit
0x00007ff815ace000 	/System/Library/PrivateFrameworks/ViewBridge.framework/Versions/A/ViewBridge
0x00007ffa26627000 	/System/Library/Frameworks/OpenGL.framework/Versions/A/Resources/GLEngine.bundle/GLEngine
0x00007ffa2649b000 	/System/Library/Frameworks/OpenGL.framework/Versions/A/Libraries/libGLProgrammability.dylib
0x000000014085c000 	/System/Library/Extensions/AppleMetalOpenGLRenderer.bundle/Contents/MacOS/AppleMetalOpenGLRenderer
0x00007ffa26797000 	/System/Library/Frameworks/OpenGL.framework/Versions/A/Resources/GLRendererFloat.bundle/GLRendererFloat
0x0000000140a5c000 	/Applications/jmonkeyplatform.app/Contents/Resources/jmonkeyplatform/jdk/lib/libosxui.dylib
0x0000000140e0a000 	/Applications/jmonkeyplatform.app/Contents/Resources/jmonkeyplatform/jdk/lib/libprefs.dylib
0x00007ffc139c1000 	/System/Library/PrivateFrameworks/TextInputUI.framework/Versions/A/TextInputUI
0x00007ffc139c7000 	/System/Library/PrivateFrameworks/TextInputUIMacHelper.framework/Versions/A/TextInputUIMacHelper
0x00007ffb1272a000 	/System/Library/PrivateFrameworks/AccessibilityBundles.framework/Versions/A/AccessibilityBundles
0x00000001716d4000 	/Users/anniexian/jMonkeyProjects/3D Gaming Project/libopenal.dylib
0x0000000171777000 	/Users/anniexian/jMonkeyProjects/3D Gaming Project/liblwjgl.dylib
0x000000016f8b4000 	/Applications/jmonkeyplatform.app/Contents/Resources/jmonkeyplatform/jdk/lib/libjawt.dylib
0x00007ffb0fe5c000 	/System/Library/Frameworks/OpenAL.framework/Versions/A/OpenAL
0x00007ff91300a000 	/System/Library/Frameworks/AVFoundation.framework/Versions/A/AVFoundation
0x00007ff823799000 	/System/Library/PrivateFrameworks/AVFCore.framework/Versions/A/AVFCore
0x00007ff82bdee000 	/System/Library/PrivateFrameworks/AVFCapture.framework/Versions/A/AVFCapture
0x00007ffb1538f000 	/System/Library/PrivateFrameworks/CMImaging.framework/Versions/A/CMImaging
0x00007ff82bfdc000 	/System/Library/PrivateFrameworks/Quagga.framework/Versions/A/Quagga
0x00007ff90c62c000 	/System/Library/PrivateFrameworks/CMCapture.framework/Versions/A/CMCapture
0x00007ff81e15c000 	/System/Library/Frameworks/CoreMediaIO.framework/Versions/A/CoreMediaIO
0x00007ff82603d000 	/System/Library/PrivateFrameworks/Espresso.framework/Versions/A/Espresso
0x00007ff825898000 	/System/Library/PrivateFrameworks/AppSupport.framework/Versions/A/AppSupport
0x00007ffa226af000 	/System/Library/PrivateFrameworks/ANECompiler.framework/Versions/A/ANECompiler
0x00007ff827f3e000 	/System/Library/PrivateFrameworks/AppleNeuralEngine.framework/Versions/A/AppleNeuralEngine
0x00007ffb0e25d000 	/System/Library/Frameworks/MetalPerformanceShadersGraph.framework/Versions/A/MetalPerformanceShadersGraph
0x00007ffb2676f000 	/System/Library/PrivateFrameworks/MLCompilerServices.framework/Versions/A/MLCompilerServices
0x00007ff82700c000 	/System/Library/PrivateFrameworks/ANEServices.framework/Versions/A/ANEServices
0x00007ff91854c000 	/usr/lib/libncurses.5.4.dylib
0x00007ffb26709000 	/System/Library/PrivateFrameworks/MLCompilerRuntime.framework/Versions/A/MLCompilerRuntime
0x0000000175313000 	/System/Library/Components/CoreAudio.component/Contents/MacOS/CoreAudio
0x0000000177641000 	/System/Library/Components/AudioDSP.component/Contents/MacOS/AudioDSP
0x00007ffc1fdd3000 	/usr/lib/libAudioDSPCore.dylib


VM Arguments:
jvm_args: -Dfile.encoding=UTF-8 --module-path=/Users/anniexian/jMonkeyProjects/3D Gaming Project/build/classes 
java_command: mygame.Main
java_class_path (initial): /Applications/jmonkeyplatform.app/Contents/Resources/jmonkeyplatform/jmonkeyplatform/libs/jme3-jogg-3.6.1-stable.jar:/Applications/jmonkeyplatform.app/Contents/Resources/jmonkeyplatform/jmonkeyplatform/libs/j-ogg-vorbis-1.0.3.jar:/Applications/jmonkeyplatform.app/Contents/Resources/jmonkeyplatform/jmonkeyplatform/libs/jme3-networking-3.6.1-stable.jar:/Applications/jmonkeyplatform.app/Contents/Resources/jmonkeyplatform/jmonkeyplatform/libs/jme3-plugins-3.6.1-stable.jar:/Applications/jmonkeyplatform.app/Contents/Resources/jmonkeyplatform/jmonkeyplatform/libs/gson-2.9.1.jar:/Applications/jmonkeyplatform.app/Contents/Resources/jmonkeyplatform/jmonkeyplatform/libs/jme3-core-3.6.1-stable.jar:/Applications/jmonkeyplatform.app/Contents/Resources/jmonkeyplatform/jmonkeyplatform/libs/jme3-desktop-3.6.1-stable.jar:/Applications/jmonkeyplatform.app/Contents/Resources/jmonkeyplatform/jmonkeyplatform/libs/jme3-lwjgl-3.6.1-stable.jar:/Applications/jmonkeyplatform.app/Contents/Resources/jmonkeyplatform/jmonkeyplatform/libs/lwjgl-platform-2.9.5-natives-windows.jar:/Applications/jmonkeyplatform.app/Contents/Resources/jmonkeyplatform/jmonkeyplatform/libs/lwjgl-platform-2.9.5-natives-linux.jar:/Applications/jmonkeyplatform.app/Contents/Resources/jmonkeyplatform/jmonkeyplatform/libs/lwjgl-platform-2.9.5-natives-osx.jar:/Applications/jmonkeyplatform.app/Contents/Resources/jmonkeyplatform/jmonkeyplatform/libs/jinput-2.0.9.jar:/Applications/jmonkeyplatform.app/Contents/Resources/jmonkeyplatform/jmonkeyplatform/libs/jinput-2.0.9-natives-all.jar:/Applications/jmonkeyplatform.app/Contents/Resources/jmonkeyplatform/jmonkeyplatform/libs/lwjgl-2.9.5.jar:/Applications/jmonkeyplatform.app/Contents/Resources/jmonkeyplatform/jmonkeyplatform/libs/jme3-effects-3.6.1-stable.jar:/Applications/jmonkeyplatform.app/Contents/Resources/jmonkeyplatform/jmonkeyplatform/libs/jme3-terrain-3.6.1-stable.jar:/Applications/jmonkeyplatform.app/Contents/Resources/jmonkeyplatform/jmonkeypla
Launcher Type: SUN_STANDARD

[Global flags]
     intx CICompilerCount                          = 4                                         {product} {ergonomic}
     uint ConcGCThreads                            = 2                                         {product} {ergonomic}
     uint G1ConcRefinementThreads                  = 9                                         {product} {ergonomic}
   size_t G1HeapRegionSize                         = 2097152                                   {product} {ergonomic}
    uintx GCDrainStackTargetSize                   = 64                                        {product} {ergonomic}
   size_t InitialHeapSize                          = 268435456                                 {product} {ergonomic}
   size_t MarkStackSize                            = 4194304                                   {product} {ergonomic}
   size_t MaxHeapSize                              = 4294967296                                {product} {ergonomic}
   size_t MaxNewSize                               = 2575302656                                {product} {ergonomic}
   size_t MinHeapDeltaBytes                        = 2097152                                   {product} {ergonomic}
   size_t MinHeapSize                              = 8388608                                   {product} {ergonomic}
    uintx NonNMethodCodeHeapSize                   = 5839372                                {pd product} {ergonomic}
    uintx NonProfiledCodeHeapSize                  = 122909434                              {pd product} {ergonomic}
    uintx ProfiledCodeHeapSize                     = 122909434                              {pd product} {ergonomic}
    uintx ReservedCodeCacheSize                    = 251658240                              {pd product} {ergonomic}
     bool SegmentedCodeCache                       = true                                      {product} {ergonomic}
   size_t SoftMaxHeapSize                          = 4294967296                             {manageable} {ergonomic}
     bool UseCompressedClassPointers               = true                           {product lp64_product} {ergonomic}
     bool UseCompressedOops                        = true                           {product lp64_product} {ergonomic}
     bool UseG1GC                                  = true                                      {product} {ergonomic}
     bool UseNUMA                                  = false                                     {product} {ergonomic}
     bool UseNUMAInterleaving                      = false                                     {product} {ergonomic}

Logging:
Log output configuration:
 #0: stdout all=warning uptime,level,tags
 #1: stderr all=off uptime,level,tags

Environment Variables:
PATH=/usr/bin:/bin:/usr/sbin:/sbin
SHELL=/bin/bash
DISPLAY=/private/tmp/com.apple.launchd.poCEvFFhAb/org.xquartz:0
LC_CTYPE=UTF-8
TMPDIR=/var/folders/0g/fqmqj2h13zb6tm1pyktk150w0000gn/T/

Active Locale:
LC_ALL=C/UTF-8/C/C/C/C
LC_COLLATE=C
LC_CTYPE=UTF-8
LC_MESSAGES=C
LC_MONETARY=C
LC_NUMERIC=C
LC_TIME=C

Signal Handlers:
   SIGSEGV: crash_handler in libjvm.dylib, mask=11100110100111111111111111111111, flags=SA_RESTART|SA_SIGINFO, unblocked
    SIGBUS: crash_handler in libjvm.dylib, mask=11100110100111111111111111111111, flags=SA_RESTART|SA_SIGINFO, unblocked
    SIGFPE: crash_handler in libjvm.dylib, mask=11100110100111111111111111111111, flags=SA_RESTART|SA_SIGINFO, unblocked
   SIGPIPE: javaSignalHandler in libjvm.dylib, mask=11100110100111111111111111111111, flags=SA_RESTART|SA_SIGINFO, blocked
   SIGXFSZ: javaSignalHandler in libjvm.dylib, mask=11100110100111111111111111111111, flags=SA_RESTART|SA_SIGINFO, blocked
    SIGILL: crash_handler in libjvm.dylib, mask=11100110100111111111111111111111, flags=SA_RESTART|SA_SIGINFO, unblocked
   SIGUSR2: SR_handler in libjvm.dylib, mask=00100000000000000000000000000000, flags=SA_RESTART|SA_SIGINFO, blocked
    SIGHUP: UserHandler in libjvm.dylib, mask=11100110100111111111111111111111, flags=SA_RESTART|SA_SIGINFO, blocked
    SIGINT: SIG_IGN, mask=11111111011111110111111111111111, flags=none, blocked
   SIGTERM: UserHandler in libjvm.dylib, mask=11100110100111111111111111111111, flags=SA_RESTART|SA_SIGINFO, blocked
   SIGQUIT: UserHandler in libjvm.dylib, mask=11100110100111111111111111111111, flags=SA_RESTART|SA_SIGINFO, blocked
   SIGTRAP: crash_handler in libjvm.dylib, mask=11100110100111111111111111111111, flags=SA_RESTART|SA_SIGINFO, unblocked


Periodic native trim disabled


---------------  S Y S T E M  ---------------

OS:
uname: Darwin 23.5.0 Darwin Kernel Version 23.5.0: Wed May  1 20:12:58 PDT 2024; root:xnu-10063.121.3~5/RELEASE_ARM64_T6000 x86_64
OS uptime: 19 days 3:47 hours
rlimit (soft/hard): STACK 8176k/65520k , CORE 0k/infinity , NPROC 2666/4000 , NOFILE 12544/infinity , AS infinity/infinity , CPU infinity/infinity , DATA infinity/infinity , FSIZE infinity/infinity , MEMLOCK infinity/infinity , RSS infinity/infinity
load average: 4.70 3.90 4.73

CPU: (EMULATED) total 10 (initial active 10) (1 cores per cpu, 1 threads per core) family 6 model 44 stepping 0 microcode 0x0, cx8, cmov, fxsr, mmx, sse, sse2, sse3, ssse3, sse4.1, sse4.2, popcnt, tsc, tscinvbit, aes, clmul, clflush
machdep.cpu.brand_string:Apple M1 Pro
hw.cpufrequency:2400000000
hw.cpufrequency_min:2400000000
hw.cpufrequency_max:2400000000
hw.cachelinesize:64
hw.l1icachesize:131072
hw.l1dcachesize:65536
hw.l2cachesize:4194304

Memory: 4k page, physical 16777216k(26596k free), swap 5242880k(464256k free)

vm_info: OpenJDK 64-Bit Server VM (17.0.9+9) for bsd-amd64 JRE (17.0.9+9), built on Oct 18 2023 08:05:15 by "admin" with clang Apple LLVM 12.0.0 (clang-1200.0.32.29)

END.
