#
# A fatal error has been detected by the Java Runtime Environment:
#
#  SIGSEGV (0xb) at pc=0x00007ff80c632a1d, pid=54923, tid=259
#
# JRE version: OpenJDK Runtime Environment Temurin-17.0.9+9 (17.0.9+9) (build 17.0.9+9)
# Java VM: OpenJDK 64-Bit Server VM Temurin-17.0.9+9 (17.0.9+9, mixed mode, tiered, compressed oops, compressed class ptrs, g1 gc, bsd-amd64)
# Problematic frame:
# C  [libobjc.A.dylib+0x6a1d]  objc_msgSend+0x1d
#
# No core dump will be written. Core dumps have been disabled. To enable core dumping, try "ulimit -c unlimited" before starting Java again
#
# If you would like to submit a bug report, please visit:
#   https://github.com/adoptium/adoptium-support/issues
# The crash happened outside the Java Virtual Machine in native code.
# See problematic frame for where to report the bug.
#

---------------  S U M M A R Y ------------

Command Line: -Dfile.encoding=UTF-8 --module-path=/Users/anniexian/jMonkeyProjects/3D Gaming Project/build/classes mygame.Main

Host: "MacBookPro18,3" x86_64 (EMULATED) 2400 MHz, 10 cores, 16G, Darwin 23.5.0, macOS 14.5 (23F79)
Time: Wed Oct  2 08:38:45 2024 EDT elapsed time: 4.785821 seconds (0d 0h 0m 4s)

---------------  T H R E A D  ---------------

Current thread (0x00007fc5c78b0400):  JavaThread "AppKit Thread" daemon [_thread_in_native, id=259, stack(0x00000003085fa000,0x0000000308dfa000)]

Stack: [0x00000003085fa000,0x0000000308dfa000],  sp=0x0000000308df5128,  free space=8172k
Native frames: (J=compiled Java code, j=interpreted, Vv=VM code, C=native code)
C  [libobjc.A.dylib+0x6a1d]  objc_msgSend+0x1d
C  [AppKit+0x8216e7]  __58-[_NSTrackingAreaAKManager _activeTrackingAreasNeedUpdate]_block_invoke+0x13e
C  [AppKit+0x83062e]  ___NSMainRunLoopPerformBlockInModes_block_invoke+0x19
C  [CoreFoundation+0x7c40e]  __CFRUNLOOP_IS_CALLING_OUT_TO_A_BLOCK__+0xc
C  [CoreFoundation+0x7c347]  __CFRunLoopDoBlocks+0x18c
C  [CoreFoundation+0x7b1cd]  __CFRunLoopRun+0x3ac
C  [CoreFoundation+0x7a859]  CFRunLoopRunSpecific+0x22d
C  [HIToolbox+0x2ea09]  RunCurrentEventLoopInMode+0x124
C  [HIToolbox+0x2e816]  ReceiveNextEventCommon+0x299
C  [HIToolbox+0x2e561]  _BlockUntilNextEventMatchingListInModeWithFilter+0x42
C  [AppKit+0x3ec61]  _DPSNextEvent+0x370
C  [AppKit+0x952dc0]  -[NSApplication(NSEventRouting) _nextEventMatchingEventMask:untilDate:inMode:dequeue:]+0x4f9
C  [libosxapp.dylib+0x456a]  -[NSApplicationAWT nextEventMatchingMask:untilDate:inMode:dequeue:]+0x7a
C  [AppKit+0x30075]  -[NSApplication run]+0x25b
C  [libosxapp.dylib+0x4339]  +[NSApplicationAWT runAWTLoopWithApp:]+0xa9
C  [libawt_lwawt.dylib+0x72ad0]  +[AWTStarter starter:headless:]+0x1f0
C  [libosxapp.dylib+0x600f]  +[ThreadUtilities invokeBlockCopy:]+0xf
C  [Foundation+0x7d365]  __NSThreadPerformPerform+0xb2
C  [CoreFoundation+0x7c7d6]  __CFRUNLOOP_IS_CALLING_OUT_TO_A_SOURCE0_PERFORM_FUNCTION__+0x11
C  [CoreFoundation+0x7c779]  __CFRunLoopDoSource0+0x9d
C  [CoreFoundation+0x7c548]  __CFRunLoopDoSources0+0xd7
C  [CoreFoundation+0x7b1b8]  __CFRunLoopRun+0x397
C  [CoreFoundation+0x7a859]  CFRunLoopRunSpecific+0x22d
C  [libjli.dylib+0xafa2]  CreateExecutionEnvironment+0x182
C  [libjli.dylib+0x6d1c]  JLI_Launch+0x59c
C  [java+0x3c11]  main+0x191
C  0x0000000202711366


siginfo: si_signo: 11 (SIGSEGV), si_code: 1 (SEGV_MAPERR), si_addr: 0x000007fc5a5fdb48

Registers:
RAX=0x0001eadb55b82e33, RBX=0x00006000006c0d20, RCX=0x0000000080000000, RDX=0x000000000001eadb
RSP=0x0000000308df5128, RBP=0x0000000308df54a0, RSI=0x00007ff82c780226, RDI=0x00007fc5a5fa2320
R8 =0x0000000000000456, R9 =0x0000000000000097, R10=0x000007fc5a5fdb30, R11=0x00007ff82c780226
R12=0x0000000000000000, R13=0x0000000308df5370, R14=0x00007ff84fde9760, R15=0x00007fc5a607eb60
RIP=0x00007ff80c632a1d, EFLAGS=0x0000000000000247, ERR=0x0000000000000004
  TRAPNO=0x000000000000000e


Register to memory mapping:

RAX=0x0001eadb55b82e33 is an unknown value
RBX=0x00006000006c0d20 points into unknown readable memory: 0x031dfff84fdedc75 | 75 dc de 4f f8 ff 1d 03
RCX=0x0000000080000000 is an unknown value
RDX=0x000000000001eadb is an unknown value
RSP=0x0000000308df5128 is pointing into the stack for thread: 0x00007fc5c78b0400
RBP=0x0000000308df54a0 is pointing into the stack for thread: 0x00007fc5c78b0400
RSI=0x00007ff82c780226 points into unknown readable memory: 77 69
RDI=0x00007fc5a5fa2320 points into unknown readable memory: 0xb00007fc5a5fdb34 | 34 db 5f 5a fc 07 00 b0
R8 =0x0000000000000456 is an unknown value
R9 =0x0000000000000097 is an unknown value
R10=0x000007fc5a5fdb30 is an unknown value
R11=0x00007ff82c780226 points into unknown readable memory: 77 69
R12=0x0 is NULL
R13=0x0000000308df5370 is pointing into the stack for thread: 0x00007fc5c78b0400
R14=0x00007ff84fde9760: OBJC_CLASS_$_NSEvent+0 in /System/Library/Frameworks/AppKit.framework/Versions/C/AppKit at 0x00007ff81006f000
R15=0x00007fc5a607eb60 points into unknown readable memory: 0x023dfff84fdee0ad | ad e0 de 4f f8 ff 3d 02


Top of Stack: (sp=0x0000000308df5128)
0x0000000308df5128:   00007ff810898ca6 0000000000000000
0x0000000308df5138:   0000000000000000 4090000000000000
0x0000000308df5148:   4088e00000000000 00006000001a8ea0
0x0000000308df5158:   000000000000004c 0000000308df52b0
0x0000000308df5168:   00007ff80cba6833 0000600002b4c600
0x0000000308df5178:   0000000000000000 0000600002b4c600
0x0000000308df5188:   0000000308df5340 0000000308df51e0
0x0000000308df5198:   00007ff80c700305 00007fc5c687a940
0x0000000308df51a8:   00007ff84fdc3ba0 0000000308df5210
0x0000000308df51b8:   00007ff80c6376da 0000000308df51f0
0x0000000308df51c8:   0000600002b4c5f0 0000000308df5340
0x0000000308df51d8:   0000000000000028 0000000308df5210
0x0000000308df51e8:   00007ff80c7003d4 00007ff810076be6
0x0000000308df51f8:   0000000308df5300 0000000000000017
0x0000000308df5208:   0000000000000000 0000000000000017
0x0000000308df5218:   00007ff82c71b9db 00007ff84fdc6788
0x0000000308df5228:   00000000c2000000 00007ff81089fac1
0x0000000308df5238:   00007ff84f290580 0000600002485e40
0x0000000308df5248:   0000000000000000 0000000000000000
0x0000000308df5258:   0000000000000000 4076dcf000000000
0x0000000308df5268:   4068a8c000000000 4076dcf000000000
0x0000000308df5278:   4068a8c000000000 00007fc5a607eb60
0x0000000308df5288:   0000600001000100 00007ff82c5c6aae
0x0000000308df5298:   00007ff82c772565 000060000148c460
0x0000000308df52a8:   0000000000000000 0000600002485e40
0x0000000308df52b8:   00007ff82c778836 00007ff82c6ed3ff
0x0000000308df52c8:   0000000000000000 00007ff82c748fa4
0x0000000308df52d8:   0000000000000001 00007ff82c5c9c34
0x0000000308df52e8:   00007fc5a607eb60 00007ff82c780226
0x0000000308df52f8:   0000000000000001 00007ff82c633753
0x0000000308df5308:   00007ff82c5cac16 000060000c637101
0x0000000308df5318:   00007fc5a5fa2320 00007ff82c5c90e6 

Instructions: (pc=0x00007ff80c632a1d)
0x00007ff80c63291d:   75 17 48 8b 35 e2 32 f9 3f ff 25 e4 19 f9 3f f6
0x00007ff80c63292d:   41 1e 01 74 cd 48 89 f8 c3 48 8b 05 8b 67 a5 41
0x00007ff80c63293d:   ff e0 90 31 c0 31 d2 0f 57 c0 0f 57 c9 c3 90 d9
0x00007ff80c63294d:   ee 31 c0 31 d2 0f 57 c0 0f 57 c9 c3 0f 1f 00 d9
0x00007ff80c63295d:   ee d9 ee 31 c0 31 d2 0f 57 c0 0f 57 c9 c3 90 48
0x00007ff80c63296d:   89 f8 c3 49 89 fa 49 89 f3 45 23 5a 18 49 c1 e3
0x00007ff80c63297d:   04 4d 03 5a 10 49 3b 33 75 0e 49 8b 43 08 48 83
0x00007ff80c63298d:   f8 00 74 03 4c 31 d0 c3 49 83 3b 01 76 17 49 83
0x00007ff80c63299d:   c3 10 49 3b 33 75 f1 49 8b 43 08 48 83 f8 00 74
0x00007ff80c6329ad:   03 4c 31 d0 c3 72 25 4d 8b 5b 08 eb 0a 49 83 3b
0x00007ff80c6329bd:   01 76 17 49 83 c3 10 49 3b 33 75 f1 49 8b 43 08
0x00007ff80c6329cd:   48 83 f8 00 74 03 4c 31 d0 c3 eb 00 31 c0 c3 66
0x00007ff80c6329dd:   2e 0f 1f 84 00 00 00 00 00 66 2e 0f 1f 84 00 00
0x00007ff80c6329ed:   00 00 00 66 2e 0f 1f 84 00 00 00 00 00 66 0f 1f
0x00007ff80c6329fd:   44 00 00 48 85 ff 2e 74 72 40 f6 c7 01 2e 75 76
0x00007ff80c632a0d:   49 ba f8 ff ff ff ff 7f 00 00 4c 23 17 49 89 f3
0x00007ff80c632a1d:   45 23 5a 18 49 c1 e3 04 4d 03 5a 10 49 3b 33 75
0x00007ff80c632a2d:   0a 4d 8b 5b 08 4d 31 d3 41 ff e3 49 83 3b 01 76
0x00007ff80c632a3d:   13 49 83 c3 10 49 3b 33 75 f1 4d 8b 5b 08 4d 31
0x00007ff80c632a4d:   d3 41 ff e3 72 70 4d 8b 5b 08 eb 0a 49 83 3b 01
0x00007ff80c632a5d:   76 13 49 83 c3 10 49 3b 33 75 f1 4d 8b 5b 08 4d
0x00007ff80c632a6d:   31 d3 41 ff e3 eb 4f 0f 1f 40 00 31 c0 31 d2 0f
0x00007ff80c632a7d:   57 c0 0f 57 c9 c3 41 89 fb 41 83 e3 0f 4c 8d 15
0x00007ff80c632a8d:   ef f4 78 43 4f 8b 14 da 4c 8d 1d bc f3 78 43 4d
0x00007ff80c632a9d:   39 d3 0f 85 75 ff ff ff 41 89 fb 41 c1 eb 04 41
0x00007ff80c632aad:   81 e3 ff 00 00 00 4c 8d 15 46 f5 78 43 4f 8b 14
0x00007ff80c632abd:   da e9 57 ff ff ff e9 88 0a 00 00 66 2e 0f 1f 84
0x00007ff80c632acd:   00 00 00 00 00 66 2e 0f 1f 84 00 00 00 00 00 66
0x00007ff80c632add:   2e 0f 1f 84 00 00 00 00 00 66 2e 0f 1f 84 00 00
0x00007ff80c632aed:   00 00 00 66 2e 0f 1f 84 00 00 00 00 00 66 0f 1f
0x00007ff80c632afd:   44 00 00 48 85 ff 2e 74 6a 40 f6 c7 01 2e 75 6b
0x00007ff80c632b0d:   49 ba f8 ff ff ff ff 7f 00 00 4c 23 17 49 89 f3 


Stack slot to memory mapping:
stack at sp + 0 slots: 0x00007ff810898ca6: -[_NSTrackingAreaAKManager _updateActiveTrackingAreasForWindowLocation:modifierFlags:]+0x2399 in /System/Library/Frameworks/AppKit.framework/Versions/C/AppKit at 0x00007ff81006f000
stack at sp + 1 slots: 0x0 is NULL
stack at sp + 2 slots: 0x0 is NULL
stack at sp + 3 slots: 0x4090000000000000 is an unknown value
stack at sp + 4 slots: 0x4088e00000000000 is an unknown value
stack at sp + 5 slots: 0x00006000001a8ea0 points into unknown readable memory: 0x011dfff84fdd8ad1 | d1 8a dd 4f f8 ff 1d 01
stack at sp + 6 slots: 0x000000000000004c is an unknown value
stack at sp + 7 slots: 0x0000000308df52b0 is pointing into the stack for thread: 0x00007fc5c78b0400


---------------  P R O C E S S  ---------------

Threads class SMR info:
_java_thread_list=0x00006000024f8f00, length=20, elements={
0x00007fc5c8059600, 0x00007fc5c805be00, 0x00007fc5c805a200, 0x00007fc5c8059c00,
0x00007fc5c805b000, 0x00007fc5c805b600, 0x00007fc5c8809400, 0x00007fc596009800,
0x00007fc5c78b0a00, 0x00007fc566008200, 0x00007fc5c78b0400, 0x00007fc5c7131600,
0x00007fc5c8902e00, 0x00007fc5c7960000, 0x00007fc5c88eca00, 0x00007fc5c713aa00,
0x00007fc5c88e8000, 0x00007fc5c7137400, 0x00007fc5c898e600, 0x00007fc5c8109200
}

Java Threads: ( => current thread )
  0x00007fc5c8059600 JavaThread "Reference Handler" daemon [_thread_blocked, id=32327, stack(0x0000000309592000,0x0000000309692000)]
  0x00007fc5c805be00 JavaThread "Finalizer" daemon [_thread_blocked, id=31747, stack(0x0000000309695000,0x0000000309795000)]
  0x00007fc5c805a200 JavaThread "Signal Dispatcher" daemon [_thread_blocked, id=24835, stack(0x00000003098a7000,0x00000003099a7000)]
  0x00007fc5c8059c00 JavaThread "Service Thread" daemon [_thread_blocked, id=29699, stack(0x00000003099aa000,0x0000000309aaa000)]
  0x00007fc5c805b000 JavaThread "Monitor Deflation Thread" daemon [_thread_blocked, id=25603, stack(0x0000000309aad000,0x0000000309bad000)]
  0x00007fc5c805b600 JavaThread "C2 CompilerThread0" daemon [_thread_blocked, id=29443, stack(0x0000000309bb0000,0x0000000309cb0000)]
  0x00007fc5c8809400 JavaThread "C1 CompilerThread0" daemon [_thread_blocked, id=26115, stack(0x0000000309cb3000,0x0000000309db3000)]
  0x00007fc596009800 JavaThread "Sweeper thread" daemon [_thread_blocked, id=26627, stack(0x0000000309db6000,0x0000000309eb6000)]
  0x00007fc5c78b0a00 JavaThread "Common-Cleaner" daemon [_thread_blocked, id=27495, stack(0x0000000309eb9000,0x0000000309fb9000)]
  0x00007fc566008200 JavaThread "Notification Thread" daemon [_thread_blocked, id=27987, stack(0x0000000309fbc000,0x000000030a0bc000)]
=>0x00007fc5c78b0400 JavaThread "AppKit Thread" daemon [_thread_in_native, id=259, stack(0x00000003085fa000,0x0000000308dfa000)]
  0x00007fc5c7131600 JavaThread "AWT-Shutdown" [_thread_blocked, id=62519, stack(0x000000030a1c2000,0x000000030a2c2000)]
  0x00007fc5c8902e00 JavaThread "AWT-EventQueue-0" [_thread_blocked, id=82259, stack(0x000000030a5ee000,0x000000030a6ee000)]
  0x00007fc5c7960000 JavaThread "Java2D Queue Flusher" daemon [_thread_blocked, id=71779, stack(0x000000030a6f1000,0x000000030a7f1000)]
  0x00007fc5c88eca00 JavaThread "Java2D Disposer" daemon [_thread_blocked, id=72783, stack(0x000000030a7f4000,0x000000030a8f4000)]
  0x00007fc5c713aa00 JavaThread "Timer-0" daemon [_thread_blocked, id=77639, stack(0x000000030a8f7000,0x000000030a9f7000)]
  0x00007fc5c88e8000 JavaThread "Image Fetcher 0" daemon [_thread_blocked, id=80683, stack(0x000000030a9fa000,0x000000030aafa000)]
  0x00007fc5c7137400 JavaThread "TimerQueue" daemon [_thread_blocked, id=126055, stack(0x000000030aafd000,0x000000030abfd000)]
  0x00007fc5c898e600 JavaThread "jME3 Main" [_thread_in_native, id=99507, stack(0x000000030b3a9000,0x000000030b4a9000)]
  0x00007fc5c8109200 JavaThread "DestroyJavaVM" [_thread_blocked, id=11011, stack(0x0000000308e7d000,0x0000000308f7d000)]

Other Threads:
  0x00007fc5a6104f70 VMThread "VM Thread" [stack: 0x000000030948f000,0x000000030958f000] [id=32515]
  0x00007fc565f04420 WatcherThread [stack: 0x000000030a0bf000,0x000000030a1bf000] [id=43267]
  0x00007fc5c69068b0 GCTaskThread "GC Thread#0" [stack: 0x0000000308f80000,0x0000000309080000] [id=16899]
  0x00007fc5c68e89e0 GCTaskThread "GC Thread#1" [stack: 0x000000030ad97000,0x000000030ae97000] [id=120743]
  0x00007fc5c68e8c90 GCTaskThread "GC Thread#2" [stack: 0x000000030ae9a000,0x000000030af9a000] [id=120323]
  0x00007fc5c68e9110 GCTaskThread "GC Thread#3" [stack: 0x000000030af9d000,0x000000030b09d000] [id=119811]
  0x00007fc5c68e9590 GCTaskThread "GC Thread#4" [stack: 0x000000030b0a0000,0x000000030b1a0000] [id=119555]
  0x00007fc5a60183c0 GCTaskThread "GC Thread#5" [stack: 0x000000030b1a3000,0x000000030b2a3000] [id=97027]
  0x00007fc5a5fb2970 GCTaskThread "GC Thread#6" [stack: 0x000000030b2a6000,0x000000030b3a6000] [id=119051]
  0x00007fc5a5fc1710 GCTaskThread "GC Thread#7" [stack: 0x000000030b4ac000,0x000000030b5ac000] [id=117531]
  0x00007fc5a5fc1d20 GCTaskThread "GC Thread#8" [stack: 0x000000030b5af000,0x000000030b6af000] [id=116871]
  0x00007fc5c6906f60 ConcurrentGCThread "G1 Main Marker" [stack: 0x0000000309083000,0x0000000309183000] [id=21507]
  0x00007fc5a6004a10 ConcurrentGCThread "G1 Conc#0" [stack: 0x0000000309186000,0x0000000309286000] [id=17667]
  0x00007fc5a6007680 ConcurrentGCThread "G1 Refine#0" [stack: 0x0000000309289000,0x0000000309389000] [id=18179]
  0x00007fc5a6007f20 ConcurrentGCThread "G1 Service" [stack: 0x000000030938c000,0x000000030948c000] [id=20483]

Threads with active compile tasks:

VM state: not at safepoint (normal execution)

VM Mutex/Monitor currently owned by a thread: None

Heap address: 0x0000000700000000, size: 4096 MB, Compressed Oops mode: Zero based, Oop shift amount: 3

CDS archive(s) not mapped
Compressed class space mapped at: 0x0000000800000000-0x0000000840000000, reserved size: 1073741824
Narrow klass base: 0x0000000800000000, Narrow klass shift: 0, Narrow klass range: 0x40000000

GC Precious Log:
 CPUs: 10 total, 10 available
 Memory: 16384M
 Large Page Support: Disabled
 NUMA Support: Disabled
 Compressed Oops: Enabled (Zero based)
 Heap Region Size: 2M
 Heap Min Capacity: 8M
 Heap Initial Capacity: 256M
 Heap Max Capacity: 4G
 Pre-touch: Disabled
 Parallel Workers: 9
 Concurrent Workers: 2
 Concurrent Refinement Workers: 9
 Periodic GC: Disabled

Heap:
 garbage-first heap   total 145408K, used 67991K [0x0000000700000000, 0x0000000800000000)
  region size 2048K, 11 young (22528K), 1 survivors (2048K)
 Metaspace       used 26119K, committed 26304K, reserved 1114112K
  class space    used 2590K, committed 2688K, reserved 1048576K

Heap Regions: E=young(eden), S=young(survivor), O=old, HS=humongous(starts), HC=humongous(continues), CS=collection set, F=free, OA=open archive, CA=closed archive, TAMS=top-at-mark-start (previous, next)
|   0|0x0000000700000000, 0x0000000700200000, 0x0000000700200000|100%|HS|  |TAMS 0x0000000700200000, 0x0000000700200000| Untracked 
|   1|0x0000000700200000, 0x000000070036b4b0, 0x0000000700400000| 70%| O|  |TAMS 0x0000000700200000, 0x000000070036b4b0| Untracked 
|   2|0x0000000700400000, 0x00000007005fff80, 0x0000000700600000| 99%| O|  |TAMS 0x0000000700400000, 0x00000007005fff80| Untracked 
|   3|0x0000000700600000, 0x00000007007f3a00, 0x0000000700800000| 97%| O|  |TAMS 0x0000000700600000, 0x00000007007f3a00| Untracked 
|   4|0x0000000700800000, 0x0000000700847e68, 0x0000000700a00000| 14%| O|  |TAMS 0x0000000700800000, 0x0000000700847e68| Untracked 
|   5|0x0000000700a00000, 0x0000000700c00000, 0x0000000700c00000|100%|HS|  |TAMS 0x0000000700a00000, 0x0000000700a00000| Complete 
|   6|0x0000000700c00000, 0x0000000700e00000, 0x0000000700e00000|100%|HC|  |TAMS 0x0000000700c00000, 0x0000000700c00000| Complete 
|   7|0x0000000700e00000, 0x0000000701000000, 0x0000000701000000|100%|HC|  |TAMS 0x0000000700e00000, 0x0000000700e00000| Complete 
|   8|0x0000000701000000, 0x0000000701200000, 0x0000000701200000|100%|HC|  |TAMS 0x0000000701000000, 0x0000000701000000| Complete 
|   9|0x0000000701200000, 0x0000000701400000, 0x0000000701400000|100%|HC|  |TAMS 0x0000000701200000, 0x0000000701200000| Complete 
|  10|0x0000000701400000, 0x0000000701600000, 0x0000000701600000|100%|HC|  |TAMS 0x0000000701400000, 0x0000000701400000| Complete 
|  11|0x0000000701600000, 0x0000000701800000, 0x0000000701800000|100%|HC|  |TAMS 0x0000000701600000, 0x0000000701600000| Complete 
|  12|0x0000000701800000, 0x0000000701a00000, 0x0000000701a00000|100%|HC|  |TAMS 0x0000000701800000, 0x0000000701800000| Complete 
|  13|0x0000000701a00000, 0x0000000701c00000, 0x0000000701c00000|100%|HC|  |TAMS 0x0000000701a00000, 0x0000000701a00000| Complete 
|  14|0x0000000701c00000, 0x0000000701e00000, 0x0000000701e00000|100%|HS|  |TAMS 0x0000000701c00000, 0x0000000701c00000| Complete 
|  15|0x0000000701e00000, 0x0000000701e00000, 0x0000000702000000|  0%| F|  |TAMS 0x0000000701e00000, 0x0000000701e00000| Untracked 
|  16|0x0000000702000000, 0x0000000702200000, 0x0000000702200000|100%|HS|  |TAMS 0x0000000702000000, 0x0000000702200000| Complete 
|  17|0x0000000702200000, 0x0000000702400000, 0x0000000702400000|100%|HC|  |TAMS 0x0000000702200000, 0x0000000702400000| Complete 
|  18|0x0000000702400000, 0x0000000702600000, 0x0000000702600000|100%|HC|  |TAMS 0x0000000702400000, 0x0000000702600000| Complete 
|  19|0x0000000702600000, 0x0000000702800000, 0x0000000702800000|100%|HC|  |TAMS 0x0000000702600000, 0x0000000702800000| Complete 
|  20|0x0000000702800000, 0x0000000702a00000, 0x0000000702a00000|100%|HC|  |TAMS 0x0000000702800000, 0x0000000702a00000| Complete 
|  21|0x0000000702a00000, 0x0000000702c00000, 0x0000000702c00000|100%|HS|  |TAMS 0x0000000702a00000, 0x0000000702a00000| Complete 
|  22|0x0000000702c00000, 0x0000000702e00000, 0x0000000702e00000|100%|HC|  |TAMS 0x0000000702c00000, 0x0000000702c00000| Complete 
|  23|0x0000000702e00000, 0x0000000703000000, 0x0000000703000000|100%|HC|  |TAMS 0x0000000702e00000, 0x0000000702e00000| Complete 
|  24|0x0000000703000000, 0x0000000703200000, 0x0000000703200000|100%|HC|  |TAMS 0x0000000703000000, 0x0000000703000000| Complete 
|  25|0x0000000703200000, 0x0000000703400000, 0x0000000703400000|100%|HC|  |TAMS 0x0000000703200000, 0x0000000703200000| Complete 
|  26|0x0000000703400000, 0x0000000703400000, 0x0000000703600000|  0%| F|  |TAMS 0x0000000703400000, 0x0000000703400000| Untracked 
|  27|0x0000000703600000, 0x0000000703600000, 0x0000000703800000|  0%| F|  |TAMS 0x0000000703600000, 0x0000000703600000| Untracked 
|  28|0x0000000703800000, 0x0000000703800000, 0x0000000703a00000|  0%| F|  |TAMS 0x0000000703800000, 0x0000000703800000| Untracked 
|  29|0x0000000703a00000, 0x0000000703a00000, 0x0000000703c00000|  0%| F|  |TAMS 0x0000000703a00000, 0x0000000703a00000| Untracked 
|  30|0x0000000703c00000, 0x0000000703c00000, 0x0000000703e00000|  0%| F|  |TAMS 0x0000000703c00000, 0x0000000703c00000| Untracked 
|  31|0x0000000703e00000, 0x0000000703e00000, 0x0000000704000000|  0%| F|  |TAMS 0x0000000703e00000, 0x0000000703e00000| Untracked 
|  32|0x0000000704000000, 0x0000000704000000, 0x0000000704200000|  0%| F|  |TAMS 0x0000000704000000, 0x0000000704000000| Untracked 
|  33|0x0000000704200000, 0x0000000704200000, 0x0000000704400000|  0%| F|  |TAMS 0x0000000704200000, 0x0000000704200000| Untracked 
|  34|0x0000000704400000, 0x0000000704400000, 0x0000000704600000|  0%| F|  |TAMS 0x0000000704400000, 0x0000000704400000| Untracked 
|  35|0x0000000704600000, 0x0000000704600000, 0x0000000704800000|  0%| F|  |TAMS 0x0000000704600000, 0x0000000704600000| Untracked 
|  36|0x0000000704800000, 0x0000000704800000, 0x0000000704a00000|  0%| F|  |TAMS 0x0000000704800000, 0x0000000704800000| Untracked 
|  37|0x0000000704a00000, 0x0000000704a00000, 0x0000000704c00000|  0%| F|  |TAMS 0x0000000704a00000, 0x0000000704a00000| Untracked 
|  38|0x0000000704c00000, 0x0000000704c00000, 0x0000000704e00000|  0%| F|  |TAMS 0x0000000704c00000, 0x0000000704c00000| Untracked 
|  39|0x0000000704e00000, 0x0000000704e00000, 0x0000000705000000|  0%| F|  |TAMS 0x0000000704e00000, 0x0000000704e00000| Untracked 
|  40|0x0000000705000000, 0x0000000705000000, 0x0000000705200000|  0%| F|  |TAMS 0x0000000705000000, 0x0000000705000000| Untracked 
|  41|0x0000000705200000, 0x0000000705200000, 0x0000000705400000|  0%| F|  |TAMS 0x0000000705200000, 0x0000000705200000| Untracked 
|  42|0x0000000705400000, 0x0000000705400000, 0x0000000705600000|  0%| F|  |TAMS 0x0000000705400000, 0x0000000705400000| Untracked 
|  43|0x0000000705600000, 0x0000000705600000, 0x0000000705800000|  0%| F|  |TAMS 0x0000000705600000, 0x0000000705600000| Untracked 
|  44|0x0000000705800000, 0x0000000705800000, 0x0000000705a00000|  0%| F|  |TAMS 0x0000000705800000, 0x0000000705800000| Untracked 
|  45|0x0000000705a00000, 0x0000000705a00000, 0x0000000705c00000|  0%| F|  |TAMS 0x0000000705a00000, 0x0000000705a00000| Untracked 
|  46|0x0000000705c00000, 0x0000000705c00000, 0x0000000705e00000|  0%| F|  |TAMS 0x0000000705c00000, 0x0000000705c00000| Untracked 
|  47|0x0000000705e00000, 0x0000000705e00000, 0x0000000706000000|  0%| F|  |TAMS 0x0000000705e00000, 0x0000000705e00000| Untracked 
|  48|0x0000000706000000, 0x0000000706000000, 0x0000000706200000|  0%| F|  |TAMS 0x0000000706000000, 0x0000000706000000| Untracked 
|  49|0x0000000706200000, 0x0000000706200000, 0x0000000706400000|  0%| F|  |TAMS 0x0000000706200000, 0x0000000706200000| Untracked 
|  50|0x0000000706400000, 0x0000000706400000, 0x0000000706600000|  0%| F|  |TAMS 0x0000000706400000, 0x0000000706400000| Untracked 
|  51|0x0000000706600000, 0x0000000706600000, 0x0000000706800000|  0%| F|  |TAMS 0x0000000706600000, 0x0000000706600000| Untracked 
|  52|0x0000000706800000, 0x0000000706800000, 0x0000000706a00000|  0%| F|  |TAMS 0x0000000706800000, 0x0000000706800000| Untracked 
|  53|0x0000000706a00000, 0x0000000706a00000, 0x0000000706c00000|  0%| F|  |TAMS 0x0000000706a00000, 0x0000000706a00000| Untracked 
|  54|0x0000000706c00000, 0x0000000706c00000, 0x0000000706e00000|  0%| F|  |TAMS 0x0000000706c00000, 0x0000000706c00000| Untracked 
|  55|0x0000000706e00000, 0x0000000706e00000, 0x0000000707000000|  0%| F|  |TAMS 0x0000000706e00000, 0x0000000706e00000| Untracked 
|  56|0x0000000707000000, 0x0000000707000000, 0x0000000707200000|  0%| F|  |TAMS 0x0000000707000000, 0x0000000707000000| Untracked 
|  57|0x0000000707200000, 0x0000000707200000, 0x0000000707400000|  0%| F|  |TAMS 0x0000000707200000, 0x0000000707200000| Untracked 
|  58|0x0000000707400000, 0x0000000707400000, 0x0000000707600000|  0%| F|  |TAMS 0x0000000707400000, 0x0000000707400000| Untracked 
|  59|0x0000000707600000, 0x0000000707600000, 0x0000000707800000|  0%| F|  |TAMS 0x0000000707600000, 0x0000000707600000| Untracked 
|  60|0x0000000707800000, 0x000000070783fa10, 0x0000000707a00000| 12%| E|  |TAMS 0x0000000707800000, 0x0000000707800000| Complete 
|  61|0x0000000707a00000, 0x0000000707c00000, 0x0000000707c00000|100%| E|CS|TAMS 0x0000000707a00000, 0x0000000707a00000| Complete 
|  62|0x0000000707c00000, 0x0000000707e00000, 0x0000000707e00000|100%| E|CS|TAMS 0x0000000707c00000, 0x0000000707c00000| Complete 
|  63|0x0000000707e00000, 0x0000000708000000, 0x0000000708000000|100%| E|CS|TAMS 0x0000000707e00000, 0x0000000707e00000| Complete 
|  64|0x0000000708000000, 0x0000000708200000, 0x0000000708200000|100%| E|CS|TAMS 0x0000000708000000, 0x0000000708000000| Complete 
|  65|0x0000000708200000, 0x0000000708400000, 0x0000000708400000|100%| E|CS|TAMS 0x0000000708200000, 0x0000000708200000| Complete 
|  66|0x0000000708400000, 0x0000000708600000, 0x0000000708600000|100%| E|CS|TAMS 0x0000000708400000, 0x0000000708400000| Complete 
|  67|0x0000000708600000, 0x0000000708800000, 0x0000000708800000|100%| E|CS|TAMS 0x0000000708600000, 0x0000000708600000| Complete 
|  68|0x0000000708800000, 0x0000000708a00000, 0x0000000708a00000|100%| E|CS|TAMS 0x0000000708800000, 0x0000000708800000| Complete 
|  69|0x0000000708a00000, 0x0000000708abf208, 0x0000000708c00000| 37%| S|CS|TAMS 0x0000000708a00000, 0x0000000708a00000| Complete 
|  70|0x0000000708c00000, 0x0000000708e00000, 0x0000000708e00000|100%| E|CS|TAMS 0x0000000708c00000, 0x0000000708c00000| Complete 

Card table byte_map: [0x000000010b890000,0x000000010c090000] _byte_map_base: 0x0000000108090000

Marking Bits (Prev, Next): (CMBitMap*) 0x00007fc5c801f810, (CMBitMap*) 0x00007fc5c801f850
 Prev Bits: [0x0000000125e7c000, 0x0000000129e7c000)
 Next Bits: [0x0000000129e7c000, 0x000000012de7c000)

Polling page: 0x0000000102620000

Metaspace:

Usage:
  Non-class:     22.98 MB used.
      Class:      2.53 MB used.
       Both:     25.51 MB used.

Virtual space:
  Non-class space:       64.00 MB reserved,      23.06 MB ( 36%) committed,  1 nodes.
      Class space:        1.00 GB reserved,       2.62 MB ( <1%) committed,  1 nodes.
             Both:        1.06 GB reserved,      25.69 MB (  2%) committed. 

Chunk freelists:
   Non-Class:  8.77 MB
       Class:  13.39 MB
        Both:  22.16 MB

MaxMetaspaceSize: unlimited
CompressedClassSpaceSize: 1.00 GB
Initial GC threshold: 21.00 MB
Current GC threshold: 30.25 MB
CDS: off
MetaspaceReclaimPolicy: balanced
 - commit_granule_bytes: 65536.
 - commit_granule_words: 8192.
 - virtual_space_node_default_size: 8388608.
 - enlarge_chunks_in_place: 1.
 - new_chunks_are_fully_committed: 0.
 - uncommit_free_chunks: 1.
 - use_allocation_guard: 0.
 - handle_deallocations: 1.


Internal statistics:

num_allocs_failed_limit: 0.
num_arena_births: 206.
num_arena_deaths: 2.
num_vsnodes_births: 2.
num_vsnodes_deaths: 0.
num_space_committed: 409.
num_space_uncommitted: 0.
num_chunks_returned_to_freelist: 2.
num_chunks_taken_from_freelist: 493.
num_chunk_merges: 0.
num_chunk_splits: 317.
num_chunks_enlarged: 210.
num_inconsistent_stats: 0.

CodeHeap 'non-profiled nmethods': size=120028Kb used=1579Kb max_used=1579Kb free=118449Kb
 bounds [0x000000011e145000, 0x000000011e3b5000, 0x000000012567c000]
CodeHeap 'profiled nmethods': size=120028Kb used=5712Kb max_used=5712Kb free=114316Kb
 bounds [0x000000011667c000, 0x0000000116c1c000, 0x000000011dbb3000]
CodeHeap 'non-nmethods': size=5704Kb used=1429Kb max_used=1470Kb free=4274Kb
 bounds [0x000000011dbb3000, 0x000000011de23000, 0x000000011e145000]
 total_blobs=4000 nmethods=3196 adapters=718
 compilation: enabled
              stopped_count=0, restarted_count=0
 full_count=0

Compilation events (20 events):
Event: 4.766 Thread 0x00007fc5c8809400 3187       3       java.util.HashMap::remove (26 bytes)
Event: 4.766 Thread 0x00007fc5c8809400 nmethod 3187 0x0000000116c0df10 code [0x0000000116c0e0e0, 0x0000000116c0e450]
Event: 4.766 Thread 0x00007fc5c8809400 3188       3       com.jme3.util.IntMap$IntMapIterator::next (5 bytes)
Event: 4.766 Thread 0x00007fc5c8809400 nmethod 3188 0x0000000116c0e590 code [0x0000000116c0e740, 0x0000000116c0e880]
Event: 4.767 Thread 0x00007fc5c8809400 3189       3       java.lang.Long::hashCode (8 bytes)
Event: 4.768 Thread 0x00007fc5c8809400 nmethod 3189 0x0000000116c0e910 code [0x0000000116c0eac0, 0x0000000116c0ec00]
Event: 4.768 Thread 0x00007fc5c8809400 3190       3       java.lang.Long::hashCode (8 bytes)
Event: 4.768 Thread 0x00007fc5c8809400 nmethod 3190 0x0000000116c0ec90 code [0x0000000116c0ee20, 0x0000000116c0ef10]
Event: 4.768 Thread 0x00007fc5c8809400 3191       3       com.jme3.scene.VertexBuffer::getUniqueId (10 bytes)
Event: 4.768 Thread 0x00007fc5c8809400 nmethod 3191 0x0000000116c0ef90 code [0x0000000116c0f120, 0x0000000116c0f230]
Event: 4.768 Thread 0x00007fc5c8809400 3193       3       java.lang.Long::valueOf (40 bytes)
Event: 4.768 Thread 0x00007fc5c8809400 nmethod 3193 0x0000000116c0f310 code [0x0000000116c0f4e0, 0x0000000116c0f830]
Event: 4.768 Thread 0x00007fc5c8809400 3192       3       java.util.HashMap::afterNodeRemoval (1 bytes)
Event: 4.768 Thread 0x00007fc5c8809400 nmethod 3192 0x0000000116c0f990 code [0x0000000116c0fb20, 0x0000000116c0fc30]
Event: 4.768 Thread 0x00007fc5c8809400 3194       1       com.jme3.util.NativeObjectManager$NativeObjectRef::access$100 (5 bytes)
Event: 4.768 Thread 0x00007fc5c8809400 nmethod 3194 0x000000011e2cf610 code [0x000000011e2cf7a0, 0x000000011e2cf850]
Event: 4.768 Thread 0x00007fc5c8809400 3195       1       com.jme3.util.NativeObjectManager$NativeObjectRef::access$000 (5 bytes)
Event: 4.768 Thread 0x00007fc5c8809400 nmethod 3195 0x000000011e2cf910 code [0x000000011e2cfaa0, 0x000000011e2cfb50]
Event: 4.769 Thread 0x00007fc5c8809400 3196       3       java.util.concurrent.ConcurrentHashMap$ValueIterator::<init> (12 bytes)
Event: 4.769 Thread 0x00007fc5c8809400 nmethod 3196 0x0000000116c0fc90 code [0x0000000116c0fe40, 0x0000000116c0ff80]

GC Heap History (18 events):
Event: 2.122 GC heap before
{Heap before GC invocations=0 (full 0):
 garbage-first heap   total 262144K, used 14336K [0x0000000700000000, 0x0000000800000000)
  region size 2048K, 7 young (14336K), 0 survivors (0K)
 Metaspace       used 18405K, committed 18560K, reserved 1114112K
  class space    used 2013K, committed 2112K, reserved 1048576K
}
Event: 2.140 GC heap after
{Heap after GC invocations=1 (full 1):
 garbage-first heap   total 49152K, used 5836K [0x0000000700000000, 0x0000000800000000)
  region size 2048K, 0 young (0K), 0 survivors (0K)
 Metaspace       used 18403K, committed 18560K, reserved 1114112K
  class space    used 2012K, committed 2112K, reserved 1048576K
}
Event: 2.142 GC heap before
{Heap before GC invocations=1 (full 1):
 garbage-first heap   total 49152K, used 5836K [0x0000000700000000, 0x0000000800000000)
  region size 2048K, 1 young (2048K), 0 survivors (0K)
 Metaspace       used 18403K, committed 18560K, reserved 1114112K
  class space    used 2013K, committed 2112K, reserved 1048576K
}
Event: 2.148 GC heap after
{Heap after GC invocations=2 (full 2):
 garbage-first heap   total 28672K, used 5836K [0x0000000700000000, 0x0000000800000000)
  region size 2048K, 0 young (0K), 0 survivors (0K)
 Metaspace       used 18403K, committed 18560K, reserved 1114112K
  class space    used 2013K, committed 2112K, reserved 1048576K
}
Event: 2.467 GC heap before
{Heap before GC invocations=2 (full 2):
 garbage-first heap   total 28672K, used 9932K [0x0000000700000000, 0x0000000800000000)
  region size 2048K, 3 young (6144K), 0 survivors (0K)
 Metaspace       used 21818K, committed 22016K, reserved 1114112K
  class space    used 2259K, committed 2368K, reserved 1048576K
}
Event: 2.470 GC heap after
{Heap after GC invocations=3 (full 2):
 garbage-first heap   total 28672K, used 7732K [0x0000000700000000, 0x0000000800000000)
  region size 2048K, 1 young (2048K), 1 survivors (2048K)
 Metaspace       used 21818K, committed 22016K, reserved 1114112K
  class space    used 2259K, committed 2368K, reserved 1048576K
}
Event: 2.665 GC heap before
{Heap before GC invocations=3 (full 2):
 garbage-first heap   total 28672K, used 11828K [0x0000000700000000, 0x0000000800000000)
  region size 2048K, 3 young (6144K), 1 survivors (2048K)
 Metaspace       used 23403K, committed 23616K, reserved 1114112K
  class space    used 2396K, committed 2496K, reserved 1048576K
}
Event: 2.670 GC heap after
{Heap after GC invocations=4 (full 2):
 garbage-first heap   total 28672K, used 8069K [0x0000000700000000, 0x0000000800000000)
  region size 2048K, 1 young (2048K), 1 survivors (2048K)
 Metaspace       used 23403K, committed 23616K, reserved 1114112K
  class space    used 2396K, committed 2496K, reserved 1048576K
}
Event: 2.772 GC heap before
{Heap before GC invocations=4 (full 2):
 garbage-first heap   total 28672K, used 10117K [0x0000000700000000, 0x0000000800000000)
  region size 2048K, 3 young (6144K), 1 survivors (2048K)
 Metaspace       used 24520K, committed 24768K, reserved 1114112K
  class space    used 2509K, committed 2624K, reserved 1048576K
}
Event: 2.774 GC heap after
{Heap after GC invocations=5 (full 2):
 garbage-first heap   total 28672K, used 8657K [0x0000000700000000, 0x0000000800000000)
  region size 2048K, 1 young (2048K), 1 survivors (2048K)
 Metaspace       used 24520K, committed 24768K, reserved 1114112K
  class space    used 2509K, committed 2624K, reserved 1048576K
}
Event: 2.777 GC heap before
{Heap before GC invocations=5 (full 2):
 garbage-first heap   total 28672K, used 10705K [0x0000000700000000, 0x0000000800000000)
  region size 2048K, 2 young (4096K), 1 survivors (2048K)
 Metaspace       used 24521K, committed 24768K, reserved 1114112K
  class space    used 2509K, committed 2624K, reserved 1048576K
}
Event: 2.778 GC heap after
{Heap after GC invocations=6 (full 2):
 garbage-first heap   total 28672K, used 10254K [0x0000000700000000, 0x0000000800000000)
  region size 2048K, 1 young (2048K), 1 survivors (2048K)
 Metaspace       used 24521K, committed 24768K, reserved 1114112K
  class space    used 2509K, committed 2624K, reserved 1048576K
}
Event: 2.781 GC heap before
{Heap before GC invocations=6 (full 2):
 garbage-first heap   total 28672K, used 14350K [0x0000000700000000, 0x0000000800000000)
  region size 2048K, 1 young (2048K), 1 survivors (2048K)
 Metaspace       used 24522K, committed 24768K, reserved 1114112K
  class space    used 2509K, committed 2624K, reserved 1048576K
}
Event: 2.782 GC heap after
{Heap after GC invocations=7 (full 2):
 garbage-first heap   total 145408K, used 12271K [0x0000000700000000, 0x0000000800000000)
  region size 2048K, 1 young (2048K), 1 survivors (2048K)
 Metaspace       used 24522K, committed 24768K, reserved 1114112K
  class space    used 2509K, committed 2624K, reserved 1048576K
}
Event: 2.909 GC heap before
{Heap before GC invocations=7 (full 2):
 garbage-first heap   total 145408K, used 61423K [0x0000000700000000, 0x0000000800000000)
  region size 2048K, 4 young (8192K), 1 survivors (2048K)
 Metaspace       used 24896K, committed 25088K, reserved 1114112K
  class space    used 2537K, committed 2624K, reserved 1048576K
}
Event: 2.910 GC heap after
{Heap after GC invocations=8 (full 2):
 garbage-first heap   total 145408K, used 26984K [0x0000000700000000, 0x0000000800000000)
  region size 2048K, 1 young (2048K), 1 survivors (2048K)
 Metaspace       used 24896K, committed 25088K, reserved 1114112K
  class space    used 2537K, committed 2624K, reserved 1048576K
}
Event: 2.928 GC heap before
{Heap before GC invocations=8 (full 2):
 garbage-first heap   total 145408K, used 59752K [0x0000000700000000, 0x0000000800000000)
  region size 2048K, 2 young (4096K), 1 survivors (2048K)
 Metaspace       used 24897K, committed 25088K, reserved 1114112K
  class space    used 2537K, committed 2624K, reserved 1048576K
}
Event: 2.930 GC heap after
{Heap after GC invocations=9 (full 2):
 garbage-first heap   total 145408K, used 18839K [0x0000000700000000, 0x0000000800000000)
  region size 2048K, 1 young (2048K), 1 survivors (2048K)
 Metaspace       used 24897K, committed 25088K, reserved 1114112K
  class space    used 2537K, committed 2624K, reserved 1048576K
}

Dll operation events (11 events):
Event: 0.005 Loaded shared library /Applications/jmonkeyplatform.app/Contents/Resources/jmonkeyplatform/jdk/lib/libjava.dylib
Event: 0.053 Loaded shared library /Applications/jmonkeyplatform.app/Contents/Resources/jmonkeyplatform/jdk/lib/libnio.dylib
Event: 0.176 Loaded shared library /Applications/jmonkeyplatform.app/Contents/Resources/jmonkeyplatform/jdk/lib/libzip.dylib
Event: 0.224 Loaded shared library /Applications/jmonkeyplatform.app/Contents/Resources/jmonkeyplatform/jdk/lib/libjimage.dylib
Event: 0.292 Loaded shared library /Applications/jmonkeyplatform.app/Contents/Resources/jmonkeyplatform/jdk/lib/libawt.dylib
Event: 0.296 Loaded shared library /Applications/jmonkeyplatform.app/Contents/Resources/jmonkeyplatform/jdk/lib/libawt_lwawt.dylib
Event: 0.347 Loaded shared library /Applications/jmonkeyplatform.app/Contents/Resources/jmonkeyplatform/jdk/lib/libfontmanager.dylib
Event: 0.611 Loaded shared library /Applications/jmonkeyplatform.app/Contents/Resources/jmonkeyplatform/jdk/lib/libosxui.dylib
Event: 0.684 Loaded shared library /Applications/jmonkeyplatform.app/Contents/Resources/jmonkeyplatform/jdk/lib/libprefs.dylib
Event: 2.311 Loaded shared library /Users/anniexian/jMonkeyProjects/3D Gaming Project/libopenal.dylib
Event: 2.325 Loaded shared library /Users/anniexian/jMonkeyProjects/3D Gaming Project/liblwjgl.dylib

Deoptimization events (20 events):
Event: 3.843 Thread 0x00007fc5c898e600 Uncommon trap: trap_request=0xffffff45 fr.pc=0x000000011e238610 relative=0x0000000000000bf0
Event: 3.843 Thread 0x00007fc5c898e600 Uncommon trap: reason=unstable_if action=reinterpret pc=0x000000011e238610 method=com.jme3.renderer.opengl.GLRenderer.setShader(Lcom/jme3/shader/Shader;)V @ 19 c2
Event: 3.843 Thread 0x00007fc5c898e600 DEOPT PACKING pc=0x000000011e238610 sp=0x000000030b4a8330
Event: 3.843 Thread 0x00007fc5c898e600 DEOPT UNPACKING pc=0x000000011dc09693 sp=0x000000030b4a8320 mode 2
Event: 4.381 Thread 0x00007fc5c898e600 Uncommon trap: trap_request=0xffffff45 fr.pc=0x000000011e26e04c relative=0x00000000000031ec
Event: 4.381 Thread 0x00007fc5c898e600 Uncommon trap: reason=unstable_if action=reinterpret pc=0x000000011e26e04c method=com.jme3.math.Matrix4f.equals(Ljava/lang/Object;)Z @ 72 c2
Event: 4.381 Thread 0x00007fc5c898e600 DEOPT PACKING pc=0x000000011e26e04c sp=0x000000030b4a8350
Event: 4.381 Thread 0x00007fc5c898e600 DEOPT UNPACKING pc=0x000000011dc09693 sp=0x000000030b4a82a8 mode 2
Event: 4.699 Thread 0x00007fc5c898e600 Uncommon trap: trap_request=0xffffff76 fr.pc=0x000000011e2c5cbc relative=0x000000000000095c
Event: 4.699 Thread 0x00007fc5c898e600 Uncommon trap: reason=predicate action=maybe_recompile pc=0x000000011e2c5cbc method=com.jme3.util.ListSort.binaryInsertionSort([Ljava/lang/Object;IIILjava/util/Comparator;)V @ 12 c2
Event: 4.699 Thread 0x00007fc5c898e600 DEOPT PACKING pc=0x000000011e2c5cbc sp=0x000000030b4a8370
Event: 4.699 Thread 0x00007fc5c898e600 DEOPT UNPACKING pc=0x000000011dc09693 sp=0x000000030b4a8328 mode 2
Event: 4.758 Thread 0x00007fc5c898e600 Uncommon trap: trap_request=0xffffff45 fr.pc=0x000000011e2a8ac0 relative=0x00000000000000a0
Event: 4.758 Thread 0x00007fc5c898e600 Uncommon trap: reason=unstable_if action=reinterpret pc=0x000000011e2a8ac0 method=com.jme3.util.IntMap.containsKey(I)Z @ 23 c2
Event: 4.758 Thread 0x00007fc5c898e600 DEOPT PACKING pc=0x000000011e2a8ac0 sp=0x000000030b4a8530
Event: 4.758 Thread 0x00007fc5c898e600 DEOPT UNPACKING pc=0x000000011dc09693 sp=0x000000030b4a84d8 mode 2
Event: 4.760 Thread 0x00007fc5c898e600 Uncommon trap: trap_request=0xffffffd6 fr.pc=0x000000011e2ce75c relative=0x00000000000006fc
Event: 4.760 Thread 0x00007fc5c898e600 Uncommon trap: reason=array_check action=maybe_recompile pc=0x000000011e2ce75c method=com.jme3.util.ListSort.binaryInsertionSort([Ljava/lang/Object;IIILjava/util/Comparator;)V @ 155 c2
Event: 4.760 Thread 0x00007fc5c898e600 DEOPT PACKING pc=0x000000011e2ce75c sp=0x000000030b4a8380
Event: 4.760 Thread 0x00007fc5c898e600 DEOPT UNPACKING pc=0x000000011dc09693 sp=0x000000030b4a8320 mode 2

Classes unloaded (1 events):
Event: 2.126 Thread 0x00007fc5a6104f70 Unloading class 0x00000008001c1800 'java/lang/invoke/LambdaForm$DMH+0x00000008001c1800'

Classes redefined (0 events):
No events

Internal exceptions (20 events):
Event: 0.854 Thread 0x00007fc5c78b0400 Exception <a 'java/lang/NoSuchMethodError'{0x000000070fbfb6f0}: 'void java.lang.invoke.DirectMethodHandle$Holder.invokeStatic(java.lang.Object, java.lang.Object, long)'> (0x000000070fbfb6f0) 
thrown [src/hotspot/share/interpreter/linkResolver.cpp, line 759]
Event: 0.871 Thread 0x00007fc5c78b0400 Exception <a 'java/lang/NoSuchMethodError'{0x000000070f48bdc8}: 'void java.lang.invoke.DirectMethodHandle$Holder.invokeSpecial(java.lang.Object, java.lang.Object, long)'> (0x000000070f48bdc8) 
thrown [src/hotspot/share/interpreter/linkResolver.cpp, line 759]
Event: 1.249 Thread 0x00007fc5c78b0400 Exception <a 'java/lang/NoSuchMethodError'{0x000000070f499328}: 'void java.lang.invoke.DirectMethodHandle$Holder.invokeStatic(java.lang.Object, long)'> (0x000000070f499328) 
thrown [src/hotspot/share/interpreter/linkResolver.cpp, line 759]
Event: 1.253 Thread 0x00007fc5c8902e00 Exception <a 'java/lang/NoSuchMethodError'{0x000000070f539a50}: 'void java.lang.invoke.DirectMethodHandle$Holder.invokeStatic(java.lang.Object, long, long)'> (0x000000070f539a50) 
thrown [src/hotspot/share/interpreter/linkResolver.cpp, line 759]
Event: 1.253 Thread 0x00007fc5c8902e00 Exception <a 'java/lang/NoSuchMethodError'{0x000000070f53f320}: 'java.lang.Object java.lang.invoke.DirectMethodHandle$Holder.newInvokeSpecial(java.lang.Object, long)'> (0x000000070f53f320) 
thrown [src/hotspot/share/interpreter/linkResolver.cpp, line 759]
Event: 1.257 Thread 0x00007fc5c8902e00 Exception <a 'java/lang/NoSuchMethodError'{0x000000070f5495d8}: 'java.lang.Object java.lang.invoke.DirectMethodHandle$Holder.newInvokeSpecial(java.lang.Object, java.lang.Object, int)'> (0x000000070f5495d8) 
thrown [src/hotspot/share/interpreter/linkResolver.cpp, line 759]
Event: 2.200 Thread 0x00007fc5c7021c00 Exception <a 'java/lang/ClassNotFoundException'{0x0000000701b1b0b0}: sun/util/logging/resources/spi/loggingProvider> (0x0000000701b1b0b0) 
thrown [src/hotspot/share/classfile/systemDictionary.cpp, line 256]
Event: 2.252 Thread 0x00007fc5c898e600 Implicit null exception at 0x000000011e1b06d4 to 0x000000011e1b0bd8
Event: 2.460 Thread 0x00007fc5c898e600 Exception <a 'java/lang/IncompatibleClassChangeError'{0x00000007017d1e48}: Found class java.lang.Object, but interface was expected> (0x00000007017d1e48) 
thrown [src/hotspot/share/interpreter/linkResolver.cpp, line 826]
Event: 2.575 Thread 0x00007fc5c898e600 Exception <a 'org/lwjgl/LWJGLException'{0x0000000701991d80}: Could not load OpenAL library> (0x0000000701991d80) 
thrown [src/hotspot/share/prims/jni.cpp, line 535]
Event: 2.575 Thread 0x00007fc5c898e600 Exception <a 'org/lwjgl/LWJGLException'{0x00000007019922b0}: Could not load OpenAL library> (0x00000007019922b0) 
thrown [src/hotspot/share/prims/jni.cpp, line 535]
Event: 2.575 Thread 0x00007fc5c898e600 Exception <a 'org/lwjgl/LWJGLException'{0x0000000701992788}: Could not load OpenAL library> (0x0000000701992788) 
thrown [src/hotspot/share/prims/jni.cpp, line 535]
Event: 2.575 Thread 0x00007fc5c898e600 Exception <a 'org/lwjgl/LWJGLException'{0x0000000701992c20}: Could not load OpenAL library> (0x0000000701992c20) 
thrown [src/hotspot/share/prims/jni.cpp, line 535]
Event: 2.575 Thread 0x00007fc5c898e600 Exception <a 'org/lwjgl/LWJGLException'{0x00000007019930d8}: Could not load OpenAL library> (0x00000007019930d8) 
thrown [src/hotspot/share/prims/jni.cpp, line 535]
Event: 2.575 Thread 0x00007fc5c898e600 Exception <a 'org/lwjgl/LWJGLException'{0x0000000701993588}: Could not load OpenAL library> (0x0000000701993588) 
thrown [src/hotspot/share/prims/jni.cpp, line 535]
Event: 2.575 Thread 0x00007fc5c898e600 Exception <a 'org/lwjgl/LWJGLException'{0x00000007019939f0}: Could not load OpenAL library> (0x00000007019939f0) 
thrown [src/hotspot/share/prims/jni.cpp, line 535]
Event: 2.575 Thread 0x00007fc5c898e600 Exception <a 'org/lwjgl/LWJGLException'{0x0000000701993e38}: Could not load OpenAL library> (0x0000000701993e38) 
thrown [src/hotspot/share/prims/jni.cpp, line 535]
Event: 2.575 Thread 0x00007fc5c898e600 Exception <a 'org/lwjgl/LWJGLException'{0x0000000701994330}: Could not load OpenAL library> (0x0000000701994330) 
thrown [src/hotspot/share/prims/jni.cpp, line 535]
Event: 3.840 Thread 0x00007fc5c898e600 Implicit null exception at 0x000000011e220d11 to 0x000000011e223698
Event: 3.843 Thread 0x00007fc5c898e600 Implicit null exception at 0x000000011e24316e to 0x000000011e249ecc

VM Operations (20 events):
Event: 2.466 Executing VM operation: G1CollectForAllocation
Event: 2.471 Executing VM operation: G1CollectForAllocation done
Event: 2.663 Executing VM operation: G1CollectForAllocation
Event: 2.670 Executing VM operation: G1CollectForAllocation done
Event: 2.697 Executing VM operation: HandshakeAllThreads
Event: 2.697 Executing VM operation: HandshakeAllThreads done
Event: 2.726 Executing VM operation: HandshakeAllThreads
Event: 2.726 Executing VM operation: HandshakeAllThreads done
Event: 2.772 Executing VM operation: G1CollectForAllocation
Event: 2.774 Executing VM operation: G1CollectForAllocation done
Event: 2.777 Executing VM operation: G1TryInitiateConcMark
Event: 2.778 Executing VM operation: G1TryInitiateConcMark done
Event: 2.781 Executing VM operation: G1TryInitiateConcMark
Event: 2.782 Executing VM operation: G1TryInitiateConcMark done
Event: 2.908 Executing VM operation: G1TryInitiateConcMark
Event: 2.910 Executing VM operation: G1TryInitiateConcMark done
Event: 2.928 Executing VM operation: G1TryInitiateConcMark
Event: 2.930 Executing VM operation: G1TryInitiateConcMark done
Event: 3.930 Executing VM operation: Cleanup
Event: 3.932 Executing VM operation: Cleanup done

Events (20 events):
Event: 2.726 loading class sun/awt/image/ByteInterleavedRaster
Event: 2.726 loading class sun/awt/image/ByteComponentRaster
Event: 2.726 loading class sun/awt/image/ByteComponentRaster done
Event: 2.727 loading class sun/awt/image/ByteInterleavedRaster done
Event: 2.727 loading class sun/awt/image/ShortComponentRaster
Event: 2.727 loading class sun/awt/image/ShortComponentRaster done
Event: 2.727 loading class com/sun/imageio/plugins/common/ReaderUtil
Event: 2.728 loading class com/sun/imageio/plugins/common/ReaderUtil done
Event: 2.763 loading class java/nio/DirectShortBufferU
Event: 2.763 loading class java/nio/DirectShortBufferU done
Event: 2.770 loading class java/lang/Byte$ByteCache
Event: 2.770 loading class java/lang/Byte$ByteCache done
Event: 2.813 loading class jdk/internal/reflect/BootstrapConstructorAccessorImpl
Event: 2.813 loading class jdk/internal/reflect/BootstrapConstructorAccessorImpl done
Event: 2.975 loading class java/nio/DirectFloatBufferRU
Event: 2.975 loading class java/nio/DirectFloatBufferRU done
Event: 3.099 loading class java/util/LinkedHashMap$LinkedValues
Event: 3.099 loading class java/util/LinkedHashMap$LinkedValues done
Event: 3.099 loading class java/util/LinkedHashMap$LinkedValueIterator
Event: 3.099 loading class java/util/LinkedHashMap$LinkedValueIterator done


Dynamic libraries:
0x000000010af85000 	/Applications/jmonkeyplatform.app/Contents/Resources/jmonkeyplatform/jdk/lib/libjli.dylib
0x00007ff82823a000 	/System/Library/Frameworks/Cocoa.framework/Versions/A/Cocoa
0x00007ff81006f000 	/System/Library/Frameworks/AppKit.framework/Versions/C/AppKit
0x00007ff8133d5000 	/System/Library/Frameworks/CoreData.framework/Versions/A/CoreData
0x00007ff80d992000 	/System/Library/Frameworks/Foundation.framework/Versions/C/Foundation
0x00007ff81a331000 	/usr/lib/libSystem.B.dylib
0x00007ff81149e000 	/System/Library/PrivateFrameworks/UIFoundation.framework/Versions/A/UIFoundation
0x00007ffb16332000 	/System/Library/PrivateFrameworks/CollectionViewCore.framework/Versions/A/CollectionViewCore
0x00007ff821a0a000 	/System/Library/PrivateFrameworks/RemoteViewServices.framework/Versions/A/RemoteViewServices
0x00007ff817c4e000 	/System/Library/PrivateFrameworks/XCTTargetBootstrap.framework/Versions/A/XCTTargetBootstrap
0x00007ff81ce08000 	/System/Library/PrivateFrameworks/InternationalSupport.framework/Versions/A/InternationalSupport
0x00007ff81ce5c000 	/System/Library/PrivateFrameworks/UserActivity.framework/Versions/A/UserActivity
0x00007ffc18e06000 	/System/Library/PrivateFrameworks/WindowManagement.framework/Versions/A/WindowManagement
0x00007ff80d641000 	/System/Library/Frameworks/SystemConfiguration.framework/Versions/A/SystemConfiguration
0x00007ff81c17f000 	/usr/lib/libspindump.dylib
0x00007ff81167b000 	/System/Library/Frameworks/UniformTypeIdentifiers.framework/Versions/A/UniformTypeIdentifiers
0x00007ff815c3b000 	/usr/lib/libapp_launch_measurement.dylib
0x00007ff81491f000 	/System/Library/PrivateFrameworks/CoreAnalytics.framework/Versions/A/CoreAnalytics
0x00007ff815c3e000 	/System/Library/PrivateFrameworks/CoreAutoLayout.framework/Versions/A/CoreAutoLayout
0x00007ff8174ba000 	/System/Library/Frameworks/Metal.framework/Versions/A/Metal
0x00007ff818459000 	/usr/lib/liblangid.dylib
0x00007ff817c53000 	/System/Library/PrivateFrameworks/CoreSVG.framework/Versions/A/CoreSVG
0x00007ff812038000 	/System/Library/PrivateFrameworks/SkyLight.framework/Versions/A/SkyLight
0x00007ff81249a000 	/System/Library/Frameworks/CoreGraphics.framework/Versions/A/CoreGraphics
0x00007ff8220de000 	/System/Library/Frameworks/Accelerate.framework/Versions/A/Accelerate
0x00007ff81bfdf000 	/System/Library/PrivateFrameworks/IconServices.framework/Versions/A/IconServices
0x00007ff81749b000 	/System/Library/Frameworks/IOSurface.framework/Versions/A/IOSurface
0x00007ff81494b000 	/usr/lib/libDiagnosticMessagesClient.dylib
0x00007ff81a249000 	/usr/lib/libz.1.dylib
0x00007ff825b0b000 	/System/Library/Frameworks/ApplicationServices.framework/Versions/A/ApplicationServices
0x00007ff817c3b000 	/System/Library/PrivateFrameworks/DFRFoundation.framework/Versions/A/DFRFoundation
0x00007ff80f91d000 	/usr/lib/libicucore.A.dylib
0x00007ff81ddaa000 	/System/Library/Frameworks/AudioToolbox.framework/Versions/A/AudioToolbox
0x00007ff81ce17000 	/System/Library/PrivateFrameworks/DataDetectorsCore.framework/Versions/A/DataDetectorsCore
0x00007ff9172c8000 	/System/Library/PrivateFrameworks/TextInput.framework/Versions/A/TextInput
0x00007ff811f91000 	/usr/lib/libMobileGestalt.dylib
0x00007ff8179a0000 	/System/Library/Frameworks/Carbon.framework/Versions/A/Frameworks/HIToolbox.framework/Versions/A/HIToolbox
0x00007ff815597000 	/System/Library/Frameworks/QuartzCore.framework/Versions/A/QuartzCore
0x00007ff80f56f000 	/System/Library/Frameworks/Security.framework/Versions/A/Security
0x00007ff821a42000 	/System/Library/Frameworks/Carbon.framework/Versions/A/Frameworks/SpeechRecognition.framework/Versions/A/SpeechRecognition
0x00007ff81596e000 	/System/Library/PrivateFrameworks/CoreUI.framework/Versions/A/CoreUI
0x00007ff80ee43000 	/System/Library/Frameworks/CoreAudio.framework/Versions/A/CoreAudio
0x00007ff814a2b000 	/System/Library/Frameworks/DiskArbitration.framework/Versions/A/DiskArbitration
0x00007ff81c5b0000 	/System/Library/PrivateFrameworks/MultitouchSupport.framework/Versions/A/MultitouchSupport
0x00007ff811f90000 	/usr/lib/libenergytrace.dylib
0x00007ff90cb88000 	/System/Library/PrivateFrameworks/RenderBox.framework/Versions/A/RenderBox
0x00007ff80ff46000 	/System/Library/Frameworks/IOKit.framework/Versions/A/IOKit
0x00007ff821e16000 	/System/Library/Frameworks/CoreServices.framework/Versions/A/CoreServices
0x00007ff815bd3000 	/System/Library/PrivateFrameworks/PerformanceAnalysis.framework/Versions/A/PerformanceAnalysis
0x00007ffa2640d000 	/System/Library/Frameworks/OpenGL.framework/Versions/A/OpenGL
0x00007ff815c87000 	/usr/lib/libxml2.2.dylib
0x00007ff81951c000 	/System/Library/PrivateFrameworks/MobileKeyBag.framework/Versions/A/MobileKeyBag
0x00007ff80c62c000 	/usr/lib/libobjc.A.dylib
0x00007ff80c92e000 	/usr/lib/libc++.1.dylib
0x00007ff821d92000 	/System/Library/Frameworks/Accessibility.framework/Versions/A/Accessibility
0x00007ff812d2f000 	/System/Library/Frameworks/ColorSync.framework/Versions/A/ColorSync
0x00007ff80ca61000 	/System/Library/Frameworks/CoreFoundation.framework/Versions/A/CoreFoundation
0x00007ff817fc6000 	/System/Library/Frameworks/CoreImage.framework/Versions/A/CoreImage
0x00007ff80ec3c000 	/System/Library/Frameworks/CoreText.framework/Versions/A/CoreText
0x00007ffb0c62c000 	/System/Library/Frameworks/CoreTransferable.framework/Versions/A/CoreTransferable
0x00007ffb0ca31000 	/System/Library/Frameworks/DeveloperToolsSupport.framework/Versions/A/DeveloperToolsSupport
0x00007ff817c8c000 	/System/Library/Frameworks/ImageIO.framework/Versions/A/ImageIO
0x00007ffb10ccb000 	/System/Library/Frameworks/Symbols.framework/Versions/A/Symbols
0x00007ff81a336000 	/System/Library/PrivateFrameworks/SoftLinking.framework/Versions/A/SoftLinking
0x00007ff81d81a000 	/usr/lib/swift/libswiftCore.dylib
0x00007ff913e8d000 	/usr/lib/swift/libswiftCoreFoundation.dylib
0x00007ff911ae9000 	/usr/lib/swift/libswiftCoreGraphics.dylib
0x00007ff913ecb000 	/usr/lib/swift/libswiftCoreImage.dylib
0x00007ff911af0000 	/usr/lib/swift/libswiftDarwin.dylib
0x00007ff823782000 	/usr/lib/swift/libswiftDispatch.dylib
0x00007ff913ecc000 	/usr/lib/swift/libswiftIOKit.dylib
0x00007ff91ff16000 	/usr/lib/swift/libswiftMetal.dylib
0x00007ffa0d61c000 	/usr/lib/swift/libswiftOSLog.dylib
0x00007ff825f77000 	/usr/lib/swift/libswiftObjectiveC.dylib
0x00007ff9244bc000 	/usr/lib/swift/libswiftQuartzCore.dylib
0x00007ff9285c5000 	/usr/lib/swift/libswiftUniformTypeIdentifiers.dylib
0x00007ff913e9d000 	/usr/lib/swift/libswiftXPC.dylib
0x00007ffc214cf000 	/usr/lib/swift/libswift_Concurrency.dylib
0x00007ff825f7b000 	/usr/lib/swift/libswiftos.dylib
0x00007ff91722a000 	/usr/lib/swift/libswiftsimd.dylib
0x00007ff81a4cf000 	/usr/lib/libcompression.dylib
0x00007ff81cd48000 	/System/Library/PrivateFrameworks/TextureIO.framework/Versions/A/TextureIO
0x00007ff81bbea000 	/usr/lib/libate.dylib
0x00007ff81a32b000 	/usr/lib/system/libcache.dylib
0x00007ff81a2e7000 	/usr/lib/system/libcommonCrypto.dylib
0x00007ff81a30f000 	/usr/lib/system/libcompiler_rt.dylib
0x00007ff81a304000 	/usr/lib/system/libcopyfile.dylib
0x00007ff80c765000 	/usr/lib/system/libcorecrypto.dylib
0x00007ff80c85c000 	/usr/lib/system/libdispatch.dylib
0x00007ff80ca06000 	/usr/lib/system/libdyld.dylib
0x00007ff81a321000 	/usr/lib/system/libkeymgr.dylib
0x00007ff81a2c8000 	/usr/lib/system/libmacho.dylib
0x00007ff8195f7000 	/usr/lib/system/libquarantine.dylib
0x00007ff81a31f000 	/usr/lib/system/libremovefile.dylib
0x00007ff812003000 	/usr/lib/system/libsystem_asl.dylib
0x00007ff80c6ff000 	/usr/lib/system/libsystem_blocks.dylib
0x00007ff80c8a6000 	/usr/lib/system/libsystem_c.dylib
0x00007ff81a317000 	/usr/lib/system/libsystem_collections.dylib
0x00007ff818449000 	/usr/lib/system/libsystem_configuration.dylib
0x00007ff817472000 	/usr/lib/system/libsystem_containermanager.dylib
0x00007ff819f19000 	/usr/lib/system/libsystem_coreservices.dylib
0x00007ff80fbbe000 	/usr/lib/system/libsystem_darwin.dylib
0x00007ffc217fd000 	/usr/lib/system/libsystem_darwindirectory.dylib
0x00007ff81a322000 	/usr/lib/system/libsystem_dnssd.dylib
0x00007ffc21801000 	/usr/lib/system/libsystem_eligibility.dylib
0x00007ff80c8a3000 	/usr/lib/system/libsystem_featureflags.dylib
0x00007ff80ca36000 	/usr/lib/system/libsystem_info.dylib
0x00007ff81a25d000 	/usr/lib/system/libsystem_m.dylib
0x00007ff80c81c000 	/usr/lib/system/libsystem_malloc.dylib
0x00007ff811f77000 	/usr/lib/system/libsystem_networkextension.dylib
0x00007ff81000a000 	/usr/lib/system/libsystem_notify.dylib
0x00007ff81844d000 	/usr/lib/system/libsystem_sandbox.dylib
0x00007ffc21804000 	/usr/lib/system/libsystem_sanitizers.dylib
0x00007ff81a31c000 	/usr/lib/system/libsystem_secinit.dylib
0x00007ff80c9bf000 	/usr/lib/system/libsystem_kernel.dylib
0x00007ff80ca2b000 	/usr/lib/system/libsystem_platform.dylib
0x00007ff80c9fa000 	/usr/lib/system/libsystem_pthread.dylib
0x00007ff813c76000 	/usr/lib/system/libsystem_symptoms.dylib
0x00007ff80c74b000 	/usr/lib/system/libsystem_trace.dylib
0x00007ff81a2f3000 	/usr/lib/system/libunwind.dylib
0x00007ff80c703000 	/usr/lib/system/libxpc.dylib
0x00007ff80c9a9000 	/usr/lib/libc++abi.dylib
0x00007ff81a2fc000 	/usr/lib/liboah.dylib
0x00007ff81b970000 	/usr/lib/liblzma.5.dylib
0x00007ff81a333000 	/usr/lib/libfakelink.dylib
0x00007ff811bc8000 	/System/Library/Frameworks/CFNetwork.framework/Versions/A/CFNetwork
0x00007ff81a385000 	/usr/lib/libarchive.2.dylib
0x00007ff81fc8b000 	/System/Library/Frameworks/Combine.framework/Versions/A/Combine
0x00007ffb16347000 	/System/Library/PrivateFrameworks/CollectionsInternal.framework/Versions/A/CollectionsInternal
0x00007ffb2bfde000 	/System/Library/PrivateFrameworks/ReflectionInternal.framework/Versions/A/ReflectionInternal
0x00007ffb2c55d000 	/System/Library/PrivateFrameworks/RuntimeInternal.framework/Versions/A/RuntimeInternal
0x00007ffc2160a000 	/usr/lib/swift/libswift_StringProcessing.dylib
0x00007ff80fec4000 	/System/Library/PrivateFrameworks/CoreServicesInternal.framework/Versions/A/CoreServicesInternal
0x00007ff81961c000 	/usr/lib/libbsm.0.dylib
0x00007ff81a2ce000 	/usr/lib/system/libkxld.dylib
0x00007ff815c06000 	/System/Library/Frameworks/CoreServices.framework/Versions/A/Frameworks/FSEvents.framework/Versions/A/FSEvents
0x00007ff80fbc9000 	/System/Library/Frameworks/CoreServices.framework/Versions/A/Frameworks/CarbonCore.framework/Versions/A/CarbonCore
0x00007ff814993000 	/System/Library/Frameworks/CoreServices.framework/Versions/A/Frameworks/Metadata.framework/Versions/A/Metadata
0x00007ff819f1f000 	/System/Library/Frameworks/CoreServices.framework/Versions/A/Frameworks/OSServices.framework/Versions/A/OSServices
0x00007ff81a40e000 	/System/Library/Frameworks/CoreServices.framework/Versions/A/Frameworks/SearchKit.framework/Versions/A/SearchKit
0x00007ff813bfc000 	/System/Library/Frameworks/CoreServices.framework/Versions/A/Frameworks/AE.framework/Versions/A/AE
0x00007ff80cefb000 	/System/Library/Frameworks/CoreServices.framework/Versions/A/Frameworks/LaunchServices.framework/Versions/A/LaunchServices
0x00007ff81b921000 	/System/Library/Frameworks/CoreServices.framework/Versions/A/Frameworks/DictionaryServices.framework/Versions/A/DictionaryServices
0x00007ff815c13000 	/System/Library/Frameworks/CoreServices.framework/Versions/A/Frameworks/SharedFileList.framework/Versions/A/SharedFileList
0x00007ff81a499000 	/usr/lib/libapple_nghttp2.dylib
0x00007ff813871000 	/usr/lib/libsqlite3.dylib
0x00007ff813c7e000 	/System/Library/Frameworks/Network.framework/Versions/A/Network
0x00007ffc1fe7f000 	/usr/lib/libCoreEntitlements.dylib
0x00007ffb277bb000 	/System/Library/PrivateFrameworks/MessageSecurity.framework/Versions/A/MessageSecurity
0x00007ff813858000 	/System/Library/PrivateFrameworks/ProtocolBuffer.framework/Versions/A/ProtocolBuffer
0x00007ff819e3c000 	/System/Library/PrivateFrameworks/AppleFSCompression.framework/Versions/A/AppleFSCompression
0x00007ff819604000 	/usr/lib/libcoretls.dylib
0x00007ff81b98f000 	/usr/lib/libcoretls_cfhelpers.dylib
0x00007ff81a4c9000 	/usr/lib/libpam.2.dylib
0x00007ff81ba08000 	/usr/lib/libxar.1.dylib
0x00007ff81bfb8000 	/usr/lib/libheimdal-asn1.dylib
0x00007ff811bc7000 	/usr/lib/libnetwork.dylib
0x00007ff81a337000 	/usr/lib/libpcap.A.dylib
0x00007ff813c6c000 	/usr/lib/libdns_services.dylib
0x00007ff818454000 	/System/Library/PrivateFrameworks/AppleSystemInfo.framework/Versions/A/AppleSystemInfo
0x00007ff81931d000 	/System/Library/PrivateFrameworks/IOMobileFramebuffer.framework/Versions/A/IOMobileFramebuffer
0x00007ffc2155c000 	/usr/lib/swift/libswift_RegexParser.dylib
0x00007ff819f0a000 	/usr/lib/libbz2.1.0.dylib
0x00007ff8195fa000 	/usr/lib/libCheckFix.dylib
0x00007ff81201a000 	/System/Library/PrivateFrameworks/TCC.framework/Versions/A/TCC
0x00007ff81845b000 	/System/Library/PrivateFrameworks/CoreNLP.framework/Versions/A/CoreNLP
0x00007ff81494d000 	/System/Library/PrivateFrameworks/MetadataUtilities.framework/Versions/A/MetadataUtilities
0x00007ff81962c000 	/usr/lib/libmecab.dylib
0x00007ff80d6c8000 	/usr/lib/libCRFSuite.dylib
0x00007ff819685000 	/usr/lib/libgermantok.dylib
0x00007ff81a474000 	/usr/lib/libThaiTokenizer.dylib
0x00007ff814a33000 	/System/Library/Frameworks/Accelerate.framework/Versions/A/Frameworks/vImage.framework/Versions/A/vImage
0x00007ff821dec000 	/System/Library/Frameworks/Accelerate.framework/Versions/A/Frameworks/vecLib.framework/Versions/A/vecLib
0x00007ff81ba4a000 	/System/Library/Frameworks/Accelerate.framework/Versions/A/Frameworks/vecLib.framework/Versions/A/libvMisc.dylib
0x00007ff8190ed000 	/System/Library/Frameworks/Accelerate.framework/Versions/A/Frameworks/vecLib.framework/Versions/A/libvDSP.dylib
0x00007ff80d308000 	/System/Library/Frameworks/Accelerate.framework/Versions/A/Frameworks/vecLib.framework/Versions/A/libBLAS.dylib
0x00007ff81a5b1000 	/System/Library/Frameworks/Accelerate.framework/Versions/A/Frameworks/vecLib.framework/Versions/A/libLAPACK.dylib
0x00007ff819688000 	/System/Library/Frameworks/Accelerate.framework/Versions/A/Frameworks/vecLib.framework/Versions/A/libLinearAlgebra.dylib
0x00007ff81a4b4000 	/System/Library/Frameworks/Accelerate.framework/Versions/A/Frameworks/vecLib.framework/Versions/A/libSparseBLAS.dylib
0x00007ff81a5ab000 	/System/Library/Frameworks/Accelerate.framework/Versions/A/Frameworks/vecLib.framework/Versions/A/libQuadrature.dylib
0x00007ff818571000 	/System/Library/Frameworks/Accelerate.framework/Versions/A/Frameworks/vecLib.framework/Versions/A/libBNNS.dylib
0x00007ff80d5c9000 	/System/Library/Frameworks/Accelerate.framework/Versions/A/Frameworks/vecLib.framework/Versions/A/libSparse.dylib
0x00007ffb26060000 	/System/Library/PrivateFrameworks/MIL.framework/Versions/A/MIL
0x00007ff81a36d000 	/usr/lib/libiconv.2.dylib
0x00007ff81a2c7000 	/usr/lib/libcharset.1.dylib
0x00007ff815bea000 	/System/Library/Frameworks/OpenDirectory.framework/Versions/A/Frameworks/CFOpenDirectory.framework/Versions/A/CFOpenDirectory
0x00007ff815bde000 	/System/Library/Frameworks/OpenDirectory.framework/Versions/A/OpenDirectory
0x00007ff81b991000 	/System/Library/PrivateFrameworks/APFS.framework/Versions/A/APFS
0x00007ff81953f000 	/System/Library/Frameworks/SecurityFoundation.framework/Versions/A/SecurityFoundation
0x00007ff81ba16000 	/usr/lib/libutil.dylib
0x00007ffb2446c000 	/System/Library/PrivateFrameworks/InstalledContentLibrary.framework/Versions/A/InstalledContentLibrary
0x00007ff80ff06000 	/System/Library/PrivateFrameworks/CoreServicesStore.framework/Versions/A/CoreServicesStore
0x00007ffb13f4e000 	/System/Library/PrivateFrameworks/AppleMobileFileIntegrity.framework/Versions/A/AppleMobileFileIntegrity
0x00007ff913e5f000 	/usr/lib/libmis.dylib
0x00007ff924998000 	/System/Library/PrivateFrameworks/MobileSystemServices.framework/Versions/A/MobileSystemServices
0x00007ffa220dc000 	/System/Library/PrivateFrameworks/ConfigProfileHelper.framework/Versions/A/ConfigProfileHelper
0x00007ff81a476000 	/System/Library/PrivateFrameworks/AppleSauce.framework/Versions/A/AppleSauce
0x00007ff80e5c9000 	/System/Library/PrivateFrameworks/LanguageModeling.framework/Versions/A/LanguageModeling
0x00007ff81ba1a000 	/usr/lib/libxslt.1.dylib
0x00007ff81a374000 	/usr/lib/libcmph.dylib
0x00007ff8192eb000 	/System/Library/PrivateFrameworks/CoreEmoji.framework/Versions/A/CoreEmoji
0x00007ff81856b000 	/System/Library/PrivateFrameworks/LinguisticData.framework/Versions/A/LinguisticData
0x00007ff80d4e0000 	/System/Library/PrivateFrameworks/Lexicon.framework/Versions/A/Lexicon
0x00007ff8195c8000 	/System/Library/PrivateFrameworks/BackgroundTaskManagement.framework/Versions/A/BackgroundTaskManagement
0x00007ffc1ffee000 	/usr/lib/libTLE.dylib
0x00007ff81c47a000 	/System/Library/PrivateFrameworks/AppleJPEG.framework/Versions/A/AppleJPEG
0x00007ff81bf9d000 	/usr/lib/libexpat.1.dylib
0x00007ff81cba3000 	/System/Library/Frameworks/ImageIO.framework/Versions/A/Resources/libPng.dylib
0x00007ff81cbd0000 	/System/Library/Frameworks/ImageIO.framework/Versions/A/Resources/libTIFF.dylib
0x00007ff81ccc2000 	/System/Library/Frameworks/ImageIO.framework/Versions/A/Resources/libGIF.dylib
0x00007ff81c4c6000 	/System/Library/Frameworks/ImageIO.framework/Versions/A/Resources/libJP2.dylib
0x00007ff81cc62000 	/System/Library/Frameworks/ImageIO.framework/Versions/A/Resources/libJPEG.dylib
0x00007ff81cc59000 	/System/Library/Frameworks/ImageIO.framework/Versions/A/Resources/libRadiance.dylib
0x00007ff817840000 	/System/Library/PrivateFrameworks/FontServices.framework/libFontParser.dylib
0x00007ff813b99000 	/System/Library/PrivateFrameworks/RunningBoardServices.framework/Versions/A/RunningBoardServices
0x00007ff828a0d000 	/System/Library/PrivateFrameworks/IOSurfaceAccelerator.framework/Versions/A/IOSurfaceAccelerator
0x00007ff81c5ae000 	/System/Library/PrivateFrameworks/WatchdogClient.framework/Versions/A/WatchdogClient
0x00007ff80e796000 	/System/Library/Frameworks/CoreDisplay.framework/Versions/A/CoreDisplay
0x00007ff81770f000 	/System/Library/Frameworks/CoreMedia.framework/Versions/A/CoreMedia
0x00007ff8174b1000 	/System/Library/PrivateFrameworks/IOAccelerator.framework/Versions/A/IOAccelerator
0x00007ff815d67000 	/System/Library/Frameworks/CoreVideo.framework/Versions/A/CoreVideo
0x00007ff81a4c7000 	/System/Library/Frameworks/MetalPerformanceShaders.framework/Versions/A/MetalPerformanceShaders
0x00007ff81c5ed000 	/System/Library/Frameworks/VideoToolbox.framework/Versions/A/VideoToolbox
0x00007ff815df4000 	/System/Library/PrivateFrameworks/UserManagement.framework/Versions/A/UserManagement
0x00007ff813ac2000 	/System/Library/PrivateFrameworks/BaseBoard.framework/Versions/A/BaseBoard
0x00007ff818453000 	/System/Library/PrivateFrameworks/AggregateDictionary.framework/Versions/A/AggregateDictionary
0x00007ffb13d4c000 	/System/Library/PrivateFrameworks/AppleKeyStore.framework/Versions/A/AppleKeyStore
0x00007ff81cc52000 	/System/Library/PrivateFrameworks/GPUWrangler.framework/Versions/A/GPUWrangler
0x00007ff81cc36000 	/System/Library/PrivateFrameworks/IOPresentment.framework/Versions/A/IOPresentment
0x00007ff81cc5c000 	/System/Library/PrivateFrameworks/DSExternalDisplay.framework/Versions/A/DSExternalDisplay
0x00007ffb2043c000 	/System/Library/PrivateFrameworks/GPUCompiler.framework/Versions/32023/Libraries/libllvm-flatbuffers.dylib
0x00007ffa26401000 	/System/Library/Frameworks/OpenGL.framework/Versions/A/Libraries/libCoreFSCache.dylib
0x00007ffb1cf32000 	/System/Library/PrivateFrameworks/GPUCompiler.framework/Versions/32023/Libraries/libGPUCompilerUtils.dylib
0x00007ff81ccc8000 	/System/Library/PrivateFrameworks/CMCaptureCore.framework/Versions/A/CMCaptureCore
0x00007ffb0cb2d000 	/System/Library/Frameworks/ExtensionFoundation.framework/Versions/A/ExtensionFoundation
0x00007ff823fd3000 	/System/Library/PrivateFrameworks/CoreTime.framework/Versions/A/CoreTime
0x00007ff81c168000 	/System/Library/PrivateFrameworks/AppServerSupport.framework/Versions/A/AppServerSupport
0x00007ff81e703000 	/System/Library/PrivateFrameworks/perfdata.framework/Versions/A/perfdata
0x00007ff80e8c4000 	/System/Library/PrivateFrameworks/AudioToolboxCore.framework/Versions/A/AudioToolboxCore
0x00007ff8176e9000 	/System/Library/PrivateFrameworks/caulk.framework/Versions/A/caulk
0x00007ff81df9b000 	/usr/lib/libAudioStatistics.dylib
0x00007ff913200000 	/System/Library/PrivateFrameworks/SystemPolicy.framework/Versions/A/SystemPolicy
0x00007ff81e25d000 	/usr/lib/libSMC.dylib
0x00007ff828096000 	/System/Library/Frameworks/CoreMIDI.framework/Versions/A/CoreMIDI
0x00007ff81cb6a000 	/usr/lib/libAudioToolboxUtility.dylib
0x00007ff90e804000 	/System/Library/PrivateFrameworks/OSAServicesClient.framework/Versions/A/OSAServicesClient
0x00007ff81e711000 	/usr/lib/libperfcheck.dylib
0x00007ff823a7e000 	/System/Library/PrivateFrameworks/BoardServices.framework/Versions/A/BoardServices
0x00007ff81be7d000 	/System/Library/PrivateFrameworks/PlugInKit.framework/Versions/A/PlugInKit
0x00007ff819532000 	/System/Library/PrivateFrameworks/AssertionServices.framework/Versions/A/AssertionServices
0x00007ffa1094e000 	/System/Library/PrivateFrameworks/Symbolication.framework/Versions/A/Symbolication
0x00007ffb2af7f000 	/System/Library/PrivateFrameworks/PhotosensitivityProcessing.framework/Versions/A/PhotosensitivityProcessing
0x00007ffa270e0000 	/System/Library/Frameworks/OpenCL.framework/Versions/A/OpenCL
0x00007ff81c113000 	/System/Library/PrivateFrameworks/GraphVisualizer.framework/Versions/A/GraphVisualizer
0x00007ffa2645e000 	/System/Library/Frameworks/OpenGL.framework/Versions/A/Libraries/libGLU.dylib
0x00007ffa26420000 	/System/Library/Frameworks/OpenGL.framework/Versions/A/Libraries/libGFXShared.dylib
0x00007ffa2661c000 	/System/Library/Frameworks/OpenGL.framework/Versions/A/Libraries/libGL.dylib
0x00007ffa26428000 	/System/Library/Frameworks/OpenGL.framework/Versions/A/Libraries/libGLImage.dylib
0x00007ffa2641d000 	/System/Library/Frameworks/OpenGL.framework/Versions/A/Libraries/libCVMSPluginSupport.dylib
0x00007ffc1ffaa000 	/usr/lib/libRosetta.dylib
0x00007ffa26408000 	/System/Library/Frameworks/OpenGL.framework/Versions/A/Libraries/libCoreVMClient.dylib
0x00007ffb1b06a000 	/System/Library/PrivateFrameworks/FontServices.framework/Versions/A/FontServices
0x00007ff81c122000 	/System/Library/PrivateFrameworks/OTSVG.framework/Versions/A/OTSVG
0x00007ff815922000 	/System/Library/Frameworks/ApplicationServices.framework/Versions/A/Frameworks/ATS.framework/Versions/A/Resources/libFontRegistry.dylib
0x00007ff81c173000 	/System/Library/PrivateFrameworks/FontServices.framework/libhvf.dylib
0x00007ffb1b06b000 	/System/Library/PrivateFrameworks/FontServices.framework/libXTFontStaticRegistryData.dylib
0x00007ff818392000 	/System/Library/Frameworks/MetalPerformanceShaders.framework/Versions/A/Frameworks/MPSCore.framework/Versions/A/MPSCore
0x00007ff819d96000 	/System/Library/Frameworks/MetalPerformanceShaders.framework/Versions/A/Frameworks/MPSImage.framework/Versions/A/MPSImage
0x00007ff81969e000 	/System/Library/Frameworks/MetalPerformanceShaders.framework/Versions/A/Frameworks/MPSNeuralNetwork.framework/Versions/A/MPSNeuralNetwork
0x00007ff819c0d000 	/System/Library/Frameworks/MetalPerformanceShaders.framework/Versions/A/Frameworks/MPSMatrix.framework/Versions/A/MPSMatrix
0x00007ff8199bf000 	/System/Library/Frameworks/MetalPerformanceShaders.framework/Versions/A/Frameworks/MPSRayIntersector.framework/Versions/A/MPSRayIntersector
0x00007ff819c4c000 	/System/Library/Frameworks/MetalPerformanceShaders.framework/Versions/A/Frameworks/MPSNDArray.framework/Versions/A/MPSNDArray
0x00007ffb0e248000 	/System/Library/Frameworks/MetalPerformanceShaders.framework/Versions/A/Frameworks/MPSFunctions.framework/Versions/A/MPSFunctions
0x00007ffb0e22b000 	/System/Library/Frameworks/MetalPerformanceShaders.framework/Versions/A/Frameworks/MPSBenchmarkLoop.framework/Versions/A/MPSBenchmarkLoop
0x00007ff80d1b8000 	/System/Library/PrivateFrameworks/MetalTools.framework/Versions/A/MetalTools
0x00007ff91857f000 	/System/Library/PrivateFrameworks/IOAccelMemoryInfo.framework/Versions/A/IOAccelMemoryInfo
0x00007ff924898000 	/System/Library/PrivateFrameworks/kperf.framework/Versions/A/kperf
0x00007ff913e81000 	/System/Library/PrivateFrameworks/GPURawCounter.framework/Versions/A/GPURawCounter
0x00007ff823ea8000 	/System/Library/PrivateFrameworks/CoreSymbolication.framework/Versions/A/CoreSymbolication
0x00007ff913e31000 	/System/Library/PrivateFrameworks/MallocStackLogging.framework/Versions/A/MallocStackLogging
0x00007ff81bd22000 	/System/Library/PrivateFrameworks/CrashReporterSupport.framework/Versions/A/CrashReporterSupport
0x00007ff823e69000 	/System/Library/PrivateFrameworks/DebugSymbols.framework/Versions/A/DebugSymbols
0x00007ff9232ad000 	/System/Library/PrivateFrameworks/OSAnalytics.framework/Versions/A/OSAnalytics
0x00007ffc172d0000 	/System/Library/PrivateFrameworks/VideoToolboxParavirtualizationSupport.framework/Versions/A/VideoToolboxParavirtualizationSupport
0x00007ff81bf4f000 	/System/Library/PrivateFrameworks/AppleVA.framework/Versions/A/AppleVA
0x00007ff81dfdb000 	/System/Library/Frameworks/ApplicationServices.framework/Versions/A/Frameworks/ATS.framework/Versions/A/ATS
0x00007ff812edb000 	/System/Library/Frameworks/ApplicationServices.framework/Versions/A/Frameworks/HIServices.framework/Versions/A/HIServices
0x00007ff81ccd6000 	/System/Library/Frameworks/ApplicationServices.framework/Versions/A/Frameworks/PrintCore.framework/Versions/A/PrintCore
0x00007ff81e3b1000 	/System/Library/Frameworks/ApplicationServices.framework/Versions/A/Frameworks/QD.framework/Versions/A/QD
0x00007ff81e3aa000 	/System/Library/Frameworks/ApplicationServices.framework/Versions/A/Frameworks/ColorSyncLegacy.framework/Versions/A/ColorSyncLegacy
0x00007ff81dfb1000 	/System/Library/Frameworks/ApplicationServices.framework/Versions/A/Frameworks/SpeechSynthesis.framework/Versions/A/SpeechSynthesis
0x00007ff81cc92000 	/System/Library/Frameworks/ApplicationServices.framework/Versions/A/Frameworks/ATSUI.framework/Versions/A/ATSUI
0x00007ff81e33c000 	/usr/lib/libcups.2.dylib
0x00007ff81e720000 	/System/Library/Frameworks/Kerberos.framework/Versions/A/Kerberos
0x00007ff81e72f000 	/System/Library/Frameworks/GSS.framework/Versions/A/GSS
0x00007ff81e054000 	/usr/lib/libresolv.9.dylib
0x00007ff81c185000 	/System/Library/PrivateFrameworks/Heimdal.framework/Versions/A/Heimdal
0x00007ff825ee9000 	/System/Library/Frameworks/Kerberos.framework/Versions/A/Libraries/libHeimdalProxy.dylib
0x00007ff81e77c000 	/System/Library/PrivateFrameworks/CommonAuth.framework/Versions/A/CommonAuth
0x00007ffa2ba5a000 	/System/Library/Frameworks/AVFAudio.framework/Versions/A/AVFAudio
0x00007ff90e84b000 	/System/Library/PrivateFrameworks/AXCoreUtilities.framework/Versions/A/AXCoreUtilities
0x00007ffb25809000 	/System/Library/PrivateFrameworks/IsolatedCoreAudioClient.framework/Versions/A/IsolatedCoreAudioClient
0x00007ff81df22000 	/System/Library/PrivateFrameworks/AudioSession.framework/Versions/A/AudioSession
0x00007ff81fa50000 	/System/Library/Frameworks/IOBluetooth.framework/Versions/A/IOBluetooth
0x00007ff81c05d000 	/System/Library/PrivateFrameworks/MediaExperience.framework/Versions/A/MediaExperience
0x00007ff81dd75000 	/System/Library/PrivateFrameworks/AudioSession.framework/libSessionUtility.dylib
0x00007ff81e3bc000 	/System/Library/PrivateFrameworks/AudioResourceArbitration.framework/Versions/A/AudioResourceArbitration
0x00007ff822b14000 	/System/Library/PrivateFrameworks/PowerLog.framework/Versions/A/PowerLog
0x00007ff822a31000 	/System/Library/Frameworks/CoreBluetooth.framework/Versions/A/CoreBluetooth
0x00007ff825eea000 	/System/Library/Frameworks/AudioUnit.framework/Versions/A/AudioUnit
0x00007ff8193a5000 	/System/Library/PrivateFrameworks/CoreUtils.framework/Versions/A/CoreUtils
0x00007ffb19593000 	/System/Library/PrivateFrameworks/CoreUtilsExtras.framework/Versions/A/CoreUtilsExtras
0x00007ffb24300000 	/System/Library/PrivateFrameworks/IO80211.framework/Versions/A/IO80211
0x00007ff8239c0000 	/System/Library/PrivateFrameworks/FrontBoardServices.framework/Versions/A/FrontBoardServices
0x00007ff8254d2000 	/System/Library/PrivateFrameworks/BackBoardServices.framework/Versions/A/BackBoardServices
0x00007ff81bfc1000 	/System/Library/PrivateFrameworks/IconFoundation.framework/Versions/A/IconFoundation
0x00007ff821a32000 	/System/Library/PrivateFrameworks/SpeechRecognitionCore.framework/Versions/A/SpeechRecognitionCore
0x00007ff90e864000 	/usr/lib/libAccessibility.dylib
0x00007ff822127000 	/System/Library/Frameworks/MediaAccessibility.framework/Versions/A/MediaAccessibility
0x00007ffa142ce000 	/System/Library/Frameworks/OSLog.framework/Versions/A/OSLog
0x00007ff913dbc000 	/System/Library/PrivateFrameworks/LoggingSupport.framework/Versions/A/LoggingSupport
0x000000010c19f000 	/Applications/jmonkeyplatform.app/Contents/Resources/jmonkeyplatform/jdk/lib/server/libjvm.dylib
0x000000010ab44000 	/Applications/jmonkeyplatform.app/Contents/Resources/jmonkeyplatform/jdk/lib/libjimage.dylib
0x000000010ab91000 	/Applications/jmonkeyplatform.app/Contents/Resources/jmonkeyplatform/jdk/lib/libjava.dylib
0x000000010c0bf000 	/Applications/jmonkeyplatform.app/Contents/Resources/jmonkeyplatform/jdk/lib/libnio.dylib
0x000000010c116000 	/Applications/jmonkeyplatform.app/Contents/Resources/jmonkeyplatform/jdk/lib/libnet.dylib
0x000000012ff2c000 	/Applications/jmonkeyplatform.app/Contents/Resources/jmonkeyplatform/jdk/lib/libzip.dylib
0x0000000135fb0000 	/Applications/jmonkeyplatform.app/Contents/Resources/jmonkeyplatform/jdk/lib/libawt.dylib
0x000000013613e000 	/Applications/jmonkeyplatform.app/Contents/Resources/jmonkeyplatform/jdk/lib/libmlib_image.dylib
0x00007ffb0d66a000 	/System/Library/Frameworks/JavaRuntimeSupport.framework/Versions/A/JavaRuntimeSupport
0x00007ff912ba4000 	/System/Library/Frameworks/Carbon.framework/Versions/A/Carbon
0x00007ff82a197000 	/System/Library/Frameworks/Carbon.framework/Versions/A/Frameworks/CommonPanels.framework/Versions/A/CommonPanels
0x00007ff8257fe000 	/System/Library/Frameworks/Carbon.framework/Versions/A/Frameworks/Help.framework/Versions/A/Help
0x00007ff82a19b000 	/System/Library/Frameworks/Carbon.framework/Versions/A/Frameworks/ImageCapture.framework/Versions/A/ImageCapture
0x00007ff82a178000 	/System/Library/Frameworks/Carbon.framework/Versions/A/Frameworks/OpenScripting.framework/Versions/A/OpenScripting
0x00007ff82a196000 	/System/Library/Frameworks/Carbon.framework/Versions/A/Frameworks/Ink.framework/Versions/A/Ink
0x00007ff82a193000 	/System/Library/Frameworks/Carbon.framework/Versions/A/Frameworks/SecurityHI.framework/Versions/A/SecurityHI
0x00000001363c4000 	/Applications/jmonkeyplatform.app/Contents/Resources/jmonkeyplatform/jdk/lib/libawt_lwawt.dylib
0x0000000135f11000 	/Applications/jmonkeyplatform.app/Contents/Resources/jmonkeyplatform/jdk/lib/libosxapp.dylib
0x00007ff911b57000 	/System/Library/Frameworks/ExceptionHandling.framework/Versions/A/ExceptionHandling
0x00000001368bc000 	/Applications/jmonkeyplatform.app/Contents/Resources/jmonkeyplatform/jdk/lib/libfontmanager.dylib
0x00000001366ad000 	/Applications/jmonkeyplatform.app/Contents/Resources/jmonkeyplatform/jdk/lib/libfreetype.dylib
0x00007ff8230f6000 	/System/Library/Frameworks/FileProvider.framework/Versions/A/FileProvider
0x00007ff813a2a000 	/System/Library/Frameworks/Accounts.framework/Versions/A/Accounts
0x00007ff8232ab000 	/System/Library/PrivateFrameworks/GenerationalStorage.framework/Versions/A/GenerationalStorage
0x00007ff822b09000 	/System/Library/PrivateFrameworks/SymptomDiagnosticReporter.framework/Versions/A/SymptomDiagnosticReporter
0x00007ff811691000 	/System/Library/PrivateFrameworks/DesktopServicesPriv.framework/Versions/A/DesktopServicesPriv
0x00007ff81001a000 	/usr/lib/libsandbox.1.dylib
0x00007ff81e39f000 	/System/Library/PrivateFrameworks/NetAuth.framework/Versions/A/NetAuth
0x00007ff81f6fb000 	/System/Library/PrivateFrameworks/Sharing.framework/Versions/A/Sharing
0x00007ff815db9000 	/System/Library/PrivateFrameworks/login.framework/Versions/A/Frameworks/loginsupport.framework/Versions/A/loginsupport
0x00007ff825324000 	/System/Library/PrivateFrameworks/Apple80211.framework/Versions/A/Apple80211
0x00007ff819f4c000 	/System/Library/PrivateFrameworks/AuthKit.framework/Versions/A/AuthKit
0x00007ff825325000 	/System/Library/PrivateFrameworks/CoreWiFi.framework/Versions/A/CoreWiFi
0x00007ff81932c000 	/System/Library/Frameworks/CoreWLAN.framework/Versions/A/CoreWLAN
0x00007ff913e84000 	/usr/lib/swift/libswiftCoreAudio.dylib
0x00007ff91935d000 	/usr/lib/swift/libswiftCoreLocation.dylib
0x00007ff81bd19000 	/usr/lib/libIOReport.dylib
0x00007ffa1aea2000 	/System/Library/PrivateFrameworks/WiFiPeerToPeer.framework/Versions/A/WiFiPeerToPeer
0x00007ff81a0f9000 	/System/Library/Frameworks/UserNotifications.framework/Versions/A/UserNotifications
0x00007ff81e8bb000 	/System/Library/PrivateFrameworks/CorePhoneNumbers.framework/Versions/A/CorePhoneNumbers
0x00007ff81e080000 	/System/Library/PrivateFrameworks/MultiverseSupport.framework/Versions/A/MultiverseSupport
0x00007ff825751000 	/System/Library/PrivateFrameworks/RemoteServiceDiscovery.framework/Versions/A/RemoteServiceDiscovery
0x00007ff822c23000 	/System/Library/PrivateFrameworks/DiskManagement.framework/Versions/A/DiskManagement
0x00007ff822b3c000 	/System/Library/PrivateFrameworks/AppleIDAuthSupport.framework/Versions/A/AppleIDAuthSupport
0x00007ffb11d7c000 	/System/Library/PrivateFrameworks/AAAFoundation.framework/Versions/A/AAAFoundation
0x00007ff81e88f000 	/System/Library/PrivateFrameworks/KeychainCircle.framework/Versions/A/KeychainCircle
0x00007ff825762000 	/System/Library/PrivateFrameworks/RemoteXPC.framework/Versions/A/RemoteXPC
0x00007ff825806000 	/usr/lib/libcsfde.dylib
0x00007ff81bec7000 	/usr/lib/libCoreStorage.dylib
0x00007ff822bf0000 	/System/Library/PrivateFrameworks/MediaKit.framework/Versions/A/MediaKit
0x00007ff822b48000 	/System/Library/Frameworks/DiscRecording.framework/Versions/A/DiscRecording
0x00007ff81fb25000 	/System/Library/PrivateFrameworks/ProtectedCloudStorage.framework/Versions/A/ProtectedCloudStorage
0x00007ff825802000 	/System/Library/PrivateFrameworks/EFILogin.framework/Versions/A/EFILogin
0x00007ff8232d3000 	/System/Library/PrivateFrameworks/OctagonTrust.framework/Versions/A/OctagonTrust
0x00007ff81735d000 	/System/Library/Frameworks/CoreLocation.framework/Versions/A/CoreLocation
0x00007ff81fd82000 	/System/Library/PrivateFrameworks/GeoServices.framework/Versions/A/GeoServices
0x00007ff81dd41000 	/System/Library/PrivateFrameworks/LocationSupport.framework/Versions/A/LocationSupport
0x00007ffb21047000 	/System/Library/PrivateFrameworks/GeoServicesCore.framework/Versions/A/GeoServicesCore
0x00007ff90e842000 	/System/Library/PrivateFrameworks/PhoneNumbers.framework/Versions/A/PhoneNumbers
0x00007ff81bebf000 	/usr/lib/libMatch.1.dylib
0x00007ff91ca77000 	/System/Library/CoreServices/RawCamera.bundle/Contents/MacOS/RawCamera
0x00007ff81e78c000 	/System/Library/PrivateFrameworks/MobileAsset.framework/Versions/A/MobileAsset
0x00007ffb13abe000 	/System/Library/PrivateFrameworks/AppleJPEGXL.framework/Versions/A/AppleJPEGXL
0x00007ff919cc3000 	/System/Library/PrivateFrameworks/SoftwareUpdateCoreSupport.framework/Versions/A/SoftwareUpdateCoreSupport
0x00007ff921395000 	/System/Library/PrivateFrameworks/SoftwareUpdateCoreConnect.framework/Versions/A/SoftwareUpdateCoreConnect
0x00007ff825f09000 	/System/Library/PrivateFrameworks/StreamingZip.framework/Versions/A/StreamingZip
0x00007ff919956000 	/System/Library/PrivateFrameworks/MSUDataAccessor.framework/Versions/A/MSUDataAccessor
0x00007ff9159e5000 	/usr/lib/libbootpolicy.dylib
0x00007ff9287a6000 	/usr/lib/libpartition2_dynamic.dylib
0x00007ffb153fe000 	/System/Library/PrivateFrameworks/CMPhoto.framework/Versions/A/CMPhoto
0x00007ff823d3d000 	/System/Library/PrivateFrameworks/AppleVPA.framework/Versions/A/AppleVPA
0x00007ff81cec8000 	/System/Library/Frameworks/MediaToolbox.framework/Versions/A/MediaToolbox
0x00007ff8230c8000 	/System/Library/PrivateFrameworks/CoreAVCHD.framework/Versions/A/CoreAVCHD
0x00007ff8230c4000 	/System/Library/PrivateFrameworks/Mangrove.framework/Versions/A/Mangrove
0x00007ff823660000 	/System/Library/Frameworks/CoreTelephony.framework/Versions/A/CoreTelephony
0x00007ff822d09000 	/System/Library/PrivateFrameworks/CoreAUC.framework/Versions/A/CoreAUC
0x00007ff81e8c4000 	/usr/lib/libTelephonyUtilDynamic.dylib
0x00007ff919340000 	/System/Library/Frameworks/Accelerate.framework/Versions/A/Frameworks/vImage.framework/Versions/A/Libraries/libCGInterfaces.dylib
0x0000000136886000 	/usr/lib/libobjc-trampolines.dylib
0x00007ffc1fd2f000 	/usr/lib/libAccessibilityBaseImplementations.dylib
0x00007ffa2456b000 	/System/Library/Extensions/AGXMetalG13X.bundle/Contents/MacOS/AGXMetalG13X
0x00007ff90d7a1000 	/System/Library/PrivateFrameworks/IOGPU.framework/Versions/A/IOGPU
0x00007ff81c23b000 	/System/Library/PrivateFrameworks/login.framework/Versions/A/login
0x00007ff823b90000 	/System/Library/Frameworks/LocalAuthentication.framework/Versions/A/LocalAuthentication
0x00007ffb25f1f000 	/System/Library/PrivateFrameworks/LocalAuthenticationCore.framework/Versions/A/LocalAuthenticationCore
0x00007ff823bd6000 	/System/Library/Frameworks/LocalAuthentication.framework/Support/SharedUtils.framework/Versions/A/SharedUtils
0x00007ff823b2e000 	/System/Library/Frameworks/CryptoTokenKit.framework/Versions/A/CryptoTokenKit
0x00007ff815ace000 	/System/Library/PrivateFrameworks/ViewBridge.framework/Versions/A/ViewBridge
0x00007ffa26627000 	/System/Library/Frameworks/OpenGL.framework/Versions/A/Resources/GLEngine.bundle/GLEngine
0x00007ffa2649b000 	/System/Library/Frameworks/OpenGL.framework/Versions/A/Libraries/libGLProgrammability.dylib
0x0000000140ad4000 	/System/Library/Extensions/AppleMetalOpenGLRenderer.bundle/Contents/MacOS/AppleMetalOpenGLRenderer
0x00007ffa26797000 	/System/Library/Frameworks/OpenGL.framework/Versions/A/Resources/GLRendererFloat.bundle/GLRendererFloat
0x0000000140aa3000 	/Applications/jmonkeyplatform.app/Contents/Resources/jmonkeyplatform/jdk/lib/libosxui.dylib
0x0000000140fbb000 	/Applications/jmonkeyplatform.app/Contents/Resources/jmonkeyplatform/jdk/lib/libprefs.dylib
0x00007ffc139c1000 	/System/Library/PrivateFrameworks/TextInputUI.framework/Versions/A/TextInputUI
0x00007ffc139c7000 	/System/Library/PrivateFrameworks/TextInputUIMacHelper.framework/Versions/A/TextInputUIMacHelper
0x00007ffb1272a000 	/System/Library/PrivateFrameworks/AccessibilityBundles.framework/Versions/A/AccessibilityBundles
0x000000016fd3d000 	/Users/anniexian/jMonkeyProjects/3D Gaming Project/libopenal.dylib
0x000000016fde0000 	/Users/anniexian/jMonkeyProjects/3D Gaming Project/liblwjgl.dylib
0x000000016fca9000 	/Applications/jmonkeyplatform.app/Contents/Resources/jmonkeyplatform/jdk/lib/libjawt.dylib
0x00007ffb0fe5c000 	/System/Library/Frameworks/OpenAL.framework/Versions/A/OpenAL
0x00007ff91300a000 	/System/Library/Frameworks/AVFoundation.framework/Versions/A/AVFoundation
0x00007ff823799000 	/System/Library/PrivateFrameworks/AVFCore.framework/Versions/A/AVFCore
0x00007ff82bdee000 	/System/Library/PrivateFrameworks/AVFCapture.framework/Versions/A/AVFCapture
0x00007ffb1538f000 	/System/Library/PrivateFrameworks/CMImaging.framework/Versions/A/CMImaging
0x00007ff82bfdc000 	/System/Library/PrivateFrameworks/Quagga.framework/Versions/A/Quagga
0x00007ff90c62c000 	/System/Library/PrivateFrameworks/CMCapture.framework/Versions/A/CMCapture
0x00007ff81e15c000 	/System/Library/Frameworks/CoreMediaIO.framework/Versions/A/CoreMediaIO
0x00007ff82603d000 	/System/Library/PrivateFrameworks/Espresso.framework/Versions/A/Espresso
0x00007ff825898000 	/System/Library/PrivateFrameworks/AppSupport.framework/Versions/A/AppSupport
0x00007ffa226af000 	/System/Library/PrivateFrameworks/ANECompiler.framework/Versions/A/ANECompiler
0x00007ff827f3e000 	/System/Library/PrivateFrameworks/AppleNeuralEngine.framework/Versions/A/AppleNeuralEngine
0x00007ffb0e25d000 	/System/Library/Frameworks/MetalPerformanceShadersGraph.framework/Versions/A/MetalPerformanceShadersGraph
0x00007ffb2676f000 	/System/Library/PrivateFrameworks/MLCompilerServices.framework/Versions/A/MLCompilerServices
0x00007ff82700c000 	/System/Library/PrivateFrameworks/ANEServices.framework/Versions/A/ANEServices
0x00007ff91854c000 	/usr/lib/libncurses.5.4.dylib
0x00007ffb26709000 	/System/Library/PrivateFrameworks/MLCompilerRuntime.framework/Versions/A/MLCompilerRuntime
0x00000001730b7000 	/System/Library/Components/CoreAudio.component/Contents/MacOS/CoreAudio
0x00000001753e5000 	/System/Library/Components/AudioDSP.component/Contents/MacOS/AudioDSP
0x00007ffc1fdd3000 	/usr/lib/libAudioDSPCore.dylib
0x00007ff82215d000 	/System/Library/PrivateFrameworks/SystemAdministration.framework/Versions/A/SystemAdministration
0x00007ff8219ff000 	/System/Library/Frameworks/DirectoryService.framework/Versions/A/DirectoryService
0x00007ff825667000 	/System/Library/PrivateFrameworks/DiskImages.framework/Versions/A/DiskImages
0x00007ff8195ed000 	/System/Library/Frameworks/ServiceManagement.framework/Versions/A/ServiceManagement
0x00007ff825892000 	/System/Library/PrivateFrameworks/LoginUIKit.framework/Versions/A/Frameworks/LoginUICore.framework/Versions/A/LoginUICore
0x00007ff81c401000 	/usr/lib/libodfde.dylib
0x00007ff825811000 	/usr/lib/libcurl.4.dylib
0x00007ffc204a5000 	/usr/lib/libcrypto.46.dylib
0x00007ffc21172000 	/usr/lib/libssl.48.dylib
0x00007ff8254f6000 	/System/Library/Frameworks/LDAP.framework/Versions/A/LDAP
0x00007ff825531000 	/System/Library/PrivateFrameworks/TrustEvaluationAgent.framework/Versions/A/TrustEvaluationAgent
0x00007ff81e06d000 	/usr/lib/libsasl2.2.dylib


VM Arguments:
jvm_args: -Dfile.encoding=UTF-8 --module-path=/Users/anniexian/jMonkeyProjects/3D Gaming Project/build/classes 
java_command: mygame.Main
java_class_path (initial): /Applications/jmonkeyplatform.app/Contents/Resources/jmonkeyplatform/jmonkeyplatform/libs/jme3-jogg-3.6.1-stable.jar:/Applications/jmonkeyplatform.app/Contents/Resources/jmonkeyplatform/jmonkeyplatform/libs/j-ogg-vorbis-1.0.3.jar:/Applications/jmonkeyplatform.app/Contents/Resources/jmonkeyplatform/jmonkeyplatform/libs/jme3-networking-3.6.1-stable.jar:/Applications/jmonkeyplatform.app/Contents/Resources/jmonkeyplatform/jmonkeyplatform/libs/jme3-plugins-3.6.1-stable.jar:/Applications/jmonkeyplatform.app/Contents/Resources/jmonkeyplatform/jmonkeyplatform/libs/gson-2.9.1.jar:/Applications/jmonkeyplatform.app/Contents/Resources/jmonkeyplatform/jmonkeyplatform/libs/jme3-core-3.6.1-stable.jar:/Applications/jmonkeyplatform.app/Contents/Resources/jmonkeyplatform/jmonkeyplatform/libs/jme3-desktop-3.6.1-stable.jar:/Applications/jmonkeyplatform.app/Contents/Resources/jmonkeyplatform/jmonkeyplatform/libs/jme3-lwjgl-3.6.1-stable.jar:/Applications/jmonkeyplatform.app/Contents/Resources/jmonkeyplatform/jmonkeyplatform/libs/lwjgl-platform-2.9.5-natives-windows.jar:/Applications/jmonkeyplatform.app/Contents/Resources/jmonkeyplatform/jmonkeyplatform/libs/lwjgl-platform-2.9.5-natives-linux.jar:/Applications/jmonkeyplatform.app/Contents/Resources/jmonkeyplatform/jmonkeyplatform/libs/lwjgl-platform-2.9.5-natives-osx.jar:/Applications/jmonkeyplatform.app/Contents/Resources/jmonkeyplatform/jmonkeyplatform/libs/jinput-2.0.9.jar:/Applications/jmonkeyplatform.app/Contents/Resources/jmonkeyplatform/jmonkeyplatform/libs/jinput-2.0.9-natives-all.jar:/Applications/jmonkeyplatform.app/Contents/Resources/jmonkeyplatform/jmonkeyplatform/libs/lwjgl-2.9.5.jar:/Applications/jmonkeyplatform.app/Contents/Resources/jmonkeyplatform/jmonkeyplatform/libs/jme3-effects-3.6.1-stable.jar:/Applications/jmonkeyplatform.app/Contents/Resources/jmonkeyplatform/jmonkeyplatform/libs/jme3-terrain-3.6.1-stable.jar:/Applications/jmonkeyplatform.app/Contents/Resources/jmonkeyplatform/jmonkeypla
Launcher Type: SUN_STANDARD

[Global flags]
     intx CICompilerCount                          = 4                                         {product} {ergonomic}
     uint ConcGCThreads                            = 2                                         {product} {ergonomic}
     uint G1ConcRefinementThreads                  = 9                                         {product} {ergonomic}
   size_t G1HeapRegionSize                         = 2097152                                   {product} {ergonomic}
    uintx GCDrainStackTargetSize                   = 64                                        {product} {ergonomic}
   size_t InitialHeapSize                          = 268435456                                 {product} {ergonomic}
   size_t MarkStackSize                            = 4194304                                   {product} {ergonomic}
   size_t MaxHeapSize                              = 4294967296                                {product} {ergonomic}
   size_t MaxNewSize                               = 2575302656                                {product} {ergonomic}
   size_t MinHeapDeltaBytes                        = 2097152                                   {product} {ergonomic}
   size_t MinHeapSize                              = 8388608                                   {product} {ergonomic}
    uintx NonNMethodCodeHeapSize                   = 5839372                                {pd product} {ergonomic}
    uintx NonProfiledCodeHeapSize                  = 122909434                              {pd product} {ergonomic}
    uintx ProfiledCodeHeapSize                     = 122909434                              {pd product} {ergonomic}
    uintx ReservedCodeCacheSize                    = 251658240                              {pd product} {ergonomic}
     bool SegmentedCodeCache                       = true                                      {product} {ergonomic}
   size_t SoftMaxHeapSize                          = 4294967296                             {manageable} {ergonomic}
     bool UseCompressedClassPointers               = true                           {product lp64_product} {ergonomic}
     bool UseCompressedOops                        = true                           {product lp64_product} {ergonomic}
     bool UseG1GC                                  = true                                      {product} {ergonomic}
     bool UseNUMA                                  = false                                     {product} {ergonomic}
     bool UseNUMAInterleaving                      = false                                     {product} {ergonomic}

Logging:
Log output configuration:
 #0: stdout all=warning uptime,level,tags
 #1: stderr all=off uptime,level,tags

Environment Variables:
PATH=/usr/bin:/bin:/usr/sbin:/sbin
SHELL=/bin/bash
DISPLAY=/private/tmp/com.apple.launchd.poCEvFFhAb/org.xquartz:0
LC_CTYPE=UTF-8
TMPDIR=/var/folders/0g/fqmqj2h13zb6tm1pyktk150w0000gn/T/

Active Locale:
LC_ALL=C/UTF-8/C/C/C/C
LC_COLLATE=C
LC_CTYPE=UTF-8
LC_MESSAGES=C
LC_MONETARY=C
LC_NUMERIC=C
LC_TIME=C

Signal Handlers:
   SIGSEGV: crash_handler in libjvm.dylib, mask=11100110100111111111111111111111, flags=SA_RESTART|SA_SIGINFO, unblocked
    SIGBUS: crash_handler in libjvm.dylib, mask=11100110100111111111111111111111, flags=SA_RESTART|SA_SIGINFO, unblocked
    SIGFPE: crash_handler in libjvm.dylib, mask=11100110100111111111111111111111, flags=SA_RESTART|SA_SIGINFO, unblocked
   SIGPIPE: javaSignalHandler in libjvm.dylib, mask=11100110100111111111111111111111, flags=SA_RESTART|SA_SIGINFO, blocked
   SIGXFSZ: javaSignalHandler in libjvm.dylib, mask=11100110100111111111111111111111, flags=SA_RESTART|SA_SIGINFO, blocked
    SIGILL: crash_handler in libjvm.dylib, mask=11100110100111111111111111111111, flags=SA_RESTART|SA_SIGINFO, unblocked
   SIGUSR2: SR_handler in libjvm.dylib, mask=00100000000000000000000000000000, flags=SA_RESTART|SA_SIGINFO, blocked
    SIGHUP: UserHandler in libjvm.dylib, mask=11100110100111111111111111111111, flags=SA_RESTART|SA_SIGINFO, blocked
    SIGINT: SIG_IGN, mask=11111111011111110111111111111111, flags=none, blocked
   SIGTERM: UserHandler in libjvm.dylib, mask=11100110100111111111111111111111, flags=SA_RESTART|SA_SIGINFO, blocked
   SIGQUIT: UserHandler in libjvm.dylib, mask=11100110100111111111111111111111, flags=SA_RESTART|SA_SIGINFO, blocked
   SIGTRAP: crash_handler in libjvm.dylib, mask=11100110100111111111111111111111, flags=SA_RESTART|SA_SIGINFO, unblocked


Periodic native trim disabled


---------------  S Y S T E M  ---------------

OS:
uname: Darwin 23.5.0 Darwin Kernel Version 23.5.0: Wed May  1 20:12:58 PDT 2024; root:xnu-10063.121.3~5/RELEASE_ARM64_T6000 x86_64
OS uptime: 19 days 21:07 hours
rlimit (soft/hard): STACK 8176k/65520k , CORE 0k/infinity , NPROC 2666/4000 , NOFILE 12544/infinity , AS infinity/infinity , CPU infinity/infinity , DATA infinity/infinity , FSIZE infinity/infinity , MEMLOCK infinity/infinity , RSS infinity/infinity
load average: 4.04 3.38 4.44

CPU: (EMULATED) total 10 (initial active 10) (1 cores per cpu, 1 threads per core) family 6 model 44 stepping 0 microcode 0x0, cx8, cmov, fxsr, mmx, sse, sse2, sse3, ssse3, sse4.1, sse4.2, popcnt, tsc, tscinvbit, aes, clmul, clflush
machdep.cpu.brand_string:Apple M1 Pro
hw.cpufrequency:2400000000
hw.cpufrequency_min:2400000000
hw.cpufrequency_max:2400000000
hw.cachelinesize:64
hw.l1icachesize:131072
hw.l1dcachesize:65536
hw.l2cachesize:4194304

Memory: 4k page, physical 16777216k(30488k free), swap 7340032k(1403776k free)

vm_info: OpenJDK 64-Bit Server VM (17.0.9+9) for bsd-amd64 JRE (17.0.9+9), built on Oct 18 2023 08:05:15 by "admin" with clang Apple LLVM 12.0.0 (clang-1200.0.32.29)

END.
