#
# A fatal error has been detected by the Java Runtime Environment:
#
#  SIGSEGV (0xb) at pc=0x00007ff802c7c489, pid=4323, tid=127827
#
# JRE version: OpenJDK Runtime Environment Temurin-17.0.9+9 (17.0.9+9) (build 17.0.9+9)
# Java VM: OpenJDK 64-Bit Server VM Temurin-17.0.9+9 (17.0.9+9, mixed mode, tiered, compressed oops, compressed class ptrs, g1 gc, bsd-amd64)
# Problematic frame:
# C  [libobjc.A.dylib+0xc489]  AutoreleasePoolPage::releaseUntil(objc_object**)+0x6b
#
# No core dump will be written. Core dumps have been disabled. To enable core dumping, try "ulimit -c unlimited" before starting Java again
#
# If you would like to submit a bug report, please visit:
#   https://github.com/adoptium/adoptium-support/issues
# The crash happened outside the Java Virtual Machine in native code.
# See problematic frame for where to report the bug.
#

---------------  S U M M A R Y ------------

Command Line: -Dfile.encoding=UTF-8 --module-path=/Users/anniexian/jMonkeyProjects/3D Gaming Project/build/classes mygame.Main

Host: "MacBookPro18,3" x86_64 (EMULATED) 2400 MHz, 10 cores, 16G, Darwin 23.5.0, macOS 14.5 (23F79)
Time: Sat Nov 16 20:15:37 2024 EST elapsed time: 5.562283 seconds (0d 0h 0m 5s)

---------------  T H R E A D  ---------------

Current thread (0x00007fba25b17000):  JavaThread "jME3 Main" [_thread_in_native, id=127827, stack(0x000000030fa35000,0x000000030fb35000)]

Stack: [0x000000030fa35000,0x000000030fb35000],  sp=0x000000030fb346e0,  free space=1021k
Native frames: (J=compiled Java code, j=interpreted, Vv=VM code, C=native code)
C  [libobjc.A.dylib+0xc489]  AutoreleasePoolPage::releaseUntil(objc_object**)+0x6b
C  [libobjc.A.dylib+0x98b0]  objc_autoreleasePoolPop+0xeb
C  [CoreFoundation+0x3cdd1]  _CFAutoreleasePoolPop+0x16
C  [Foundation+0x30fba]  -[NSAutoreleasePool drain]+0x85
C  [liblwjgl.dylib+0xc0ef]  Java_org_lwjgl_opengl_MacOSXDisplay_nDestroyWindow+0x3f
j  org.lwjgl.opengl.MacOSXDisplay.nDestroyWindow(Ljava/nio/ByteBuffer;)V+0
j  org.lwjgl.opengl.MacOSXDisplay.destroyWindow()V+43
j  org.lwjgl.opengl.Display.destroyWindow()V+46
j  org.lwjgl.opengl.Display.setDisplayMode(Lorg/lwjgl/opengl/DisplayMode;)V+43
j  com.jme3.system.lwjgl.LwjglDisplay.createContext(Lcom/jme3/system/AppSettings;)V+333
j  com.jme3.system.lwjgl.LwjglAbstractDisplay.initInThread()Z+25
j  com.jme3.system.lwjgl.LwjglAbstractDisplay.run()V+36
j  java.lang.Thread.run()V+11 java.base@17.0.9
v  ~StubRoutines::call_stub
V  [libjvm.dylib+0x519d91]  JavaCalls::call_helper(JavaValue*, methodHandle const&, JavaCallArguments*, JavaThread*)+0x2a1
V  [libjvm.dylib+0x518e07]  JavaCalls::call_virtual(JavaValue*, Klass*, Symbol*, Symbol*, JavaCallArguments*, JavaThread*)+0x147
V  [libjvm.dylib+0x518ed3]  JavaCalls::call_virtual(JavaValue*, Handle, Klass*, Symbol*, Symbol*, JavaThread*)+0x63
V  [libjvm.dylib+0x5c5514]  thread_entry(JavaThread*, JavaThread*)+0xb4
V  [libjvm.dylib+0xa8c980]  JavaThread::thread_main_inner()+0x150
V  [libjvm.dylib+0xa8ad1f]  Thread::call_run()+0xcf
V  [libjvm.dylib+0x8a6688]  thread_native_entry(Thread*)+0x148
C  [libsystem_pthread.dylib+0x618b]  _pthread_start+0x63
C  [libsystem_pthread.dylib+0x1ae3]  thread_start+0xf

Java frames: (J=compiled Java code, j=interpreted, Vv=VM code)
j  org.lwjgl.opengl.MacOSXDisplay.nDestroyWindow(Ljava/nio/ByteBuffer;)V+0
j  org.lwjgl.opengl.MacOSXDisplay.destroyWindow()V+43
j  org.lwjgl.opengl.Display.destroyWindow()V+46
j  org.lwjgl.opengl.Display.setDisplayMode(Lorg/lwjgl/opengl/DisplayMode;)V+43
j  com.jme3.system.lwjgl.LwjglDisplay.createContext(Lcom/jme3/system/AppSettings;)V+333
j  com.jme3.system.lwjgl.LwjglAbstractDisplay.initInThread()Z+25
j  com.jme3.system.lwjgl.LwjglAbstractDisplay.run()V+36
j  java.lang.Thread.run()V+11 java.base@17.0.9
v  ~StubRoutines::call_stub

siginfo: si_signo: 11 (SIGSEGV), si_code: 1 (SEGV_MAPERR), si_addr: 0x0000000000000010

Registers:
RAX=0x00007fb9b3068038, RBX=0x00007fba24281000, RCX=0x00007fb9b3068038, RDX=0x0080000000000000
RSP=0x000000030fb346e0, RBP=0x000000030fb34710, RSI=0x0100000000000000, RDI=0x0000000000000000
R8 =0x011dfff84641d021, R9 =0x0000000080657318, R10=0x00007ff846422b80, R11=0x00007ff804006f35
R12=0xa3a3a3a3a3a3a3a3, R13=0x0000000000000000, R14=0x00007fba24281038, R15=0x0000600003e53340
RIP=0x00007ff802c7c489, EFLAGS=0x0000000000000247, ERR=0x0000000000000004
  TRAPNO=0x000000000000000e


Register to memory mapping:

RAX=0x00007fb9b3068038 points into unknown readable memory: 0xa3a3a3a3a3a3a3a3 | a3 a3 a3 a3 a3 a3 a3 a3
RBX=0x00007fba24281000 points into unknown readable memory: 0x4f545541a1a1a1a1 | a1 a1 a1 a1 41 55 54 4f
RCX=0x00007fb9b3068038 points into unknown readable memory: 0xa3a3a3a3a3a3a3a3 | a3 a3 a3 a3 a3 a3 a3 a3
RDX=0x0080000000000000 is an unknown value
RSP=0x000000030fb346e0 is pointing into the stack for thread: 0x00007fba25b17000
RBP=0x000000030fb34710 is pointing into the stack for thread: 0x00007fba25b17000
RSI=0x0100000000000000 is an unknown value
RDI=0x0 is NULL
R8 =0x011dfff84641d021 is an unknown value
R9 =0x0000000080657318 is an unknown value
R10=0x00007ff846422b80: OBJC_CLASS_$_NSAutoreleasePool+0 in /System/Library/Frameworks/Foundation.framework/Versions/C/Foundation at 0x00007ff803fd6000
R11=0x00007ff804006f35: -[NSAutoreleasePool drain]+0 in /System/Library/Frameworks/Foundation.framework/Versions/C/Foundation at 0x00007ff803fd6000
R12=0xa3a3a3a3a3a3a3a3 is an unknown value
R13=0x0 is NULL
R14=0x00007fba24281038 points into unknown readable memory: 0x0000000000000000 | 00 00 00 00 00 00 00 00
R15=0x0000600003e53340 points into unknown readable memory: 0x011dfff84641d021 | 21 d0 41 46 f8 ff 1d 01


Top of Stack: (sp=0x000000030fb346e0)
0x000000030fb346e0:   c7aea071985a0067 00007fba24281038
0x000000030fb346f0:   0000000000000000 0000000133202b18
0x000000030fb34700:   00007fba24281000 00007fba25b17000
0x000000030fb34710:   000000030fb34730 00007ff802c798b0
0x000000030fb34720:   00007fba24281038 00007ff822c0617b
0x000000030fb34730:   000000030fb34750 00007ff8030e1dd1
0x000000030fb34740:   c7aea071985a0067 00006000030c4300
0x000000030fb34750:   000000030fb34790 00007ff804006fba
0x000000030fb34760:   000000030fb34790 00007ff8030e5244
0x000000030fb34770:   c7aea071985a0067 0000000133202b18
0x000000030fb34780:   000000030fb34838 00007fba25b17000
0x000000030fb34790:   000000030fb347a0 0000000171f430ef
0x000000030fb347a0:   000000030fb34810 000000011fc08365
0x000000030fb347b0:   000000030fb34810 000000011fc080fb
0x000000030fb347c0:   000000011fc080b6 000000030fb347c8
0x000000030fb347d0:   0000000133202b18 000000030fb34838
0x000000030fb347e0:   0000000133208b98 0000000000000000
0x000000030fb347f0:   0000000700600078 0000000133202b18
0x000000030fb34800:   0000000000000000 000000030fb34830
0x000000030fb34810:   000000030fb34888 000000011fc0442b
0x000000030fb34820:   0000000000000000 000000011fc05f18
0x000000030fb34830:   0000000700614c58 00000007006019a0
0x000000030fb34840:   000000030fb34840 0000000133202bdb
0x000000030fb34850:   000000030fb348b0 0000000133208b98
0x000000030fb34860:   0000000000000000 0000000700600078
0x000000030fb34870:   0000000133202c20 000000030fb34830
0x000000030fb34880:   000000030fb348b0 000000030fb34900
0x000000030fb34890:   000000011fc0488f 0000000000000000
0x000000030fb348a0:   0000000000000000 0000000000000000
0x000000030fb348b0:   00000007006019a0 000000030fb348b8
0x000000030fb348c0:   000000013313348e 000000030fb34908
0x000000030fb348d0:   000000013313e538 0000000000000000 

Instructions: (pc=0x00007ff802c7c489)
0x00007ff802c7c389:   44 8d 2c 09 41 83 c5 2b 4c 89 f7 e8 e7 25 01 00
0x00007ff802c7c399:   4d 85 ff 48 8d 0d b9 e6 02 00 49 0f 45 cf 48 8d
0x00007ff802c7c3a9:   3d 66 d0 02 00 44 89 ee 48 89 c2 49 89 d8 31 c0
0x00007ff802c7c3b9:   e8 52 10 02 00 e9 13 fe ff ff 48 89 df e8 b5 25
0x00007ff802c7c3c9:   01 00 48 8d 3d de d0 02 00 48 89 c6 48 89 da 31
0x00007ff802c7c3d9:   c0 e8 23 0e 02 00 0f 0b 48 89 c3 65 8b 04 25 18
0x00007ff802c7c3e9:   00 00 00 31 c9 f0 0f b1 0d 0a 42 a5 41 74 0c 48
0x00007ff802c7c3f9:   8d 3d 01 42 a5 41 e8 62 23 02 00 48 89 df e8 7a
0x00007ff802c7c409:   21 02 00 90 90 90 90 90 90 90 90 90 90 90 31 c0
0x00007ff802c7c419:   c3 90 90 90 90 55 48 89 e5 41 57 41 56 41 55 41
0x00007ff802c7c429:   54 53 50 49 89 f6 48 89 fb 49 bc a3 a3 a3 a3 a3
0x00007ff802c7c439:   a3 a3 a3 4c 39 73 10 0f 84 9b 00 00 00 65 48 8b
0x00007ff802c7c449:   3c 25 58 01 00 00 48 85 ff 74 35 48 83 ff 01 75
0x00007ff802c7c459:   04 31 ff eb 2b 81 3f a1 a1 a1 a1 74 23 e9 c3 00
0x00007ff802c7c469:   00 00 48 8b 7f 20 48 85 ff 74 0c 81 3f a1 a1 a1
0x00007ff802c7c479:   a1 0f 85 ae 00 00 00 65 48 89 3c 25 58 01 00 00
0x00007ff802c7c489:   48 8b 47 10 48 8d 4f 38 48 39 c8 74 d5 48 8d 48
0x00007ff802c7c499:   f8 48 89 4f 10 48 8b 48 f8 49 89 cf 4c 89 60 f8
0x00007ff802c7c4a9:   48 b8 ff ff ff ff ff ff 00 0f 49 21 c7 74 84 48
0x00007ff802c7c4b9:   89 c8 48 c1 e8 2c 25 f0 0f 00 00 48 c1 e9 3c 44
0x00007ff802c7c4c9:   8d 2c 08 41 ff c5 4c 89 ff e8 6b 22 02 00 41 ff
0x00007ff802c7c4d9:   cd 75 f3 e9 5b ff ff ff 65 48 8b 3c 25 60 01 00
0x00007ff802c7c4e9:   00 48 83 e7 fc 74 1e 31 c0 65 48 89 04 25 60 01
0x00007ff802c7c4f9:   00 00 65 48 89 04 25 68 01 00 00 e8 39 22 02 00
0x00007ff802c7c509:   e9 2e ff ff ff 81 3b a1 a1 a1 a1 75 1d 65 48 89
0x00007ff802c7c519:   1c 25 58 01 00 00 48 83 c4 08 5b 41 5c 41 5d 41
0x00007ff802c7c529:   5e 41 5f 5d c3 e8 65 19 02 00 48 89 df e8 5d 19
0x00007ff802c7c539:   02 00 90 55 48 89 e5 53 50 48 89 d3 48 8b 35 74
0x00007ff802c7c549:   d5 f8 3f ff 15 be bd f8 3f 48 85 c0 0f 94 c1 74
0x00007ff802c7c559:   0b 48 39 d8 74 06 48 8b 40 08 eb ed 80 f1 01 0f
0x00007ff802c7c569:   b6 c1 48 83 c4 08 5b 5d c3 90 90 90 90 90 90 48
0x00007ff802c7c579:   85 ff 74 0a be 01 00 00 00 e9 81 cd 00 00 48 8d 


Stack slot to memory mapping:
stack at sp + 0 slots: 0xc7aea071985a0067 is an unknown value
stack at sp + 1 slots: 0x00007fba24281038 points into unknown readable memory: 0x0000000000000000 | 00 00 00 00 00 00 00 00
stack at sp + 2 slots: 0x0 is NULL
stack at sp + 3 slots: {method} {0x0000000133202b18} 'nDestroyWindow' '(Ljava/nio/ByteBuffer;)V' in 'org/lwjgl/opengl/MacOSXDisplay'
stack at sp + 4 slots: 0x00007fba24281000 points into unknown readable memory: 0x4f545541a1a1a1a1 | a1 a1 a1 a1 41 55 54 4f
stack at sp + 5 slots: 0x00007fba25b17000 is a thread
stack at sp + 6 slots: 0x000000030fb34730 is pointing into the stack for thread: 0x00007fba25b17000
stack at sp + 7 slots: 0x00007ff802c798b0: objc_autoreleasePoolPop+0xeb in /usr/lib/libobjc.A.dylib at 0x00007ff802c70000


---------------  P R O C E S S  ---------------

Threads class SMR info:
_java_thread_list=0x0000600003fab160, length=22, elements={
0x00007fba2300d200, 0x00007fba25008a00, 0x00007fba24829a00, 0x00007fba2482a000,
0x00007fba2482a600, 0x00007fba2482ac00, 0x00007fba2403a800, 0x00007fba2403ae00,
0x00007fba2582ac00, 0x00007fba2403b400, 0x00007fba130ac200, 0x00007fba2506c200,
0x00007fba25096800, 0x00007fba25918a00, 0x00007fba24105600, 0x00007fba24239e00,
0x00007fba258d5a00, 0x00007fba24ad2600, 0x00007fba242ab800, 0x00007fba13148200,
0x00007fba131bc000, 0x00007fba25b17000
}

Java Threads: ( => current thread )
  0x00007fba2300d200 JavaThread "Reference Handler" daemon [_thread_blocked, id=32071, stack(0x000000030d57a000,0x000000030d67a000)]
  0x00007fba25008a00 JavaThread "Finalizer" daemon [_thread_blocked, id=31235, stack(0x000000030d67d000,0x000000030d77d000)]
  0x00007fba24829a00 JavaThread "Signal Dispatcher" daemon [_thread_blocked, id=24835, stack(0x000000030d88f000,0x000000030d98f000)]
  0x00007fba2482a000 JavaThread "Service Thread" daemon [_thread_blocked, id=25347, stack(0x000000030d992000,0x000000030da92000)]
  0x00007fba2482a600 JavaThread "Monitor Deflation Thread" daemon [_thread_blocked, id=25859, stack(0x000000030da95000,0x000000030db95000)]
  0x00007fba2482ac00 JavaThread "C2 CompilerThread0" daemon [_thread_in_vm, id=29443, stack(0x000000030db98000,0x000000030dc98000)]
  0x00007fba2403a800 JavaThread "C1 CompilerThread0" daemon [_thread_in_native, id=29187, stack(0x000000030dc9b000,0x000000030dd9b000)]
  0x00007fba2403ae00 JavaThread "Sweeper thread" daemon [_thread_blocked, id=28931, stack(0x000000030dd9e000,0x000000030de9e000)]
  0x00007fba2582ac00 JavaThread "Common-Cleaner" daemon [_thread_blocked, id=28875, stack(0x000000030dea1000,0x000000030dfa1000)]
  0x00007fba2403b400 JavaThread "Notification Thread" daemon [_thread_blocked, id=27663, stack(0x000000030dfa4000,0x000000030e0a4000)]
  0x00007fba130ac200 JavaThread "AppKit Thread" daemon [_thread_in_native, id=259, stack(0x000000030c5e2000,0x000000030cde2000)]
  0x00007fba2506c200 JavaThread "Java2D Queue Flusher" daemon [_thread_blocked, id=71967, stack(0x000000030e6dd000,0x000000030e7dd000)]
  0x00007fba25096800 JavaThread "Java2D Disposer" daemon [_thread_blocked, id=79375, stack(0x000000030e7e0000,0x000000030e8e0000)]
  0x00007fba25918a00 JavaThread "Timer-0" daemon [_thread_blocked, id=78655, stack(0x000000030e8e3000,0x000000030e9e3000)]
  0x00007fba24105600 JavaThread "Image Fetcher 0" daemon [_thread_blocked, id=77175, stack(0x000000030e9e6000,0x000000030eae6000)]
  0x00007fba24239e00 JavaThread "TimerQueue" daemon [_thread_blocked, id=93007, stack(0x000000030eae9000,0x000000030ebe9000)]
  0x00007fba258d5a00 JavaThread "jME3 Main" [_thread_in_Java, id=128927, stack(0x000000030f520000,0x000000030f620000)]
  0x00007fba24ad2600 JavaThread "DestroyJavaVM" [_thread_blocked, id=11011, stack(0x000000030ce65000,0x000000030cf65000)]
  0x00007fba242ab800 JavaThread "jME3 Audio Decoder" daemon [_thread_blocked, id=142595, stack(0x000000030f932000,0x000000030fa32000)]
  0x00007fba13148200 JavaThread "AWT-Shutdown" [_thread_blocked, id=66319, stack(0x000000030e233000,0x000000030e333000)]
  0x00007fba131bc000 JavaThread "AWT-EventQueue-0" [_thread_blocked, id=71475, stack(0x000000030e5da000,0x000000030e6da000)]
=>0x00007fba25b17000 JavaThread "jME3 Main" [_thread_in_native, id=127827, stack(0x000000030fa35000,0x000000030fb35000)]

Other Threads:
  0x00007fba23a06d20 VMThread "VM Thread" [stack: 0x000000030d477000,0x000000030d577000] [id=32259]
  0x00007fba2380c200 WatcherThread [stack: 0x000000030e0a7000,0x000000030e1a7000] [id=43267]
  0x00007fba23807350 GCTaskThread "GC Thread#0" [stack: 0x000000030cf68000,0x000000030d068000] [id=21507]
  0x00007fba23ade340 GCTaskThread "GC Thread#1" [stack: 0x000000030ee0b000,0x000000030ef0b000] [id=98063]
  0x00007fba238739b0 GCTaskThread "GC Thread#2" [stack: 0x000000030ef0e000,0x000000030f00e000] [id=98567]
  0x00007fba23ade5f0 GCTaskThread "GC Thread#3" [stack: 0x000000030f011000,0x000000030f111000] [id=98819]
  0x00007fba23873c60 GCTaskThread "GC Thread#4" [stack: 0x000000030f114000,0x000000030f214000] [id=99075]
  0x00007fba12f74540 GCTaskThread "GC Thread#5" [stack: 0x000000030f217000,0x000000030f317000] [id=99331]
  0x00007fba12f43dc0 GCTaskThread "GC Thread#6" [stack: 0x000000030f31a000,0x000000030f41a000] [id=121095]
  0x00007fba12f74f50 GCTaskThread "GC Thread#7" [stack: 0x000000030f41d000,0x000000030f51d000] [id=120323]
  0x00007fba12f75d60 GCTaskThread "GC Thread#8" [stack: 0x000000030f623000,0x000000030f723000] [id=119195]
  0x00007fba23a056b0 ConcurrentGCThread "G1 Main Marker" [stack: 0x000000030d06b000,0x000000030d16b000] [id=16899]
  0x00007fba23b04080 ConcurrentGCThread "G1 Conc#0" [stack: 0x000000030d16e000,0x000000030d26e000] [id=17667]
  0x00007fba23b06cf0 ConcurrentGCThread "G1 Refine#0" [stack: 0x000000030d271000,0x000000030d371000] [id=17923]
  0x00007fba23b07590 ConcurrentGCThread "G1 Service" [stack: 0x000000030d374000,0x000000030d474000] [id=19971]

Threads with active compile tasks:
C2 CompilerThread0     5583 2874       4       java.util.regex.Matcher::reset (128 bytes)

VM state: not at safepoint (normal execution)

VM Mutex/Monitor currently owned by a thread: None

Heap address: 0x0000000700000000, size: 4096 MB, Compressed Oops mode: Zero based, Oop shift amount: 3

CDS archive(s) not mapped
Compressed class space mapped at: 0x0000000800000000-0x0000000840000000, reserved size: 1073741824
Narrow klass base: 0x0000000800000000, Narrow klass shift: 0, Narrow klass range: 0x40000000

GC Precious Log:
 CPUs: 10 total, 10 available
 Memory: 16384M
 Large Page Support: Disabled
 NUMA Support: Disabled
 Compressed Oops: Enabled (Zero based)
 Heap Region Size: 2M
 Heap Min Capacity: 8M
 Heap Initial Capacity: 256M
 Heap Max Capacity: 4G
 Pre-touch: Disabled
 Parallel Workers: 9
 Concurrent Workers: 2
 Concurrent Refinement Workers: 9
 Periodic GC: Disabled

Heap:
 garbage-first heap   total 75776K, used 20980K [0x0000000700000000, 0x0000000800000000)
  region size 2048K, 1 young (2048K), 0 survivors (0K)
 Metaspace       used 25866K, committed 26112K, reserved 1114112K
  class space    used 2588K, committed 2688K, reserved 1048576K

Heap Regions: E=young(eden), S=young(survivor), O=old, HS=humongous(starts), HC=humongous(continues), CS=collection set, F=free, OA=open archive, CA=closed archive, TAMS=top-at-mark-start (previous, next)
|   0|0x0000000700000000, 0x0000000700200000, 0x0000000700200000|100%|HS|  |TAMS 0x0000000700200000, 0x0000000700000000| Untracked 
|   1|0x0000000700200000, 0x00000007003fd870, 0x0000000700400000| 99%| O|  |TAMS 0x0000000700200000, 0x0000000700200000| Untracked 
|   2|0x0000000700400000, 0x00000007005fd828, 0x0000000700600000| 99%| O|  |TAMS 0x0000000700400000, 0x0000000700400000| Untracked 
|   3|0x0000000700600000, 0x0000000700800000, 0x0000000700800000|100%| O|  |TAMS 0x0000000700800000, 0x0000000700600000| Untracked 
|   4|0x0000000700800000, 0x0000000700a00000, 0x0000000700a00000|100%| O|  |TAMS 0x0000000700a00000, 0x0000000700800000| Untracked 
|   5|0x0000000700a00000, 0x0000000700ae10e8, 0x0000000700c00000| 43%| O|  |TAMS 0x0000000700a00000, 0x0000000700a00000| Untracked 
|   6|0x0000000700c00000, 0x0000000700da1020, 0x0000000700e00000| 81%| O|  |TAMS 0x0000000700c00000, 0x0000000700c00000| Untracked 
|   7|0x0000000700e00000, 0x0000000700e00000, 0x0000000701000000|  0%| F|  |TAMS 0x0000000700e00000, 0x0000000700e00000| Untracked 
|   8|0x0000000701000000, 0x0000000701000000, 0x0000000701200000|  0%| F|  |TAMS 0x0000000701000000, 0x0000000701000000| Untracked 
|   9|0x0000000701200000, 0x0000000701200000, 0x0000000701400000|  0%| F|  |TAMS 0x0000000701200000, 0x0000000701200000| Untracked 
|  10|0x0000000701400000, 0x0000000701400000, 0x0000000701600000|  0%| F|  |TAMS 0x0000000701400000, 0x0000000701400000| Untracked 
|  11|0x0000000701600000, 0x0000000701600000, 0x0000000701800000|  0%| F|  |TAMS 0x0000000701600000, 0x0000000701600000| Untracked 
|  12|0x0000000701800000, 0x0000000701800000, 0x0000000701a00000|  0%| F|  |TAMS 0x0000000701800000, 0x0000000701800000| Untracked 
|  13|0x0000000701a00000, 0x0000000701a00000, 0x0000000701c00000|  0%| F|  |TAMS 0x0000000701a00000, 0x0000000701a00000| Untracked 
|  14|0x0000000701c00000, 0x0000000701c00000, 0x0000000701e00000|  0%| F|  |TAMS 0x0000000701c00000, 0x0000000701c00000| Untracked 
|  15|0x0000000701e00000, 0x0000000701e00000, 0x0000000702000000|  0%| F|  |TAMS 0x0000000701e00000, 0x0000000701e00000| Untracked 
|  16|0x0000000702000000, 0x0000000702000000, 0x0000000702200000|  0%| F|  |TAMS 0x0000000702000000, 0x0000000702000000| Untracked 
|  17|0x0000000702200000, 0x0000000702200000, 0x0000000702400000|  0%| F|  |TAMS 0x0000000702200000, 0x0000000702200000| Untracked 
|  18|0x0000000702400000, 0x0000000702400000, 0x0000000702600000|  0%| F|  |TAMS 0x0000000702400000, 0x0000000702400000| Untracked 
|  19|0x0000000702600000, 0x0000000702800000, 0x0000000702800000|100%| O|  |TAMS 0x0000000702800000, 0x0000000702600000| Untracked 
|  20|0x0000000702800000, 0x0000000702a00000, 0x0000000702a00000|100%| O|  |TAMS 0x0000000702a00000, 0x0000000702800000| Untracked 
|  21|0x0000000702a00000, 0x0000000702c00000, 0x0000000702c00000|100%| O|  |TAMS 0x0000000702c00000, 0x0000000702a00000| Untracked 
|  22|0x0000000702c00000, 0x0000000702c00000, 0x0000000702e00000|  0%| F|  |TAMS 0x0000000702c00000, 0x0000000702c00000| Untracked 
|  23|0x0000000702e00000, 0x0000000702e00000, 0x0000000703000000|  0%| F|  |TAMS 0x0000000702e00000, 0x0000000702e00000| Untracked 
|  24|0x0000000703000000, 0x0000000703000000, 0x0000000703200000|  0%| F|  |TAMS 0x0000000703000000, 0x0000000703000000| Untracked 
|  25|0x0000000703200000, 0x0000000703200000, 0x0000000703400000|  0%| F|  |TAMS 0x0000000703200000, 0x0000000703200000| Untracked 
|  26|0x0000000703400000, 0x0000000703400000, 0x0000000703600000|  0%| F|  |TAMS 0x0000000703400000, 0x0000000703400000| Untracked 
|  27|0x0000000703600000, 0x0000000703600000, 0x0000000703800000|  0%| F|  |TAMS 0x0000000703600000, 0x0000000703600000| Untracked 
|  28|0x0000000703800000, 0x0000000703800000, 0x0000000703a00000|  0%| F|  |TAMS 0x0000000703800000, 0x0000000703800000| Untracked 
|  29|0x0000000703a00000, 0x0000000703a00000, 0x0000000703c00000|  0%| F|  |TAMS 0x0000000703a00000, 0x0000000703a00000| Untracked 
|  30|0x0000000703c00000, 0x0000000703c00000, 0x0000000703e00000|  0%| F|  |TAMS 0x0000000703c00000, 0x0000000703c00000| Untracked 
|  31|0x0000000703e00000, 0x0000000703e00000, 0x0000000704000000|  0%| F|  |TAMS 0x0000000703e00000, 0x0000000703e00000| Untracked 
|  32|0x0000000704000000, 0x0000000704000000, 0x0000000704200000|  0%| F|  |TAMS 0x0000000704000000, 0x0000000704000000| Untracked 
|  33|0x0000000704200000, 0x0000000704200000, 0x0000000704400000|  0%| F|  |TAMS 0x0000000704200000, 0x0000000704200000| Untracked 
|  34|0x0000000704400000, 0x0000000704400000, 0x0000000704600000|  0%| F|  |TAMS 0x0000000704400000, 0x0000000704400000| Untracked 
|  35|0x0000000704600000, 0x0000000704800000, 0x0000000704800000|100%| E|  |TAMS 0x0000000704600000, 0x0000000704600000| Complete 
|  39|0x0000000704e00000, 0x0000000705000000, 0x0000000705000000|100%| O|  |TAMS 0x0000000705000000, 0x0000000704e00000| Untracked 

Card table byte_map: [0x000000010d8d8000,0x000000010e0d8000] _byte_map_base: 0x000000010a0d8000

Marking Bits (Prev, Next): (CMBitMap*) 0x00007fba25810e10, (CMBitMap*) 0x00007fba25810e50
 Prev Bits: [0x0000000127ec4000, 0x000000012bec4000)
 Next Bits: [0x000000012bec4000, 0x000000012fec4000)

Polling page: 0x0000000104673000

Metaspace:

Usage:
  Non-class:     22.73 MB used.
      Class:      2.53 MB used.
       Both:     25.26 MB used.

Virtual space:
  Non-class space:       64.00 MB reserved,      22.88 MB ( 36%) committed,  1 nodes.
      Class space:        1.00 GB reserved,       2.62 MB ( <1%) committed,  1 nodes.
             Both:        1.06 GB reserved,      25.50 MB (  2%) committed. 

Chunk freelists:
   Non-Class:  8.29 MB
       Class:  13.41 MB
        Both:  21.70 MB

MaxMetaspaceSize: unlimited
CompressedClassSpaceSize: 1.00 GB
Initial GC threshold: 21.00 MB
Current GC threshold: 42.50 MB
CDS: off
MetaspaceReclaimPolicy: balanced
 - commit_granule_bytes: 65536.
 - commit_granule_words: 8192.
 - virtual_space_node_default_size: 8388608.
 - enlarge_chunks_in_place: 1.
 - new_chunks_are_fully_committed: 0.
 - uncommit_free_chunks: 1.
 - use_allocation_guard: 0.
 - handle_deallocations: 1.


Internal statistics:

num_allocs_failed_limit: 0.
num_arena_births: 206.
num_arena_deaths: 2.
num_vsnodes_births: 2.
num_vsnodes_deaths: 0.
num_space_committed: 406.
num_space_uncommitted: 0.
num_chunks_returned_to_freelist: 3.
num_chunks_taken_from_freelist: 485.
num_chunk_merges: 0.
num_chunk_splits: 297.
num_chunks_enlarged: 189.
num_inconsistent_stats: 0.

CodeHeap 'non-profiled nmethods': size=120028Kb used=1350Kb max_used=1350Kb free=118678Kb
 bounds [0x000000012018d000, 0x00000001203fd000, 0x00000001276c4000]
CodeHeap 'profiled nmethods': size=120028Kb used=5570Kb max_used=5570Kb free=114457Kb
 bounds [0x00000001186c4000, 0x0000000118c44000, 0x000000011fbfb000]
CodeHeap 'non-nmethods': size=5704Kb used=1414Kb max_used=1445Kb free=4290Kb
 bounds [0x000000011fbfb000, 0x000000011fe6b000, 0x000000012018d000]
 total_blobs=3663 nmethods=2873 adapters=704
 compilation: enabled
              stopped_count=0, restarted_count=0
 full_count=0

Compilation events (20 events):
Event: 5.488 Thread 0x00007fba2403a800 nmethod 2857 0x0000000118c2cf90 code [0x0000000118c2d160, 0x0000000118c2d600]
Event: 5.488 Thread 0x00007fba2403a800 2858       3       java.awt.AWTEventMulticaster::remove (68 bytes)
Event: 5.489 Thread 0x00007fba2403a800 nmethod 2858 0x0000000118c2d710 code [0x0000000118c2d960, 0x0000000118c2e6d0]
Event: 5.489 Thread 0x00007fba2403a800 2860       3       java.util.WeakHashMap::matchesKey (33 bytes)
Event: 5.489 Thread 0x00007fba2403a800 nmethod 2860 0x0000000118c2e910 code [0x0000000118c2eae0, 0x0000000118c2f010]
Event: 5.489 Thread 0x00007fba2403a800 2859       3       java.awt.Component::hasFocus (16 bytes)
Event: 5.489 Thread 0x00007fba2403a800 nmethod 2859 0x0000000118c2f190 code [0x0000000118c2f360, 0x0000000118c2f640]
Event: 5.489 Thread 0x00007fba2403a800 2861       3       java.util.concurrent.locks.ReentrantReadWriteLock$Sync::exclusiveCount (5 bytes)
Event: 5.489 Thread 0x00007fba2403a800 nmethod 2861 0x0000000118c2f790 code [0x0000000118c2f920, 0x0000000118c2fa10]
Event: 5.490 Thread 0x00007fba2403a800 2862       3       sun.java2d.pipe.RenderQueue::ensureCapacityAndAlignment (13 bytes)
Event: 5.491 Thread 0x00007fba2403a800 nmethod 2862 0x0000000118c2fa90 code [0x0000000118c2fcc0, 0x0000000118c30440]
Event: 5.532 Thread 0x00007fba2482ac00 nmethod 2855% 0x00000001202da910 code [0x00000001202daae0, 0x00000001202dbe68]
Event: 5.542 Thread 0x00007fba2403a800 2863       3       java.awt.Component::dispatchEvent (6 bytes)
Event: 5.542 Thread 0x00007fba2403a800 nmethod 2863 0x0000000118c30810 code [0x0000000118c309c0, 0x0000000118c30b80]
Event: 5.546 Thread 0x00007fba2403a800 2864   !   3       java.lang.ref.ReferenceQueue::remove (125 bytes)
Event: 5.546 Thread 0x00007fba2482ac00 2865   !   4       java.nio.DirectByteBuffer::put (37 bytes)
Event: 5.546 Thread 0x00007fba2403a800 nmethod 2864 0x0000000118c30c10 code [0x0000000118c30e40, 0x0000000118c315f0]
Event: 5.547 Thread 0x00007fba2403a800 2866       1       java.lang.String::value (5 bytes)
Event: 5.547 Thread 0x00007fba2403a800 nmethod 2866 0x00000001202dc610 code [0x00000001202dc7a0, 0x00000001202dc870]
Event: 5.547 Thread 0x00007fba2482ac00 nmethod 2865 0x00000001202dc910 code [0x00000001202dcaa0, 0x00000001202dcb98]

GC Heap History (20 events):
Event: 1.875 GC heap before
{Heap before GC invocations=1 (full 1):
 garbage-first heap   total 49152K, used 5709K [0x0000000700000000, 0x0000000800000000)
  region size 2048K, 1 young (2048K), 0 survivors (0K)
 Metaspace       used 18490K, committed 18688K, reserved 1114112K
  class space    used 2018K, committed 2112K, reserved 1048576K
}
Event: 1.881 GC heap after
{Heap after GC invocations=2 (full 2):
 garbage-first heap   total 20480K, used 5709K [0x0000000700000000, 0x0000000800000000)
  region size 2048K, 0 young (0K), 0 survivors (0K)
 Metaspace       used 18490K, committed 18688K, reserved 1114112K
  class space    used 2018K, committed 2112K, reserved 1048576K
}
Event: 2.086 GC heap before
{Heap before GC invocations=2 (full 2):
 garbage-first heap   total 20480K, used 9805K [0x0000000700000000, 0x0000000800000000)
  region size 2048K, 2 young (4096K), 0 survivors (0K)
 Metaspace       used 20818K, committed 21056K, reserved 1114112K
  class space    used 2232K, committed 2304K, reserved 1048576K
}
Event: 2.090 GC heap after
{Heap after GC invocations=3 (full 2):
 garbage-first heap   total 20480K, used 7368K [0x0000000700000000, 0x0000000800000000)
  region size 2048K, 1 young (2048K), 1 survivors (2048K)
 Metaspace       used 20818K, committed 21056K, reserved 1114112K
  class space    used 2232K, committed 2304K, reserved 1048576K
}
Event: 2.180 GC heap before
{Heap before GC invocations=3 (full 2):
 garbage-first heap   total 20480K, used 7368K [0x0000000700000000, 0x0000000800000000)
  region size 2048K, 2 young (4096K), 1 survivors (2048K)
 Metaspace       used 21966K, committed 22144K, reserved 1114112K
  class space    used 2266K, committed 2368K, reserved 1048576K
}
Event: 2.182 GC heap after
{Heap after GC invocations=4 (full 2):
 garbage-first heap   total 20480K, used 7584K [0x0000000700000000, 0x0000000800000000)
  region size 2048K, 1 young (2048K), 1 survivors (2048K)
 Metaspace       used 21966K, committed 22144K, reserved 1114112K
  class space    used 2266K, committed 2368K, reserved 1048576K
}
Event: 2.239 GC heap before
{Heap before GC invocations=4 (full 2):
 garbage-first heap   total 20480K, used 9632K [0x0000000700000000, 0x0000000800000000)
  region size 2048K, 2 young (4096K), 1 survivors (2048K)
 Metaspace       used 22793K, committed 23040K, reserved 1114112K
  class space    used 2344K, committed 2496K, reserved 1048576K
}
Event: 2.240 GC heap after
{Heap after GC invocations=5 (full 2):
 garbage-first heap   total 20480K, used 7552K [0x0000000700000000, 0x0000000800000000)
  region size 2048K, 1 young (2048K), 1 survivors (2048K)
 Metaspace       used 22793K, committed 23040K, reserved 1114112K
  class space    used 2344K, committed 2496K, reserved 1048576K
}
Event: 2.369 GC heap before
{Heap before GC invocations=5 (full 2):
 garbage-first heap   total 20480K, used 9600K [0x0000000700000000, 0x0000000800000000)
  region size 2048K, 2 young (4096K), 1 survivors (2048K)
 Metaspace       used 23463K, committed 23680K, reserved 1114112K
  class space    used 2406K, committed 2560K, reserved 1048576K
}
Event: 2.371 GC heap after
{Heap after GC invocations=6 (full 2):
 garbage-first heap   total 141312K, used 7750K [0x0000000700000000, 0x0000000800000000)
  region size 2048K, 1 young (2048K), 1 survivors (2048K)
 Metaspace       used 23463K, committed 23680K, reserved 1114112K
  class space    used 2406K, committed 2560K, reserved 1048576K
}
Event: 2.939 GC heap before
{Heap before GC invocations=6 (full 2):
 garbage-first heap   total 141312K, used 110150K [0x0000000700000000, 0x0000000800000000)
  region size 2048K, 35 young (71680K), 1 survivors (2048K)
 Metaspace       used 25159K, committed 25344K, reserved 1114112K
  class space    used 2554K, committed 2624K, reserved 1048576K
}
Event: 2.942 GC heap after
{Heap after GC invocations=7 (full 2):
 garbage-first heap   total 141312K, used 13908K [0x0000000700000000, 0x0000000800000000)
  region size 2048K, 2 young (4096K), 2 survivors (4096K)
 Metaspace       used 25159K, committed 25344K, reserved 1114112K
  class space    used 2554K, committed 2624K, reserved 1048576K
}
Event: 3.915 GC heap before
{Heap before GC invocations=7 (full 2):
 garbage-first heap   total 141312K, used 93780K [0x0000000700000000, 0x0000000800000000)
  region size 2048K, 41 young (83968K), 2 survivors (4096K)
 Metaspace       used 25384K, committed 25600K, reserved 1114112K
  class space    used 2569K, committed 2688K, reserved 1048576K
}
Event: 3.923 GC heap after
{Heap after GC invocations=8 (full 2):
 garbage-first heap   total 141312K, used 21877K [0x0000000700000000, 0x0000000800000000)
  region size 2048K, 6 young (12288K), 6 survivors (12288K)
 Metaspace       used 25384K, committed 25600K, reserved 1114112K
  class space    used 2569K, committed 2688K, reserved 1048576K
}
Event: 4.242 GC heap before
{Heap before GC invocations=8 (full 2):
 garbage-first heap   total 141312K, used 111989K [0x0000000700000000, 0x0000000800000000)
  region size 2048K, 26 young (53248K), 6 survivors (12288K)
 Metaspace       used 25510K, committed 25792K, reserved 1114112K
  class space    used 2577K, committed 2688K, reserved 1048576K
}
Event: 4.249 GC heap after
{Heap after GC invocations=9 (full 2):
 garbage-first heap   total 141312K, used 21414K [0x0000000700000000, 0x0000000800000000)
  region size 2048K, 1 young (2048K), 1 survivors (2048K)
 Metaspace       used 25510K, committed 25792K, reserved 1114112K
  class space    used 2577K, committed 2688K, reserved 1048576K
}
Event: 5.492 GC heap before
{Heap before GC invocations=9 (full 2):
 garbage-first heap   total 141312K, used 82854K [0x0000000700000000, 0x0000000800000000)
  region size 2048K, 18 young (36864K), 1 survivors (2048K)
 Metaspace       used 25861K, committed 26112K, reserved 1114112K
  class space    used 2588K, committed 2688K, reserved 1048576K
}
Event: 5.518 GC heap after
{Heap after GC invocations=10 (full 3):
 garbage-first heap   total 75776K, used 20980K [0x0000000700000000, 0x0000000800000000)
  region size 2048K, 0 young (0K), 0 survivors (0K)
 Metaspace       used 25861K, committed 26112K, reserved 1114112K
  class space    used 2588K, committed 2688K, reserved 1048576K
}
Event: 5.519 GC heap before
{Heap before GC invocations=10 (full 3):
 garbage-first heap   total 75776K, used 20980K [0x0000000700000000, 0x0000000800000000)
  region size 2048K, 0 young (0K), 0 survivors (0K)
 Metaspace       used 25861K, committed 26112K, reserved 1114112K
  class space    used 2588K, committed 2688K, reserved 1048576K
}
Event: 5.531 GC heap after
{Heap after GC invocations=11 (full 4):
 garbage-first heap   total 75776K, used 20980K [0x0000000700000000, 0x0000000800000000)
  region size 2048K, 0 young (0K), 0 survivors (0K)
 Metaspace       used 25861K, committed 26112K, reserved 1114112K
  class space    used 2588K, committed 2688K, reserved 1048576K
}

Dll operation events (12 events):
Event: 0.005 Loaded shared library /Applications/jmonkeyplatform.app/Contents/Resources/jmonkeyplatform/jdk/lib/libjava.dylib
Event: 0.053 Loaded shared library /Applications/jmonkeyplatform.app/Contents/Resources/jmonkeyplatform/jdk/lib/libnio.dylib
Event: 0.167 Loaded shared library /Applications/jmonkeyplatform.app/Contents/Resources/jmonkeyplatform/jdk/lib/libzip.dylib
Event: 0.218 Loaded shared library /Applications/jmonkeyplatform.app/Contents/Resources/jmonkeyplatform/jdk/lib/libjimage.dylib
Event: 0.292 Loaded shared library /Applications/jmonkeyplatform.app/Contents/Resources/jmonkeyplatform/jdk/lib/libawt.dylib
Event: 0.295 Loaded shared library /Applications/jmonkeyplatform.app/Contents/Resources/jmonkeyplatform/jdk/lib/libawt_lwawt.dylib
Event: 0.350 Loaded shared library /Applications/jmonkeyplatform.app/Contents/Resources/jmonkeyplatform/jdk/lib/libfontmanager.dylib
Event: 0.622 Loaded shared library /Applications/jmonkeyplatform.app/Contents/Resources/jmonkeyplatform/jdk/lib/libosxui.dylib
Event: 0.706 Loaded shared library /Applications/jmonkeyplatform.app/Contents/Resources/jmonkeyplatform/jdk/lib/libprefs.dylib
Event: 2.034 Loaded shared library /Users/anniexian/jMonkeyProjects/3D Gaming Project/libopenal.dylib
Event: 2.044 Loaded shared library /Users/anniexian/jMonkeyProjects/3D Gaming Project/liblwjgl.dylib
Event: 2.474 Loaded shared library /Applications/jmonkeyplatform.app/Contents/Resources/jmonkeyplatform/jdk/lib/libjavajpeg.dylib

Deoptimization events (20 events):
Event: 4.566 Thread 0x00007fba131bc000 Uncommon trap: trap_request=0xffffffde fr.pc=0x000000012019ccb8 relative=0x0000000000000198
Event: 4.566 Thread 0x00007fba131bc000 Uncommon trap: reason=class_check action=maybe_recompile pc=0x000000012019ccb8 method=java.lang.String.equals(Ljava/lang/Object;)Z @ 8 c2
Event: 4.566 Thread 0x00007fba131bc000 DEOPT PACKING pc=0x000000012019ccb8 sp=0x000000030e6d8350
Event: 4.566 Thread 0x00007fba131bc000 DEOPT UNPACKING pc=0x000000011fc51693 sp=0x000000030e6d8308 mode 2
Event: 4.567 Thread 0x00007fba131bc000 Uncommon trap: trap_request=0xffffffde fr.pc=0x000000012019ccb8 relative=0x0000000000000198
Event: 4.567 Thread 0x00007fba131bc000 Uncommon trap: reason=class_check action=maybe_recompile pc=0x000000012019ccb8 method=java.lang.String.equals(Ljava/lang/Object;)Z @ 8 c2
Event: 4.567 Thread 0x00007fba131bc000 DEOPT PACKING pc=0x000000012019ccb8 sp=0x000000030e6d8330
Event: 4.567 Thread 0x00007fba131bc000 DEOPT UNPACKING pc=0x000000011fc51693 sp=0x000000030e6d82e8 mode 2
Event: 4.568 Thread 0x00007fba131bc000 Uncommon trap: trap_request=0xffffffde fr.pc=0x000000012019ccb8 relative=0x0000000000000198
Event: 4.568 Thread 0x00007fba131bc000 Uncommon trap: reason=class_check action=maybe_recompile pc=0x000000012019ccb8 method=java.lang.String.equals(Ljava/lang/Object;)Z @ 8 c2
Event: 4.568 Thread 0x00007fba131bc000 DEOPT PACKING pc=0x000000012019ccb8 sp=0x000000030e6d82d0
Event: 4.568 Thread 0x00007fba131bc000 DEOPT UNPACKING pc=0x000000011fc51693 sp=0x000000030e6d8288 mode 2
Event: 4.568 Thread 0x00007fba131bc000 Uncommon trap: trap_request=0xffffffde fr.pc=0x000000012019ccb8 relative=0x0000000000000198
Event: 4.568 Thread 0x00007fba131bc000 Uncommon trap: reason=class_check action=maybe_recompile pc=0x000000012019ccb8 method=java.lang.String.equals(Ljava/lang/Object;)Z @ 8 c2
Event: 4.568 Thread 0x00007fba131bc000 DEOPT PACKING pc=0x000000012019ccb8 sp=0x000000030e6d8360
Event: 4.568 Thread 0x00007fba131bc000 DEOPT UNPACKING pc=0x000000011fc51693 sp=0x000000030e6d8318 mode 2
Event: 5.482 Thread 0x00007fba258d5a00 Uncommon trap: trap_request=0xffffff45 fr.pc=0x00000001202a7304 relative=0x0000000000000264
Event: 5.483 Thread 0x00007fba258d5a00 Uncommon trap: reason=unstable_if action=reinterpret pc=0x00000001202a7304 method=jdk.internal.misc.Unsafe.copyMemory(Ljava/lang/Object;JLjava/lang/Object;JJ)V @ 16 c2
Event: 5.483 Thread 0x00007fba258d5a00 DEOPT PACKING pc=0x00000001202a7304 sp=0x000000030f61f200
Event: 5.483 Thread 0x00007fba258d5a00 DEOPT UNPACKING pc=0x000000011fc51693 sp=0x000000030f61f1c8 mode 2

Classes unloaded (1 events):
Event: 1.856 Thread 0x00007fba23a06d20 Unloading class 0x00000008001c1800 'java/lang/invoke/LambdaForm$DMH+0x00000008001c1800'

Classes redefined (0 events):
No events

Internal exceptions (20 events):
Event: 0.891 Thread 0x00007fba130ac200 Exception <a 'java/lang/NoSuchMethodError'{0x000000070f489578}: 'void java.lang.invoke.DirectMethodHandle$Holder.invokeSpecial(java.lang.Object, java.lang.Object, long)'> (0x000000070f489578) 
thrown [src/hotspot/share/interpreter/linkResolver.cpp, line 759]
Event: 1.228 Thread 0x00007fba130ac200 Exception <a 'java/lang/NoSuchMethodError'{0x000000070f496bd8}: 'void java.lang.invoke.DirectMethodHandle$Holder.invokeStatic(java.lang.Object, long)'> (0x000000070f496bd8) 
thrown [src/hotspot/share/interpreter/linkResolver.cpp, line 759]
Event: 1.232 Thread 0x00007fba25902600 Exception <a 'java/lang/NoSuchMethodError'{0x000000070f538c08}: 'void java.lang.invoke.DirectMethodHandle$Holder.invokeStatic(java.lang.Object, long, long)'> (0x000000070f538c08) 
thrown [src/hotspot/share/interpreter/linkResolver.cpp, line 759]
Event: 1.232 Thread 0x00007fba25902600 Exception <a 'java/lang/NoSuchMethodError'{0x000000070f53e4d8}: 'java.lang.Object java.lang.invoke.DirectMethodHandle$Holder.newInvokeSpecial(java.lang.Object, long)'> (0x000000070f53e4d8) 
thrown [src/hotspot/share/interpreter/linkResolver.cpp, line 759]
Event: 1.237 Thread 0x00007fba25902600 Exception <a 'java/lang/NoSuchMethodError'{0x000000070f548790}: 'java.lang.Object java.lang.invoke.DirectMethodHandle$Holder.newInvokeSpecial(java.lang.Object, java.lang.Object, int)'> (0x000000070f548790) 
thrown [src/hotspot/share/interpreter/linkResolver.cpp, line 759]
Event: 1.925 Thread 0x00007fba25808200 Exception <a 'java/lang/ClassNotFoundException'{0x00000007012b4b38}: sun/util/logging/resources/spi/loggingProvider> (0x00000007012b4b38) 
thrown [src/hotspot/share/classfile/systemDictionary.cpp, line 256]
Event: 1.970 Thread 0x00007fba258d5a00 Implicit null exception at 0x00000001201f1054 to 0x00000001201f1558
Event: 2.168 Thread 0x00007fba258d5a00 Exception <a 'java/lang/IncompatibleClassChangeError'{0x000000070137d520}: Found class java.lang.Object, but interface was expected> (0x000000070137d520) 
thrown [src/hotspot/share/interpreter/linkResolver.cpp, line 826]
Event: 2.271 Thread 0x00007fba258d5a00 Exception <a 'org/lwjgl/LWJGLException'{0x0000000701338600}: Could not load OpenAL library> (0x0000000701338600) 
thrown [src/hotspot/share/prims/jni.cpp, line 535]
Event: 2.271 Thread 0x00007fba258d5a00 Exception <a 'org/lwjgl/LWJGLException'{0x0000000701338b30}: Could not load OpenAL library> (0x0000000701338b30) 
thrown [src/hotspot/share/prims/jni.cpp, line 535]
Event: 2.271 Thread 0x00007fba258d5a00 Exception <a 'org/lwjgl/LWJGLException'{0x0000000701339008}: Could not load OpenAL library> (0x0000000701339008) 
thrown [src/hotspot/share/prims/jni.cpp, line 535]
Event: 2.271 Thread 0x00007fba258d5a00 Exception <a 'org/lwjgl/LWJGLException'{0x00000007013394a0}: Could not load OpenAL library> (0x00000007013394a0) 
thrown [src/hotspot/share/prims/jni.cpp, line 535]
Event: 2.271 Thread 0x00007fba258d5a00 Exception <a 'org/lwjgl/LWJGLException'{0x0000000701339958}: Could not load OpenAL library> (0x0000000701339958) 
thrown [src/hotspot/share/prims/jni.cpp, line 535]
Event: 2.271 Thread 0x00007fba258d5a00 Exception <a 'org/lwjgl/LWJGLException'{0x0000000701339e08}: Could not load OpenAL library> (0x0000000701339e08) 
thrown [src/hotspot/share/prims/jni.cpp, line 535]
Event: 2.271 Thread 0x00007fba258d5a00 Exception <a 'org/lwjgl/LWJGLException'{0x000000070133a270}: Could not load OpenAL library> (0x000000070133a270) 
thrown [src/hotspot/share/prims/jni.cpp, line 535]
Event: 2.272 Thread 0x00007fba258d5a00 Exception <a 'org/lwjgl/LWJGLException'{0x000000070133a6b8}: Could not load OpenAL library> (0x000000070133a6b8) 
thrown [src/hotspot/share/prims/jni.cpp, line 535]
Event: 2.272 Thread 0x00007fba258d5a00 Exception <a 'org/lwjgl/LWJGLException'{0x000000070133abb0}: Could not load OpenAL library> (0x000000070133abb0) 
thrown [src/hotspot/share/prims/jni.cpp, line 535]
Event: 3.750 Thread 0x00007fba258d5a00 Implicit null exception at 0x000000012025a450 to 0x000000012025a490
Event: 3.997 Thread 0x00007fba258d5a00 Implicit null exception at 0x00000001202a9a79 to 0x00000001202abff8
Event: 4.003 Thread 0x00007fba258d5a00 Implicit null exception at 0x00000001202a540b to 0x00000001202a5c10

VM Operations (20 events):
Event: 2.368 Executing VM operation: G1CollectForAllocation
Event: 2.371 Executing VM operation: G1CollectForAllocation done
Event: 2.381 Executing VM operation: HandshakeAllThreads
Event: 2.381 Executing VM operation: HandshakeAllThreads done
Event: 2.938 Executing VM operation: G1CollectForAllocation
Event: 2.942 Executing VM operation: G1CollectForAllocation done
Event: 3.915 Executing VM operation: G1CollectForAllocation
Event: 3.923 Executing VM operation: G1CollectForAllocation done
Event: 4.109 Executing VM operation: HandshakeAllThreads
Event: 4.109 Executing VM operation: HandshakeAllThreads done
Event: 4.242 Executing VM operation: G1TryInitiateConcMark
Event: 4.249 Executing VM operation: G1TryInitiateConcMark done
Event: 5.252 Executing VM operation: Cleanup
Event: 5.253 Executing VM operation: Cleanup done
Event: 5.485 Executing VM operation: HandshakeAllThreads
Event: 5.485 Executing VM operation: HandshakeAllThreads done
Event: 5.492 Executing VM operation: G1CollectFull
Event: 5.518 Executing VM operation: G1CollectFull done
Event: 5.519 Executing VM operation: G1CollectFull
Event: 5.531 Executing VM operation: G1CollectFull done

Events (20 events):
Event: 3.358 loading class sun/awt/AWTAutoShutdown$1
Event: 3.358 loading class sun/awt/AWTAutoShutdown$1 done
Event: 3.358 Protecting memory [0x000000030e233000,0x000000030e237000] with protection modes 3
Event: 3.358 Thread 0x00007fba25834e00 Thread exited: 0x00007fba25834e00
Event: 3.359 Protecting memory [0x000000030e5da000,0x000000030e5de000] with protection modes 3
Event: 3.359 Thread 0x00007fba25902600 Thread exited: 0x00007fba25902600
Event: 3.751 loading class java/io/ObjectInput
Event: 3.751 loading class java/io/ObjectInput done
Event: 3.752 loading class java/io/ObjectOutput
Event: 3.752 loading class java/io/ObjectOutput done
Event: 4.445 Thread 0x00007fba13148200 Thread added: 0x00007fba13148200
Event: 4.445 Protecting memory [0x000000030e233000,0x000000030e237000] with protection modes 0
Event: 4.445 Thread 0x00007fba131bc000 Thread added: 0x00007fba131bc000
Event: 4.445 Protecting memory [0x000000030e5da000,0x000000030e5de000] with protection modes 0
Event: 4.578 loading class javax/swing/JCheckBox$AccessibleJCheckBox
Event: 4.579 loading class javax/swing/JToggleButton$AccessibleJToggleButton
Event: 4.579 loading class javax/swing/JToggleButton$AccessibleJToggleButton done
Event: 4.579 loading class javax/swing/JCheckBox$AccessibleJCheckBox done
Event: 5.482 Thread 0x00007fba25b17000 Thread added: 0x00007fba25b17000
Event: 5.482 Protecting memory [0x000000030fa35000,0x000000030fa39000] with protection modes 0


Dynamic libraries:
0x000000010d041000 	/Applications/jmonkeyplatform.app/Contents/Resources/jmonkeyplatform/jdk/lib/libjli.dylib
0x00007ff81e87e000 	/System/Library/Frameworks/Cocoa.framework/Versions/A/Cocoa
0x00007ff8066b3000 	/System/Library/Frameworks/AppKit.framework/Versions/C/AppKit
0x00007ff809a19000 	/System/Library/Frameworks/CoreData.framework/Versions/A/CoreData
0x00007ff803fd6000 	/System/Library/Frameworks/Foundation.framework/Versions/C/Foundation
0x00007ff810975000 	/usr/lib/libSystem.B.dylib
0x00007ff807ae2000 	/System/Library/PrivateFrameworks/UIFoundation.framework/Versions/A/UIFoundation
0x00007ffb0c976000 	/System/Library/PrivateFrameworks/CollectionViewCore.framework/Versions/A/CollectionViewCore
0x00007ff81804e000 	/System/Library/PrivateFrameworks/RemoteViewServices.framework/Versions/A/RemoteViewServices
0x00007ff80e292000 	/System/Library/PrivateFrameworks/XCTTargetBootstrap.framework/Versions/A/XCTTargetBootstrap
0x00007ff81344c000 	/System/Library/PrivateFrameworks/InternationalSupport.framework/Versions/A/InternationalSupport
0x00007ff8134a0000 	/System/Library/PrivateFrameworks/UserActivity.framework/Versions/A/UserActivity
0x00007ffc0f44a000 	/System/Library/PrivateFrameworks/WindowManagement.framework/Versions/A/WindowManagement
0x00007ff803c85000 	/System/Library/Frameworks/SystemConfiguration.framework/Versions/A/SystemConfiguration
0x00007ff8127c3000 	/usr/lib/libspindump.dylib
0x00007ff807cbf000 	/System/Library/Frameworks/UniformTypeIdentifiers.framework/Versions/A/UniformTypeIdentifiers
0x00007ff80c27f000 	/usr/lib/libapp_launch_measurement.dylib
0x00007ff80af63000 	/System/Library/PrivateFrameworks/CoreAnalytics.framework/Versions/A/CoreAnalytics
0x00007ff80c282000 	/System/Library/PrivateFrameworks/CoreAutoLayout.framework/Versions/A/CoreAutoLayout
0x00007ff80dafe000 	/System/Library/Frameworks/Metal.framework/Versions/A/Metal
0x00007ff80ea9d000 	/usr/lib/liblangid.dylib
0x00007ff80e297000 	/System/Library/PrivateFrameworks/CoreSVG.framework/Versions/A/CoreSVG
0x00007ff80867c000 	/System/Library/PrivateFrameworks/SkyLight.framework/Versions/A/SkyLight
0x00007ff808ade000 	/System/Library/Frameworks/CoreGraphics.framework/Versions/A/CoreGraphics
0x00007ff818722000 	/System/Library/Frameworks/Accelerate.framework/Versions/A/Accelerate
0x00007ff812623000 	/System/Library/PrivateFrameworks/IconServices.framework/Versions/A/IconServices
0x00007ff80dadf000 	/System/Library/Frameworks/IOSurface.framework/Versions/A/IOSurface
0x00007ff80af8f000 	/usr/lib/libDiagnosticMessagesClient.dylib
0x00007ff81088d000 	/usr/lib/libz.1.dylib
0x00007ff81c14f000 	/System/Library/Frameworks/ApplicationServices.framework/Versions/A/ApplicationServices
0x00007ff80e27f000 	/System/Library/PrivateFrameworks/DFRFoundation.framework/Versions/A/DFRFoundation
0x00007ff805f61000 	/usr/lib/libicucore.A.dylib
0x00007ff8143ee000 	/System/Library/Frameworks/AudioToolbox.framework/Versions/A/AudioToolbox
0x00007ff81345b000 	/System/Library/PrivateFrameworks/DataDetectorsCore.framework/Versions/A/DataDetectorsCore
0x00007ff90d90c000 	/System/Library/PrivateFrameworks/TextInput.framework/Versions/A/TextInput
0x00007ff8085d5000 	/usr/lib/libMobileGestalt.dylib
0x00007ff80dfe4000 	/System/Library/Frameworks/Carbon.framework/Versions/A/Frameworks/HIToolbox.framework/Versions/A/HIToolbox
0x00007ff80bbdb000 	/System/Library/Frameworks/QuartzCore.framework/Versions/A/QuartzCore
0x00007ff805bb3000 	/System/Library/Frameworks/Security.framework/Versions/A/Security
0x00007ff818086000 	/System/Library/Frameworks/Carbon.framework/Versions/A/Frameworks/SpeechRecognition.framework/Versions/A/SpeechRecognition
0x00007ff80bfb2000 	/System/Library/PrivateFrameworks/CoreUI.framework/Versions/A/CoreUI
0x00007ff805487000 	/System/Library/Frameworks/CoreAudio.framework/Versions/A/CoreAudio
0x00007ff80b06f000 	/System/Library/Frameworks/DiskArbitration.framework/Versions/A/DiskArbitration
0x00007ff812bf4000 	/System/Library/PrivateFrameworks/MultitouchSupport.framework/Versions/A/MultitouchSupport
0x00007ff8085d4000 	/usr/lib/libenergytrace.dylib
0x00007ff9031cc000 	/System/Library/PrivateFrameworks/RenderBox.framework/Versions/A/RenderBox
0x00007ff80658a000 	/System/Library/Frameworks/IOKit.framework/Versions/A/IOKit
0x00007ff81845a000 	/System/Library/Frameworks/CoreServices.framework/Versions/A/CoreServices
0x00007ff80c217000 	/System/Library/PrivateFrameworks/PerformanceAnalysis.framework/Versions/A/PerformanceAnalysis
0x00007ffa1ca51000 	/System/Library/Frameworks/OpenGL.framework/Versions/A/OpenGL
0x00007ff80c2cb000 	/usr/lib/libxml2.2.dylib
0x00007ff80fb60000 	/System/Library/PrivateFrameworks/MobileKeyBag.framework/Versions/A/MobileKeyBag
0x00007ff802c70000 	/usr/lib/libobjc.A.dylib
0x00007ff802f72000 	/usr/lib/libc++.1.dylib
0x00007ff8183d6000 	/System/Library/Frameworks/Accessibility.framework/Versions/A/Accessibility
0x00007ff809373000 	/System/Library/Frameworks/ColorSync.framework/Versions/A/ColorSync
0x00007ff8030a5000 	/System/Library/Frameworks/CoreFoundation.framework/Versions/A/CoreFoundation
0x00007ff80e60a000 	/System/Library/Frameworks/CoreImage.framework/Versions/A/CoreImage
0x00007ff805280000 	/System/Library/Frameworks/CoreText.framework/Versions/A/CoreText
0x00007ffb02c70000 	/System/Library/Frameworks/CoreTransferable.framework/Versions/A/CoreTransferable
0x00007ffb03075000 	/System/Library/Frameworks/DeveloperToolsSupport.framework/Versions/A/DeveloperToolsSupport
0x00007ff80e2d0000 	/System/Library/Frameworks/ImageIO.framework/Versions/A/ImageIO
0x00007ffb0730f000 	/System/Library/Frameworks/Symbols.framework/Versions/A/Symbols
0x00007ff81097a000 	/System/Library/PrivateFrameworks/SoftLinking.framework/Versions/A/SoftLinking
0x00007ff813e5e000 	/usr/lib/swift/libswiftCore.dylib
0x00007ff90a4d1000 	/usr/lib/swift/libswiftCoreFoundation.dylib
0x00007ff90812d000 	/usr/lib/swift/libswiftCoreGraphics.dylib
0x00007ff90a50f000 	/usr/lib/swift/libswiftCoreImage.dylib
0x00007ff908134000 	/usr/lib/swift/libswiftDarwin.dylib
0x00007ff819dc6000 	/usr/lib/swift/libswiftDispatch.dylib
0x00007ff90a510000 	/usr/lib/swift/libswiftIOKit.dylib
0x00007ff91655a000 	/usr/lib/swift/libswiftMetal.dylib
0x00007ffa03c60000 	/usr/lib/swift/libswiftOSLog.dylib
0x00007ff81c5bb000 	/usr/lib/swift/libswiftObjectiveC.dylib
0x00007ff91ab00000 	/usr/lib/swift/libswiftQuartzCore.dylib
0x00007ff91ec09000 	/usr/lib/swift/libswiftUniformTypeIdentifiers.dylib
0x00007ff90a4e1000 	/usr/lib/swift/libswiftXPC.dylib
0x00007ffc17b13000 	/usr/lib/swift/libswift_Concurrency.dylib
0x00007ff81c5bf000 	/usr/lib/swift/libswiftos.dylib
0x00007ff90d86e000 	/usr/lib/swift/libswiftsimd.dylib
0x00007ff810b13000 	/usr/lib/libcompression.dylib
0x00007ff81338c000 	/System/Library/PrivateFrameworks/TextureIO.framework/Versions/A/TextureIO
0x00007ff81222e000 	/usr/lib/libate.dylib
0x00007ff81096f000 	/usr/lib/system/libcache.dylib
0x00007ff81092b000 	/usr/lib/system/libcommonCrypto.dylib
0x00007ff810953000 	/usr/lib/system/libcompiler_rt.dylib
0x00007ff810948000 	/usr/lib/system/libcopyfile.dylib
0x00007ff802da9000 	/usr/lib/system/libcorecrypto.dylib
0x00007ff802ea0000 	/usr/lib/system/libdispatch.dylib
0x00007ff80304a000 	/usr/lib/system/libdyld.dylib
0x00007ff810965000 	/usr/lib/system/libkeymgr.dylib
0x00007ff81090c000 	/usr/lib/system/libmacho.dylib
0x00007ff80fc3b000 	/usr/lib/system/libquarantine.dylib
0x00007ff810963000 	/usr/lib/system/libremovefile.dylib
0x00007ff808647000 	/usr/lib/system/libsystem_asl.dylib
0x00007ff802d43000 	/usr/lib/system/libsystem_blocks.dylib
0x00007ff802eea000 	/usr/lib/system/libsystem_c.dylib
0x00007ff81095b000 	/usr/lib/system/libsystem_collections.dylib
0x00007ff80ea8d000 	/usr/lib/system/libsystem_configuration.dylib
0x00007ff80dab6000 	/usr/lib/system/libsystem_containermanager.dylib
0x00007ff81055d000 	/usr/lib/system/libsystem_coreservices.dylib
0x00007ff806202000 	/usr/lib/system/libsystem_darwin.dylib
0x00007ffc17e41000 	/usr/lib/system/libsystem_darwindirectory.dylib
0x00007ff810966000 	/usr/lib/system/libsystem_dnssd.dylib
0x00007ffc17e45000 	/usr/lib/system/libsystem_eligibility.dylib
0x00007ff802ee7000 	/usr/lib/system/libsystem_featureflags.dylib
0x00007ff80307a000 	/usr/lib/system/libsystem_info.dylib
0x00007ff8108a1000 	/usr/lib/system/libsystem_m.dylib
0x00007ff802e60000 	/usr/lib/system/libsystem_malloc.dylib
0x00007ff8085bb000 	/usr/lib/system/libsystem_networkextension.dylib
0x00007ff80664e000 	/usr/lib/system/libsystem_notify.dylib
0x00007ff80ea91000 	/usr/lib/system/libsystem_sandbox.dylib
0x00007ffc17e48000 	/usr/lib/system/libsystem_sanitizers.dylib
0x00007ff810960000 	/usr/lib/system/libsystem_secinit.dylib
0x00007ff803003000 	/usr/lib/system/libsystem_kernel.dylib
0x00007ff80306f000 	/usr/lib/system/libsystem_platform.dylib
0x00007ff80303e000 	/usr/lib/system/libsystem_pthread.dylib
0x00007ff80a2ba000 	/usr/lib/system/libsystem_symptoms.dylib
0x00007ff802d8f000 	/usr/lib/system/libsystem_trace.dylib
0x00007ff810937000 	/usr/lib/system/libunwind.dylib
0x00007ff802d47000 	/usr/lib/system/libxpc.dylib
0x00007ff802fed000 	/usr/lib/libc++abi.dylib
0x00007ff810940000 	/usr/lib/liboah.dylib
0x00007ff811fb4000 	/usr/lib/liblzma.5.dylib
0x00007ff810977000 	/usr/lib/libfakelink.dylib
0x00007ff80820c000 	/System/Library/Frameworks/CFNetwork.framework/Versions/A/CFNetwork
0x00007ff8109c9000 	/usr/lib/libarchive.2.dylib
0x00007ff8162cf000 	/System/Library/Frameworks/Combine.framework/Versions/A/Combine
0x00007ffb0c98b000 	/System/Library/PrivateFrameworks/CollectionsInternal.framework/Versions/A/CollectionsInternal
0x00007ffb22622000 	/System/Library/PrivateFrameworks/ReflectionInternal.framework/Versions/A/ReflectionInternal
0x00007ffb22ba1000 	/System/Library/PrivateFrameworks/RuntimeInternal.framework/Versions/A/RuntimeInternal
0x00007ffc17c4e000 	/usr/lib/swift/libswift_StringProcessing.dylib
0x00007ff806508000 	/System/Library/PrivateFrameworks/CoreServicesInternal.framework/Versions/A/CoreServicesInternal
0x00007ff80fc60000 	/usr/lib/libbsm.0.dylib
0x00007ff810912000 	/usr/lib/system/libkxld.dylib
0x00007ff80c24a000 	/System/Library/Frameworks/CoreServices.framework/Versions/A/Frameworks/FSEvents.framework/Versions/A/FSEvents
0x00007ff80620d000 	/System/Library/Frameworks/CoreServices.framework/Versions/A/Frameworks/CarbonCore.framework/Versions/A/CarbonCore
0x00007ff80afd7000 	/System/Library/Frameworks/CoreServices.framework/Versions/A/Frameworks/Metadata.framework/Versions/A/Metadata
0x00007ff810563000 	/System/Library/Frameworks/CoreServices.framework/Versions/A/Frameworks/OSServices.framework/Versions/A/OSServices
0x00007ff810a52000 	/System/Library/Frameworks/CoreServices.framework/Versions/A/Frameworks/SearchKit.framework/Versions/A/SearchKit
0x00007ff80a240000 	/System/Library/Frameworks/CoreServices.framework/Versions/A/Frameworks/AE.framework/Versions/A/AE
0x00007ff80353f000 	/System/Library/Frameworks/CoreServices.framework/Versions/A/Frameworks/LaunchServices.framework/Versions/A/LaunchServices
0x00007ff811f65000 	/System/Library/Frameworks/CoreServices.framework/Versions/A/Frameworks/DictionaryServices.framework/Versions/A/DictionaryServices
0x00007ff80c257000 	/System/Library/Frameworks/CoreServices.framework/Versions/A/Frameworks/SharedFileList.framework/Versions/A/SharedFileList
0x00007ff810add000 	/usr/lib/libapple_nghttp2.dylib
0x00007ff809eb5000 	/usr/lib/libsqlite3.dylib
0x00007ff80a2c2000 	/System/Library/Frameworks/Network.framework/Versions/A/Network
0x00007ffc164c3000 	/usr/lib/libCoreEntitlements.dylib
0x00007ffb1ddff000 	/System/Library/PrivateFrameworks/MessageSecurity.framework/Versions/A/MessageSecurity
0x00007ff809e9c000 	/System/Library/PrivateFrameworks/ProtocolBuffer.framework/Versions/A/ProtocolBuffer
0x00007ff810480000 	/System/Library/PrivateFrameworks/AppleFSCompression.framework/Versions/A/AppleFSCompression
0x00007ff80fc48000 	/usr/lib/libcoretls.dylib
0x00007ff811fd3000 	/usr/lib/libcoretls_cfhelpers.dylib
0x00007ff810b0d000 	/usr/lib/libpam.2.dylib
0x00007ff81204c000 	/usr/lib/libxar.1.dylib
0x00007ff8125fc000 	/usr/lib/libheimdal-asn1.dylib
0x00007ff80820b000 	/usr/lib/libnetwork.dylib
0x00007ff81097b000 	/usr/lib/libpcap.A.dylib
0x00007ff80a2b0000 	/usr/lib/libdns_services.dylib
0x00007ff80ea98000 	/System/Library/PrivateFrameworks/AppleSystemInfo.framework/Versions/A/AppleSystemInfo
0x00007ff80f961000 	/System/Library/PrivateFrameworks/IOMobileFramebuffer.framework/Versions/A/IOMobileFramebuffer
0x00007ffc17ba0000 	/usr/lib/swift/libswift_RegexParser.dylib
0x00007ff81054e000 	/usr/lib/libbz2.1.0.dylib
0x00007ff80fc3e000 	/usr/lib/libCheckFix.dylib
0x00007ff80865e000 	/System/Library/PrivateFrameworks/TCC.framework/Versions/A/TCC
0x00007ff80ea9f000 	/System/Library/PrivateFrameworks/CoreNLP.framework/Versions/A/CoreNLP
0x00007ff80af91000 	/System/Library/PrivateFrameworks/MetadataUtilities.framework/Versions/A/MetadataUtilities
0x00007ff80fc70000 	/usr/lib/libmecab.dylib
0x00007ff803d0c000 	/usr/lib/libCRFSuite.dylib
0x00007ff80fcc9000 	/usr/lib/libgermantok.dylib
0x00007ff810ab8000 	/usr/lib/libThaiTokenizer.dylib
0x00007ff80b077000 	/System/Library/Frameworks/Accelerate.framework/Versions/A/Frameworks/vImage.framework/Versions/A/vImage
0x00007ff818430000 	/System/Library/Frameworks/Accelerate.framework/Versions/A/Frameworks/vecLib.framework/Versions/A/vecLib
0x00007ff81208e000 	/System/Library/Frameworks/Accelerate.framework/Versions/A/Frameworks/vecLib.framework/Versions/A/libvMisc.dylib
0x00007ff80f731000 	/System/Library/Frameworks/Accelerate.framework/Versions/A/Frameworks/vecLib.framework/Versions/A/libvDSP.dylib
0x00007ff80394c000 	/System/Library/Frameworks/Accelerate.framework/Versions/A/Frameworks/vecLib.framework/Versions/A/libBLAS.dylib
0x00007ff810bf5000 	/System/Library/Frameworks/Accelerate.framework/Versions/A/Frameworks/vecLib.framework/Versions/A/libLAPACK.dylib
0x00007ff80fccc000 	/System/Library/Frameworks/Accelerate.framework/Versions/A/Frameworks/vecLib.framework/Versions/A/libLinearAlgebra.dylib
0x00007ff810af8000 	/System/Library/Frameworks/Accelerate.framework/Versions/A/Frameworks/vecLib.framework/Versions/A/libSparseBLAS.dylib
0x00007ff810bef000 	/System/Library/Frameworks/Accelerate.framework/Versions/A/Frameworks/vecLib.framework/Versions/A/libQuadrature.dylib
0x00007ff80ebb5000 	/System/Library/Frameworks/Accelerate.framework/Versions/A/Frameworks/vecLib.framework/Versions/A/libBNNS.dylib
0x00007ff803c0d000 	/System/Library/Frameworks/Accelerate.framework/Versions/A/Frameworks/vecLib.framework/Versions/A/libSparse.dylib
0x00007ffb1c6a4000 	/System/Library/PrivateFrameworks/MIL.framework/Versions/A/MIL
0x00007ff8109b1000 	/usr/lib/libiconv.2.dylib
0x00007ff81090b000 	/usr/lib/libcharset.1.dylib
0x00007ff80c22e000 	/System/Library/Frameworks/OpenDirectory.framework/Versions/A/Frameworks/CFOpenDirectory.framework/Versions/A/CFOpenDirectory
0x00007ff80c222000 	/System/Library/Frameworks/OpenDirectory.framework/Versions/A/OpenDirectory
0x00007ff811fd5000 	/System/Library/PrivateFrameworks/APFS.framework/Versions/A/APFS
0x00007ff80fb83000 	/System/Library/Frameworks/SecurityFoundation.framework/Versions/A/SecurityFoundation
0x00007ff81205a000 	/usr/lib/libutil.dylib
0x00007ffb1aab0000 	/System/Library/PrivateFrameworks/InstalledContentLibrary.framework/Versions/A/InstalledContentLibrary
0x00007ff80654a000 	/System/Library/PrivateFrameworks/CoreServicesStore.framework/Versions/A/CoreServicesStore
0x00007ffb0a592000 	/System/Library/PrivateFrameworks/AppleMobileFileIntegrity.framework/Versions/A/AppleMobileFileIntegrity
0x00007ff90a4a3000 	/usr/lib/libmis.dylib
0x00007ff91afdc000 	/System/Library/PrivateFrameworks/MobileSystemServices.framework/Versions/A/MobileSystemServices
0x00007ffa18720000 	/System/Library/PrivateFrameworks/ConfigProfileHelper.framework/Versions/A/ConfigProfileHelper
0x00007ff810aba000 	/System/Library/PrivateFrameworks/AppleSauce.framework/Versions/A/AppleSauce
0x00007ff804c0d000 	/System/Library/PrivateFrameworks/LanguageModeling.framework/Versions/A/LanguageModeling
0x00007ff81205e000 	/usr/lib/libxslt.1.dylib
0x00007ff8109b8000 	/usr/lib/libcmph.dylib
0x00007ff80f92f000 	/System/Library/PrivateFrameworks/CoreEmoji.framework/Versions/A/CoreEmoji
0x00007ff80ebaf000 	/System/Library/PrivateFrameworks/LinguisticData.framework/Versions/A/LinguisticData
0x00007ff803b24000 	/System/Library/PrivateFrameworks/Lexicon.framework/Versions/A/Lexicon
0x00007ff80fc0c000 	/System/Library/PrivateFrameworks/BackgroundTaskManagement.framework/Versions/A/BackgroundTaskManagement
0x00007ffc16632000 	/usr/lib/libTLE.dylib
0x00007ff812abe000 	/System/Library/PrivateFrameworks/AppleJPEG.framework/Versions/A/AppleJPEG
0x00007ff8125e1000 	/usr/lib/libexpat.1.dylib
0x00007ff8131e7000 	/System/Library/Frameworks/ImageIO.framework/Versions/A/Resources/libPng.dylib
0x00007ff813214000 	/System/Library/Frameworks/ImageIO.framework/Versions/A/Resources/libTIFF.dylib
0x00007ff813306000 	/System/Library/Frameworks/ImageIO.framework/Versions/A/Resources/libGIF.dylib
0x00007ff812b0a000 	/System/Library/Frameworks/ImageIO.framework/Versions/A/Resources/libJP2.dylib
0x00007ff8132a6000 	/System/Library/Frameworks/ImageIO.framework/Versions/A/Resources/libJPEG.dylib
0x00007ff81329d000 	/System/Library/Frameworks/ImageIO.framework/Versions/A/Resources/libRadiance.dylib
0x00007ff80de84000 	/System/Library/PrivateFrameworks/FontServices.framework/libFontParser.dylib
0x00007ff80a1dd000 	/System/Library/PrivateFrameworks/RunningBoardServices.framework/Versions/A/RunningBoardServices
0x00007ff81f051000 	/System/Library/PrivateFrameworks/IOSurfaceAccelerator.framework/Versions/A/IOSurfaceAccelerator
0x00007ff812bf2000 	/System/Library/PrivateFrameworks/WatchdogClient.framework/Versions/A/WatchdogClient
0x00007ff804dda000 	/System/Library/Frameworks/CoreDisplay.framework/Versions/A/CoreDisplay
0x00007ff80dd53000 	/System/Library/Frameworks/CoreMedia.framework/Versions/A/CoreMedia
0x00007ff80daf5000 	/System/Library/PrivateFrameworks/IOAccelerator.framework/Versions/A/IOAccelerator
0x00007ff80c3ab000 	/System/Library/Frameworks/CoreVideo.framework/Versions/A/CoreVideo
0x00007ff810b0b000 	/System/Library/Frameworks/MetalPerformanceShaders.framework/Versions/A/MetalPerformanceShaders
0x00007ff812c31000 	/System/Library/Frameworks/VideoToolbox.framework/Versions/A/VideoToolbox
0x00007ff80c438000 	/System/Library/PrivateFrameworks/UserManagement.framework/Versions/A/UserManagement
0x00007ff80a106000 	/System/Library/PrivateFrameworks/BaseBoard.framework/Versions/A/BaseBoard
0x00007ff80ea97000 	/System/Library/PrivateFrameworks/AggregateDictionary.framework/Versions/A/AggregateDictionary
0x00007ffb0a390000 	/System/Library/PrivateFrameworks/AppleKeyStore.framework/Versions/A/AppleKeyStore
0x00007ff813296000 	/System/Library/PrivateFrameworks/GPUWrangler.framework/Versions/A/GPUWrangler
0x00007ff81327a000 	/System/Library/PrivateFrameworks/IOPresentment.framework/Versions/A/IOPresentment
0x00007ff8132a0000 	/System/Library/PrivateFrameworks/DSExternalDisplay.framework/Versions/A/DSExternalDisplay
0x00007ffb16a80000 	/System/Library/PrivateFrameworks/GPUCompiler.framework/Versions/32023/Libraries/libllvm-flatbuffers.dylib
0x00007ffa1ca45000 	/System/Library/Frameworks/OpenGL.framework/Versions/A/Libraries/libCoreFSCache.dylib
0x00007ffb13576000 	/System/Library/PrivateFrameworks/GPUCompiler.framework/Versions/32023/Libraries/libGPUCompilerUtils.dylib
0x00007ff81330c000 	/System/Library/PrivateFrameworks/CMCaptureCore.framework/Versions/A/CMCaptureCore
0x00007ffb03171000 	/System/Library/Frameworks/ExtensionFoundation.framework/Versions/A/ExtensionFoundation
0x00007ff81a617000 	/System/Library/PrivateFrameworks/CoreTime.framework/Versions/A/CoreTime
0x00007ff8127ac000 	/System/Library/PrivateFrameworks/AppServerSupport.framework/Versions/A/AppServerSupport
0x00007ff814d47000 	/System/Library/PrivateFrameworks/perfdata.framework/Versions/A/perfdata
0x00007ff804f08000 	/System/Library/PrivateFrameworks/AudioToolboxCore.framework/Versions/A/AudioToolboxCore
0x00007ff80dd2d000 	/System/Library/PrivateFrameworks/caulk.framework/Versions/A/caulk
0x00007ff8145df000 	/usr/lib/libAudioStatistics.dylib
0x00007ff909844000 	/System/Library/PrivateFrameworks/SystemPolicy.framework/Versions/A/SystemPolicy
0x00007ff8148a1000 	/usr/lib/libSMC.dylib
0x00007ff81e6da000 	/System/Library/Frameworks/CoreMIDI.framework/Versions/A/CoreMIDI
0x00007ff8131ae000 	/usr/lib/libAudioToolboxUtility.dylib
0x00007ff904e48000 	/System/Library/PrivateFrameworks/OSAServicesClient.framework/Versions/A/OSAServicesClient
0x00007ff814d55000 	/usr/lib/libperfcheck.dylib
0x00007ff81a0c2000 	/System/Library/PrivateFrameworks/BoardServices.framework/Versions/A/BoardServices
0x00007ff8124c1000 	/System/Library/PrivateFrameworks/PlugInKit.framework/Versions/A/PlugInKit
0x00007ff80fb76000 	/System/Library/PrivateFrameworks/AssertionServices.framework/Versions/A/AssertionServices
0x00007ffa06f92000 	/System/Library/PrivateFrameworks/Symbolication.framework/Versions/A/Symbolication
0x00007ffb215c3000 	/System/Library/PrivateFrameworks/PhotosensitivityProcessing.framework/Versions/A/PhotosensitivityProcessing
0x00007ffa1d724000 	/System/Library/Frameworks/OpenCL.framework/Versions/A/OpenCL
0x00007ff812757000 	/System/Library/PrivateFrameworks/GraphVisualizer.framework/Versions/A/GraphVisualizer
0x00007ffa1caa2000 	/System/Library/Frameworks/OpenGL.framework/Versions/A/Libraries/libGLU.dylib
0x00007ffa1ca64000 	/System/Library/Frameworks/OpenGL.framework/Versions/A/Libraries/libGFXShared.dylib
0x00007ffa1cc60000 	/System/Library/Frameworks/OpenGL.framework/Versions/A/Libraries/libGL.dylib
0x00007ffa1ca6c000 	/System/Library/Frameworks/OpenGL.framework/Versions/A/Libraries/libGLImage.dylib
0x00007ffa1ca61000 	/System/Library/Frameworks/OpenGL.framework/Versions/A/Libraries/libCVMSPluginSupport.dylib
0x00007ffc165ee000 	/usr/lib/libRosetta.dylib
0x00007ffa1ca4c000 	/System/Library/Frameworks/OpenGL.framework/Versions/A/Libraries/libCoreVMClient.dylib
0x00007ffb116ae000 	/System/Library/PrivateFrameworks/FontServices.framework/Versions/A/FontServices
0x00007ff812766000 	/System/Library/PrivateFrameworks/OTSVG.framework/Versions/A/OTSVG
0x00007ff80bf66000 	/System/Library/Frameworks/ApplicationServices.framework/Versions/A/Frameworks/ATS.framework/Versions/A/Resources/libFontRegistry.dylib
0x00007ff8127b7000 	/System/Library/PrivateFrameworks/FontServices.framework/libhvf.dylib
0x00007ffb116af000 	/System/Library/PrivateFrameworks/FontServices.framework/libXTFontStaticRegistryData.dylib
0x00007ff80e9d6000 	/System/Library/Frameworks/MetalPerformanceShaders.framework/Versions/A/Frameworks/MPSCore.framework/Versions/A/MPSCore
0x00007ff8103da000 	/System/Library/Frameworks/MetalPerformanceShaders.framework/Versions/A/Frameworks/MPSImage.framework/Versions/A/MPSImage
0x00007ff80fce2000 	/System/Library/Frameworks/MetalPerformanceShaders.framework/Versions/A/Frameworks/MPSNeuralNetwork.framework/Versions/A/MPSNeuralNetwork
0x00007ff810251000 	/System/Library/Frameworks/MetalPerformanceShaders.framework/Versions/A/Frameworks/MPSMatrix.framework/Versions/A/MPSMatrix
0x00007ff810003000 	/System/Library/Frameworks/MetalPerformanceShaders.framework/Versions/A/Frameworks/MPSRayIntersector.framework/Versions/A/MPSRayIntersector
0x00007ff810290000 	/System/Library/Frameworks/MetalPerformanceShaders.framework/Versions/A/Frameworks/MPSNDArray.framework/Versions/A/MPSNDArray
0x00007ffb0488c000 	/System/Library/Frameworks/MetalPerformanceShaders.framework/Versions/A/Frameworks/MPSFunctions.framework/Versions/A/MPSFunctions
0x00007ffb0486f000 	/System/Library/Frameworks/MetalPerformanceShaders.framework/Versions/A/Frameworks/MPSBenchmarkLoop.framework/Versions/A/MPSBenchmarkLoop
0x00007ff8037fc000 	/System/Library/PrivateFrameworks/MetalTools.framework/Versions/A/MetalTools
0x00007ff90ebc3000 	/System/Library/PrivateFrameworks/IOAccelMemoryInfo.framework/Versions/A/IOAccelMemoryInfo
0x00007ff91aedc000 	/System/Library/PrivateFrameworks/kperf.framework/Versions/A/kperf
0x00007ff90a4c5000 	/System/Library/PrivateFrameworks/GPURawCounter.framework/Versions/A/GPURawCounter
0x00007ff81a4ec000 	/System/Library/PrivateFrameworks/CoreSymbolication.framework/Versions/A/CoreSymbolication
0x00007ff90a475000 	/System/Library/PrivateFrameworks/MallocStackLogging.framework/Versions/A/MallocStackLogging
0x00007ff812366000 	/System/Library/PrivateFrameworks/CrashReporterSupport.framework/Versions/A/CrashReporterSupport
0x00007ff81a4ad000 	/System/Library/PrivateFrameworks/DebugSymbols.framework/Versions/A/DebugSymbols
0x00007ff9198f1000 	/System/Library/PrivateFrameworks/OSAnalytics.framework/Versions/A/OSAnalytics
0x00007ffc0d914000 	/System/Library/PrivateFrameworks/VideoToolboxParavirtualizationSupport.framework/Versions/A/VideoToolboxParavirtualizationSupport
0x00007ff812593000 	/System/Library/PrivateFrameworks/AppleVA.framework/Versions/A/AppleVA
0x00007ff81461f000 	/System/Library/Frameworks/ApplicationServices.framework/Versions/A/Frameworks/ATS.framework/Versions/A/ATS
0x00007ff80951f000 	/System/Library/Frameworks/ApplicationServices.framework/Versions/A/Frameworks/HIServices.framework/Versions/A/HIServices
0x00007ff81331a000 	/System/Library/Frameworks/ApplicationServices.framework/Versions/A/Frameworks/PrintCore.framework/Versions/A/PrintCore
0x00007ff8149f5000 	/System/Library/Frameworks/ApplicationServices.framework/Versions/A/Frameworks/QD.framework/Versions/A/QD
0x00007ff8149ee000 	/System/Library/Frameworks/ApplicationServices.framework/Versions/A/Frameworks/ColorSyncLegacy.framework/Versions/A/ColorSyncLegacy
0x00007ff8145f5000 	/System/Library/Frameworks/ApplicationServices.framework/Versions/A/Frameworks/SpeechSynthesis.framework/Versions/A/SpeechSynthesis
0x00007ff8132d6000 	/System/Library/Frameworks/ApplicationServices.framework/Versions/A/Frameworks/ATSUI.framework/Versions/A/ATSUI
0x00007ff814980000 	/usr/lib/libcups.2.dylib
0x00007ff814d64000 	/System/Library/Frameworks/Kerberos.framework/Versions/A/Kerberos
0x00007ff814d73000 	/System/Library/Frameworks/GSS.framework/Versions/A/GSS
0x00007ff814698000 	/usr/lib/libresolv.9.dylib
0x00007ff8127c9000 	/System/Library/PrivateFrameworks/Heimdal.framework/Versions/A/Heimdal
0x00007ff81c52d000 	/System/Library/Frameworks/Kerberos.framework/Versions/A/Libraries/libHeimdalProxy.dylib
0x00007ff814dc0000 	/System/Library/PrivateFrameworks/CommonAuth.framework/Versions/A/CommonAuth
0x00007ffa2209e000 	/System/Library/Frameworks/AVFAudio.framework/Versions/A/AVFAudio
0x00007ff904e8f000 	/System/Library/PrivateFrameworks/AXCoreUtilities.framework/Versions/A/AXCoreUtilities
0x00007ffb1be4d000 	/System/Library/PrivateFrameworks/IsolatedCoreAudioClient.framework/Versions/A/IsolatedCoreAudioClient
0x00007ff814566000 	/System/Library/PrivateFrameworks/AudioSession.framework/Versions/A/AudioSession
0x00007ff816094000 	/System/Library/Frameworks/IOBluetooth.framework/Versions/A/IOBluetooth
0x00007ff8126a1000 	/System/Library/PrivateFrameworks/MediaExperience.framework/Versions/A/MediaExperience
0x00007ff8143b9000 	/System/Library/PrivateFrameworks/AudioSession.framework/libSessionUtility.dylib
0x00007ff814a00000 	/System/Library/PrivateFrameworks/AudioResourceArbitration.framework/Versions/A/AudioResourceArbitration
0x00007ff819158000 	/System/Library/PrivateFrameworks/PowerLog.framework/Versions/A/PowerLog
0x00007ff819075000 	/System/Library/Frameworks/CoreBluetooth.framework/Versions/A/CoreBluetooth
0x00007ff81c52e000 	/System/Library/Frameworks/AudioUnit.framework/Versions/A/AudioUnit
0x00007ff80f9e9000 	/System/Library/PrivateFrameworks/CoreUtils.framework/Versions/A/CoreUtils
0x00007ffb0fbd7000 	/System/Library/PrivateFrameworks/CoreUtilsExtras.framework/Versions/A/CoreUtilsExtras
0x00007ffb1a944000 	/System/Library/PrivateFrameworks/IO80211.framework/Versions/A/IO80211
0x00007ff81a004000 	/System/Library/PrivateFrameworks/FrontBoardServices.framework/Versions/A/FrontBoardServices
0x00007ff81bb16000 	/System/Library/PrivateFrameworks/BackBoardServices.framework/Versions/A/BackBoardServices
0x00007ff812605000 	/System/Library/PrivateFrameworks/IconFoundation.framework/Versions/A/IconFoundation
0x00007ff818076000 	/System/Library/PrivateFrameworks/SpeechRecognitionCore.framework/Versions/A/SpeechRecognitionCore
0x00007ff904ea8000 	/usr/lib/libAccessibility.dylib
0x00007ff81876b000 	/System/Library/Frameworks/MediaAccessibility.framework/Versions/A/MediaAccessibility
0x00007ffa0a912000 	/System/Library/Frameworks/OSLog.framework/Versions/A/OSLog
0x00007ff90a400000 	/System/Library/PrivateFrameworks/LoggingSupport.framework/Versions/A/LoggingSupport
0x000000010e1e7000 	/Applications/jmonkeyplatform.app/Contents/Resources/jmonkeyplatform/jdk/lib/server/libjvm.dylib
0x000000010cb44000 	/Applications/jmonkeyplatform.app/Contents/Resources/jmonkeyplatform/jdk/lib/libjimage.dylib
0x000000010cb91000 	/Applications/jmonkeyplatform.app/Contents/Resources/jmonkeyplatform/jdk/lib/libjava.dylib
0x000000010e111000 	/Applications/jmonkeyplatform.app/Contents/Resources/jmonkeyplatform/jdk/lib/libnio.dylib
0x000000010e168000 	/Applications/jmonkeyplatform.app/Contents/Resources/jmonkeyplatform/jdk/lib/libnet.dylib
0x0000000131f79000 	/Applications/jmonkeyplatform.app/Contents/Resources/jmonkeyplatform/jdk/lib/libzip.dylib
0x0000000137fba000 	/Applications/jmonkeyplatform.app/Contents/Resources/jmonkeyplatform/jdk/lib/libawt.dylib
0x0000000138148000 	/Applications/jmonkeyplatform.app/Contents/Resources/jmonkeyplatform/jdk/lib/libmlib_image.dylib
0x00007ffb03cae000 	/System/Library/Frameworks/JavaRuntimeSupport.framework/Versions/A/JavaRuntimeSupport
0x00007ff9091e8000 	/System/Library/Frameworks/Carbon.framework/Versions/A/Carbon
0x00007ff8207db000 	/System/Library/Frameworks/Carbon.framework/Versions/A/Frameworks/CommonPanels.framework/Versions/A/CommonPanels
0x00007ff81be42000 	/System/Library/Frameworks/Carbon.framework/Versions/A/Frameworks/Help.framework/Versions/A/Help
0x00007ff8207df000 	/System/Library/Frameworks/Carbon.framework/Versions/A/Frameworks/ImageCapture.framework/Versions/A/ImageCapture
0x00007ff8207bc000 	/System/Library/Frameworks/Carbon.framework/Versions/A/Frameworks/OpenScripting.framework/Versions/A/OpenScripting
0x00007ff8207da000 	/System/Library/Frameworks/Carbon.framework/Versions/A/Frameworks/Ink.framework/Versions/A/Ink
0x00007ff8207d7000 	/System/Library/Frameworks/Carbon.framework/Versions/A/Frameworks/SecurityHI.framework/Versions/A/SecurityHI
0x00000001383ce000 	/Applications/jmonkeyplatform.app/Contents/Resources/jmonkeyplatform/jdk/lib/libawt_lwawt.dylib
0x0000000137f45000 	/Applications/jmonkeyplatform.app/Contents/Resources/jmonkeyplatform/jdk/lib/libosxapp.dylib
0x00007ff90819b000 	/System/Library/Frameworks/ExceptionHandling.framework/Versions/A/ExceptionHandling
0x00000001388c6000 	/Applications/jmonkeyplatform.app/Contents/Resources/jmonkeyplatform/jdk/lib/libfontmanager.dylib
0x00000001386b7000 	/Applications/jmonkeyplatform.app/Contents/Resources/jmonkeyplatform/jdk/lib/libfreetype.dylib
0x00007ff81973a000 	/System/Library/Frameworks/FileProvider.framework/Versions/A/FileProvider
0x00007ff80a06e000 	/System/Library/Frameworks/Accounts.framework/Versions/A/Accounts
0x00007ff8198ef000 	/System/Library/PrivateFrameworks/GenerationalStorage.framework/Versions/A/GenerationalStorage
0x00007ff81914d000 	/System/Library/PrivateFrameworks/SymptomDiagnosticReporter.framework/Versions/A/SymptomDiagnosticReporter
0x00007ff807cd5000 	/System/Library/PrivateFrameworks/DesktopServicesPriv.framework/Versions/A/DesktopServicesPriv
0x00007ff80665e000 	/usr/lib/libsandbox.1.dylib
0x00007ff8149e3000 	/System/Library/PrivateFrameworks/NetAuth.framework/Versions/A/NetAuth
0x00007ff815d3f000 	/System/Library/PrivateFrameworks/Sharing.framework/Versions/A/Sharing
0x00007ff80c3fd000 	/System/Library/PrivateFrameworks/login.framework/Versions/A/Frameworks/loginsupport.framework/Versions/A/loginsupport
0x00007ff81b968000 	/System/Library/PrivateFrameworks/Apple80211.framework/Versions/A/Apple80211
0x00007ff810590000 	/System/Library/PrivateFrameworks/AuthKit.framework/Versions/A/AuthKit
0x00007ff81b969000 	/System/Library/PrivateFrameworks/CoreWiFi.framework/Versions/A/CoreWiFi
0x00007ff80f970000 	/System/Library/Frameworks/CoreWLAN.framework/Versions/A/CoreWLAN
0x00007ff90a4c8000 	/usr/lib/swift/libswiftCoreAudio.dylib
0x00007ff90f9a1000 	/usr/lib/swift/libswiftCoreLocation.dylib
0x00007ff81235d000 	/usr/lib/libIOReport.dylib
0x00007ffa114e6000 	/System/Library/PrivateFrameworks/WiFiPeerToPeer.framework/Versions/A/WiFiPeerToPeer
0x00007ff81073d000 	/System/Library/Frameworks/UserNotifications.framework/Versions/A/UserNotifications
0x00007ff814eff000 	/System/Library/PrivateFrameworks/CorePhoneNumbers.framework/Versions/A/CorePhoneNumbers
0x00007ff8146c4000 	/System/Library/PrivateFrameworks/MultiverseSupport.framework/Versions/A/MultiverseSupport
0x00007ff81bd95000 	/System/Library/PrivateFrameworks/RemoteServiceDiscovery.framework/Versions/A/RemoteServiceDiscovery
0x00007ff819267000 	/System/Library/PrivateFrameworks/DiskManagement.framework/Versions/A/DiskManagement
0x00007ff819180000 	/System/Library/PrivateFrameworks/AppleIDAuthSupport.framework/Versions/A/AppleIDAuthSupport
0x00007ffb083c0000 	/System/Library/PrivateFrameworks/AAAFoundation.framework/Versions/A/AAAFoundation
0x00007ff814ed3000 	/System/Library/PrivateFrameworks/KeychainCircle.framework/Versions/A/KeychainCircle
0x00007ff81bda6000 	/System/Library/PrivateFrameworks/RemoteXPC.framework/Versions/A/RemoteXPC
0x00007ff81be4a000 	/usr/lib/libcsfde.dylib
0x00007ff81250b000 	/usr/lib/libCoreStorage.dylib
0x00007ff819234000 	/System/Library/PrivateFrameworks/MediaKit.framework/Versions/A/MediaKit
0x00007ff81918c000 	/System/Library/Frameworks/DiscRecording.framework/Versions/A/DiscRecording
0x00007ff816169000 	/System/Library/PrivateFrameworks/ProtectedCloudStorage.framework/Versions/A/ProtectedCloudStorage
0x00007ff81be46000 	/System/Library/PrivateFrameworks/EFILogin.framework/Versions/A/EFILogin
0x00007ff819917000 	/System/Library/PrivateFrameworks/OctagonTrust.framework/Versions/A/OctagonTrust
0x00007ff80d9a1000 	/System/Library/Frameworks/CoreLocation.framework/Versions/A/CoreLocation
0x00007ff8163c6000 	/System/Library/PrivateFrameworks/GeoServices.framework/Versions/A/GeoServices
0x00007ff814385000 	/System/Library/PrivateFrameworks/LocationSupport.framework/Versions/A/LocationSupport
0x00007ffb1768b000 	/System/Library/PrivateFrameworks/GeoServicesCore.framework/Versions/A/GeoServicesCore
0x00007ff904e86000 	/System/Library/PrivateFrameworks/PhoneNumbers.framework/Versions/A/PhoneNumbers
0x00007ff812503000 	/usr/lib/libMatch.1.dylib
0x00007ff9130bb000 	/System/Library/CoreServices/RawCamera.bundle/Contents/MacOS/RawCamera
0x00007ff814dd0000 	/System/Library/PrivateFrameworks/MobileAsset.framework/Versions/A/MobileAsset
0x00007ffb0a102000 	/System/Library/PrivateFrameworks/AppleJPEGXL.framework/Versions/A/AppleJPEGXL
0x00007ff910307000 	/System/Library/PrivateFrameworks/SoftwareUpdateCoreSupport.framework/Versions/A/SoftwareUpdateCoreSupport
0x00007ff9179d9000 	/System/Library/PrivateFrameworks/SoftwareUpdateCoreConnect.framework/Versions/A/SoftwareUpdateCoreConnect
0x00007ff81c54d000 	/System/Library/PrivateFrameworks/StreamingZip.framework/Versions/A/StreamingZip
0x00007ff90ff9a000 	/System/Library/PrivateFrameworks/MSUDataAccessor.framework/Versions/A/MSUDataAccessor
0x00007ff90c029000 	/usr/lib/libbootpolicy.dylib
0x00007ff91edea000 	/usr/lib/libpartition2_dynamic.dylib
0x00007ffb0ba42000 	/System/Library/PrivateFrameworks/CMPhoto.framework/Versions/A/CMPhoto
0x00007ff81a381000 	/System/Library/PrivateFrameworks/AppleVPA.framework/Versions/A/AppleVPA
0x00007ff81350c000 	/System/Library/Frameworks/MediaToolbox.framework/Versions/A/MediaToolbox
0x00007ff81970c000 	/System/Library/PrivateFrameworks/CoreAVCHD.framework/Versions/A/CoreAVCHD
0x00007ff819708000 	/System/Library/PrivateFrameworks/Mangrove.framework/Versions/A/Mangrove
0x00007ff819ca4000 	/System/Library/Frameworks/CoreTelephony.framework/Versions/A/CoreTelephony
0x00007ff81934d000 	/System/Library/PrivateFrameworks/CoreAUC.framework/Versions/A/CoreAUC
0x00007ff814f08000 	/usr/lib/libTelephonyUtilDynamic.dylib
0x00007ff90f984000 	/System/Library/Frameworks/Accelerate.framework/Versions/A/Frameworks/vImage.framework/Versions/A/Libraries/libCGInterfaces.dylib
0x000000014164d000 	/usr/lib/libobjc-trampolines.dylib
0x00007ffc16373000 	/usr/lib/libAccessibilityBaseImplementations.dylib
0x00007ffa1abaf000 	/System/Library/Extensions/AGXMetalG13X.bundle/Contents/MacOS/AGXMetalG13X
0x00007ff903de5000 	/System/Library/PrivateFrameworks/IOGPU.framework/Versions/A/IOGPU
0x00007ff81287f000 	/System/Library/PrivateFrameworks/login.framework/Versions/A/login
0x00007ff81a1d4000 	/System/Library/Frameworks/LocalAuthentication.framework/Versions/A/LocalAuthentication
0x00007ffb1c563000 	/System/Library/PrivateFrameworks/LocalAuthenticationCore.framework/Versions/A/LocalAuthenticationCore
0x00007ff81a21a000 	/System/Library/Frameworks/LocalAuthentication.framework/Support/SharedUtils.framework/Versions/A/SharedUtils
0x00007ff81a172000 	/System/Library/Frameworks/CryptoTokenKit.framework/Versions/A/CryptoTokenKit
0x00007ff80c112000 	/System/Library/PrivateFrameworks/ViewBridge.framework/Versions/A/ViewBridge
0x00007ffa1cc6b000 	/System/Library/Frameworks/OpenGL.framework/Versions/A/Resources/GLEngine.bundle/GLEngine
0x00007ffa1cadf000 	/System/Library/Frameworks/OpenGL.framework/Versions/A/Libraries/libGLProgrammability.dylib
0x0000000142b82000 	/System/Library/Extensions/AppleMetalOpenGLRenderer.bundle/Contents/MacOS/AppleMetalOpenGLRenderer
0x00007ffa1cddb000 	/System/Library/Frameworks/OpenGL.framework/Versions/A/Resources/GLRendererFloat.bundle/GLRendererFloat
0x0000000142b55000 	/Applications/jmonkeyplatform.app/Contents/Resources/jmonkeyplatform/jdk/lib/libosxui.dylib
0x000000014307e000 	/Applications/jmonkeyplatform.app/Contents/Resources/jmonkeyplatform/jdk/lib/libprefs.dylib
0x00007ffc0a005000 	/System/Library/PrivateFrameworks/TextInputUI.framework/Versions/A/TextInputUI
0x00007ffc0a00b000 	/System/Library/PrivateFrameworks/TextInputUIMacHelper.framework/Versions/A/TextInputUIMacHelper
0x00007ffb08d6e000 	/System/Library/PrivateFrameworks/AccessibilityBundles.framework/Versions/A/AccessibilityBundles
0x0000000171e94000 	/Users/anniexian/jMonkeyProjects/3D Gaming Project/libopenal.dylib
0x0000000171f37000 	/Users/anniexian/jMonkeyProjects/3D Gaming Project/liblwjgl.dylib
0x0000000171df6000 	/Applications/jmonkeyplatform.app/Contents/Resources/jmonkeyplatform/jdk/lib/libjawt.dylib
0x00007ffb064a0000 	/System/Library/Frameworks/OpenAL.framework/Versions/A/OpenAL
0x00007ff90964e000 	/System/Library/Frameworks/AVFoundation.framework/Versions/A/AVFoundation
0x00007ff819ddd000 	/System/Library/PrivateFrameworks/AVFCore.framework/Versions/A/AVFCore
0x00007ff822432000 	/System/Library/PrivateFrameworks/AVFCapture.framework/Versions/A/AVFCapture
0x00007ffb0b9d3000 	/System/Library/PrivateFrameworks/CMImaging.framework/Versions/A/CMImaging
0x00007ff822620000 	/System/Library/PrivateFrameworks/Quagga.framework/Versions/A/Quagga
0x00007ff902c70000 	/System/Library/PrivateFrameworks/CMCapture.framework/Versions/A/CMCapture
0x00007ff8147a0000 	/System/Library/Frameworks/CoreMediaIO.framework/Versions/A/CoreMediaIO
0x00007ff81c681000 	/System/Library/PrivateFrameworks/Espresso.framework/Versions/A/Espresso
0x00007ff81bedc000 	/System/Library/PrivateFrameworks/AppSupport.framework/Versions/A/AppSupport
0x00007ffa18cf3000 	/System/Library/PrivateFrameworks/ANECompiler.framework/Versions/A/ANECompiler
0x00007ff81e582000 	/System/Library/PrivateFrameworks/AppleNeuralEngine.framework/Versions/A/AppleNeuralEngine
0x00007ffb048a1000 	/System/Library/Frameworks/MetalPerformanceShadersGraph.framework/Versions/A/MetalPerformanceShadersGraph
0x00007ffb1cdb3000 	/System/Library/PrivateFrameworks/MLCompilerServices.framework/Versions/A/MLCompilerServices
0x00007ff81d650000 	/System/Library/PrivateFrameworks/ANEServices.framework/Versions/A/ANEServices
0x00007ff90eb90000 	/usr/lib/libncurses.5.4.dylib
0x00007ffb1cd4d000 	/System/Library/PrivateFrameworks/MLCompilerRuntime.framework/Versions/A/MLCompilerRuntime
0x00000001751cf000 	/System/Library/Components/CoreAudio.component/Contents/MacOS/CoreAudio
0x00000001774fd000 	/System/Library/Components/AudioDSP.component/Contents/MacOS/AudioDSP
0x00007ffc16417000 	/usr/lib/libAudioDSPCore.dylib
0x0000000174ee4000 	/Applications/jmonkeyplatform.app/Contents/Resources/jmonkeyplatform/jdk/lib/libjavajpeg.dylib


VM Arguments:
jvm_args: -Dfile.encoding=UTF-8 --module-path=/Users/anniexian/jMonkeyProjects/3D Gaming Project/build/classes 
java_command: mygame.Main
java_class_path (initial): /Applications/jmonkeyplatform.app/Contents/Resources/jmonkeyplatform/jmonkeyplatform/libs/jme3-jogg-3.6.1-stable.jar:/Applications/jmonkeyplatform.app/Contents/Resources/jmonkeyplatform/jmonkeyplatform/libs/j-ogg-vorbis-1.0.3.jar:/Applications/jmonkeyplatform.app/Contents/Resources/jmonkeyplatform/jmonkeyplatform/libs/jme3-networking-3.6.1-stable.jar:/Applications/jmonkeyplatform.app/Contents/Resources/jmonkeyplatform/jmonkeyplatform/libs/jme3-plugins-3.6.1-stable.jar:/Applications/jmonkeyplatform.app/Contents/Resources/jmonkeyplatform/jmonkeyplatform/libs/gson-2.9.1.jar:/Applications/jmonkeyplatform.app/Contents/Resources/jmonkeyplatform/jmonkeyplatform/libs/jme3-core-3.6.1-stable.jar:/Applications/jmonkeyplatform.app/Contents/Resources/jmonkeyplatform/jmonkeyplatform/libs/jme3-desktop-3.6.1-stable.jar:/Applications/jmonkeyplatform.app/Contents/Resources/jmonkeyplatform/jmonkeyplatform/libs/jme3-lwjgl-3.6.1-stable.jar:/Applications/jmonkeyplatform.app/Contents/Resources/jmonkeyplatform/jmonkeyplatform/libs/lwjgl-platform-2.9.5-natives-windows.jar:/Applications/jmonkeyplatform.app/Contents/Resources/jmonkeyplatform/jmonkeyplatform/libs/lwjgl-platform-2.9.5-natives-linux.jar:/Applications/jmonkeyplatform.app/Contents/Resources/jmonkeyplatform/jmonkeyplatform/libs/lwjgl-platform-2.9.5-natives-osx.jar:/Applications/jmonkeyplatform.app/Contents/Resources/jmonkeyplatform/jmonkeyplatform/libs/jinput-2.0.9.jar:/Applications/jmonkeyplatform.app/Contents/Resources/jmonkeyplatform/jmonkeyplatform/libs/jinput-2.0.9-natives-all.jar:/Applications/jmonkeyplatform.app/Contents/Resources/jmonkeyplatform/jmonkeyplatform/libs/lwjgl-2.9.5.jar:/Applications/jmonkeyplatform.app/Contents/Resources/jmonkeyplatform/jmonkeyplatform/libs/jme3-effects-3.6.1-stable.jar:/Applications/jmonkeyplatform.app/Contents/Resources/jmonkeyplatform/jmonkeyplatform/libs/jme3-terrain-3.6.1-stable.jar:/Applications/jmonkeyplatform.app/Contents/Resources/jmonkeyplatform/jmonkeypla
Launcher Type: SUN_STANDARD

[Global flags]
     intx CICompilerCount                          = 4                                         {product} {ergonomic}
     uint ConcGCThreads                            = 2                                         {product} {ergonomic}
     uint G1ConcRefinementThreads                  = 9                                         {product} {ergonomic}
   size_t G1HeapRegionSize                         = 2097152                                   {product} {ergonomic}
    uintx GCDrainStackTargetSize                   = 64                                        {product} {ergonomic}
   size_t InitialHeapSize                          = 268435456                                 {product} {ergonomic}
   size_t MarkStackSize                            = 4194304                                   {product} {ergonomic}
   size_t MaxHeapSize                              = 4294967296                                {product} {ergonomic}
   size_t MaxNewSize                               = 2575302656                                {product} {ergonomic}
   size_t MinHeapDeltaBytes                        = 2097152                                   {product} {ergonomic}
   size_t MinHeapSize                              = 8388608                                   {product} {ergonomic}
    uintx NonNMethodCodeHeapSize                   = 5839372                                {pd product} {ergonomic}
    uintx NonProfiledCodeHeapSize                  = 122909434                              {pd product} {ergonomic}
    uintx ProfiledCodeHeapSize                     = 122909434                              {pd product} {ergonomic}
    uintx ReservedCodeCacheSize                    = 251658240                              {pd product} {ergonomic}
     bool SegmentedCodeCache                       = true                                      {product} {ergonomic}
   size_t SoftMaxHeapSize                          = 4294967296                             {manageable} {ergonomic}
     bool UseCompressedClassPointers               = true                           {product lp64_product} {ergonomic}
     bool UseCompressedOops                        = true                           {product lp64_product} {ergonomic}
     bool UseG1GC                                  = true                                      {product} {ergonomic}
     bool UseNUMA                                  = false                                     {product} {ergonomic}
     bool UseNUMAInterleaving                      = false                                     {product} {ergonomic}

Logging:
Log output configuration:
 #0: stdout all=warning uptime,level,tags
 #1: stderr all=off uptime,level,tags

Environment Variables:
PATH=/usr/bin:/bin:/usr/sbin:/sbin
SHELL=/bin/bash
DISPLAY=/private/tmp/com.apple.launchd.GIr3ofACzh/org.xquartz:0
LC_CTYPE=UTF-8
TMPDIR=/var/folders/0g/fqmqj2h13zb6tm1pyktk150w0000gn/T/

Active Locale:
LC_ALL=C/UTF-8/C/C/C/C
LC_COLLATE=C
LC_CTYPE=UTF-8
LC_MESSAGES=C
LC_MONETARY=C
LC_NUMERIC=C
LC_TIME=C

Signal Handlers:
   SIGSEGV: crash_handler in libjvm.dylib, mask=11100110100111111111111111111111, flags=SA_RESTART|SA_SIGINFO, unblocked
    SIGBUS: crash_handler in libjvm.dylib, mask=11100110100111111111111111111111, flags=SA_RESTART|SA_SIGINFO, unblocked
    SIGFPE: crash_handler in libjvm.dylib, mask=11100110100111111111111111111111, flags=SA_RESTART|SA_SIGINFO, unblocked
   SIGPIPE: javaSignalHandler in libjvm.dylib, mask=11100110100111111111111111111111, flags=SA_RESTART|SA_SIGINFO, blocked
   SIGXFSZ: javaSignalHandler in libjvm.dylib, mask=11100110100111111111111111111111, flags=SA_RESTART|SA_SIGINFO, blocked
    SIGILL: crash_handler in libjvm.dylib, mask=11100110100111111111111111111111, flags=SA_RESTART|SA_SIGINFO, unblocked
   SIGUSR2: SR_handler in libjvm.dylib, mask=00100000000000000000000000000000, flags=SA_RESTART|SA_SIGINFO, blocked
    SIGHUP: UserHandler in libjvm.dylib, mask=11100110100111111111111111111111, flags=SA_RESTART|SA_SIGINFO, blocked
    SIGINT: SIG_IGN, mask=11111111011111110111111111111111, flags=none, blocked
   SIGTERM: UserHandler in libjvm.dylib, mask=11100110100111111111111111111111, flags=SA_RESTART|SA_SIGINFO, blocked
   SIGQUIT: UserHandler in libjvm.dylib, mask=11100110100111111111111111111111, flags=SA_RESTART|SA_SIGINFO, blocked
   SIGTRAP: crash_handler in libjvm.dylib, mask=11100110100111111111111111111111, flags=SA_RESTART|SA_SIGINFO, unblocked


Periodic native trim disabled


---------------  S Y S T E M  ---------------

OS:
uname: Darwin 23.5.0 Darwin Kernel Version 23.5.0: Wed May  1 20:12:58 PDT 2024; root:xnu-10063.121.3~5/RELEASE_ARM64_T6000 x86_64
OS uptime: 0 days 3:40 hours
rlimit (soft/hard): STACK 8176k/65520k , CORE 0k/infinity , NPROC 2666/4000 , NOFILE 12544/infinity , AS infinity/infinity , CPU infinity/infinity , DATA infinity/infinity , FSIZE infinity/infinity , MEMLOCK infinity/infinity , RSS infinity/infinity
load average: 2.79 2.91 3.17

CPU: (EMULATED) total 10 (initial active 10) (1 cores per cpu, 1 threads per core) family 6 model 44 stepping 0 microcode 0x0, cx8, cmov, fxsr, mmx, sse, sse2, sse3, ssse3, sse4.1, sse4.2, popcnt, tsc, tscinvbit, aes, clmul, clflush
machdep.cpu.brand_string:Apple M1 Pro
hw.cpufrequency:2400000000
hw.cpufrequency_min:2400000000
hw.cpufrequency_max:2400000000
hw.cachelinesize:64
hw.l1icachesize:131072
hw.l1dcachesize:65536
hw.l2cachesize:4194304

Memory: 4k page, physical 16777216k(61292k free), swap 0k(0k free)

vm_info: OpenJDK 64-Bit Server VM (17.0.9+9) for bsd-amd64 JRE (17.0.9+9), built on Oct 18 2023 08:05:15 by "admin" with clang Apple LLVM 12.0.0 (clang-1200.0.32.29)

END.
